IQ-TREE multicore version 1.7-beta16 for Linux 64-bit built Sep 24 2019
Developed by Bui Quang Minh, Nguyen Lam Tung, Olga Chernomor,
Heiko Schmidt, Dominik Schrempf, Michael Woodhams.

Host:    bluewaves.uri.edu (AVX, 252 GB RAM)
Command: iqtree -t RefTrees/PrumTrimmedRenamed.tre -s AllSites/M5_AllUniquelyMapped_AllSites.phylip-relaxed --scf 100 --prefix AllUniquely
Seed:    521872 (Using SPRNG - Scalable Parallel Random Number Generator)
Time:    Thu Nov 19 16:53:11 2020
Kernel:  AVX - 1 threads (20 CPU cores detected)

HINT: Use -nt option to specify number of threads because your CPU has 20 cores!
HINT: -nt AUTO will automatically determine the best number of threads to use.

Reading alignment file AllSites/M5_AllUniquelyMapped_AllSites.phylip-relaxed ... Phylip format detected
Alignment most likely contains DNA/RNA sequences
Alignment has 48 sequences with 2560682 columns, 2133590 distinct patterns
2550757 parsimony-informative, 5528 singleton sites, 4397 constant sites
        Gap/Ambiguity  Composition  p-value
   1  AcaChl    4.71%    failed      0.00%
   2  AnaPla    5.84%    failed      0.00%
   3  AntCar    4.60%    failed      0.00%
   4  ApaVit    3.95%    failed      0.00%
   5  AptFor    2.71%    failed      0.00%
   6  BalReg    2.07%    failed      0.00%
   7  BucRhi    4.39%    failed      0.00%
   8  CalAnn    5.88%    failed      0.00%
   9  CarCri    2.57%    failed      0.00%
  10  CatAur    6.36%    failed      0.00%
  11  ChaPel    4.34%    failed      0.00%
  12  ChaVoc    1.92%    passed     11.37%
  13  ChlMac    2.61%    failed      0.00%
  14  ColLiv    3.65%    failed      0.00%
  15  ColStr    5.22%    failed      0.00%
  16  CorBra    4.15%    failed      0.00%
  17  CucCan    4.15%    failed      0.00%
  18  EgrGar    1.93%    failed      0.00%
  19  EurHel    3.38%    failed      0.00%
  20  FalPer    3.15%    failed      0.00%
  21  FulGla    1.73%    failed      0.00%
  22  GalGal    4.46%    failed      0.00%
  23  GavSte    2.14%    failed      0.00%
  24  GeoFor    6.47%    failed      0.00%
  25  HalAlb    2.80%    failed      0.00%
  26  HalLeu    1.06%    failed      0.00%
  27  LepDis    2.18%    failed      0.00%
  28  ManVit    4.21%    failed      0.00%
  29  MelGal    6.30%    failed      3.39%
  30  MelUnd    4.57%    failed      0.00%
  31  MerNub    4.49%    failed      0.00%
  32  MesUni    3.50%    failed      0.00%
  33  NesNot    3.32%    passed     21.62%
  34  NipNip    2.11%    failed      0.00%
  35  OpiHoa    2.35%    failed      0.00%
  36  PelCri    1.73%    failed      0.00%
  37  PhaCar    2.96%    failed      0.00%
  38  PhaLep    1.92%    failed      0.00%
  39  PhoRub    1.81%    failed      0.00%
  40  PicPub   11.20%    failed      0.00%
  41  PodCri    2.54%    failed      0.00%
  42  PteGut    2.94%    passed     30.91%
  43  PygAde    2.73%    failed      0.00%
  44  StrCam    7.22%    failed      0.00%
  45  TaeGut    7.21%    failed      0.00%
  46  TauEry    1.97%    failed      0.00%
  47  TinGut   22.34%    failed      0.00%
  48  TytAlb    3.11%    failed      0.00%
****  TOTAL     4.15%  45 sequences failed composition chi2 test (p-value<5%; df=3)
Reading tree RefTrees/PrumTrimmedRenamed.tre ...
rooted tree with 48 taxa and 95 branches
Computing site concordance factor...
179.936 sec
Tree with concordance factors written to AllUniquely.cf.tree
Tree with branch IDs written to AllUniquely.cf.branch
Concordance factors per branch printed to AllUniquely.cf.stat
Date and Time: Thu Nov 19 16:56:36 2020
