IQ-TREE multicore version 1.7-beta16 for Linux 64-bit built Nov 19 2020
Developed by Bui Quang Minh, Nguyen Lam Tung, Olga Chernomor,
Heiko Schmidt, Dominik Schrempf, Michael Woodhams.

Host:    n065.cluster.com (AVX512, FMA3, 125 GB RAM)
Command: iqtree -t RefTrees/PrumTrimmedRenamed.tre -s AllSites/M5_CDS_AllSites.phylip-relaxed --scf 100 --prefix CDS -nt 20
Seed:    181773 (Using SPRNG - Scalable Parallel Random Number Generator)
Time:    Thu Nov 19 15:03:34 2020
Kernel:  AVX+FMA - 20 threads (24 CPU cores detected)

Reading alignment file AllSites/M5_CDS_AllSites.phylip-relaxed ... Phylip format detected
Alignment most likely contains DNA/RNA sequences
Alignment has 48 sequences with 228920 columns, 204276 distinct patterns
228835 parsimony-informative, 37 singleton sites, 48 constant sites
        Gap/Ambiguity  Composition  p-value
   1  AcaChl    3.82%    failed      0.00%
   2  AnaPla    3.72%    passed     95.28%
   3  AntCar    4.32%    failed      0.00%
   4  ApaVit    3.44%    failed      0.00%
   5  AptFor    2.80%    failed      0.00%
   6  BalReg    1.83%    failed      0.00%
   7  BucRhi    2.76%    failed      0.00%
   8  CalAnn    2.33%    passed     10.86%
   9  CarCri    2.29%    failed      0.00%
  10  CatAur    7.83%    failed      0.00%
  11  ChaPel    2.48%    failed      0.44%
  12  ChaVoc    1.96%    failed      0.00%
  13  ChlMac    1.90%    failed      0.00%
  14  ColLiv    2.57%    failed      0.00%
  15  ColStr    3.54%    failed      0.00%
  16  CorBra    3.32%    failed      0.00%
  17  CucCan    2.40%    failed      0.00%
  18  EgrGar    1.46%    failed      0.00%
  19  EurHel    2.86%    failed      0.00%
  20  FalPer    2.85%    failed      0.00%
  21  FulGla    1.45%    failed      0.00%
  22  GalGal    4.14%    failed      3.07%
  23  GavSte    1.87%    failed      0.00%
  24  GeoFor    5.83%    failed      0.00%
  25  HalAlb    3.49%    failed      0.00%
  26  HalLeu    0.85%    failed      0.00%
  27  LepDis    1.68%    failed      0.14%
  28  ManVit    4.78%    failed      0.00%
  29  MelGal    2.35%    failed      0.00%
  30  MelUnd    3.36%    failed      0.00%
  31  MerNub    3.99%    failed      0.00%
  32  MesUni    2.46%    failed      0.00%
  33  NesNot    2.33%    failed      0.00%
  34  NipNip    2.26%    failed      0.00%
  35  OpiHoa    3.30%    failed      4.41%
  36  PelCri    1.50%    failed      0.00%
  37  PhaCar    2.43%    failed      0.00%
  38  PhaLep    1.23%    failed      0.00%
  39  PhoRub    1.66%    failed      0.00%
  40  PicPub    5.12%    failed      0.00%
  41  PodCri    1.92%    failed      0.00%
  42  PteGut    2.40%    failed      0.00%
  43  PygAde    2.43%    failed      0.00%
  44  StrCam    2.26%    failed      0.00%
  45  TaeGut    5.25%    failed      0.00%
  46  TauEry    1.60%    passed      7.01%
  47  TinGut   13.76%    failed      0.00%
  48  TytAlb    3.00%    failed      0.00%
****  TOTAL     3.11%  45 sequences failed composition chi2 test (p-value<5%; df=3)
Reading tree RefTrees/PrumTrimmedRenamed.tre ...
rooted tree with 48 taxa and 95 branches
Computing site concordance factor...
2.609 sec
Tree with concordance factors written to CDS.cf.tree
Tree with branch IDs written to CDS.cf.branch
Concordance factors per branch printed to CDS.cf.stat
Date and Time: Thu Nov 19 15:03:38 2020
