IQ-TREE multicore version 1.7-beta16 for Linux 64-bit built Nov 19 2020
Developed by Bui Quang Minh, Nguyen Lam Tung, Olga Chernomor,
Heiko Schmidt, Dominik Schrempf, Michael Woodhams.

Host:    n065.cluster.com (AVX512, FMA3, 125 GB RAM)
Command: iqtree -t RefTrees/PrumTrimmedRenamed.tre -s AllSites/M5_gene_AllSites.phylip-relaxed --scf 100 --prefix gene -nt 20
Seed:    939055 (Using SPRNG - Scalable Parallel Random Number Generator)
Time:    Thu Nov 19 15:03:38 2020
Kernel:  AVX+FMA - 20 threads (24 CPU cores detected)

Reading alignment file AllSites/M5_gene_AllSites.phylip-relaxed ... Phylip format detected
Alignment most likely contains DNA/RNA sequences
Alignment has 48 sequences with 1188387 columns, 1022429 distinct patterns
1183873 parsimony-informative, 2451 singleton sites, 2063 constant sites
        Gap/Ambiguity  Composition  p-value
   1  AcaChl    4.84%    failed      0.00%
   2  AnaPla    5.66%    passed     29.59%
   3  AntCar    4.53%    failed      0.00%
   4  ApaVit    4.07%    failed      0.00%
   5  AptFor    2.76%    failed      0.00%
   6  BalReg    2.08%    failed      0.00%
   7  BucRhi    4.42%    failed      0.00%
   8  CalAnn    5.34%    failed      0.00%
   9  CarCri    2.59%    failed      0.00%
  10  CatAur    6.20%    failed      0.00%
  11  ChaPel    4.03%    failed      0.00%
  12  ChaVoc    1.97%    failed      0.00%
  13  ChlMac    2.56%    passed     78.44%
  14  ColLiv    3.65%    failed      0.00%
  15  ColStr    5.03%    failed      0.00%
  16  CorBra    4.15%    failed      0.00%
  17  CucCan    3.89%    failed      0.00%
  18  EgrGar    1.92%    passed     21.51%
  19  EurHel    3.48%    failed      0.00%
  20  FalPer    3.24%    failed      0.00%
  21  FulGla    1.70%    failed      0.00%
  22  GalGal    4.54%    failed      0.00%
  23  GavSte    2.14%    failed      0.00%
  24  GeoFor    6.47%    failed      0.00%
  25  HalAlb    2.89%    failed      0.00%
  26  HalLeu    1.07%    failed      0.00%
  27  LepDis    2.19%    failed      0.00%
  28  ManVit    4.36%    failed      0.00%
  29  MelGal    6.04%    passed     42.03%
  30  MelUnd    4.36%    failed      0.02%
  31  MerNub    4.58%    failed      0.00%
  32  MesUni    3.52%    failed      0.00%
  33  NesNot    3.20%    passed     90.37%
  34  NipNip    2.10%    failed      0.00%
  35  OpiHoa    2.51%    failed      0.00%
  36  PelCri    1.71%    failed      0.00%
  37  PhaCar    2.95%    failed      0.00%
  38  PhaLep    1.83%    failed      0.00%
  39  PhoRub    1.75%    failed      0.00%
  40  PicPub   10.22%    failed      0.00%
  41  PodCri    2.53%    failed      0.00%
  42  PteGut    2.87%    failed      0.35%
  43  PygAde    2.68%    failed      0.00%
  44  StrCam    7.23%    failed      0.00%
  45  TaeGut    6.97%    failed      0.00%
  46  TauEry    2.00%    failed      0.01%
  47  TinGut   23.08%    failed      0.00%
  48  TytAlb    3.10%    failed      0.00%
****  TOTAL     4.10%  43 sequences failed composition chi2 test (p-value<5%; df=3)
Reading tree RefTrees/PrumTrimmedRenamed.tre ...
rooted tree with 48 taxa and 95 branches
Computing site concordance factor...
20.850 sec
Tree with concordance factors written to gene.cf.tree
Tree with branch IDs written to gene.cf.branch
Concordance factors per branch printed to gene.cf.stat
Date and Time: Thu Nov 19 15:04:08 2020
