IQ-TREE multicore version 1.7-beta16 for Linux 64-bit built Nov 19 2020
Developed by Bui Quang Minh, Nguyen Lam Tung, Olga Chernomor,
Heiko Schmidt, Dominik Schrempf, Michael Woodhams.

Host:    n065.cluster.com (AVX512, FMA3, 125 GB RAM)
Command: iqtree -t RefTrees/PrumTrimmedRenamed.tre -s AllSites/M5_genic_other_AllSites.phylip-relaxed --scf 100 --prefix genic -nt 20
Seed:    624740 (Using SPRNG - Scalable Parallel Random Number Generator)
Time:    Thu Nov 19 15:04:08 2020
Kernel:  AVX+FMA - 20 threads (24 CPU cores detected)

Reading alignment file AllSites/M5_genic_other_AllSites.phylip-relaxed ... Phylip format detected
Alignment most likely contains DNA/RNA sequences
Alignment has 48 sequences with 68252 columns, 64915 distinct patterns
67945 parsimony-informative, 183 singleton sites, 124 constant sites
        Gap/Ambiguity  Composition  p-value
   1  AcaChl    5.38%    failed      0.01%
   2  AnaPla    5.78%    failed      0.12%
   3  AntCar    4.59%    failed      0.00%
   4  ApaVit    4.34%    passed     15.64%
   5  AptFor    2.75%    failed      0.05%
   6  BalReg    2.30%    failed      0.15%
   7  BucRhi    4.36%    failed      0.00%
   8  CalAnn    6.45%    passed     15.59%
   9  CarCri    2.84%    passed      6.53%
  10  CatAur    6.25%    failed      0.00%
  11  ChaPel    4.65%    failed      0.68%
  12  ChaVoc    2.05%    passed     83.50%
  13  ChlMac    2.84%    passed     49.77%
  14  ColLiv    3.64%    passed     75.71%
  15  ColStr    5.16%    failed      0.00%
  16  CorBra    4.04%    failed      0.00%
  17  CucCan    4.13%    passed     93.99%
  18  EgrGar    2.24%    passed     67.94%
  19  EurHel    3.54%    failed      0.03%
  20  FalPer    3.07%    failed      3.55%
  21  FulGla    1.76%    failed      0.09%
  22  GalGal    4.50%    failed      0.00%
  23  GavSte    2.20%    failed      2.21%
  24  GeoFor    7.47%    failed      0.00%
  25  HalAlb    2.81%    failed      1.52%
  26  HalLeu    1.02%    failed      0.26%
  27  LepDis    2.41%    passed     15.79%
  28  ManVit    4.14%    failed      0.40%
  29  MelGal    6.97%    failed      0.00%
  30  MelUnd    4.20%    passed     93.25%
  31  MerNub    5.44%    failed      0.49%
  32  MesUni    3.61%    failed      2.50%
  33  NesNot    3.43%    passed     77.75%
  34  NipNip    2.08%    failed      0.05%
  35  OpiHoa    2.41%    failed      0.15%
  36  PelCri    1.74%    passed      5.89%
  37  PhaCar    2.88%    failed      4.00%
  38  PhaLep    1.85%    passed     14.79%
  39  PhoRub    1.78%    passed     99.45%
  40  PicPub   12.67%    failed      0.00%
  41  PodCri    2.52%    passed      8.36%
  42  PteGut    3.17%    passed     88.93%
  43  PygAde    2.61%    failed      0.00%
  44  StrCam    9.18%    failed      0.10%
  45  TaeGut    8.04%    failed      0.01%
  46  TauEry    2.15%    passed     49.75%
  47  TinGut   28.40%    failed      1.53%
  48  TytAlb    2.99%    failed      0.00%
****  TOTAL     4.48%  31 sequences failed composition chi2 test (p-value<5%; df=3)
Reading tree RefTrees/PrumTrimmedRenamed.tre ...
rooted tree with 48 taxa and 95 branches
Computing site concordance factor...
0.686 sec
Tree with concordance factors written to genic.cf.tree
Tree with branch IDs written to genic.cf.branch
Concordance factors per branch printed to genic.cf.stat
Date and Time: Thu Nov 19 15:04:09 2020
