IQ-TREE multicore version 1.7-beta16 for Linux 64-bit built Sep 24 2019
Developed by Bui Quang Minh, Nguyen Lam Tung, Olga Chernomor,
Heiko Schmidt, Dominik Schrempf, Michael Woodhams.

Host:    bluewaves.uri.edu (AVX, 252 GB RAM)
Command: iqtree -t RefTrees/PrumTrimmedRenamed.tre -s AllSites/M5_intergenic_AllSites.phylip-relaxed --scf 100 --prefix intergenic -nt 20
Seed:    256640 (Using SPRNG - Scalable Parallel Random Number Generator)
Time:    Thu Nov 19 16:52:23 2020
Kernel:  AVX - 20 threads (20 CPU cores detected)

Reading alignment file AllSites/M5_intergenic_AllSites.phylip-relaxed ... Phylip format detected
Alignment most likely contains DNA/RNA sequences
Alignment has 48 sequences with 1073200 columns, 925742 distinct patterns
1068842 parsimony-informative, 2491 singleton sites, 1867 constant sites
        Gap/Ambiguity  Composition  p-value
   1  AcaChl    4.57%    failed      0.00%
   2  AnaPla    5.98%    failed      0.00%
   3  AntCar    4.67%    failed      0.00%
   4  ApaVit    3.86%    passed     66.46%
   5  AptFor    2.70%    failed      0.07%
   6  BalReg    2.07%    failed      0.01%
   7  BucRhi    4.39%    failed      0.00%
   8  CalAnn    6.34%    failed      0.00%
   9  CarCri    2.54%    failed      0.00%
  10  CatAur    6.51%    failed      0.00%
  11  ChaPel    4.65%    failed      0.00%
  12  ChaVoc    1.87%    failed      0.13%
  13  ChlMac    2.62%    failed      0.00%
  14  ColLiv    3.67%    passed     35.07%
  15  ColStr    5.48%    failed      0.00%
  16  CorBra    4.21%    failed      0.00%
  17  CucCan    4.34%    failed      0.00%
  18  EgrGar    1.94%    failed      0.00%
  19  EurHel    3.20%    failed      0.00%
  20  FalPer    3.09%    failed      0.00%
  21  FulGla    1.74%    failed      0.00%
  22  GalGal    4.40%    failed      0.00%
  23  GavSte    2.18%    failed      0.08%
  24  GeoFor    6.40%    failed      0.00%
  25  HalAlb    2.72%    passed      9.52%
  26  HalLeu    1.05%    failed      0.13%
  27  LepDis    2.20%    failed      0.00%
  28  ManVit    4.11%    failed      0.08%
  29  MelGal    6.49%    failed      0.62%
  30  MelUnd    4.69%    failed      0.06%
  31  MerNub    4.45%    failed      0.00%
  32  MesUni    3.45%    failed      0.37%
  33  NesNot    3.40%    passed     29.11%
  34  NipNip    2.15%    failed      0.00%
  35  OpiHoa    2.22%    failed      0.00%
  36  PelCri    1.75%    failed      0.00%
  37  PhaCar    2.99%    failed      0.01%
  38  PhaLep    2.04%    passed     99.70%
  39  PhoRub    1.87%    failed      0.00%
  40  PicPub   12.34%    failed      0.00%
  41  PodCri    2.57%    failed      0.00%
  42  PteGut    3.02%    passed     51.26%
  43  PygAde    2.79%    failed      0.00%
  44  StrCam    7.09%    failed      0.00%
  45  TaeGut    7.39%    failed      0.00%
  46  TauEry    1.92%    failed      0.00%
  47  TinGut   21.59%    passed     96.50%
  48  TytAlb    3.18%    failed      0.00%
****  TOTAL     4.18%  41 sequences failed composition chi2 test (p-value<5%; df=3)
Reading tree RefTrees/PrumTrimmedRenamed.tre ...
rooted tree with 48 taxa and 95 branches
Computing site concordance factor...
10.422 sec
Tree with concordance factors written to intergenic.cf.tree
Tree with branch IDs written to intergenic.cf.branch
Concordance factors per branch printed to intergenic.cf.stat
Date and Time: Thu Nov 19 16:52:44 2020
