IQ-TREE multicore version 1.7-beta16 for Linux 64-bit built Nov 19 2020
Developed by Bui Quang Minh, Nguyen Lam Tung, Olga Chernomor,
Heiko Schmidt, Dominik Schrempf, Michael Woodhams.

Host:    n068.cluster.com (AVX512, FMA3, 62 GB RAM)
Command: iqtree -t RefTrees/PrumTrimmedRenamed.tre -s AllSites/M5_intron_AllSites.phylip-relaxed --scf 100 --prefix intron -nt 20
Seed:    392339 (Using SPRNG - Scalable Parallel Random Number Generator)
Time:    Thu Nov 19 14:59:21 2020
Kernel:  AVX+FMA - 20 threads (36 CPU cores detected)

Reading alignment file AllSites/M5_intron_AllSites.phylip-relaxed ... Phylip format detected
Alignment most likely contains DNA/RNA sequences
Alignment has 48 sequences with 849106 columns, 744949 distinct patterns
845377 parsimony-informative, 2058 singleton sites, 1671 constant sites
        Gap/Ambiguity  Composition  p-value
   1  AcaChl    5.05%    failed      0.00%
   2  AnaPla    6.15%    passed     33.30%
   3  AntCar    4.59%    failed      0.00%
   4  ApaVit    4.22%    failed      0.00%
   5  AptFor    2.75%    failed      0.00%
   6  BalReg    2.12%    failed      0.00%
   7  BucRhi    4.81%    failed      0.00%
   8  CalAnn    6.11%    failed      0.00%
   9  CarCri    2.66%    failed      0.00%
  10  CatAur    5.88%    failed      0.00%
  11  ChaPel    4.42%    failed      0.00%
  12  ChaVoc    1.98%    passed     25.21%
  13  ChlMac    2.73%    failed      0.71%
  14  ColLiv    3.95%    failed      0.00%
  15  ColStr    5.37%    failed      0.00%
  16  CorBra    4.40%    failed      0.00%
  17  CucCan    4.28%    failed      0.00%
  18  EgrGar    2.00%    passed      6.06%
  19  EurHel    3.55%    failed      0.00%
  20  FalPer    3.36%    failed      0.00%
  21  FulGla    1.76%    failed      0.00%
  22  GalGal    4.65%    failed      0.00%
  23  GavSte    2.21%    failed      0.00%
  24  GeoFor    6.64%    failed      0.00%
  25  HalAlb    2.74%    failed      0.00%
  26  HalLeu    1.12%    failed      0.00%
  27  LepDis    2.31%    failed      0.00%
  28  ManVit    4.30%    failed      0.00%
  29  MelGal    7.02%    failed      0.02%
  30  MelUnd    4.66%    passed     13.88%
  31  MerNub    4.64%    failed      0.00%
  32  MesUni    3.79%    failed      0.00%
  33  NesNot    3.42%    passed     57.18%
  34  NipNip    2.06%    failed      0.00%
  35  OpiHoa    2.29%    failed      0.00%
  36  PelCri    1.76%    failed      0.00%
  37  PhaCar    3.11%    failed      0.00%
  38  PhaLep    1.99%    failed      0.00%
  39  PhoRub    1.76%    passed     73.21%
  40  PicPub   11.25%    failed      0.00%
  41  PodCri    2.68%    failed      0.00%
  42  PteGut    3.00%    passed     41.35%
  43  PygAde    2.71%    failed      0.00%
  44  StrCam    8.56%    failed      0.00%
  45  TaeGut    7.39%    failed      0.00%
  46  TauEry    2.10%    failed      0.00%
  47  TinGut   25.52%    failed      0.00%
  48  TytAlb    3.14%    failed      0.00%
****  TOTAL     4.35%  41 sequences failed composition chi2 test (p-value<5%; df=3)
Reading tree RefTrees/PrumTrimmedRenamed.tre ...
rooted tree with 48 taxa and 95 branches
Computing site concordance factor...
10.309 sec
Tree with concordance factors written to intron.cf.tree
Tree with branch IDs written to intron.cf.branch
Concordance factors per branch printed to intron.cf.stat
Date and Time: Thu Nov 19 14:59:36 2020
