IQ-TREE multicore version 1.7-beta16 for Linux 64-bit built Sep 24 2019
Developed by Bui Quang Minh, Nguyen Lam Tung, Olga Chernomor,
Heiko Schmidt, Dominik Schrempf, Michael Woodhams.

Host:    n047.cluster.com (AVX, 125 GB RAM)
Command: iqtree -t RefTrees/Jarvis_Renamed.nwk -s AllSites/M5_lnc_RNA_AllSites.phylip-relaxed --scf 100 --prefix lnc -nt 20
Seed:    335894 (Using SPRNG - Scalable Parallel Random Number Generator)
Time:    Thu Oct  1 14:31:45 2020
Kernel:  AVX - 20 threads (20 CPU cores detected)

Reading alignment file AllSites/M5_lnc_RNA_AllSites.phylip-relaxed ... Phylip format detected
Alignment most likely contains DNA/RNA sequences
Alignment has 48 sequences with 307029 columns, 276115 distinct patterns
305944 parsimony-informative, 608 singleton sites, 477 constant sites
        Gap/Ambiguity  Composition  p-value
   1  AcaChl    4.65%    failed      0.00%
   2  AnaPla    6.13%    failed      0.13%
   3  AntCar    4.59%    failed      0.00%
   4  ApaVit    3.89%    passed     80.68%
   5  AptFor    2.59%    passed     10.25%
   6  BalReg    2.07%    failed      3.39%
   7  BucRhi    4.28%    failed      0.00%
   8  CalAnn    6.36%    passed     27.16%
   9  CarCri    2.62%    failed      1.55%
  10  CatAur    6.47%    failed      0.00%
  11  ChaPel    4.44%    failed      0.00%
  12  ChaVoc    1.85%    passed     17.98%
  13  ChlMac    2.71%    failed      0.32%
  14  ColLiv    3.60%    passed     13.83%
  15  ColStr    5.01%    failed      0.00%
  16  CorBra    3.99%    failed      0.00%
  17  CucCan    4.52%    failed      0.00%
  18  EgrGar    1.91%    failed      0.00%
  19  EurHel    3.54%    failed      3.76%
  20  FalPer    3.09%    failed      0.00%
  21  FulGla    1.80%    failed      0.57%
  22  GalGal    4.35%    passed     10.69%
  23  GavSte    2.08%    passed      7.16%
  24  GeoFor    6.71%    failed      0.00%
  25  HalAlb    2.68%    passed     33.17%
  26  HalLeu    1.09%    passed     16.59%
  27  LepDis    2.07%    failed      0.00%
  28  ManVit    4.08%    failed      0.01%
  29  MelGal    6.51%    passed     59.55%
  30  MelUnd    4.95%    passed      5.28%
  31  MerNub    4.24%    failed      0.00%
  32  MesUni    3.56%    passed     75.25%
  33  NesNot    3.51%    passed     74.43%
  34  NipNip    1.98%    failed      0.00%
  35  OpiHoa    2.11%    failed      1.35%
  36  PelCri    1.70%    failed      0.04%
  37  PhaCar    2.91%    failed      0.17%
  38  PhaLep    1.87%    passed     95.80%
  39  PhoRub    1.80%    failed      0.00%
  40  PicPub   10.90%    failed      0.00%
  41  PodCri    2.50%    passed      9.16%
  42  PteGut    2.98%    passed     25.37%
  43  PygAde    2.77%    failed      0.00%
  44  StrCam    7.59%    failed      0.06%
  45  TaeGut    7.58%    failed      0.00%
  46  TauEry    2.00%    failed      0.17%
  47  TinGut   22.11%    failed      0.01%
  48  TytAlb    2.89%    failed      0.00%
****  TOTAL     4.16%  32 sequences failed composition chi2 test (p-value<5%; df=3)
Reading tree RefTrees/Jarvis_Renamed.nwk ...
rooted tree with 48 taxa and 95 branches
Computing site concordance factor...
2.803 sec
Tree with concordance factors written to lnc.cf.tree
Tree with branch IDs written to lnc.cf.branch
Concordance factors per branch printed to lnc.cf.stat
Date and Time: Thu Oct  1 14:31:49 2020
