IQ-TREE multicore version 1.7-beta16 for Linux 64-bit built Sep 24 2019
Developed by Bui Quang Minh, Nguyen Lam Tung, Olga Chernomor,
Heiko Schmidt, Dominik Schrempf, Michael Woodhams.

Host:    n047.cluster.com (AVX, 125 GB RAM)
Command: iqtree -t RefTrees/Jarvis_Renamed.nwk -s AllSites/M5_five_prime_UTR_AllSites.phylip-relaxed --scf 100 --prefix five -nt 20
Seed:    83205 (Using SPRNG - Scalable Parallel Random Number Generator)
Time:    Thu Oct  1 14:38:15 2020
Kernel:  AVX - 20 threads (20 CPU cores detected)

Reading alignment file AllSites/M5_five_prime_UTR_AllSites.phylip-relaxed ... Phylip format detected
Alignment most likely contains DNA/RNA sequences
Alignment has 48 sequences with 7376 columns, 7167 distinct patterns
7352 parsimony-informative, 11 singleton sites, 13 constant sites
        Gap/Ambiguity  Composition  p-value
   1  AcaChl    3.88%    failed      0.64%
   2  AnaPla    5.19%    passed      9.68%
   3  AntCar    3.99%    passed     38.87%
   4  ApaVit    3.65%    passed     59.66%
   5  AptFor    3.24%    failed      1.95%
   6  BalReg    1.74%    failed      1.98%
   7  BucRhi    3.67%    passed      9.60%
   8  CalAnn    2.98%    passed     81.49%
   9  CarCri    2.59%    passed     11.93%
  10  CatAur    6.09%    failed      0.74%
  11  ChaPel    3.77%    passed     98.11%
  12  ChaVoc    1.97%    passed     65.83%
  13  ChlMac    2.93%    passed     84.46%
  14  ColLiv    2.90%    passed     18.79%
  15  ColStr    4.77%    passed     78.64%
  16  CorBra    3.82%    failed      0.11%
  17  CucCan    2.41%    passed     97.21%
  18  EgrGar    1.94%    passed     82.94%
  19  EurHel    2.81%    passed     43.88%
  20  FalPer    2.51%    failed      3.66%
  21  FulGla    1.61%    passed      6.65%
  22  GalGal    4.16%    failed      0.00%
  23  GavSte    1.45%    passed      6.18%
  24  GeoFor    5.14%    failed      0.00%
  25  HalAlb    4.69%    passed      9.26%
  26  HalLeu    0.92%    failed      4.18%
  27  LepDis    1.78%    passed     54.27%
  28  ManVit    4.42%    failed      0.19%
  29  MelGal    4.15%    failed      0.02%
  30  MelUnd    3.40%    passed     96.84%
  31  MerNub    4.35%    failed      2.72%
  32  MesUni    3.58%    passed     23.18%
  33  NesNot    3.48%    passed     97.94%
  34  NipNip    2.24%    failed      1.87%
  35  OpiHoa    2.45%    passed     52.25%
  36  PelCri    1.69%    failed      3.70%
  37  PhaCar    3.59%    passed     34.08%
  38  PhaLep    1.42%    passed     37.48%
  39  PhoRub    1.67%    passed     34.16%
  40  PicPub    6.64%    failed      0.00%
  41  PodCri    2.30%    passed     26.23%
  42  PteGut    2.33%    passed     94.97%
  43  PygAde    2.32%    failed      0.49%
  44  StrCam    4.32%    passed     32.76%
  45  TaeGut    6.47%    failed      0.00%
  46  TauEry    1.93%    passed     71.31%
  47  TinGut   17.20%    failed      1.29%
  48  TytAlb    3.09%    failed      0.04%
****  TOTAL     3.53%  19 sequences failed composition chi2 test (p-value<5%; df=3)
Reading tree RefTrees/Jarvis_Renamed.nwk ...
rooted tree with 48 taxa and 95 branches
Computing site concordance factor...
0.055 sec
Tree with concordance factors written to five.cf.tree
Tree with branch IDs written to five.cf.branch
Concordance factors per branch printed to five.cf.stat
Date and Time: Thu Oct  1 14:38:15 2020
