IQ-TREE multicore version 1.7-beta16 for Linux 64-bit built Sep 24 2019
Developed by Bui Quang Minh, Nguyen Lam Tung, Olga Chernomor,
Heiko Schmidt, Dominik Schrempf, Michael Woodhams.

Host:    n056.cluster.com (AVX, 125 GB RAM)
Command: iqtree -t Jarvis_Renamed.nwk -s M8_gene --scf 500 --prefix concord_M8_gene -nt 20
Seed:    434439 (Using SPRNG - Scalable Parallel Random Number Generator)
Time:    Fri Nov 15 18:21:31 2019
Kernel:  AVX - 20 threads (20 CPU cores detected)

Reading alignment file M8_gene ... Phylip format detected
Alignment most likely contains DNA/RNA sequences
Alignment has 48 sequences with 1344383 columns, 1179758 distinct patterns
1344383 parsimony-informative, 0 singleton sites, 0 constant sites
        Gap/Ambiguity  Composition  p-value
   1  AcaChl    7.20%    failed      0.00%
   2  AnaPla    7.78%    passed      5.83%
   3  AntCar    5.34%    failed      0.00%
   4  ApaVit    5.83%    failed      0.00%
   5  AptFor    3.55%    failed      0.00%
   6  BalReg    2.67%    failed      0.00%
   7  BucRhi    6.06%    failed      0.00%
   8  CalAnn    7.73%    failed      0.00%
   9  CarCri    3.49%    failed      0.00%
  10  CatAur    7.37%    failed      0.00%
  11  ChaPel    5.41%    failed      0.00%
  12  ChaVoc    2.33%    failed      0.00%
  13  ChlMac    3.59%    passed     79.28%
  14  ColLiv    4.84%    failed      0.00%
  15  ColStr    7.26%    failed      0.00%
  16  CorBra    6.76%    failed      0.00%
  17  CucCan    5.22%    failed      0.00%
  18  EgrGar    2.43%    passed     65.70%
  19  EurHel    4.71%    failed      0.00%
  20  FalPer    4.40%    failed      0.00%
  21  FulGla    2.12%    failed      0.00%
  22  GalGal    5.17%    failed      0.00%
  23  GavSte    2.76%    failed      0.00%
  24  GeoFor    9.98%    failed      0.00%
  25  HalAlb    3.79%    failed      0.00%
  26  HalLeu    1.37%    failed      0.00%
  27  LepDis    2.78%    failed      0.00%
  28  ManVit    6.49%    failed      0.00%
  29  MelGal    8.70%    passed     75.67%
  30  MelUnd    5.57%    failed      0.01%
  31  MerNub    6.29%    failed      0.00%
  32  MesUni    4.79%    failed      0.00%
  33  NesNot    4.36%    passed     97.70%
  34  NipNip    2.42%    failed      0.00%
  35  OpiHoa    3.03%    failed      0.00%
  36  PelCri    2.18%    failed      0.00%
  37  PhaCar    4.00%    failed      0.00%
  38  PhaLep    2.35%    failed      0.00%
  39  PhoRub    2.22%    failed      0.10%
  40  PicPub   13.32%    failed      0.00%
  41  PodCri    3.34%    failed      0.00%
  42  PteGut    4.03%    failed      0.50%
  43  PygAde    3.04%    failed      0.00%
  44  StrCam   10.45%    failed      0.00%
  45  TaeGut   10.19%    failed      0.00%
  46  TauEry    2.74%    failed      0.00%
  47  TinGut   27.72%    failed      0.00%
  48  TytAlb    4.30%    failed      0.00%
****  TOTAL     5.49%  43 sequences failed composition chi2 test (p-value<5%; df=3)
Reading tree Jarvis_Renamed.nwk ...
rooted tree with 48 taxa and 95 branches
Computing site concordance factor...
59.479 sec
Tree with concordance factors written to concord_M8_gene.cf.tree
Tree with branch IDs written to concord_M8_gene.cf.branch
Concordance factors per branch printed to concord_M8_gene.cf.stat
Date and Time: Fri Nov 15 18:22:38 2019
