IQ-TREE multicore version 1.7-beta16 for Linux 64-bit built Sep 24 2019
Developed by Bui Quang Minh, Nguyen Lam Tung, Olga Chernomor,
Heiko Schmidt, Dominik Schrempf, Michael Woodhams.

Host:    n056.cluster.com (AVX, 125 GB RAM)
Command: iqtree -t Jarvis_Renamed.nwk -s M17_gene --scf 500 --prefix concord_M17_gene -nt 20
Seed:    498060 (Using SPRNG - Scalable Parallel Random Number Generator)
Time:    Fri Nov 15 16:48:09 2019
Kernel:  AVX - 20 threads (20 CPU cores detected)

Reading alignment file M17_gene ... Phylip format detected
Alignment most likely contains DNA/RNA sequences
Alignment has 48 sequences with 1585777 columns, 1421135 distinct patterns
1585777 parsimony-informative, 0 singleton sites, 0 constant sites
        Gap/Ambiguity  Composition  p-value
   1  AcaChl   12.35%    failed      0.00%
   2  AnaPla   11.84%    failed      0.05%
   3  AntCar    7.43%    failed      0.00%
   4  ApaVit    9.92%    failed      0.00%
   5  AptFor    5.19%    failed      0.00%
   6  BalReg    4.31%    failed      0.00%
   7  BucRhi    9.92%    failed      0.00%
   8  CalAnn   12.66%    failed      0.00%
   9  CarCri    5.55%    failed      0.00%
  10  CatAur    9.46%    failed      0.00%
  11  ChaPel    8.78%    failed      0.00%
  12  ChaVoc    3.36%    failed      0.00%
  13  ChlMac    6.20%    passed     61.16%
  14  ColLiv    7.71%    failed      0.00%
  15  ColStr   12.04%    failed      0.00%
  16  CorBra   12.30%    failed      0.00%
  17  CucCan    8.47%    failed      0.00%
  18  EgrGar    3.90%    passed     13.11%
  19  EurHel    7.72%    failed      0.00%
  20  FalPer    7.08%    failed      0.00%
  21  FulGla    3.27%    failed      0.00%
  22  GalGal    6.19%    failed      0.00%
  23  GavSte    4.21%    failed      0.00%
  24  GeoFor   16.62%    failed      0.00%
  25  HalAlb    5.80%    failed      0.00%
  26  HalLeu    2.37%    failed      0.00%
  27  LepDis    4.45%    failed      0.03%
  28  ManVit   11.27%    failed      0.00%
  29  MelGal   12.78%    passed     42.55%
  30  MelUnd    8.67%    failed      0.00%
  31  MerNub   10.19%    failed      0.00%
  32  MesUni    7.83%    failed      0.00%
  33  NesNot    7.50%    passed     93.44%
  34  NipNip    3.35%    failed      0.00%
  35  OpiHoa    4.64%    failed      0.00%
  36  PelCri    3.46%    failed      0.00%
  37  PhaCar    6.42%    failed      0.00%
  38  PhaLep    3.92%    failed      0.00%
  39  PhoRub    3.53%    passed     76.19%
  40  PicPub   18.94%    failed      0.00%
  41  PodCri    5.49%    failed      0.00%
  42  PteGut    6.90%    failed      2.70%
  43  PygAde    3.93%    failed      0.00%
  44  StrCam   15.85%    failed      0.00%
  45  TaeGut   16.37%    failed      0.00%
  46  TauEry    4.77%    failed      0.00%
  47  TinGut   34.02%    failed      0.00%
  48  TytAlb    6.92%    failed      0.00%
****  TOTAL     8.46%  43 sequences failed composition chi2 test (p-value<5%; df=3)
Reading tree Jarvis_Renamed.nwk ...
rooted tree with 48 taxa and 95 branches
Computing site concordance factor...
74.224 sec
Tree with concordance factors written to concord_M17_gene.cf.tree
Tree with branch IDs written to concord_M17_gene.cf.branch
Concordance factors per branch printed to concord_M17_gene.cf.stat
Date and Time: Fri Nov 15 16:49:32 2019
