IQ-TREE multicore version 1.7-beta16 for Linux 64-bit built Sep 24 2019
Developed by Bui Quang Minh, Nguyen Lam Tung, Olga Chernomor,
Heiko Schmidt, Dominik Schrempf, Michael Woodhams.

Host:    n056.cluster.com (AVX, 125 GB RAM)
Command: iqtree -t Jarvis_Renamed.nwk -s M16_intergenic --scf 500 --prefix concord_M16_intergenic -nt 20
Seed:    456253 (Using SPRNG - Scalable Parallel Random Number Generator)
Time:    Fri Nov 15 16:42:13 2019
Kernel:  AVX - 20 threads (20 CPU cores detected)

Reading alignment file M16_intergenic ... Phylip format detected
Alignment most likely contains DNA/RNA sequences
Alignment has 48 sequences with 1410005 columns, 1263770 distinct patterns
1410005 parsimony-informative, 0 singleton sites, 0 constant sites
        Gap/Ambiguity  Composition  p-value
   1  AcaChl   11.36%    failed      0.00%
   2  AnaPla   11.82%    failed      0.00%
   3  AntCar    7.49%    failed      0.00%
   4  ApaVit    9.12%    passed     15.52%
   5  AptFor    4.89%    failed      1.43%
   6  BalReg    3.97%    failed      0.25%
   7  BucRhi    9.41%    failed      0.00%
   8  CalAnn   13.82%    failed      0.00%
   9  CarCri    5.23%    failed      0.00%
  10  CatAur   10.19%    failed      0.00%
  11  ChaPel    9.62%    failed      0.00%
  12  ChaVoc    3.03%    failed      0.00%
  13  ChlMac    5.88%    failed      0.00%
  14  ColLiv    7.12%    failed      4.11%
  15  ColStr   12.01%    failed      0.00%
  16  CorBra   11.70%    failed      0.00%
  17  CucCan    8.91%    failed      0.00%
  18  EgrGar    3.75%    failed      0.00%
  19  EurHel    6.65%    failed      0.00%
  20  FalPer    6.55%    failed      0.00%
  21  FulGla    3.23%    failed      0.03%
  22  GalGal    5.80%    failed      0.00%
  23  GavSte    4.04%    passed     18.28%
  24  GeoFor   16.03%    failed      0.00%
  25  HalAlb    5.25%    passed     59.89%
  26  HalLeu    2.14%    passed     16.32%
  27  LepDis    4.23%    failed      0.00%
  28  ManVit   10.17%    failed      1.20%
  29  MelGal   12.70%    passed     78.94%
  30  MelUnd    8.75%    failed      0.00%
  31  MerNub    9.45%    failed      0.00%
  32  MesUni    7.47%    failed      0.16%
  33  NesNot    7.24%    passed     16.03%
  34  NipNip    3.25%    failed      0.00%
  35  OpiHoa    4.29%    failed      0.00%
  36  PelCri    3.37%    failed      0.00%
  37  PhaCar    6.08%    failed      0.12%
  38  PhaLep    4.06%    passed     93.49%
  39  PhoRub    3.47%    failed      0.00%
  40  PicPub   20.85%    failed      0.00%
  41  PodCri    5.42%    failed      1.25%
  42  PteGut    6.74%    failed      4.06%
  43  PygAde    3.96%    failed      0.00%
  44  StrCam   15.29%    failed      0.00%
  45  TaeGut   16.34%    failed      0.00%
  46  TauEry    4.42%    failed      0.00%
  47  TinGut   31.90%    failed      0.02%
  48  TytAlb    6.70%    failed      0.00%
****  TOTAL     8.23%  41 sequences failed composition chi2 test (p-value<5%; df=3)
Reading tree Jarvis_Renamed.nwk ...
rooted tree with 48 taxa and 95 branches
Computing site concordance factor...
68.625 sec
Tree with concordance factors written to concord_M16_intergenic.cf.tree
Tree with branch IDs written to concord_M16_intergenic.cf.branch
Concordance factors per branch printed to concord_M16_intergenic.cf.stat
Date and Time: Fri Nov 15 16:43:31 2019
