IQ-TREE multicore version 1.7-beta16 for Linux 64-bit built Sep 24 2019
Developed by Bui Quang Minh, Nguyen Lam Tung, Olga Chernomor,
Heiko Schmidt, Dominik Schrempf, Michael Woodhams.

Host:    n056.cluster.com (AVX, 125 GB RAM)
Command: iqtree -t Jarvis_Renamed.nwk -s M12_intron --scf 500 --prefix concord_M12_intron -nt 20
Seed:    660094 (Using SPRNG - Scalable Parallel Random Number Generator)
Time:    Fri Nov 15 16:13:17 2019
Kernel:  AVX - 20 threads (20 CPU cores detected)

Reading alignment file M12_intron ... Phylip format detected
Alignment most likely contains DNA/RNA sequences
Alignment has 48 sequences with 1095798 columns, 992576 distinct patterns
1095798 parsimony-informative, 0 singleton sites, 0 constant sites
        Gap/Ambiguity  Composition  p-value
   1  AcaChl   10.62%    failed      0.00%
   2  AnaPla   11.21%    failed      0.24%
   3  AntCar    6.48%    failed      0.00%
   4  ApaVit    8.42%    failed      0.00%
   5  AptFor    4.41%    failed      0.00%
   6  BalReg    3.55%    failed      0.00%
   7  BucRhi    8.81%    failed      0.00%
   8  CalAnn   11.95%    failed      0.00%
   9  CarCri    4.61%    failed      0.00%
  10  CatAur    8.28%    failed      0.00%
  11  ChaPel    7.96%    failed      0.00%
  12  ChaVoc    2.91%    passed     57.79%
  13  ChlMac    5.19%    failed      0.22%
  14  ColLiv    6.90%    failed      0.00%
  15  ColStr   10.60%    failed      0.00%
  16  CorBra   10.61%    failed      0.00%
  17  CucCan    7.73%    failed      0.00%
  18  EgrGar    3.33%    failed      0.00%
  19  EurHel    6.55%    failed      0.00%
  20  FalPer    6.02%    failed      0.00%
  21  FulGla    2.76%    failed      0.00%
  22  GalGal    5.98%    failed      0.00%
  23  GavSte    3.60%    failed      0.00%
  24  GeoFor   14.75%    failed      0.00%
  25  HalAlb    4.62%    failed      0.00%
  26  HalLeu    1.91%    failed      0.00%
  27  LepDis    3.76%    failed      0.00%
  28  ManVit    9.22%    failed      0.00%
  29  MelGal   12.87%    passed     14.23%
  30  MelUnd    7.85%    passed      6.38%
  31  MerNub    8.71%    failed      0.00%
  32  MesUni    6.83%    failed      0.00%
  33  NesNot    6.41%    passed     53.56%
  34  NipNip    2.87%    failed      0.00%
  35  OpiHoa    3.80%    failed      0.00%
  36  PelCri    2.84%    failed      0.00%
  37  PhaCar    5.50%    failed      0.00%
  38  PhaLep    3.33%    failed      0.00%
  39  PhoRub    2.85%    failed      2.75%
  40  PicPub   18.36%    failed      0.00%
  41  PodCri    4.66%    failed      0.00%
  42  PteGut    5.74%    passed     11.40%
  43  PygAde    3.56%    failed      0.00%
  44  StrCam   15.96%    failed      0.00%
  45  TaeGut   15.04%    failed      0.00%
  46  TauEry    3.93%    failed      0.00%
  47  TinGut   35.30%    failed      0.00%
  48  TytAlb    5.74%    failed      0.00%
****  TOTAL     7.60%  43 sequences failed composition chi2 test (p-value<5%; df=3)
Reading tree Jarvis_Renamed.nwk ...
rooted tree with 48 taxa and 95 branches
Computing site concordance factor...
57.920 sec
Tree with concordance factors written to concord_M12_intron.cf.tree
Tree with branch IDs written to concord_M12_intron.cf.branch
Concordance factors per branch printed to concord_M12_intron.cf.stat
Date and Time: Fri Nov 15 16:14:23 2019
