IQ-TREE multicore version 1.7-beta16 for Linux 64-bit built Sep 24 2019
Developed by Bui Quang Minh, Nguyen Lam Tung, Olga Chernomor,
Heiko Schmidt, Dominik Schrempf, Michael Woodhams.

Host:    n056.cluster.com (AVX, 125 GB RAM)
Command: iqtree -t Jarvis_Renamed.nwk -s M11_AllUniquelyMapped --scf 500 --prefix concord_M11_AllUniquelyMapped -nt 20
Seed:    65664 (Using SPRNG - Scalable Parallel Random Number Generator)
Time:    Fri Nov 15 16:00:33 2019
Kernel:  AVX - 20 threads (20 CPU cores detected)

Reading alignment file M11_AllUniquelyMapped ... Phylip format detected
Alignment most likely contains DNA/RNA sequences
Alignment has 48 sequences with 3146043 columns, 2722847 distinct patterns
3146043 parsimony-informative, 0 singleton sites, 0 constant sites
        Gap/Ambiguity  Composition  p-value
   1  AcaChl    9.09%    failed      0.00%
   2  AnaPla    9.74%    failed      0.00%
   3  AntCar    6.23%    failed      0.00%
   4  ApaVit    7.28%    failed      0.00%
   5  AptFor    4.12%    failed      0.00%
   6  BalReg    3.21%    failed      0.00%
   7  BucRhi    7.55%    failed      0.00%
   8  CalAnn   10.61%    failed      0.00%
   9  CarCri    4.24%    failed      0.00%
  10  CatAur    8.60%    failed      0.00%
  11  ChaPel    7.31%    failed      0.00%
  12  ChaVoc    2.60%    passed     41.54%
  13  ChlMac    4.61%    failed      0.00%
  14  ColLiv    5.84%    failed      0.00%
  15  ColStr    9.43%    failed      0.00%
  16  CorBra    9.03%    failed      0.00%
  17  CucCan    6.91%    failed      0.00%
  18  EgrGar    2.98%    failed      0.00%
  19  EurHel    5.57%    failed      0.00%
  20  FalPer    5.31%    failed      0.00%
  21  FulGla    2.58%    failed      0.00%
  22  GalGal    5.47%    failed      0.00%
  23  GavSte    3.29%    failed      0.00%
  24  GeoFor   12.96%    failed      0.00%
  25  HalAlb    4.42%    failed      0.00%
  26  HalLeu    1.69%    failed      0.00%
  27  LepDis    3.37%    failed      0.00%
  28  ManVit    8.17%    failed      0.00%
  29  MelGal   10.80%    passed     87.72%
  30  MelUnd    7.09%    failed      0.00%
  31  MerNub    7.70%    failed      0.00%
  32  MesUni    5.94%    failed      0.00%
  33  NesNot    5.66%    passed     26.13%
  34  NipNip    2.76%    failed      0.00%
  35  OpiHoa    3.50%    failed      0.00%
  36  PelCri    2.65%    failed      0.00%
  37  PhaCar    4.91%    failed      0.00%
  38  PhaLep    3.06%    failed      0.00%
  39  PhoRub    2.75%    failed      0.00%
  40  PicPub   16.95%    failed      0.00%
  41  PodCri    4.19%    failed      0.00%
  42  PteGut    5.19%    passed     42.36%
  43  PygAde    3.44%    failed      0.00%
  44  StrCam   12.96%    failed      0.00%
  45  TaeGut   13.25%    failed      0.00%
  46  TauEry    3.42%    failed      0.00%
  47  TinGut   30.03%    failed      0.00%
  48  TytAlb    5.30%    failed      0.00%
****  TOTAL     6.74%  44 sequences failed composition chi2 test (p-value<5%; df=3)
Reading tree Jarvis_Renamed.nwk ...
rooted tree with 48 taxa and 95 branches
Computing site concordance factor...
159.833 sec
Tree with concordance factors written to concord_M11_AllUniquelyMapped.cf.tree
Tree with branch IDs written to concord_M11_AllUniquelyMapped.cf.branch
Concordance factors per branch printed to concord_M11_AllUniquelyMapped.cf.stat
Date and Time: Fri Nov 15 16:03:31 2019
