IQ-TREE multicore version 1.7-beta16 for Linux 64-bit built Sep 24 2019
Developed by Bui Quang Minh, Nguyen Lam Tung, Olga Chernomor,
Heiko Schmidt, Dominik Schrempf, Michael Woodhams.

Host:    n056.cluster.com (AVX, 125 GB RAM)
Command: iqtree -t Jarvis_Renamed.nwk -s M22_gene --scf 500 --prefix concord_M22_gene -nt 20
Seed:    481193 (Using SPRNG - Scalable Parallel Random Number Generator)
Time:    Fri Nov 15 17:28:10 2019
Kernel:  AVX - 20 threads (20 CPU cores detected)

Reading alignment file M22_gene ... Phylip format detected
Alignment most likely contains DNA/RNA sequences
Alignment has 48 sequences with 1631275 columns, 1466618 distinct patterns
1631275 parsimony-informative, 0 singleton sites, 0 constant sites
        Gap/Ambiguity  Composition  p-value
   1  AcaChl   13.76%    failed      0.00%
   2  AnaPla   12.78%    failed      0.05%
   3  AntCar    8.28%    failed      0.00%
   4  ApaVit   11.23%    failed      0.00%
   5  AptFor    5.74%    failed      0.00%
   6  BalReg    4.98%    failed      0.00%
   7  BucRhi   11.12%    failed      0.00%
   8  CalAnn   13.95%    failed      0.00%
   9  CarCri    6.32%    failed      0.00%
  10  CatAur   10.14%    failed      0.00%
  11  ChaPel    9.85%    failed      0.00%
  12  ChaVoc    3.86%    failed      0.00%
  13  ChlMac    7.17%    passed     49.38%
  14  ColLiv    8.73%    failed      0.00%
  15  ColStr   13.41%    failed      0.00%
  16  CorBra   13.72%    failed      0.00%
  17  CucCan    9.48%    failed      0.00%
  18  EgrGar    4.54%    failed      2.68%
  19  EurHel    8.78%    failed      0.00%
  20  FalPer    8.03%    failed      0.00%
  21  FulGla    3.78%    failed      0.00%
  22  GalGal    6.47%    failed      0.00%
  23  GavSte    4.81%    failed      0.00%
  24  GeoFor   18.12%    failed      0.00%
  25  HalAlb    6.53%    failed      0.00%
  26  HalLeu    2.84%    failed      0.00%
  27  LepDis    5.17%    failed      0.38%
  28  ManVit   12.61%    failed      0.00%
  29  MelGal   13.52%    passed     26.38%
  30  MelUnd    9.66%    failed      0.00%
  31  MerNub   11.42%    failed      0.00%
  32  MesUni    8.87%    failed      0.00%
  33  NesNot    8.58%    passed     91.00%
  34  NipNip    3.80%    failed      0.00%
  35  OpiHoa    5.28%    failed      0.00%
  36  PelCri    4.06%    failed      0.00%
  37  PhaCar    7.31%    failed      0.00%
  38  PhaLep    4.59%    failed      0.00%
  39  PhoRub    4.12%    passed     77.06%
  40  PicPub   20.24%    failed      0.00%
  41  PodCri    6.35%    failed      0.00%
  42  PteGut    7.93%    failed      1.66%
  43  PygAde    4.30%    failed      0.00%
  44  StrCam   17.02%    failed      0.00%
  45  TaeGut   17.75%    failed      0.00%
  46  TauEry    5.60%    failed      0.00%
  47  TinGut   35.19%    failed      0.00%
  48  TytAlb    7.88%    failed      0.00%
****  TOTAL     9.37%  44 sequences failed composition chi2 test (p-value<5%; df=3)
Reading tree Jarvis_Renamed.nwk ...
rooted tree with 48 taxa and 95 branches
Computing site concordance factor...
84.155 sec
Tree with concordance factors written to concord_M22_gene.cf.tree
Tree with branch IDs written to concord_M22_gene.cf.branch
Concordance factors per branch printed to concord_M22_gene.cf.stat
Date and Time: Fri Nov 15 17:29:45 2019
