IQ-TREE multicore version 1.7-beta16 for Linux 64-bit built Sep 24 2019
Developed by Bui Quang Minh, Nguyen Lam Tung, Olga Chernomor,
Heiko Schmidt, Dominik Schrempf, Michael Woodhams.

Host:    n056.cluster.com (AVX, 125 GB RAM)
Command: iqtree -t Jarvis_Renamed.nwk -s M8_pseudogene --scf 500 --prefix concord_M8_pseudogene -nt 20
Seed:    443344 (Using SPRNG - Scalable Parallel Random Number Generator)
Time:    Fri Nov 15 18:24:53 2019
Kernel:  AVX - 20 threads (20 CPU cores detected)

Reading alignment file M8_pseudogene ... Phylip format detected
Alignment most likely contains DNA/RNA sequences
Alignment has 48 sequences with 8210 columns, 8111 distinct patterns
8210 parsimony-informative, 0 singleton sites, 0 constant sites
        Gap/Ambiguity  Composition  p-value
   1  AcaChl   10.46%    failed      1.54%
   2  AnaPla    7.77%    passed     98.81%
   3  AntCar    6.30%    passed     34.99%
   4  ApaVit    7.25%    passed     92.39%
   5  AptFor    3.84%    passed     49.46%
   6  BalReg    1.99%    passed     39.71%
   7  BucRhi    5.65%    passed      5.16%
   8  CalAnn    7.08%    passed     21.87%
   9  CarCri    2.98%    passed     82.09%
  10  CatAur    7.16%    passed     40.46%
  11  ChaPel    7.19%    passed     87.85%
  12  ChaVoc    2.64%    passed     88.48%
  13  ChlMac    3.30%    passed     73.28%
  14  ColLiv    4.64%    passed     43.51%
  15  ColStr    8.87%    passed     58.85%
  16  CorBra    6.99%    failed      0.23%
  17  CucCan    4.98%    passed     28.80%
  18  EgrGar    2.27%    passed     98.23%
  19  EurHel    5.04%    failed      0.66%
  20  FalPer    3.45%    passed     66.10%
  21  FulGla    1.71%    passed     35.39%
  22  GalGal    4.73%    passed     42.77%
  23  GavSte    2.01%    passed     20.82%
  24  GeoFor   11.95%    failed      0.04%
  25  HalAlb    6.64%    passed     22.43%
  26  HalLeu    1.66%    passed     50.50%
  27  LepDis    2.27%    passed     93.15%
  28  ManVit    7.17%    passed     28.95%
  29  MelGal    9.39%    passed     74.92%
  30  MelUnd    6.76%    passed     25.63%
  31  MerNub    7.14%    failed      0.02%
  32  MesUni    4.38%    passed     75.17%
  33  NesNot    4.60%    passed     42.42%
  34  NipNip    2.57%    passed     10.63%
  35  OpiHoa    6.30%    passed     10.82%
  36  PelCri    1.80%    passed     36.00%
  37  PhaCar    3.40%    passed     91.44%
  38  PhaLep    2.03%    passed     79.03%
  39  PhoRub    2.28%    passed     87.48%
  40  PicPub   10.50%    failed      0.65%
  41  PodCri    2.78%    passed     89.12%
  42  PteGut    5.04%    passed     97.67%
  43  PygAde    3.20%    passed     31.16%
  44  StrCam   10.12%    passed     24.30%
  45  TaeGut    9.14%    failed      3.27%
  46  TauEry    2.75%    passed     98.34%
  47  TinGut   29.38%    passed     10.66%
  48  TytAlb    3.25%    passed     21.48%
****  TOTAL     5.72%  7 sequences failed composition chi2 test (p-value<5%; df=3)
Reading tree Jarvis_Renamed.nwk ...
rooted tree with 48 taxa and 95 branches
Computing site concordance factor...
0.260 sec
Tree with concordance factors written to concord_M8_pseudogene.cf.tree
Tree with branch IDs written to concord_M8_pseudogene.cf.branch
Concordance factors per branch printed to concord_M8_pseudogene.cf.stat
Date and Time: Fri Nov 15 18:24:54 2019
