IQ-TREE multicore version 1.7-beta16 for Linux 64-bit built Sep 24 2019
Developed by Bui Quang Minh, Nguyen Lam Tung, Olga Chernomor,
Heiko Schmidt, Dominik Schrempf, Michael Woodhams.

Host:    n056.cluster.com (AVX, 125 GB RAM)
Command: iqtree -t Jarvis_Renamed.nwk -s M24_lnc_RNA --scf 500 --prefix concord_M24_lnc_RNA -nt 20
Seed:    656592 (Using SPRNG - Scalable Parallel Random Number Generator)
Time:    Fri Nov 15 17:47:31 2019
Kernel:  AVX - 20 threads (20 CPU cores detected)

Reading alignment file M24_lnc_RNA ... Phylip format detected
Alignment most likely contains DNA/RNA sequences
Alignment has 48 sequences with 418470 columns, 387719 distinct patterns
418470 parsimony-informative, 0 singleton sites, 0 constant sites
        Gap/Ambiguity  Composition  p-value
   1  AcaChl   13.02%    failed      0.00%
   2  AnaPla   13.02%    failed      0.00%
   3  AntCar    8.27%    failed      0.00%
   4  ApaVit   10.96%    passed     83.63%
   5  AptFor    5.38%    passed     46.28%
   6  BalReg    4.73%    passed     25.12%
   7  BucRhi   11.01%    failed      0.00%
   8  CalAnn   15.55%    failed      0.10%
   9  CarCri    6.42%    failed      2.15%
  10  CatAur   10.91%    failed      0.00%
  11  ChaPel   11.07%    failed      0.00%
  12  ChaVoc    3.76%    failed      0.01%
  13  ChlMac    7.29%    failed      0.01%
  14  ColLiv    8.51%    passed      5.53%
  15  ColStr   13.29%    failed      0.00%
  16  CorBra   13.38%    failed      0.00%
  17  CucCan   10.58%    failed      0.00%
  18  EgrGar    4.60%    failed      0.00%
  19  EurHel    8.13%    failed      0.02%
  20  FalPer    7.62%    failed      0.00%
  21  FulGla    3.85%    passed     13.19%
  22  GalGal    6.02%    passed     59.76%
  23  GavSte    4.46%    passed     79.99%
  24  GeoFor   18.44%    failed      0.00%
  25  HalAlb    6.05%    passed     50.16%
  26  HalLeu    2.92%    passed     52.61%
  27  LepDis    5.03%    failed      0.00%
  28  ManVit   11.92%    failed      0.46%
  29  MelGal   13.83%    failed      0.38%
  30  MelUnd   10.71%    failed      0.11%
  31  MerNub   10.76%    failed      0.00%
  32  MesUni    8.56%    passed     79.32%
  33  NesNot    8.80%    passed     37.01%
  34  NipNip    3.78%    failed      0.00%
  35  OpiHoa    4.95%    failed      0.00%
  36  PelCri    4.02%    failed      0.53%
  37  PhaCar    7.06%    failed      1.27%
  38  PhaLep    4.73%    passed     51.59%
  39  PhoRub    3.99%    failed      0.00%
  40  PicPub   20.90%    failed      0.00%
  41  PodCri    6.31%    passed     39.30%
  42  PteGut    7.92%    failed      3.18%
  43  PygAde    4.49%    failed      0.00%
  44  StrCam   17.86%    failed      0.00%
  45  TaeGut   18.45%    failed      0.00%
  46  TauEry    5.36%    failed      0.00%
  47  TinGut   34.69%    failed      2.08%
  48  TytAlb    7.79%    failed      0.00%
****  TOTAL     9.40%  35 sequences failed composition chi2 test (p-value<5%; df=3)
Reading tree Jarvis_Renamed.nwk ...
rooted tree with 48 taxa and 95 branches
Computing site concordance factor...
19.101 sec
Tree with concordance factors written to concord_M24_lnc_RNA.cf.tree
Tree with branch IDs written to concord_M24_lnc_RNA.cf.branch
Concordance factors per branch printed to concord_M24_lnc_RNA.cf.stat
Date and Time: Fri Nov 15 17:47:54 2019
