IQ-TREE multicore version 1.7-beta16 for Linux 64-bit built Sep 24 2019
Developed by Bui Quang Minh, Nguyen Lam Tung, Olga Chernomor,
Heiko Schmidt, Dominik Schrempf, Michael Woodhams.

Host:    n056.cluster.com (AVX, 125 GB RAM)
Command: iqtree -t Jarvis_Renamed.nwk -s M15_AllUniquelyMapped --scf 500 --prefix concord_M15_AllUniquelyMapped -nt 20
Seed:    947699 (Using SPRNG - Scalable Parallel Random Number Generator)
Time:    Fri Nov 15 16:29:48 2019
Kernel:  AVX - 20 threads (20 CPU cores detected)

Reading alignment file M15_AllUniquelyMapped ... Phylip format detected
Alignment most likely contains DNA/RNA sequences
Alignment has 48 sequences with 3342118 columns, 2918901 distinct patterns
3342118 parsimony-informative, 0 singleton sites, 0 constant sites
        Gap/Ambiguity  Composition  p-value
   1  AcaChl   11.23%    failed      0.00%
   2  AnaPla   11.39%    failed      0.00%
   3  AntCar    7.15%    failed      0.00%
   4  ApaVit    9.01%    failed      0.00%
   5  AptFor    4.80%    failed      0.00%
   6  BalReg    3.88%    failed      0.00%
   7  BucRhi    9.17%    failed      0.00%
   8  CalAnn   12.70%    failed      0.00%
   9  CarCri    5.11%    failed      0.00%
  10  CatAur    9.55%    failed      0.00%
  11  ChaPel    8.81%    failed      0.00%
  12  ChaVoc    3.04%    passed     17.08%
  13  ChlMac    5.70%    failed      0.00%
  14  ColLiv    7.03%    failed      0.00%
  15  ColStr   11.41%    failed      0.00%
  16  CorBra   11.32%    failed      0.00%
  17  CucCan    8.31%    failed      0.00%
  18  EgrGar    3.60%    failed      0.00%
  19  EurHel    6.80%    failed      0.00%
  20  FalPer    6.42%    failed      0.00%
  21  FulGla    3.07%    failed      0.00%
  22  GalGal    5.86%    failed      0.00%
  23  GavSte    3.89%    failed      0.00%
  24  GeoFor   15.66%    failed      0.00%
  25  HalAlb    5.24%    failed      0.00%
  26  HalLeu    2.11%    failed      0.00%
  27  LepDis    4.09%    failed      0.00%
  28  ManVit   10.12%    failed      0.00%
  29  MelGal   12.39%    passed     31.71%
  30  MelUnd    8.39%    failed      0.00%
  31  MerNub    9.30%    failed      0.00%
  32  MesUni    7.23%    failed      0.00%
  33  NesNot    6.97%    passed     17.71%
  34  NipNip    3.15%    failed      0.00%
  35  OpiHoa    4.21%    failed      0.00%
  36  PelCri    3.20%    failed      0.00%
  37  PhaCar    5.90%    failed      0.00%
  38  PhaLep    3.73%    failed      0.00%
  39  PhoRub    3.29%    failed      0.00%
  40  PicPub   19.18%    failed      0.00%
  41  PodCri    5.12%    failed      0.00%
  42  PteGut    6.42%    passed     42.52%
  43  PygAde    3.82%    failed      0.00%
  44  StrCam   15.11%    failed      0.00%
  45  TaeGut   15.75%    failed      0.00%
  46  TauEry    4.27%    failed      0.00%
  47  TinGut   32.44%    failed      0.00%
  48  TytAlb    6.41%    failed      0.00%
****  TOTAL     7.97%  44 sequences failed composition chi2 test (p-value<5%; df=3)
Reading tree Jarvis_Renamed.nwk ...
rooted tree with 48 taxa and 95 branches
Computing site concordance factor...
166.196 sec
Tree with concordance factors written to concord_M15_AllUniquelyMapped.cf.tree
Tree with branch IDs written to concord_M15_AllUniquelyMapped.cf.branch
Concordance factors per branch printed to concord_M15_AllUniquelyMapped.cf.stat
Date and Time: Fri Nov 15 16:32:56 2019
