IQ-TREE multicore version 1.7-beta16 for Linux 64-bit built Sep 24 2019
Developed by Bui Quang Minh, Nguyen Lam Tung, Olga Chernomor,
Heiko Schmidt, Dominik Schrempf, Michael Woodhams.

Host:    n056.cluster.com (AVX, 125 GB RAM)
Command: iqtree -t Jarvis_Renamed.nwk -s M2_pseudogene --scf 500 --prefix concord_M2_pseudogene -nt 20
Seed:    210893 (Using SPRNG - Scalable Parallel Random Number Generator)
Time:    Fri Nov 15 17:51:14 2019
Kernel:  AVX - 20 threads (20 CPU cores detected)

Reading alignment file M2_pseudogene ... Phylip format detected
Alignment most likely contains DNA/RNA sequences
Alignment has 48 sequences with 4559 columns, 4461 distinct patterns
4559 parsimony-informative, 0 singleton sites, 0 constant sites
        Gap/Ambiguity  Composition  p-value
   1  AcaChl    4.08%    failed      0.18%
   2  AnaPla    3.58%    passed     97.32%
   3  AntCar    3.09%    passed     58.84%
   4  ApaVit    2.24%    passed     92.10%
   5  AptFor    1.82%    passed     67.50%
   6  BalReg    1.03%    passed     49.18%
   7  BucRhi    1.86%    failed      3.67%
   8  CalAnn    1.16%    passed     43.92%
   9  CarCri    0.79%    passed     87.49%
  10  CatAur    3.53%    passed     33.15%
  11  ChaPel    2.72%    passed     78.51%
  12  ChaVoc    1.34%    passed     78.40%
  13  ChlMac    1.16%    passed     62.68%
  14  ColLiv    2.19%    passed     32.44%
  15  ColStr    2.17%    passed     95.91%
  16  CorBra    1.10%    failed      0.07%
  17  CucCan    2.33%    passed     51.20%
  18  EgrGar    0.90%    passed     93.36%
  19  EurHel    1.56%    passed     15.12%
  20  FalPer    0.92%    passed     92.02%
  21  FulGla    0.83%    passed     30.85%
  22  GalGal    2.54%    passed     86.82%
  23  GavSte    0.79%    passed     36.39%
  24  GeoFor    2.15%    failed      0.00%
  25  HalAlb    2.11%    passed     61.28%
  26  HalLeu    0.57%    passed     55.17%
  27  LepDis    1.12%    passed     87.45%
  28  ManVit    2.72%    passed     26.81%
  29  MelGal    3.27%    passed     89.16%
  30  MelUnd    2.79%    passed     24.00%
  31  MerNub    2.43%    failed      0.50%
  32  MesUni    1.49%    passed     91.51%
  33  NesNot    1.05%    passed     63.82%
  34  NipNip    1.75%    passed     28.32%
  35  OpiHoa    4.06%    passed     40.07%
  36  PelCri    1.03%    passed     20.24%
  37  PhaCar    0.92%    passed     70.70%
  38  PhaLep    0.79%    passed     64.18%
  39  PhoRub    0.99%    passed     82.79%
  40  PicPub    4.08%    failed      0.50%
  41  PodCri    1.21%    passed     78.91%
  42  PteGut    1.56%    passed     98.79%
  43  PygAde    1.91%    passed     38.34%
  44  StrCam    2.52%    passed     20.78%
  45  TaeGut    2.41%    failed      1.21%
  46  TauEry    0.75%    passed     83.91%
  47  TinGut   13.84%    passed     15.86%
  48  TytAlb    0.99%    passed     36.83%
****  TOTAL     2.13%  7 sequences failed composition chi2 test (p-value<5%; df=3)
Reading tree Jarvis_Renamed.nwk ...
rooted tree with 48 taxa and 95 branches
Computing site concordance factor...
0.112 sec
Tree with concordance factors written to concord_M2_pseudogene.cf.tree
Tree with branch IDs written to concord_M2_pseudogene.cf.branch
Concordance factors per branch printed to concord_M2_pseudogene.cf.stat
Date and Time: Fri Nov 15 17:51:14 2019
