IQ-TREE multicore version 1.7-beta16 for Linux 64-bit built Sep 24 2019
Developed by Bui Quang Minh, Nguyen Lam Tung, Olga Chernomor,
Heiko Schmidt, Dominik Schrempf, Michael Woodhams.

Host:    n056.cluster.com (AVX, 125 GB RAM)
Command: iqtree -t Jarvis_Renamed.nwk -s M4_AllUniquelyMapped --scf 500 --prefix concord_M4_AllUniquelyMapped -nt 20
Seed:    770154 (Using SPRNG - Scalable Parallel Random Number Generator)
Time:    Fri Nov 15 17:55:44 2019
Kernel:  AVX - 20 threads (20 CPU cores detected)

Reading alignment file M4_AllUniquelyMapped ... Phylip format detected
Alignment most likely contains DNA/RNA sequences
Alignment has 48 sequences with 2260100 columns, 1837175 distinct patterns
2260100 parsimony-informative, 0 singleton sites, 0 constant sites
        Gap/Ambiguity  Composition  p-value
   1  AcaChl    3.65%    failed      0.00%
   2  AnaPla    4.78%    failed      0.00%
   3  AntCar    4.13%    failed      0.00%
   4  ApaVit    3.15%    failed      0.00%
   5  AptFor    2.30%    failed      0.00%
   6  BalReg    1.77%    failed      0.00%
   7  BucRhi    3.53%    failed      0.00%
   8  CalAnn    4.58%    failed      0.00%
   9  CarCri    2.16%    failed      0.00%
  10  CatAur    5.79%    failed      0.00%
  11  ChaPel    3.46%    failed      0.00%
  12  ChaVoc    1.70%    failed      0.48%
  13  ChlMac    2.12%    failed      0.03%
  14  ColLiv    3.04%    failed      0.00%
  15  ColStr    4.15%    failed      0.00%
  16  CorBra    2.92%    failed      0.00%
  17  CucCan    3.39%    failed      0.00%
  18  EgrGar    1.62%    failed      0.00%
  19  EurHel    2.79%    failed      0.00%
  20  FalPer    2.59%    failed      0.00%
  21  FulGla    1.48%    failed      0.00%
  22  GalGal    4.11%    failed      0.00%
  23  GavSte    1.86%    failed      0.00%
  24  GeoFor    4.67%    failed      0.00%
  25  HalAlb    2.39%    failed      0.00%
  26  HalLeu    0.86%    failed      0.00%
  27  LepDis    1.83%    failed      0.00%
  28  ManVit    3.23%    failed      0.00%
  29  MelGal    4.94%    failed      0.00%
  30  MelUnd    3.76%    failed      0.00%
  31  MerNub    3.67%    failed      0.00%
  32  MesUni    2.85%    failed      0.00%
  33  NesNot    2.65%    passed     40.19%
  34  NipNip    1.91%    failed      0.00%
  35  OpiHoa    2.00%    failed      0.00%
  36  PelCri    1.47%    failed      0.00%
  37  PhaCar    2.46%    failed      0.00%
  38  PhaLep    1.59%    failed      0.00%
  39  PhoRub    1.57%    failed      0.12%
  40  PicPub    9.44%    failed      0.00%
  41  PodCri    2.08%    failed      0.00%
  42  PteGut    2.38%    passed     23.21%
  43  PygAde    2.44%    failed      0.00%
  44  StrCam    5.56%    failed      0.00%
  45  TaeGut    5.43%    failed      0.00%
  46  TauEry    1.60%    failed      0.00%
  47  TinGut   19.57%    failed      0.00%
  48  TytAlb    2.59%    failed      0.00%
****  TOTAL     3.42%  46 sequences failed composition chi2 test (p-value<5%; df=3)
Reading tree Jarvis_Renamed.nwk ...
rooted tree with 48 taxa and 95 branches
Computing site concordance factor...
117.788 sec
Tree with concordance factors written to concord_M4_AllUniquelyMapped.cf.tree
Tree with branch IDs written to concord_M4_AllUniquelyMapped.cf.branch
Concordance factors per branch printed to concord_M4_AllUniquelyMapped.cf.stat
Date and Time: Fri Nov 15 17:57:55 2019
