IQ-TREE multicore version 1.7-beta16 for Linux 64-bit built Sep 24 2019
Developed by Bui Quang Minh, Nguyen Lam Tung, Olga Chernomor,
Heiko Schmidt, Dominik Schrempf, Michael Woodhams.

Host:    n056.cluster.com (AVX, 125 GB RAM)
Command: iqtree -t Jarvis_Renamed.nwk -s M16_gene --scf 500 --prefix concord_M16_gene -nt 20
Seed:    487168 (Using SPRNG - Scalable Parallel Random Number Generator)
Time:    Fri Nov 15 16:40:37 2019
Kernel:  AVX - 20 threads (20 CPU cores detected)

Reading alignment file M16_gene ... Phylip format detected
Alignment most likely contains DNA/RNA sequences
Alignment has 48 sequences with 1572465 columns, 1407823 distinct patterns
1572465 parsimony-informative, 0 singleton sites, 0 constant sites
        Gap/Ambiguity  Composition  p-value
   1  AcaChl   11.99%    failed      0.00%
   2  AnaPla   11.58%    failed      0.06%
   3  AntCar    7.24%    failed      0.00%
   4  ApaVit    9.60%    failed      0.00%
   5  AptFor    5.06%    failed      0.00%
   6  BalReg    4.15%    failed      0.00%
   7  BucRhi    9.60%    failed      0.00%
   8  CalAnn   12.31%    failed      0.00%
   9  CarCri    5.37%    failed      0.00%
  10  CatAur    9.29%    failed      0.00%
  11  ChaPel    8.52%    failed      0.00%
  12  ChaVoc    3.26%    failed      0.00%
  13  ChlMac    5.97%    passed     63.07%
  14  ColLiv    7.47%    failed      0.00%
  15  ColStr   11.68%    failed      0.00%
  16  CorBra   11.91%    failed      0.00%
  17  CucCan    8.21%    failed      0.00%
  18  EgrGar    3.76%    passed     17.41%
  19  EurHel    7.47%    failed      0.00%
  20  FalPer    6.86%    failed      0.00%
  21  FulGla    3.16%    failed      0.00%
  22  GalGal    6.12%    failed      0.00%
  23  GavSte    4.08%    failed      0.00%
  24  GeoFor   16.19%    failed      0.00%
  25  HalAlb    5.63%    failed      0.00%
  26  HalLeu    2.26%    failed      0.00%
  27  LepDis    4.30%    failed      0.01%
  28  ManVit   10.91%    failed      0.00%
  29  MelGal   12.56%    passed     52.83%
  30  MelUnd    8.43%    failed      0.00%
  31  MerNub    9.88%    failed      0.00%
  32  MesUni    7.57%    failed      0.00%
  33  NesNot    7.24%    passed     91.60%
  34  NipNip    3.26%    failed      0.00%
  35  OpiHoa    4.50%    failed      0.00%
  36  PelCri    3.33%    failed      0.00%
  37  PhaCar    6.21%    failed      0.00%
  38  PhaLep    3.76%    failed      0.00%
  39  PhoRub    3.40%    passed     70.13%
  40  PicPub   18.58%    failed      0.00%
  41  PodCri    5.29%    failed      0.00%
  42  PteGut    6.65%    failed      2.30%
  43  PygAde    3.84%    failed      0.00%
  44  StrCam   15.52%    failed      0.00%
  45  TaeGut   15.99%    failed      0.00%
  46  TauEry    4.58%    failed      0.00%
  47  TinGut   33.68%    failed      0.00%
  48  TytAlb    6.69%    failed      0.00%
****  TOTAL     8.23%  43 sequences failed composition chi2 test (p-value<5%; df=3)
Reading tree Jarvis_Renamed.nwk ...
rooted tree with 48 taxa and 95 branches
Computing site concordance factor...
81.347 sec
Tree with concordance factors written to concord_M16_gene.cf.tree
Tree with branch IDs written to concord_M16_gene.cf.branch
Concordance factors per branch printed to concord_M16_gene.cf.stat
Date and Time: Fri Nov 15 16:42:08 2019
