IQ-TREE multicore version 1.7-beta16 for Linux 64-bit built Sep 24 2019
Developed by Bui Quang Minh, Nguyen Lam Tung, Olga Chernomor,
Heiko Schmidt, Dominik Schrempf, Michael Woodhams.

Host:    n056.cluster.com (AVX, 125 GB RAM)
Command: iqtree -t Jarvis_Renamed.nwk -s M3_intron --scf 500 --prefix concord_M3_intron -nt 20
Seed:    741715 (Using SPRNG - Scalable Parallel Random Number Generator)
Time:    Fri Nov 15 17:54:57 2019
Kernel:  AVX - 20 threads (20 CPU cores detected)

Reading alignment file M3_intron ... Phylip format detected
Alignment most likely contains DNA/RNA sequences
Alignment has 48 sequences with 644302 columns, 541218 distinct patterns
644302 parsimony-informative, 0 singleton sites, 0 constant sites
        Gap/Ambiguity  Composition  p-value
   1  AcaChl    2.96%    failed      0.00%
   2  AnaPla    3.87%    passed     75.54%
   3  AntCar    3.59%    failed      0.00%
   4  ApaVit    2.57%    failed      0.00%
   5  AptFor    1.88%    failed      0.00%
   6  BalReg    1.50%    failed      0.00%
   7  BucRhi    3.04%    failed      0.00%
   8  CalAnn    3.57%    failed      0.00%
   9  CarCri    1.83%    failed      0.00%
  10  CatAur    4.62%    failed      0.00%
  11  ChaPel    2.74%    failed      0.00%
  12  ChaVoc    1.51%    failed      4.82%
  13  ChlMac    1.79%    failed      3.63%
  14  ColLiv    2.70%    failed      0.00%
  15  ColStr    3.23%    failed      0.00%
  16  CorBra    2.10%    failed      0.00%
  17  CucCan    2.80%    failed      0.00%
  18  EgrGar    1.40%    passed     69.61%
  19  EurHel    2.30%    failed      0.00%
  20  FalPer    2.19%    failed      0.00%
  21  FulGla    1.27%    failed      0.00%
  22  GalGal    3.76%    failed      0.00%
  23  GavSte    1.61%    failed      0.00%
  24  GeoFor    3.22%    failed      0.00%
  25  HalAlb    1.91%    failed      0.00%
  26  HalLeu    0.75%    failed      0.00%
  27  LepDis    1.63%    failed      0.00%
  28  ManVit    2.53%    failed      0.00%
  29  MelGal    4.11%    failed      0.00%
  30  MelUnd    3.09%    passed     18.78%
  31  MerNub    2.99%    failed      0.00%
  32  MesUni    2.46%    failed      0.00%
  33  NesNot    2.16%    passed     45.61%
  34  NipNip    1.64%    failed      0.00%
  35  OpiHoa    1.62%    failed      0.00%
  36  PelCri    1.24%    failed      0.00%
  37  PhaCar    2.06%    failed      0.00%
  38  PhaLep    1.37%    failed      0.00%
  39  PhoRub    1.31%    passed     27.26%
  40  PicPub    7.55%    failed      0.00%
  41  PodCri    1.78%    failed      0.00%
  42  PteGut    1.91%    passed     66.21%
  43  PygAde    2.09%    failed      0.00%
  44  StrCam    4.78%    failed      0.00%
  45  TaeGut    4.03%    failed      0.00%
  46  TauEry    1.37%    failed      0.02%
  47  TinGut   18.86%    failed      0.00%
  48  TytAlb    2.05%    failed      0.00%
****  TOTAL     2.86%  42 sequences failed composition chi2 test (p-value<5%; df=3)
Reading tree Jarvis_Renamed.nwk ...
rooted tree with 48 taxa and 95 branches
Computing site concordance factor...
26.871 sec
Tree with concordance factors written to concord_M3_intron.cf.tree
Tree with branch IDs written to concord_M3_intron.cf.branch
Concordance factors per branch printed to concord_M3_intron.cf.stat
Date and Time: Fri Nov 15 17:55:28 2019
