IQ-TREE multicore version 1.7-beta16 for Linux 64-bit built Sep 24 2019
Developed by Bui Quang Minh, Nguyen Lam Tung, Olga Chernomor,
Heiko Schmidt, Dominik Schrempf, Michael Woodhams.

Host:    n056.cluster.com (AVX, 125 GB RAM)
Command: iqtree -t Jarvis_Renamed.nwk -s M19_intergenic --scf 500 --prefix concord_M19_intergenic -nt 20
Seed:    293473 (Using SPRNG - Scalable Parallel Random Number Generator)
Time:    Fri Nov 15 17:04:43 2019
Kernel:  AVX - 20 threads (20 CPU cores detected)

Reading alignment file M19_intergenic ... Phylip format detected
Alignment most likely contains DNA/RNA sequences
Alignment has 48 sequences with 1440861 columns, 1294622 distinct patterns
1440861 parsimony-informative, 0 singleton sites, 0 constant sites
        Gap/Ambiguity  Composition  p-value
   1  AcaChl   12.33%    failed      0.00%
   2  AnaPla   12.52%    failed      0.00%
   3  AntCar    8.08%    failed      0.00%
   4  ApaVit   10.02%    passed      7.69%
   5  AptFor    5.26%    failed      3.60%
   6  BalReg    4.39%    failed      0.47%
   7  BucRhi   10.21%    failed      0.00%
   8  CalAnn   14.80%    failed      0.00%
   9  CarCri    5.75%    failed      0.00%
  10  CatAur   10.68%    failed      0.00%
  11  ChaPel   10.40%    failed      0.00%
  12  ChaVoc    3.30%    failed      0.00%
  13  ChlMac    6.51%    failed      0.00%
  14  ColLiv    7.76%    failed      3.72%
  15  ColStr   12.98%    failed      0.00%
  16  CorBra   12.71%    failed      0.00%
  17  CucCan    9.65%    failed      0.00%
  18  EgrGar    4.15%    failed      0.00%
  19  EurHel    7.34%    failed      0.00%
  20  FalPer    7.19%    failed      0.00%
  21  FulGla    3.53%    failed      0.20%
  22  GalGal    5.97%    failed      0.00%
  23  GavSte    4.41%    passed     30.36%
  24  GeoFor   17.15%    failed      0.00%
  25  HalAlb    5.72%    passed     64.69%
  26  HalLeu    2.43%    passed     23.29%
  27  LepDis    4.67%    failed      0.00%
  28  ManVit   11.09%    failed      2.62%
  29  MelGal   13.26%    passed     73.02%
  30  MelUnd    9.42%    failed      0.00%
  31  MerNub   10.29%    failed      0.00%
  32  MesUni    8.19%    failed      0.23%
  33  NesNot    7.94%    passed     11.25%
  34  NipNip    3.50%    failed      0.00%
  35  OpiHoa    4.73%    failed      0.00%
  36  PelCri    3.72%    failed      0.00%
  37  PhaCar    6.65%    failed      0.36%
  38  PhaLep    4.49%    passed     86.02%
  39  PhoRub    3.81%    failed      0.00%
  40  PicPub   21.81%    failed      0.00%
  41  PodCri    5.96%    failed      2.25%
  42  PteGut    7.44%    failed      3.51%
  43  PygAde    4.19%    failed      0.00%
  44  StrCam   16.21%    failed      0.00%
  45  TaeGut   17.38%    failed      0.00%
  46  TauEry    4.97%    failed      0.00%
  47  TinGut   32.82%    failed      0.00%
  48  TytAlb    7.31%    failed      0.00%
****  TOTAL     8.86%  41 sequences failed composition chi2 test (p-value<5%; df=3)
Reading tree Jarvis_Renamed.nwk ...
rooted tree with 48 taxa and 95 branches
Computing site concordance factor...
67.037 sec
Tree with concordance factors written to concord_M19_intergenic.cf.tree
Tree with branch IDs written to concord_M19_intergenic.cf.branch
Concordance factors per branch printed to concord_M19_intergenic.cf.stat
Date and Time: Fri Nov 15 17:05:59 2019
