IQ-TREE multicore version 1.7-beta16 for Linux 64-bit built Sep 24 2019
Developed by Bui Quang Minh, Nguyen Lam Tung, Olga Chernomor,
Heiko Schmidt, Dominik Schrempf, Michael Woodhams.

Host:    n056.cluster.com (AVX, 125 GB RAM)
Command: iqtree -t Jarvis_Renamed.nwk -s M17_intergenic --scf 500 --prefix concord_M17_intergenic -nt 20
Seed:    445648 (Using SPRNG - Scalable Parallel Random Number Generator)
Time:    Fri Nov 15 16:49:37 2019
Kernel:  AVX - 20 threads (20 CPU cores detected)

Reading alignment file M17_intergenic ... Phylip format detected
Alignment most likely contains DNA/RNA sequences
Alignment has 48 sequences with 1421620 columns, 1275385 distinct patterns
1421620 parsimony-informative, 0 singleton sites, 0 constant sites
        Gap/Ambiguity  Composition  p-value
   1  AcaChl   11.71%    failed      0.00%
   2  AnaPla   12.07%    failed      0.00%
   3  AntCar    7.70%    failed      0.00%
   4  ApaVit    9.44%    passed     13.01%
   5  AptFor    5.03%    failed      1.76%
   6  BalReg    4.11%    failed      0.30%
   7  BucRhi    9.70%    failed      0.00%
   8  CalAnn   14.17%    failed      0.00%
   9  CarCri    5.41%    failed      0.00%
  10  CatAur   10.37%    failed      0.00%
  11  ChaPel    9.90%    failed      0.00%
  12  ChaVoc    3.13%    failed      0.00%
  13  ChlMac    6.09%    failed      0.00%
  14  ColLiv    7.35%    failed      4.35%
  15  ColStr   12.36%    failed      0.00%
  16  CorBra   12.07%    failed      0.00%
  17  CucCan    9.17%    failed      0.00%
  18  EgrGar    3.88%    failed      0.00%
  19  EurHel    6.89%    failed      0.00%
  20  FalPer    6.77%    failed      0.00%
  21  FulGla    3.33%    failed      0.08%
  22  GalGal    5.86%    failed      0.00%
  23  GavSte    4.17%    passed     23.45%
  24  GeoFor   16.44%    failed      0.00%
  25  HalAlb    5.42%    passed     62.00%
  26  HalLeu    2.24%    passed     21.05%
  27  LepDis    4.38%    failed      0.00%
  28  ManVit   10.49%    failed      1.85%
  29  MelGal   12.91%    passed     76.99%
  30  MelUnd    8.99%    failed      0.00%
  31  MerNub    9.75%    failed      0.00%
  32  MesUni    7.72%    failed      0.21%
  33  NesNot    7.49%    passed     13.57%
  34  NipNip    3.34%    failed      0.00%
  35  OpiHoa    4.44%    failed      0.00%
  36  PelCri    3.49%    failed      0.00%
  37  PhaCar    6.29%    failed      0.19%
  38  PhaLep    4.20%    passed     91.26%
  39  PhoRub    3.59%    failed      0.00%
  40  PicPub   21.21%    failed      0.00%
  41  PodCri    5.61%    failed      1.85%
  42  PteGut    6.98%    failed      3.44%
  43  PygAde    4.04%    failed      0.00%
  44  StrCam   15.63%    failed      0.00%
  45  TaeGut   16.72%    failed      0.00%
  46  TauEry    4.61%    failed      0.00%
  47  TinGut   32.24%    failed      0.01%
  48  TytAlb    6.91%    failed      0.00%
****  TOTAL     8.45%  41 sequences failed composition chi2 test (p-value<5%; df=3)
Reading tree Jarvis_Renamed.nwk ...
rooted tree with 48 taxa and 95 branches
Computing site concordance factor...
68.712 sec
Tree with concordance factors written to concord_M17_intergenic.cf.tree
Tree with branch IDs written to concord_M17_intergenic.cf.branch
Concordance factors per branch printed to concord_M17_intergenic.cf.stat
Date and Time: Fri Nov 15 16:50:54 2019
