IQ-TREE multicore version 1.7-beta16 for Linux 64-bit built Sep 24 2019
Developed by Bui Quang Minh, Nguyen Lam Tung, Olga Chernomor,
Heiko Schmidt, Dominik Schrempf, Michael Woodhams.

Host:    n056.cluster.com (AVX, 125 GB RAM)
Command: iqtree -t Jarvis_Renamed.nwk -s M2_three_prime_UTR --scf 500 --prefix concord_M2_three_prime_UTR -nt 20
Seed:    50574 (Using SPRNG - Scalable Parallel Random Number Generator)
Time:    Fri Nov 15 17:51:15 2019
Kernel:  AVX - 20 threads (20 CPU cores detected)

Reading alignment file M2_three_prime_UTR ... Phylip format detected
Alignment most likely contains DNA/RNA sequences
Alignment has 48 sequences with 35605 columns, 31988 distinct patterns
35605 parsimony-informative, 0 singleton sites, 0 constant sites
        Gap/Ambiguity  Composition  p-value
   1  AcaChl    2.24%    failed      0.00%
   2  AnaPla    2.81%    failed      0.00%
   3  AntCar    2.93%    failed      0.03%
   4  ApaVit    1.83%    failed      2.64%
   5  AptFor    1.20%    failed      0.81%
   6  BalReg    1.32%    failed      0.00%
   7  BucRhi    2.22%    failed      0.00%
   8  CalAnn    1.77%    passed     45.03%
   9  CarCri    1.12%    failed      0.04%
  10  CatAur    2.44%    failed      0.00%
  11  ChaPel    1.55%    passed     25.14%
  12  ChaVoc    1.21%    failed      0.13%
  13  ChlMac    1.05%    passed     67.76%
  14  ColLiv    1.77%    passed     16.95%
  15  ColStr    2.78%    failed      0.00%
  16  CorBra    1.23%    failed      2.68%
  17  CucCan    1.72%    passed     87.74%
  18  EgrGar    1.18%    passed     94.09%
  19  EurHel    2.72%    failed      0.00%
  20  FalPer    1.57%    failed      0.06%
  21  FulGla    0.99%    failed      0.00%
  22  GalGal    2.94%    failed      1.65%
  23  GavSte    1.17%    failed      0.00%
  24  GeoFor    1.66%    failed      0.00%
  25  HalAlb    1.26%    failed      0.00%
  26  HalLeu    0.58%    failed      0.00%
  27  LepDis    1.28%    passed     84.21%
  28  ManVit    1.72%    failed      1.07%
  29  MelGal    2.07%    passed     61.13%
  30  MelUnd    2.10%    failed      0.13%
  31  MerNub    2.52%    failed      0.00%
  32  MesUni    1.70%    failed      0.36%
  33  NesNot    1.54%    passed      6.05%
  34  NipNip    1.51%    failed      0.05%
  35  OpiHoa    1.46%    failed      2.51%
  36  PelCri    0.97%    failed      0.17%
  37  PhaCar    1.24%    passed     35.68%
  38  PhaLep    0.90%    failed      0.00%
  39  PhoRub    0.92%    passed      5.66%
  40  PicPub    7.92%    failed      0.00%
  41  PodCri    1.42%    passed      9.59%
  42  PteGut    1.21%    failed      0.02%
  43  PygAde    2.00%    failed      0.12%
  44  StrCam    1.97%    failed      0.00%
  45  TaeGut    2.13%    failed      0.49%
  46  TauEry    0.87%    passed     84.92%
  47  TinGut   10.13%    failed      0.23%
  48  TytAlb    1.40%    failed      0.00%
****  TOTAL     1.96%  35 sequences failed composition chi2 test (p-value<5%; df=3)
Reading tree Jarvis_Renamed.nwk ...
rooted tree with 48 taxa and 95 branches
Computing site concordance factor...
0.726 sec
Tree with concordance factors written to concord_M2_three_prime_UTR.cf.tree
Tree with branch IDs written to concord_M2_three_prime_UTR.cf.branch
Concordance factors per branch printed to concord_M2_three_prime_UTR.cf.stat
Date and Time: Fri Nov 15 17:51:16 2019
