IQ-TREE multicore version 1.7-beta16 for Linux 64-bit built Sep 24 2019
Developed by Bui Quang Minh, Nguyen Lam Tung, Olga Chernomor,
Heiko Schmidt, Dominik Schrempf, Michael Woodhams.

Host:    n056.cluster.com (AVX, 125 GB RAM)
Command: iqtree -t Jarvis_Renamed.nwk -s M2_lnc_RNA --scf 500 --prefix concord_M2_lnc_RNA -nt 20
Seed:    933767 (Using SPRNG - Scalable Parallel Random Number Generator)
Time:    Fri Nov 15 17:51:04 2019
Kernel:  AVX - 20 threads (20 CPU cores detected)

Reading alignment file M2_lnc_RNA ... Phylip format detected
Alignment most likely contains DNA/RNA sequences
Alignment has 48 sequences with 196823 columns, 166157 distinct patterns
196823 parsimony-informative, 0 singleton sites, 0 constant sites
        Gap/Ambiguity  Composition  p-value
   1  AcaChl    2.05%    failed      0.36%
   2  AnaPla    2.94%    passed     12.18%
   3  AntCar    2.95%    failed      0.00%
   4  ApaVit    1.72%    passed     84.33%
   5  AptFor    1.34%    failed      1.50%
   6  BalReg    1.16%    failed      2.55%
   7  BucRhi    1.95%    failed      0.00%
   8  CalAnn    2.70%    passed     92.03%
   9  CarCri    1.31%    failed      3.88%
  10  CatAur    3.93%    failed      0.00%
  11  ChaPel    2.02%    failed      0.18%
  12  ChaVoc    1.14%    passed     96.74%
  13  ChlMac    1.27%    failed      1.08%
  14  ColLiv    1.88%    passed     43.96%
  15  ColStr    2.17%    failed      0.00%
  16  CorBra    1.24%    failed      0.00%
  17  CucCan    2.37%    failed      0.10%
  18  EgrGar    1.06%    passed     23.09%
  19  EurHel    1.83%    passed     55.44%
  20  FalPer    1.50%    failed      0.00%
  21  FulGla    1.02%    failed      0.34%
  22  GalGal    3.00%    failed      0.36%
  23  GavSte    1.19%    failed      1.79%
  24  GeoFor    2.16%    failed      0.00%
  25  HalAlb    1.38%    passed     25.01%
  26  HalLeu    0.54%    passed     13.58%
  27  LepDis    1.09%    failed      0.07%
  28  ManVit    1.65%    failed      0.47%
  29  MelGal    2.63%    passed     77.79%
  30  MelUnd    2.45%    passed     31.72%
  31  MerNub    2.07%    failed      0.02%
  32  MesUni    1.71%    passed     76.17%
  33  NesNot    1.60%    passed     88.34%
  34  NipNip    1.31%    failed      0.00%
  35  OpiHoa    1.13%    passed     35.74%
  36  PelCri    0.93%    failed      0.01%
  37  PhaCar    1.47%    failed      0.27%
  38  PhaLep    0.93%    passed     99.78%
  39  PhoRub    1.01%    failed      1.27%
  40  PicPub    5.53%    failed      0.00%
  41  PodCri    1.21%    failed      1.63%
  42  PteGut    1.37%    passed     54.56%
  43  PygAde    1.75%    failed      0.00%
  44  StrCam    2.63%    passed     23.88%
  45  TaeGut    2.89%    failed      0.00%
  46  TauEry    0.94%    passed      5.57%
  47  TinGut   12.52%    failed      0.00%
  48  TytAlb    1.36%    failed      0.00%
****  TOTAL     2.04%  30 sequences failed composition chi2 test (p-value<5%; df=3)
Reading tree Jarvis_Renamed.nwk ...
rooted tree with 48 taxa and 95 branches
Computing site concordance factor...
8.882 sec
Tree with concordance factors written to concord_M2_lnc_RNA.cf.tree
Tree with branch IDs written to concord_M2_lnc_RNA.cf.branch
Concordance factors per branch printed to concord_M2_lnc_RNA.cf.stat
Date and Time: Fri Nov 15 17:51:14 2019
