IQ-TREE multicore version 1.7-beta16 for Linux 64-bit built Sep 24 2019
Developed by Bui Quang Minh, Nguyen Lam Tung, Olga Chernomor,
Heiko Schmidt, Dominik Schrempf, Michael Woodhams.

Host:    n056.cluster.com (AVX, 125 GB RAM)
Command: iqtree -t Jarvis_Renamed.nwk -s M1_intron --scf 500 --prefix concord_M1_intron -nt 20
Seed:    178627 (Using SPRNG - Scalable Parallel Random Number Generator)
Time:    Fri Nov 15 17:09:13 2019
Kernel:  AVX - 20 threads (20 CPU cores detected)

Reading alignment file M1_intron ... Phylip format detected
Alignment most likely contains DNA/RNA sequences
Alignment has 48 sequences with 362248 columns, 263161 distinct patterns
362248 parsimony-informative, 0 singleton sites, 0 constant sites
        Gap/Ambiguity  Composition  p-value
   1  AcaChl    1.03%    failed      0.00%
   2  AnaPla    1.52%    passed     91.55%
   3  AntCar    1.71%    failed      0.00%
   4  ApaVit    0.94%    failed      0.00%
   5  AptFor    0.72%    failed      0.00%
   6  BalReg    0.66%    failed      0.00%
   7  BucRhi    1.18%    failed      0.00%
   8  CalAnn    1.17%    passed     15.11%
   9  CarCri    0.71%    failed      0.00%
  10  CatAur    2.21%    failed      0.00%
  11  ChaPel    1.06%    failed      0.00%
  12  ChaVoc    0.74%    failed      1.06%
  13  ChlMac    0.71%    passed     10.81%
  14  ColLiv    1.19%    failed      0.00%
  15  ColStr    1.15%    failed      0.00%
  16  CorBra    0.66%    failed      0.00%
  17  CucCan    1.15%    failed      0.01%
  18  EgrGar    0.65%    passed     53.15%
  19  EurHel    0.92%    failed      0.00%
  20  FalPer    0.85%    failed      0.00%
  21  FulGla    0.59%    failed      0.00%
  22  GalGal    1.86%    failed      0.00%
  23  GavSte    0.71%    failed      0.00%
  24  GeoFor    0.89%    failed      0.00%
  25  HalAlb    0.77%    failed      0.00%
  26  HalLeu    0.32%    failed      0.00%
  27  LepDis    0.70%    failed      0.00%
  28  ManVit    0.95%    failed      0.00%
  29  MelGal    1.30%    failed      0.00%
  30  MelUnd    1.26%    passed     70.53%
  31  MerNub    1.18%    failed      0.00%
  32  MesUni    0.94%    failed      0.00%
  33  NesNot    0.80%    passed     54.66%
  34  NipNip    0.82%    failed      0.00%
  35  OpiHoa    0.70%    failed      0.00%
  36  PelCri    0.56%    failed      0.00%
  37  PhaCar    0.81%    failed      0.00%
  38  PhaLep    0.60%    failed      0.00%
  39  PhoRub    0.59%    passed      6.91%
  40  PicPub    3.01%    failed      0.00%
  41  PodCri    0.72%    failed      0.00%
  42  PteGut    0.74%    passed     99.62%
  43  PygAde    1.00%    failed      0.00%
  44  StrCam    1.15%    failed      0.00%
  45  TaeGut    1.34%    failed      0.00%
  46  TauEry    0.56%    passed     35.17%
  47  TinGut    8.41%    failed      0.00%
  48  TytAlb    0.79%    failed      0.00%
****  TOTAL     1.15%  39 sequences failed composition chi2 test (p-value<5%; df=3)
Reading tree Jarvis_Renamed.nwk ...
rooted tree with 48 taxa and 95 branches
Computing site concordance factor...
13.010 sec
Tree with concordance factors written to concord_M1_intron.cf.tree
Tree with branch IDs written to concord_M1_intron.cf.branch
Concordance factors per branch printed to concord_M1_intron.cf.stat
Date and Time: Fri Nov 15 17:09:28 2019
