IQ-TREE multicore version 1.7-beta16 for Linux 64-bit built Sep 24 2019
Developed by Bui Quang Minh, Nguyen Lam Tung, Olga Chernomor,
Heiko Schmidt, Dominik Schrempf, Michael Woodhams.

Host:    n056.cluster.com (AVX, 125 GB RAM)
Command: iqtree -t Jarvis_Renamed.nwk -s M21_lnc_RNA --scf 500 --prefix concord_M21_lnc_RNA -nt 20
Seed:    456493 (Using SPRNG - Scalable Parallel Random Number Generator)
Time:    Fri Nov 15 17:24:17 2019
Kernel:  AVX - 20 threads (20 CPU cores detected)

Reading alignment file M21_lnc_RNA ... Phylip format detected
Alignment most likely contains DNA/RNA sequences
Alignment has 48 sequences with 414378 columns, 383630 distinct patterns
414378 parsimony-informative, 0 singleton sites, 0 constant sites
        Gap/Ambiguity  Composition  p-value
   1  AcaChl   12.46%    failed      0.00%
   2  AnaPla   12.68%    failed      0.00%
   3  AntCar    7.95%    failed      0.00%
   4  ApaVit   10.45%    passed     81.25%
   5  AptFor    5.13%    passed     44.51%
   6  BalReg    4.44%    passed     22.96%
   7  BucRhi   10.51%    failed      0.00%
   8  CalAnn   15.03%    failed      0.20%
   9  CarCri    6.03%    failed      2.59%
  10  CatAur   10.61%    failed      0.00%
  11  ChaPel   10.64%    failed      0.00%
  12  ChaVoc    3.51%    failed      0.03%
  13  ChlMac    6.90%    failed      0.02%
  14  ColLiv    8.09%    passed      5.17%
  15  ColStr   12.77%    failed      0.00%
  16  CorBra   12.80%    failed      0.00%
  17  CucCan   10.11%    failed      0.00%
  18  EgrGar    4.29%    failed      0.00%
  19  EurHel    7.72%    failed      0.03%
  20  FalPer    7.20%    failed      0.00%
  21  FulGla    3.62%    passed      8.83%
  22  GalGal    5.92%    passed     68.35%
  23  GavSte    4.20%    passed     71.19%
  24  GeoFor   17.86%    failed      0.00%
  25  HalAlb    5.76%    passed     49.11%
  26  HalLeu    2.68%    passed     49.72%
  27  LepDis    4.72%    failed      0.00%
  28  ManVit   11.41%    failed      0.28%
  29  MelGal   13.63%    failed      0.33%
  30  MelUnd   10.28%    failed      0.16%
  31  MerNub   10.28%    failed      0.00%
  32  MesUni    8.13%    passed     77.40%
  33  NesNot    8.34%    passed     35.56%
  34  NipNip    3.52%    failed      0.00%
  35  OpiHoa    4.65%    failed      0.01%
  36  PelCri    3.73%    failed      0.45%
  37  PhaCar    6.70%    failed      0.92%
  38  PhaLep    4.41%    passed     50.86%
  39  PhoRub    3.77%    failed      0.00%
  40  PicPub   20.37%    failed      0.00%
  41  PodCri    5.93%    passed     34.02%
  42  PteGut    7.52%    failed      3.18%
  43  PygAde    4.27%    failed      0.00%
  44  StrCam   17.40%    failed      0.00%
  45  TaeGut   17.93%    failed      0.00%
  46  TauEry    5.02%    failed      0.00%
  47  TinGut   34.25%    failed      1.49%
  48  TytAlb    7.36%    failed      0.00%
****  TOTAL     9.02%  35 sequences failed composition chi2 test (p-value<5%; df=3)
Reading tree Jarvis_Renamed.nwk ...
rooted tree with 48 taxa and 95 branches
Computing site concordance factor...
20.440 sec
Tree with concordance factors written to concord_M21_lnc_RNA.cf.tree
Tree with branch IDs written to concord_M21_lnc_RNA.cf.branch
Concordance factors per branch printed to concord_M21_lnc_RNA.cf.stat
Date and Time: Fri Nov 15 17:24:40 2019
