IQ-TREE multicore version 1.7-beta16 for Linux 64-bit built Sep 24 2019
Developed by Bui Quang Minh, Nguyen Lam Tung, Olga Chernomor,
Heiko Schmidt, Dominik Schrempf, Michael Woodhams.

Host:    n056.cluster.com (AVX, 125 GB RAM)
Command: iqtree -t Jarvis_Renamed.nwk -s M10_genic_other --scf 500 --prefix concord_M10_genic_other -nt 20
Seed:    996698 (Using SPRNG - Scalable Parallel Random Number Generator)
Time:    Fri Nov 15 15:58:02 2019
Kernel:  AVX - 20 threads (20 CPU cores detected)

Reading alignment file M10_genic_other ... Phylip format detected
Alignment most likely contains DNA/RNA sequences
Alignment has 48 sequences with 86019 columns, 82706 distinct patterns
86019 parsimony-informative, 0 singleton sites, 0 constant sites
        Gap/Ambiguity  Composition  p-value
   1  AcaChl    9.27%    failed      0.01%
   2  AnaPla   10.29%    failed      0.01%
   3  AntCar    6.37%    failed      0.00%
   4  ApaVit    7.69%    passed     10.35%
   5  AptFor    4.08%    failed      0.02%
   6  BalReg    3.42%    failed      0.01%
   7  BucRhi    7.90%    failed      0.00%
   8  CalAnn   11.38%    passed     13.73%
   9  CarCri    4.45%    failed      3.31%
  10  CatAur    8.24%    failed      0.00%
  11  ChaPel    7.67%    failed      0.12%
  12  ChaVoc    2.90%    passed     84.91%
  13  ChlMac    4.86%    passed     47.86%
  14  ColLiv    6.10%    passed     55.46%
  15  ColStr    9.64%    failed      0.00%
  16  CorBra    8.74%    failed      0.00%
  17  CucCan    7.09%    passed     58.10%
  18  EgrGar    3.32%    passed     39.61%
  19  EurHel    5.45%    failed      0.00%
  20  FalPer    5.06%    failed      3.53%
  21  FulGla    2.65%    failed      0.05%
  22  GalGal    5.63%    failed      0.00%
  23  GavSte    3.28%    passed      5.57%
  24  GeoFor   13.79%    failed      0.00%
  25  HalAlb    4.30%    failed      2.73%
  26  HalLeu    1.55%    failed      0.97%
  27  LepDis    3.48%    passed     48.72%
  28  ManVit    8.33%    failed      0.93%
  29  MelGal   12.15%    failed      0.00%
  30  MelUnd    6.78%    passed     91.23%
  31  MerNub    8.75%    failed      0.05%
  32  MesUni    6.28%    failed      1.19%
  33  NesNot    5.72%    passed     56.51%
  34  NipNip    2.74%    failed      0.02%
  35  OpiHoa    3.42%    failed      0.00%
  36  PelCri    2.67%    failed      3.56%
  37  PhaCar    4.54%    failed      2.90%
  38  PhaLep    2.75%    passed     12.77%
  39  PhoRub    2.68%    passed     94.84%
  40  PicPub   18.63%    failed      0.00%
  41  PodCri    3.99%    passed      8.54%
  42  PteGut    5.49%    passed     90.41%
  43  PygAde    3.16%    failed      0.00%
  44  StrCam   15.95%    failed      0.00%
  45  TaeGut   14.14%    failed      0.01%
  46  TauEry    3.40%    passed     28.17%
  47  TinGut   36.92%    failed      3.55%
  48  TytAlb    5.00%    failed      0.00%
****  TOTAL     7.13%  32 sequences failed composition chi2 test (p-value<5%; df=3)
Reading tree Jarvis_Renamed.nwk ...
rooted tree with 48 taxa and 95 branches
Computing site concordance factor...
2.451 sec
Tree with concordance factors written to concord_M10_genic_other.cf.tree
Tree with branch IDs written to concord_M10_genic_other.cf.branch
Concordance factors per branch printed to concord_M10_genic_other.cf.stat
Date and Time: Fri Nov 15 15:58:05 2019
