IQ-TREE multicore version 1.7-beta16 for Linux 64-bit built Sep 24 2019
Developed by Bui Quang Minh, Nguyen Lam Tung, Olga Chernomor,
Heiko Schmidt, Dominik Schrempf, Michael Woodhams.

Host:    n056.cluster.com (AVX, 125 GB RAM)
Command: iqtree -t Jarvis_Renamed.nwk -s M10_intron --scf 500 --prefix concord_M10_intron -nt 20
Seed:    850353 (Using SPRNG - Scalable Parallel Random Number Generator)
Time:    Fri Nov 15 15:59:10 2019
Kernel:  AVX - 20 threads (20 CPU cores detected)

Reading alignment file M10_intron ... Phylip format detected
Alignment most likely contains DNA/RNA sequences
Alignment has 48 sequences with 1044587 columns, 941367 distinct patterns
1044587 parsimony-informative, 0 singleton sites, 0 constant sites
        Gap/Ambiguity  Composition  p-value
   1  AcaChl    9.20%    failed      0.00%
   2  AnaPla   10.02%    failed      1.49%
   3  AntCar    5.96%    failed      0.00%
   4  ApaVit    7.34%    failed      0.00%
   5  AptFor    4.00%    failed      0.00%
   6  BalReg    3.16%    failed      0.00%
   7  BucRhi    7.80%    failed      0.00%
   8  CalAnn   10.56%    failed      0.00%
   9  CarCri    4.11%    failed      0.00%
  10  CatAur    7.73%    failed      0.00%
  11  ChaPel    7.05%    failed      0.00%
  12  ChaVoc    2.66%    passed     46.57%
  13  ChlMac    4.53%    failed      0.23%
  14  ColLiv    6.14%    failed      0.00%
  15  ColStr    9.33%    failed      0.00%
  16  CorBra    9.05%    failed      0.00%
  17  CucCan    6.82%    failed      0.00%
  18  EgrGar    2.96%    failed      0.03%
  19  EurHel    5.75%    failed      0.00%
  20  FalPer    5.33%    failed      0.00%
  21  FulGla    2.48%    failed      0.00%
  22  GalGal    5.70%    failed      0.00%
  23  GavSte    3.25%    failed      0.00%
  24  GeoFor   12.85%    failed      0.00%
  25  HalAlb    4.15%    failed      0.00%
  26  HalLeu    1.68%    failed      0.00%
  27  LepDis    3.35%    failed      0.00%
  28  ManVit    7.93%    failed      0.00%
  29  MelGal   11.67%    failed      2.87%
  30  MelUnd    7.00%    passed      6.73%
  31  MerNub    7.65%    failed      0.00%
  32  MesUni    6.05%    failed      0.00%
  33  NesNot    5.57%    passed     55.15%
  34  NipNip    2.64%    failed      0.00%
  35  OpiHoa    3.33%    failed      0.00%
  36  PelCri    2.55%    failed      0.00%
  37  PhaCar    4.90%    failed      0.00%
  38  PhaLep    2.96%    failed      0.00%
  39  PhoRub    2.55%    passed     18.16%
  40  PicPub   16.75%    failed      0.00%
  41  PodCri    4.11%    failed      0.00%
  42  PteGut    5.03%    passed     18.55%
  43  PygAde    3.35%    failed      0.00%
  44  StrCam   14.38%    failed      0.00%
  45  TaeGut   13.23%    failed      0.00%
  46  TauEry    3.43%    failed      0.00%
  47  TinGut   33.45%    failed      0.00%
  48  TytAlb    5.10%    failed      0.00%
****  TOTAL     6.80%  43 sequences failed composition chi2 test (p-value<5%; df=3)
Reading tree Jarvis_Renamed.nwk ...
rooted tree with 48 taxa and 95 branches
Computing site concordance factor...
53.094 sec
Tree with concordance factors written to concord_M10_intron.cf.tree
Tree with branch IDs written to concord_M10_intron.cf.branch
Concordance factors per branch printed to concord_M10_intron.cf.stat
Date and Time: Fri Nov 15 16:00:10 2019
