IQ-TREE multicore version 1.7-beta16 for Linux 64-bit built Sep 24 2019
Developed by Bui Quang Minh, Nguyen Lam Tung, Olga Chernomor,
Heiko Schmidt, Dominik Schrempf, Michael Woodhams.

Host:    n056.cluster.com (AVX, 125 GB RAM)
Command: iqtree -t Jarvis_Renamed.nwk -s M22_intron --scf 500 --prefix concord_M22_intron -nt 20
Seed:    437884 (Using SPRNG - Scalable Parallel Random Number Generator)
Time:    Fri Nov 15 17:31:10 2019
Kernel:  AVX - 20 threads (20 CPU cores detected)

Reading alignment file M22_intron ... Phylip format detected
Alignment most likely contains DNA/RNA sequences
Alignment has 48 sequences with 1206837 columns, 1103596 distinct patterns
1206837 parsimony-informative, 0 singleton sites, 0 constant sites
        Gap/Ambiguity  Composition  p-value
   1  AcaChl   14.64%    failed      0.00%
   2  AnaPla   14.16%    failed      0.01%
   3  AntCar    8.46%    failed      0.00%
   4  ApaVit   11.89%    failed      0.00%
   5  AptFor    5.75%    failed      0.00%
   6  BalReg    5.15%    failed      0.00%
   7  BucRhi   12.03%    failed      0.00%
   8  CalAnn   15.75%    failed      0.00%
   9  CarCri    6.39%    failed      0.00%
  10  CatAur   10.03%    failed      0.00%
  11  ChaPel   10.92%    failed      0.00%
  12  ChaVoc    4.02%    passed     57.43%
  13  ChlMac    7.53%    failed      0.02%
  14  ColLiv    9.53%    failed      0.00%
  15  ColStr   14.40%    failed      0.00%
  16  CorBra   14.87%    failed      0.00%
  17  CucCan   10.52%    failed      0.00%
  18  EgrGar    4.81%    failed      0.00%
  19  EurHel    9.20%    failed      0.00%
  20  FalPer    8.36%    failed      0.00%
  21  FulGla    3.80%    failed      0.00%
  22  GalGal    6.74%    failed      0.00%
  23  GavSte    4.87%    failed      0.00%
  24  GeoFor   19.50%    failed      0.00%
  25  HalAlb    6.27%    failed      0.00%
  26  HalLeu    2.90%    failed      0.00%
  27  LepDis    5.41%    failed      0.22%
  28  ManVit   13.01%    failed      0.00%
  29  MelGal   15.48%    passed     85.47%
  30  MelUnd   10.51%    failed      4.05%
  31  MerNub   11.96%    failed      0.00%
  32  MesUni    9.49%    failed      0.00%
  33  NesNot    9.19%    passed     39.04%
  34  NipNip    3.87%    failed      0.00%
  35  OpiHoa    5.38%    failed      0.00%
  36  PelCri    4.08%    failed      0.00%
  37  PhaCar    7.57%    failed      0.00%
  38  PhaLep    4.89%    failed      0.00%
  39  PhoRub    4.11%    failed      0.00%
  40  PicPub   22.37%    failed      0.00%
  41  PodCri    6.69%    failed      0.00%
  42  PteGut    8.30%    passed      6.53%
  43  PygAde    4.43%    failed      0.00%
  44  StrCam   19.76%    failed      0.00%
  45  TaeGut   19.45%    failed      0.00%
  46  TauEry    5.90%    failed      0.00%
  47  TinGut   39.23%    failed      0.19%
  48  TytAlb    8.04%    failed      0.00%
****  TOTAL    10.03%  44 sequences failed composition chi2 test (p-value<5%; df=3)
Reading tree Jarvis_Renamed.nwk ...
rooted tree with 48 taxa and 95 branches
Computing site concordance factor...
53.699 sec
Tree with concordance factors written to concord_M22_intron.cf.tree
Tree with branch IDs written to concord_M22_intron.cf.branch
Concordance factors per branch printed to concord_M22_intron.cf.stat
Date and Time: Fri Nov 15 17:32:12 2019
