IQ-TREE multicore version 1.7-beta16 for Linux 64-bit built Sep 24 2019
Developed by Bui Quang Minh, Nguyen Lam Tung, Olga Chernomor,
Heiko Schmidt, Dominik Schrempf, Michael Woodhams.

Host:    n056.cluster.com (AVX, 125 GB RAM)
Command: iqtree -t Jarvis_Renamed.nwk -s M22_genic_other --scf 500 --prefix concord_M22_genic_other -nt 20
Seed:    285817 (Using SPRNG - Scalable Parallel Random Number Generator)
Time:    Fri Nov 15 17:29:45 2019
Kernel:  AVX - 20 threads (20 CPU cores detected)

Reading alignment file M22_genic_other ... Phylip format detected
Alignment most likely contains DNA/RNA sequences
Alignment has 48 sequences with 101352 columns, 98036 distinct patterns
101352 parsimony-informative, 0 singleton sites, 0 constant sites
        Gap/Ambiguity  Composition  p-value
   1  AcaChl   15.48%    failed      0.09%
   2  AnaPla   14.84%    failed      0.18%
   3  AntCar    9.12%    failed      0.00%
   4  ApaVit   12.64%    passed     10.10%
   5  AptFor    5.86%    failed      0.33%
   6  BalReg    5.25%    failed      0.02%
   7  BucRhi   13.20%    failed      0.00%
   8  CalAnn   17.52%    failed      2.64%
   9  CarCri    7.11%    failed      2.00%
  10  CatAur   10.46%    failed      0.00%
  11  ChaPel   12.11%    failed      0.01%
  12  ChaVoc    4.19%    passed     86.49%
  13  ChlMac    8.27%    passed     41.65%
  14  ColLiv    9.80%    passed     59.78%
  15  ColStr   15.45%    failed      0.00%
  16  CorBra   15.20%    failed      0.00%
  17  CucCan   11.46%    passed     61.05%
  18  EgrGar    5.55%    failed      3.19%
  19  EurHel    9.22%    failed      0.00%
  20  FalPer    8.59%    failed      1.00%
  21  FulGla    4.01%    failed      0.14%
  22  GalGal    6.65%    failed      0.00%
  23  GavSte    4.90%    passed     15.18%
  24  GeoFor   21.22%    failed      0.00%
  25  HalAlb    6.70%    failed      1.16%
  26  HalLeu    3.04%    failed      1.16%
  27  LepDis    5.88%    passed     78.90%
  28  ManVit   13.83%    failed      2.18%
  29  MelGal   15.98%    failed      0.00%
  30  MelUnd   10.73%    passed     86.96%
  31  MerNub   13.82%    failed      0.06%
  32  MesUni   10.32%    failed      0.89%
  33  NesNot   10.07%    passed     57.55%
  34  NipNip    4.00%    failed      0.12%
  35  OpiHoa    5.77%    failed      0.00%
  36  PelCri    4.40%    failed      1.78%
  37  PhaCar    7.54%    passed     10.46%
  38  PhaLep    4.64%    passed      9.46%
  39  PhoRub    4.31%    passed     44.90%
  40  PicPub   24.94%    failed      0.00%
  41  PodCri    6.81%    passed     23.20%
  42  PteGut    8.81%    passed     94.54%
  43  PygAde    4.27%    failed      0.00%
  44  StrCam   22.03%    failed      0.00%
  45  TaeGut   21.14%    failed      0.05%
  46  TauEry    6.05%    passed      7.02%
  47  TinGut   43.40%    passed     17.75%
  48  TytAlb    8.44%    failed      0.00%
****  TOTAL    10.73%  32 sequences failed composition chi2 test (p-value<5%; df=3)
Reading tree Jarvis_Renamed.nwk ...
rooted tree with 48 taxa and 95 branches
Computing site concordance factor...
3.840 sec
Tree with concordance factors written to concord_M22_genic_other.cf.tree
Tree with branch IDs written to concord_M22_genic_other.cf.branch
Concordance factors per branch printed to concord_M22_genic_other.cf.stat
Date and Time: Fri Nov 15 17:29:50 2019
