IQ-TREE multicore version 1.7-beta16 for Linux 64-bit built Sep 24 2019
Developed by Bui Quang Minh, Nguyen Lam Tung, Olga Chernomor,
Heiko Schmidt, Dominik Schrempf, Michael Woodhams.

Host:    n056.cluster.com (AVX, 125 GB RAM)
Command: iqtree -t Jarvis_Renamed.nwk -s M8_intergenic --scf 500 --prefix concord_M8_intergenic -nt 20
Seed:    963256 (Using SPRNG - Scalable Parallel Random Number Generator)
Time:    Fri Nov 15 18:22:41 2019
Kernel:  AVX - 20 threads (20 CPU cores detected)

Reading alignment file M8_intergenic ... Phylip format detected
Alignment most likely contains DNA/RNA sequences
Alignment has 48 sequences with 1208523 columns, 1062317 distinct patterns
1208523 parsimony-informative, 0 singleton sites, 0 constant sites
        Gap/Ambiguity  Composition  p-value
   1  AcaChl    6.74%    failed      0.00%
   2  AnaPla    8.09%    failed      0.00%
   3  AntCar    5.52%    failed      0.00%
   4  ApaVit    5.45%    passed     63.75%
   5  AptFor    3.44%    failed      0.02%
   6  BalReg    2.62%    failed      0.01%
   7  BucRhi    5.97%    failed      0.00%
   8  CalAnn    8.95%    failed      0.00%
   9  CarCri    3.39%    failed      0.00%
  10  CatAur    7.93%    failed      0.00%
  11  ChaPel    6.22%    failed      0.00%
  12  ChaVoc    2.17%    failed      0.00%
  13  ChlMac    3.64%    failed      0.00%
  14  ColLiv    4.68%    passed     13.75%
  15  ColStr    7.65%    failed      0.00%
  16  CorBra    6.69%    failed      0.00%
  17  CucCan    5.79%    failed      0.00%
  18  EgrGar    2.44%    failed      0.00%
  19  EurHel    4.18%    failed      0.00%
  20  FalPer    4.15%    failed      0.00%
  21  FulGla    2.17%    failed      0.00%
  22  GalGal    4.97%    failed      0.00%
  23  GavSte    2.78%    failed      0.18%
  24  GeoFor    9.87%    failed      0.00%
  25  HalAlb    3.54%    passed     18.65%
  26  HalLeu    1.30%    failed      0.46%
  27  LepDis    2.78%    failed      0.00%
  28  ManVit    6.05%    failed      0.02%
  29  MelGal    9.00%    passed      5.01%
  30  MelUnd    5.96%    failed      0.01%
  31  MerNub    6.08%    failed      0.00%
  32  MesUni    4.66%    failed      0.15%
  33  NesNot    4.58%    passed     28.91%
  34  NipNip    2.48%    failed      0.00%
  35  OpiHoa    2.81%    failed      0.00%
  36  PelCri    2.23%    failed      0.00%
  37  PhaCar    3.98%    failed      0.00%
  38  PhaLep    2.64%    passed     99.07%
  39  PhoRub    2.37%    failed      0.00%
  40  PicPub   15.67%    failed      0.00%
  41  PodCri    3.41%    failed      0.01%
  42  PteGut    4.16%    passed     23.57%
  43  PygAde    3.17%    failed      0.00%
  44  StrCam   10.24%    failed      0.00%
  45  TaeGut   10.63%    failed      0.00%
  46  TauEry    2.64%    failed      0.00%
  47  TinGut   26.01%    passed     80.91%
  48  TytAlb    4.32%    failed      0.00%
****  TOTAL     5.55%  40 sequences failed composition chi2 test (p-value<5%; df=3)
Reading tree Jarvis_Renamed.nwk ...
rooted tree with 48 taxa and 95 branches
Computing site concordance factor...
46.155 sec
Tree with concordance factors written to concord_M8_intergenic.cf.tree
Tree with branch IDs written to concord_M8_intergenic.cf.branch
Concordance factors per branch printed to concord_M8_intergenic.cf.stat
Date and Time: Fri Nov 15 18:23:34 2019
