IQ-TREE multicore version 1.7-beta16 for Linux 64-bit built Sep 24 2019
Developed by Bui Quang Minh, Nguyen Lam Tung, Olga Chernomor,
Heiko Schmidt, Dominik Schrempf, Michael Woodhams.

Host:    n056.cluster.com (AVX, 125 GB RAM)
Command: iqtree -t Jarvis_Renamed.nwk -s M8_lnc_RNA --scf 500 --prefix concord_M8_lnc_RNA -nt 20
Seed:    289657 (Using SPRNG - Scalable Parallel Random Number Generator)
Time:    Fri Nov 15 18:24:34 2019
Kernel:  AVX - 20 threads (20 CPU cores detected)

Reading alignment file M8_lnc_RNA ... Phylip format detected
Alignment most likely contains DNA/RNA sequences
Alignment has 48 sequences with 346529 columns, 315792 distinct patterns
346529 parsimony-informative, 0 singleton sites, 0 constant sites
        Gap/Ambiguity  Composition  p-value
   1  AcaChl    6.70%    failed      0.00%
   2  AnaPla    8.27%    failed      0.05%
   3  AntCar    5.37%    failed      0.00%
   4  ApaVit    5.55%    passed     83.30%
   5  AptFor    3.30%    passed     10.88%
   6  BalReg    2.66%    failed      4.65%
   7  BucRhi    5.88%    failed      0.00%
   8  CalAnn    8.97%    passed     12.00%
   9  CarCri    3.52%    failed      0.73%
  10  CatAur    7.79%    failed      0.00%
  11  ChaPel    6.16%    failed      0.00%
  12  ChaVoc    2.18%    failed      2.91%
  13  ChlMac    3.70%    failed      0.22%
  14  ColLiv    4.63%    passed      7.94%
  15  ColStr    7.18%    failed      0.00%
  16  CorBra    6.41%    failed      0.00%
  17  CucCan    5.95%    failed      0.00%
  18  EgrGar    2.46%    failed      0.00%
  19  EurHel    4.51%    failed      2.00%
  20  FalPer    4.09%    failed      0.00%
  21  FulGla    2.17%    failed      1.51%
  22  GalGal    4.87%    passed     16.51%
  23  GavSte    2.60%    passed     13.48%
  24  GeoFor   10.21%    failed      0.00%
  25  HalAlb    3.50%    passed     37.81%
  26  HalLeu    1.40%    passed     16.73%
  27  LepDis    2.70%    failed      0.00%
  28  ManVit    6.03%    failed      0.02%
  29  MelGal    9.24%    passed     41.00%
  30  MelUnd    6.32%    failed      0.96%
  31  MerNub    5.77%    failed      0.00%
  32  MesUni    4.78%    passed     74.28%
  33  NesNot    4.59%    passed     40.66%
  34  NipNip    2.28%    failed      0.00%
  35  OpiHoa    2.69%    failed      0.84%
  36  PelCri    2.15%    failed      0.06%
  37  PhaCar    3.94%    failed      1.20%
  38  PhaLep    2.42%    passed     84.28%
  39  PhoRub    2.27%    failed      0.00%
  40  PicPub   14.08%    failed      0.00%
  41  PodCri    3.34%    passed      8.40%
  42  PteGut    4.12%    passed     17.72%
  43  PygAde    3.12%    failed      0.00%
  44  StrCam   11.14%    failed      0.00%
  45  TaeGut   10.84%    failed      0.00%
  46  TauEry    2.65%    failed      0.07%
  47  TinGut   26.96%    failed      0.02%
  48  TytAlb    4.03%    failed      0.00%
****  TOTAL     5.53%  34 sequences failed composition chi2 test (p-value<5%; df=3)
Reading tree Jarvis_Renamed.nwk ...
rooted tree with 48 taxa and 95 branches
Computing site concordance factor...
16.331 sec
Tree with concordance factors written to concord_M8_lnc_RNA.cf.tree
Tree with branch IDs written to concord_M8_lnc_RNA.cf.branch
Concordance factors per branch printed to concord_M8_lnc_RNA.cf.stat
Date and Time: Fri Nov 15 18:24:53 2019
