IQ-TREE multicore version 1.7-beta16 for Linux 64-bit built Sep 24 2019
Developed by Bui Quang Minh, Nguyen Lam Tung, Olga Chernomor,
Heiko Schmidt, Dominik Schrempf, Michael Woodhams.

Host:    n056.cluster.com (AVX, 125 GB RAM)
Command: iqtree -t Jarvis_Renamed.nwk -s M13_AllUniquelyMapped --scf 500 --prefix concord_M13_AllUniquelyMapped -nt 20
Seed:    636488 (Using SPRNG - Scalable Parallel Random Number Generator)
Time:    Fri Nov 15 16:14:48 2019
Kernel:  AVX - 20 threads (20 CPU cores detected)

Reading alignment file M13_AllUniquelyMapped ... Phylip format detected
Alignment most likely contains DNA/RNA sequences
Alignment has 48 sequences with 3259648 columns, 2836439 distinct patterns
3259648 parsimony-informative, 0 singleton sites, 0 constant sites
        Gap/Ambiguity  Composition  p-value
   1  AcaChl   10.28%    failed      0.00%
   2  AnaPla   10.66%    failed      0.00%
   3  AntCar    6.71%    failed      0.00%
   4  ApaVit    8.22%    failed      0.00%
   5  AptFor    4.48%    failed      0.00%
   6  BalReg    3.56%    failed      0.00%
   7  BucRhi    8.42%    failed      0.00%
   8  CalAnn   11.77%    failed      0.00%
   9  CarCri    4.70%    failed      0.00%
  10  CatAur    9.11%    failed      0.00%
  11  ChaPel    8.13%    failed      0.00%
  12  ChaVoc    2.83%    passed     26.46%
  13  ChlMac    5.19%    failed      0.00%
  14  ColLiv    6.48%    failed      0.00%
  15  ColStr   10.50%    failed      0.00%
  16  CorBra   10.30%    failed      0.00%
  17  CucCan    7.67%    failed      0.00%
  18  EgrGar    3.31%    failed      0.00%
  19  EurHel    6.23%    failed      0.00%
  20  FalPer    5.90%    failed      0.00%
  21  FulGla    2.83%    failed      0.00%
  22  GalGal    5.69%    failed      0.00%
  23  GavSte    3.61%    failed      0.00%
  24  GeoFor   14.49%    failed      0.00%
  25  HalAlb    4.86%    failed      0.00%
  26  HalLeu    1.91%    failed      0.00%
  27  LepDis    3.74%    failed      0.00%
  28  ManVit    9.24%    failed      0.00%
  29  MelGal   11.71%    passed     70.99%
  30  MelUnd    7.80%    failed      0.00%
  31  MerNub    8.58%    failed      0.00%
  32  MesUni    6.63%    failed      0.00%
  33  NesNot    6.35%    passed     24.62%
  34  NipNip    2.96%    failed      0.00%
  35  OpiHoa    3.88%    failed      0.00%
  36  PelCri    2.93%    failed      0.00%
  37  PhaCar    5.43%    failed      0.00%
  38  PhaLep    3.41%    failed      0.00%
  39  PhoRub    3.03%    failed      0.00%
  40  PicPub   18.20%    failed      0.00%
  41  PodCri    4.69%    failed      0.00%
  42  PteGut    5.83%    passed     39.63%
  43  PygAde    3.63%    failed      0.00%
  44  StrCam   14.18%    failed      0.00%
  45  TaeGut   14.66%    failed      0.00%
  46  TauEry    3.86%    failed      0.00%
  47  TinGut   31.42%    failed      0.00%
  48  TytAlb    5.89%    failed      0.00%
****  TOTAL     7.41%  44 sequences failed composition chi2 test (p-value<5%; df=3)
Reading tree Jarvis_Renamed.nwk ...
rooted tree with 48 taxa and 95 branches
Computing site concordance factor...
165.198 sec
Tree with concordance factors written to concord_M13_AllUniquelyMapped.cf.tree
Tree with branch IDs written to concord_M13_AllUniquelyMapped.cf.branch
Concordance factors per branch printed to concord_M13_AllUniquelyMapped.cf.stat
Date and Time: Fri Nov 15 16:17:53 2019
