IQ-TREE multicore version 1.7-beta16 for Linux 64-bit built Sep 24 2019
Developed by Bui Quang Minh, Nguyen Lam Tung, Olga Chernomor,
Heiko Schmidt, Dominik Schrempf, Michael Woodhams.

Host:    n056.cluster.com (AVX, 125 GB RAM)
Command: iqtree -t Jarvis_Renamed.nwk -s M9_intergenic --scf 500 --prefix concord_M9_intergenic -nt 20
Seed:    746773 (Using SPRNG - Scalable Parallel Random Number Generator)
Time:    Fri Nov 15 18:29:15 2019
Kernel:  AVX - 20 threads (20 CPU cores detected)

Reading alignment file M9_intergenic ... Phylip format detected
Alignment most likely contains DNA/RNA sequences
Alignment has 48 sequences with 1249575 columns, 1103365 distinct patterns
1249575 parsimony-informative, 0 singleton sites, 0 constant sites
        Gap/Ambiguity  Composition  p-value
   1  AcaChl    7.47%    failed      0.00%
   2  AnaPla    8.73%    failed      0.00%
   3  AntCar    5.80%    failed      0.00%
   4  ApaVit    6.03%    passed     54.96%
   5  AptFor    3.67%    failed      0.07%
   6  BalReg    2.81%    failed      0.01%
   7  BucRhi    6.49%    failed      0.00%
   8  CalAnn    9.78%    failed      0.00%
   9  CarCri    3.67%    failed      0.00%
  10  CatAur    8.32%    failed      0.00%
  11  ChaPel    6.76%    failed      0.00%
  12  ChaVoc    2.28%    failed      0.00%
  13  ChlMac    3.97%    failed      0.00%
  14  ColLiv    5.03%    passed     11.65%
  15  ColStr    8.37%    failed      0.00%
  16  CorBra    7.51%    failed      0.00%
  17  CucCan    6.28%    failed      0.00%
  18  EgrGar    2.64%    failed      0.00%
  19  EurHel    4.53%    failed      0.00%
  20  FalPer    4.51%    failed      0.00%
  21  FulGla    2.32%    failed      0.00%
  22  GalGal    5.11%    failed      0.00%
  23  GavSte    2.97%    failed      0.64%
  24  GeoFor   10.95%    failed      0.00%
  25  HalAlb    3.79%    passed     29.56%
  26  HalLeu    1.41%    failed      1.11%
  27  LepDis    2.99%    failed      0.00%
  28  ManVit    6.69%    failed      0.10%
  29  MelGal    9.72%    passed     13.58%
  30  MelUnd    6.38%    failed      0.00%
  31  MerNub    6.62%    failed      0.00%
  32  MesUni    5.07%    failed      0.24%
  33  NesNot    4.97%    passed     39.86%
  34  NipNip    2.59%    failed      0.00%
  35  OpiHoa    3.02%    failed      0.00%
  36  PelCri    2.38%    failed      0.00%
  37  PhaCar    4.31%    failed      0.01%
  38  PhaLep    2.85%    passed     99.01%
  39  PhoRub    2.52%    failed      0.00%
  40  PicPub   16.62%    failed      0.00%
  41  PodCri    3.72%    failed      0.01%
  42  PteGut    4.52%    passed     16.20%
  43  PygAde    3.28%    failed      0.00%
  44  StrCam   11.16%    failed      0.00%
  45  TaeGut   11.62%    failed      0.00%
  46  TauEry    2.90%    failed      0.00%
  47  TinGut   27.20%    passed     42.88%
  48  TytAlb    4.68%    failed      0.00%
****  TOTAL     5.98%  40 sequences failed composition chi2 test (p-value<5%; df=3)
Reading tree Jarvis_Renamed.nwk ...
rooted tree with 48 taxa and 95 branches
Computing site concordance factor...
55.089 sec
Tree with concordance factors written to concord_M9_intergenic.cf.tree
Tree with branch IDs written to concord_M9_intergenic.cf.branch
Concordance factors per branch printed to concord_M9_intergenic.cf.stat
Date and Time: Fri Nov 15 18:30:18 2019
