IQ-TREE multicore version 1.7-beta16 for Linux 64-bit built Sep 24 2019
Developed by Bui Quang Minh, Nguyen Lam Tung, Olga Chernomor,
Heiko Schmidt, Dominik Schrempf, Michael Woodhams.

Host:    n056.cluster.com (AVX, 125 GB RAM)
Command: iqtree -t Jarvis_Renamed.nwk -s M1_AllUniquelyMapped --scf 500 --prefix concord_M1_AllUniquelyMapped -nt 20
Seed:    565730 (Using SPRNG - Scalable Parallel Random Number Generator)
Time:    Fri Nov 15 17:07:21 2019
Kernel:  AVX - 20 threads (20 CPU cores detected)

Reading alignment file M1_AllUniquelyMapped ... Phylip format detected
Alignment most likely contains DNA/RNA sequences
Alignment has 48 sequences with 1158339 columns, 759113 distinct patterns
1158339 parsimony-informative, 0 singleton sites, 0 constant sites
        Gap/Ambiguity  Composition  p-value
   1  AcaChl    1.00%    failed      0.00%
   2  AnaPla    1.52%    passed     14.96%
   3  AntCar    1.78%    failed      0.00%
   4  ApaVit    0.95%    failed      0.00%
   5  AptFor    0.71%    failed      0.00%
   6  BalReg    0.68%    failed      0.00%
   7  BucRhi    1.10%    failed      0.00%
   8  CalAnn    1.21%    passed     55.87%
   9  CarCri    0.69%    failed      0.00%
  10  CatAur    2.42%    failed      0.00%
  11  ChaPel    1.05%    failed      0.00%
  12  ChaVoc    0.74%    failed      0.00%
  13  ChlMac    0.67%    passed     29.49%
  14  ColLiv    1.13%    failed      0.00%
  15  ColStr    1.17%    failed      0.00%
  16  CorBra    0.67%    failed      0.00%
  17  CucCan    1.13%    failed      0.00%
  18  EgrGar    0.64%    passed     92.98%
  19  EurHel    0.95%    failed      0.00%
  20  FalPer    0.81%    failed      0.00%
  21  FulGla    0.57%    failed      0.00%
  22  GalGal    1.86%    failed      0.00%
  23  GavSte    0.69%    failed      0.00%
  24  GeoFor    0.91%    failed      0.00%
  25  HalAlb    0.80%    failed      0.00%
  26  HalLeu    0.30%    failed      0.00%
  27  LepDis    0.70%    failed      0.00%
  28  ManVit    0.96%    failed      0.00%
  29  MelGal    1.22%    failed      0.00%
  30  MelUnd    1.23%    passed     34.41%
  31  MerNub    1.18%    failed      0.00%
  32  MesUni    0.93%    failed      0.00%
  33  NesNot    0.80%    passed     96.80%
  34  NipNip    0.87%    failed      0.00%
  35  OpiHoa    0.75%    failed      0.00%
  36  PelCri    0.56%    failed      0.00%
  37  PhaCar    0.80%    failed      0.00%
  38  PhaLep    0.57%    failed      0.00%
  39  PhoRub    0.59%    passed     19.25%
  40  PicPub    3.18%    failed      0.00%
  41  PodCri    0.69%    failed      0.00%
  42  PteGut    0.73%    failed      3.36%
  43  PygAde    1.04%    failed      0.00%
  44  StrCam    1.04%    failed      0.00%
  45  TaeGut    1.40%    failed      0.00%
  46  TauEry    0.54%    failed      2.20%
  47  TinGut    7.53%    failed      0.00%
  48  TytAlb    0.79%    failed      0.00%
****  TOTAL     1.13%  41 sequences failed composition chi2 test (p-value<5%; df=3)
Reading tree Jarvis_Renamed.nwk ...
rooted tree with 48 taxa and 95 branches
Computing site concordance factor...
47.348 sec
Tree with concordance factors written to concord_M1_AllUniquelyMapped.cf.tree
Tree with branch IDs written to concord_M1_AllUniquelyMapped.cf.branch
Concordance factors per branch printed to concord_M1_AllUniquelyMapped.cf.stat
Date and Time: Fri Nov 15 17:08:14 2019
