IQ-TREE multicore version 1.7-beta16 for Linux 64-bit built Sep 24 2019
Developed by Bui Quang Minh, Nguyen Lam Tung, Olga Chernomor,
Heiko Schmidt, Dominik Schrempf, Michael Woodhams.

Host:    n056.cluster.com (AVX, 125 GB RAM)
Command: iqtree -t Jarvis_Renamed.nwk -s M14_CDS --scf 500 --prefix concord_M14_CDS -nt 20
Seed:    410653 (Using SPRNG - Scalable Parallel Random Number Generator)
Time:    Fri Nov 15 16:25:14 2019
Kernel:  AVX - 20 threads (20 CPU cores detected)

Reading alignment file M14_CDS ... Phylip format detected
Alignment most likely contains DNA/RNA sequences
Alignment has 48 sequences with 262091 columns, 237451 distinct patterns
262091 parsimony-informative, 0 singleton sites, 0 constant sites
        Gap/Ambiguity  Composition  p-value
   1  AcaChl    7.86%    failed      0.00%
   2  AnaPla    5.47%    passed     85.90%
   3  AntCar    6.02%    failed      0.00%
   4  ApaVit    6.66%    failed      0.00%
   5  AptFor    4.70%    failed      0.00%
   6  BalReg    3.10%    failed      0.00%
   7  BucRhi    4.90%    failed      0.00%
   8  CalAnn    4.33%    failed      2.86%
   9  CarCri    4.53%    failed      0.00%
  10  CatAur   10.03%    failed      0.00%
  11  ChaPel    3.99%    failed      0.00%
  12  ChaVoc    2.56%    failed      0.00%
  13  ChlMac    3.95%    failed      0.00%
  14  ColLiv    4.13%    failed      0.00%
  15  ColStr    6.85%    failed      0.00%
  16  CorBra    7.17%    failed      0.00%
  17  CucCan    3.81%    failed      0.00%
  18  EgrGar    2.34%    failed      0.00%
  19  EurHel    4.85%    failed      0.00%
  20  FalPer    5.45%    failed      0.00%
  21  FulGla    2.62%    failed      0.00%
  22  GalGal    4.87%    failed      3.53%
  23  GavSte    3.39%    failed      0.00%
  24  GeoFor   10.30%    failed      0.00%
  25  HalAlb    6.19%    failed      0.00%
  26  HalLeu    1.77%    failed      0.00%
  27  LepDis    3.01%    passed     11.60%
  28  ManVit    9.09%    failed      0.00%
  29  MelGal    4.09%    failed      0.00%
  30  MelUnd    5.08%    failed      0.00%
  31  MerNub    6.84%    failed      0.00%
  32  MesUni    4.42%    failed      0.00%
  33  NesNot    4.36%    failed      0.00%
  34  NipNip    2.90%    failed      0.00%
  35  OpiHoa    4.13%    failed      0.00%
  36  PelCri    2.69%    failed      0.00%
  37  PhaCar    4.63%    failed      0.00%
  38  PhaLep    2.32%    failed      0.00%
  39  PhoRub    2.97%    failed      0.00%
  40  PicPub    7.81%    failed      0.00%
  41  PodCri    3.51%    failed      0.00%
  42  PteGut    4.86%    failed      0.00%
  43  PygAde    3.08%    failed      0.00%
  44  StrCam    3.70%    failed      0.00%
  45  TaeGut    8.73%    failed      0.00%
  46  TauEry    3.11%    passed     51.65%
  47  TinGut   15.80%    failed      0.00%
  48  TytAlb    5.67%    failed      0.00%
****  TOTAL     5.10%  45 sequences failed composition chi2 test (p-value<5%; df=3)
Reading tree Jarvis_Renamed.nwk ...
rooted tree with 48 taxa and 95 branches
Computing site concordance factor...
14.665 sec
Tree with concordance factors written to concord_M14_CDS.cf.tree
Tree with branch IDs written to concord_M14_CDS.cf.branch
Concordance factors per branch printed to concord_M14_CDS.cf.stat
Date and Time: Fri Nov 15 16:25:30 2019
