IQ-TREE multicore version 1.7-beta16 for Linux 64-bit built Sep 24 2019
Developed by Bui Quang Minh, Nguyen Lam Tung, Olga Chernomor,
Heiko Schmidt, Dominik Schrempf, Michael Woodhams.

Host:    n056.cluster.com (AVX, 125 GB RAM)
Command: iqtree -t Jarvis_Renamed.nwk -s M7_intergenic --scf 500 --prefix concord_M7_intergenic -nt 20
Seed:    401751 (Using SPRNG - Scalable Parallel Random Number Generator)
Time:    Fri Nov 15 18:16:20 2019
Kernel:  AVX - 20 threads (20 CPU cores detected)

Reading alignment file M7_intergenic ... Phylip format detected
Alignment most likely contains DNA/RNA sequences
Alignment has 48 sequences with 1159845 columns, 1013644 distinct patterns
1159845 parsimony-informative, 0 singleton sites, 0 constant sites
        Gap/Ambiguity  Composition  p-value
   1  AcaChl    5.96%    failed      0.00%
   2  AnaPla    7.39%    failed      0.00%
   3  AntCar    5.23%    failed      0.00%
   4  ApaVit    4.89%    passed     52.28%
   5  AptFor    3.18%    failed      0.01%
   6  BalReg    2.42%    failed      0.00%
   7  BucRhi    5.42%    failed      0.00%
   8  CalAnn    8.05%    failed      0.00%
   9  CarCri    3.11%    failed      0.00%
  10  CatAur    7.52%    failed      0.00%
  11  ChaPel    5.65%    failed      0.00%
  12  ChaVoc    2.05%    failed      0.02%
  13  ChlMac    3.28%    failed      0.00%
  14  ColLiv    4.31%    passed     23.23%
  15  ColStr    6.92%    failed      0.00%
  16  CorBra    5.82%    failed      0.00%
  17  CucCan    5.27%    failed      0.00%
  18  EgrGar    2.25%    failed      0.00%
  19  EurHel    3.82%    failed      0.00%
  20  FalPer    3.76%    failed      0.00%
  21  FulGla    2.01%    failed      0.00%
  22  GalGal    4.79%    failed      0.00%
  23  GavSte    2.58%    failed      0.08%
  24  GeoFor    8.71%    failed      0.00%
  25  HalAlb    3.26%    passed      8.97%
  26  HalLeu    1.19%    failed      0.15%
  27  LepDis    2.57%    failed      0.00%
  28  ManVit    5.36%    failed      0.01%
  29  MelGal    8.20%    failed      1.05%
  30  MelUnd    5.49%    failed      0.04%
  31  MerNub    5.51%    failed      0.00%
  32  MesUni    4.22%    failed      0.11%
  33  NesNot    4.14%    passed     45.74%
  34  NipNip    2.34%    failed      0.00%
  35  OpiHoa    2.59%    failed      0.00%
  36  PelCri    2.06%    failed      0.00%
  37  PhaCar    3.65%    failed      0.00%
  38  PhaLep    2.42%    passed     97.67%
  39  PhoRub    2.19%    failed      0.00%
  40  PicPub   14.60%    failed      0.00%
  41  PodCri    3.10%    failed      0.00%
  42  PteGut    3.78%    passed     27.99%
  43  PygAde    3.04%    failed      0.00%
  44  StrCam    9.21%    failed      0.00%
  45  TaeGut    9.54%    failed      0.00%
  46  TauEry    2.37%    failed      0.00%
  47  TinGut   24.62%    passed     97.47%
  48  TytAlb    3.94%    failed      0.00%
****  TOTAL     5.08%  41 sequences failed composition chi2 test (p-value<5%; df=3)
Reading tree Jarvis_Renamed.nwk ...
rooted tree with 48 taxa and 95 branches
Computing site concordance factor...
64.166 sec
Tree with concordance factors written to concord_M7_intergenic.cf.tree
Tree with branch IDs written to concord_M7_intergenic.cf.branch
Concordance factors per branch printed to concord_M7_intergenic.cf.stat
Date and Time: Fri Nov 15 18:17:31 2019
