IQ-TREE multicore version 1.7-beta16 for Linux 64-bit built Sep 24 2019
Developed by Bui Quang Minh, Nguyen Lam Tung, Olga Chernomor,
Heiko Schmidt, Dominik Schrempf, Michael Woodhams.

Host:    n056.cluster.com (AVX, 125 GB RAM)
Command: iqtree -t Jarvis_Renamed.nwk -s M9_AllUniquelyMapped --scf 500 --prefix concord_M9_AllUniquelyMapped -nt 20
Seed:    517145 (Using SPRNG - Scalable Parallel Random Number Generator)
Time:    Fri Nov 15 18:24:56 2019
Kernel:  AVX - 20 threads (20 CPU cores detected)

Reading alignment file M9_AllUniquelyMapped ... Phylip format detected
Alignment most likely contains DNA/RNA sequences
Alignment has 48 sequences with 2989462 columns, 2566284 distinct patterns
2989462 parsimony-informative, 0 singleton sites, 0 constant sites
        Gap/Ambiguity  Composition  p-value
   1  AcaChl    7.71%    failed      0.00%
   2  AnaPla    8.61%    failed      0.00%
   3  AntCar    5.70%    failed      0.00%
   4  ApaVit    6.22%    failed      0.00%
   5  AptFor    3.70%    failed      0.00%
   6  BalReg    2.84%    failed      0.00%
   7  BucRhi    6.54%    failed      0.00%
   8  CalAnn    9.19%    failed      0.00%
   9  CarCri    3.73%    failed      0.00%
  10  CatAur    8.00%    failed      0.00%
  11  ChaPel    6.36%    failed      0.00%
  12  ChaVoc    2.37%    passed     44.08%
  13  ChlMac    3.96%    failed      0.00%
  14  ColLiv    5.13%    failed      0.00%
  15  ColStr    8.15%    failed      0.00%
  16  CorBra    7.52%    failed      0.00%
  17  CucCan    6.02%    failed      0.00%
  18  EgrGar    2.63%    failed      0.00%
  19  EurHel    4.84%    failed      0.00%
  20  FalPer    4.63%    failed      0.00%
  21  FulGla    2.29%    failed      0.00%
  22  GalGal    5.21%    failed      0.00%
  23  GavSte    2.93%    failed      0.00%
  24  GeoFor   11.06%    failed      0.00%
  25  HalAlb    3.92%    failed      0.00%
  26  HalLeu    1.46%    failed      0.00%
  27  LepDis    2.98%    failed      0.00%
  28  ManVit    6.92%    failed      0.00%
  29  MelGal    9.62%    passed     66.81%
  30  MelUnd    6.27%    failed      0.00%
  31  MerNub    6.70%    failed      0.00%
  32  MesUni    5.15%    failed      0.00%
  33  NesNot    4.90%    passed     24.19%
  34  NipNip    2.55%    failed      0.00%
  35  OpiHoa    3.11%    failed      0.00%
  36  PelCri    2.35%    failed      0.00%
  37  PhaCar    4.31%    failed      0.00%
  38  PhaLep    2.68%    failed      0.00%
  39  PhoRub    2.44%    failed      0.00%
  40  PicPub   15.33%    failed      0.00%
  41  PodCri    3.66%    failed      0.00%
  42  PteGut    4.47%    passed     45.51%
  43  PygAde    3.22%    failed      0.00%
  44  StrCam   11.38%    failed      0.00%
  45  TaeGut   11.46%    failed      0.00%
  46  TauEry    2.94%    failed      0.00%
  47  TinGut   28.11%    failed      0.00%
  48  TytAlb    4.63%    failed      0.00%
****  TOTAL     5.96%  44 sequences failed composition chi2 test (p-value<5%; df=3)
Reading tree Jarvis_Renamed.nwk ...
rooted tree with 48 taxa and 95 branches
Computing site concordance factor...
146.322 sec
Tree with concordance factors written to concord_M9_AllUniquelyMapped.cf.tree
Tree with branch IDs written to concord_M9_AllUniquelyMapped.cf.branch
Concordance factors per branch printed to concord_M9_AllUniquelyMapped.cf.stat
Date and Time: Fri Nov 15 18:27:40 2019
