IQ-TREE multicore version 1.7-beta16 for Linux 64-bit built Sep 24 2019
Developed by Bui Quang Minh, Nguyen Lam Tung, Olga Chernomor,
Heiko Schmidt, Dominik Schrempf, Michael Woodhams.

Host:    n056.cluster.com (AVX, 125 GB RAM)
Command: iqtree -t Jarvis_Renamed.nwk -s M23_genic_other --scf 500 --prefix concord_M23_genic_other -nt 20
Seed:    118372 (Using SPRNG - Scalable Parallel Random Number Generator)
Time:    Fri Nov 15 17:37:29 2019
Kernel:  AVX - 20 threads (20 CPU cores detected)

Reading alignment file M23_genic_other ... Phylip format detected
Alignment most likely contains DNA/RNA sequences
Alignment has 48 sequences with 101827 columns, 98511 distinct patterns
101827 parsimony-informative, 0 singleton sites, 0 constant sites
        Gap/Ambiguity  Composition  p-value
   1  AcaChl   15.73%    failed      0.10%
   2  AnaPla   15.01%    failed      0.19%
   3  AntCar    9.27%    failed      0.00%
   4  ApaVit   12.89%    passed     10.42%
   5  AptFor    5.94%    failed      0.43%
   6  BalReg    5.41%    failed      0.03%
   7  BucRhi   13.45%    failed      0.00%
   8  CalAnn   17.76%    failed      2.26%
   9  CarCri    7.25%    failed      2.00%
  10  CatAur   10.58%    failed      0.00%
  11  ChaPel   12.35%    failed      0.02%
  12  ChaVoc    4.30%    passed     88.07%
  13  ChlMac    8.47%    passed     41.01%
  14  ColLiv    9.99%    passed     61.56%
  15  ColStr   15.69%    failed      0.00%
  16  CorBra   15.45%    failed      0.00%
  17  CucCan   11.66%    passed     65.24%
  18  EgrGar    5.68%    failed      2.88%
  19  EurHel    9.40%    failed      0.00%
  20  FalPer    8.77%    failed      1.08%
  21  FulGla    4.13%    failed      0.14%
  22  GalGal    6.69%    failed      0.00%
  23  GavSte    4.99%    passed     17.12%
  24  GeoFor   21.49%    failed      0.00%
  25  HalAlb    6.85%    failed      1.13%
  26  HalLeu    3.15%    failed      1.14%
  27  LepDis    6.03%    passed     79.84%
  28  ManVit   14.08%    failed      2.39%
  29  MelGal   16.05%    failed      0.00%
  30  MelUnd   10.91%    passed     86.66%
  31  MerNub   14.04%    failed      0.06%
  32  MesUni   10.52%    failed      1.00%
  33  NesNot   10.29%    passed     60.94%
  34  NipNip    4.11%    failed      0.13%
  35  OpiHoa    5.91%    failed      0.00%
  36  PelCri    4.51%    failed      1.64%
  37  PhaCar    7.72%    passed     10.28%
  38  PhaLep    4.79%    passed      9.43%
  39  PhoRub    4.41%    passed     39.62%
  40  PicPub   25.19%    failed      0.00%
  41  PodCri    6.98%    passed     22.74%
  42  PteGut    8.99%    passed     94.70%
  43  PygAde    4.35%    failed      0.00%
  44  StrCam   22.27%    failed      0.00%
  45  TaeGut   21.40%    failed      0.05%
  46  TauEry    6.22%    passed      7.11%
  47  TinGut   43.60%    passed     17.66%
  48  TytAlb    8.64%    failed      0.00%
****  TOTAL    10.90%  32 sequences failed composition chi2 test (p-value<5%; df=3)
Reading tree Jarvis_Renamed.nwk ...
rooted tree with 48 taxa and 95 branches
Computing site concordance factor...
3.983 sec
Tree with concordance factors written to concord_M23_genic_other.cf.tree
Tree with branch IDs written to concord_M23_genic_other.cf.branch
Concordance factors per branch printed to concord_M23_genic_other.cf.stat
Date and Time: Fri Nov 15 17:37:34 2019
