IQ-TREE multicore version 1.7-beta16 for Linux 64-bit built Sep 24 2019
Developed by Bui Quang Minh, Nguyen Lam Tung, Olga Chernomor,
Heiko Schmidt, Dominik Schrempf, Michael Woodhams.

Host:    n056.cluster.com (AVX, 125 GB RAM)
Command: iqtree -t Jarvis_Renamed.nwk -s M12_lnc_RNA --scf 500 --prefix concord_M12_lnc_RNA -nt 20
Seed:    334572 (Using SPRNG - Scalable Parallel Random Number Generator)
Time:    Fri Nov 15 16:14:23 2019
Kernel:  AVX - 20 threads (20 CPU cores detected)

Reading alignment file M12_lnc_RNA ... Phylip format detected
Alignment most likely contains DNA/RNA sequences
Alignment has 48 sequences with 383700 columns, 352958 distinct patterns
383700 parsimony-informative, 0 singleton sites, 0 constant sites
        Gap/Ambiguity  Composition  p-value
   1  AcaChl    9.27%    failed      0.00%
   2  AnaPla   10.41%    failed      0.00%
   3  AntCar    6.43%    failed      0.00%
   4  ApaVit    7.68%    passed     81.89%
   5  AptFor    4.05%    passed     28.85%
   6  BalReg    3.33%    passed     10.06%
   7  BucRhi    7.91%    failed      0.00%
   8  CalAnn   11.83%    failed      2.12%
   9  CarCri    4.50%    failed      1.39%
  10  CatAur    9.00%    failed      0.00%
  11  ChaPel    8.21%    failed      0.00%
  12  ChaVoc    2.68%    failed      0.43%
  13  ChlMac    4.96%    failed      0.04%
  14  ColLiv    6.06%    passed      7.45%
  15  ColStr    9.65%    failed      0.00%
  16  CorBra    9.30%    failed      0.00%
  17  CucCan    7.78%    failed      0.00%
  18  EgrGar    3.14%    failed      0.00%
  19  EurHel    5.79%    failed      0.22%
  20  FalPer    5.35%    failed      0.00%
  21  FulGla    2.68%    failed      3.67%
  22  GalGal    5.36%    passed     48.11%
  23  GavSte    3.23%    passed     33.08%
  24  GeoFor   14.02%    failed      0.00%
  25  HalAlb    4.44%    passed     52.97%
  26  HalLeu    1.87%    passed     33.94%
  27  LepDis    3.45%    failed      0.00%
  28  ManVit    8.39%    failed      0.03%
  29  MelGal   11.61%    passed      5.93%
  30  MelUnd    8.02%    failed      0.27%
  31  MerNub    7.70%    failed      0.00%
  32  MesUni    6.21%    passed     79.30%
  33  NesNot    6.12%    passed     32.27%
  34  NipNip    2.72%    failed      0.00%
  35  OpiHoa    3.40%    failed      0.08%
  36  PelCri    2.73%    failed      0.22%
  37  PhaCar    5.02%    failed      0.64%
  38  PhaLep    3.21%    passed     72.36%
  39  PhoRub    2.84%    failed      0.00%
  40  PicPub   17.16%    failed      0.00%
  41  PodCri    4.35%    passed     12.96%
  42  PteGut    5.48%    passed      8.63%
  43  PygAde    3.57%    failed      0.00%
  44  StrCam   14.34%    failed      0.00%
  45  TaeGut   14.37%    failed      0.00%
  46  TauEry    3.48%    failed      0.02%
  47  TinGut   30.94%    failed      0.09%
  48  TytAlb    5.36%    failed      0.00%
****  TOTAL     7.07%  34 sequences failed composition chi2 test (p-value<5%; df=3)
Reading tree Jarvis_Renamed.nwk ...
rooted tree with 48 taxa and 95 branches
Computing site concordance factor...
19.240 sec
Tree with concordance factors written to concord_M12_lnc_RNA.cf.tree
Tree with branch IDs written to concord_M12_lnc_RNA.cf.branch
Concordance factors per branch printed to concord_M12_lnc_RNA.cf.stat
Date and Time: Fri Nov 15 16:14:45 2019
