IQ-TREE multicore version 1.7-beta16 for Linux 64-bit built Sep 24 2019
Developed by Bui Quang Minh, Nguyen Lam Tung, Olga Chernomor,
Heiko Schmidt, Dominik Schrempf, Michael Woodhams.

Host:    n056.cluster.com (AVX, 125 GB RAM)
Command: iqtree -t Jarvis_Renamed.nwk -s M23_gene --scf 500 --prefix concord_M23_gene -nt 20
Seed:    990176 (Using SPRNG - Scalable Parallel Random Number Generator)
Time:    Fri Nov 15 17:36:02 2019
Kernel:  AVX - 20 threads (20 CPU cores detected)

Reading alignment file M23_gene ... Phylip format detected
Alignment most likely contains DNA/RNA sequences
Alignment has 48 sequences with 1637706 columns, 1473048 distinct patterns
1637706 parsimony-informative, 0 singleton sites, 0 constant sites
        Gap/Ambiguity  Composition  p-value
   1  AcaChl   13.97%    failed      0.00%
   2  AnaPla   12.91%    failed      0.04%
   3  AntCar    8.43%    failed      0.00%
   4  ApaVit   11.45%    failed      0.00%
   5  AptFor    5.84%    failed      0.00%
   6  BalReg    5.11%    failed      0.00%
   7  BucRhi   11.32%    failed      0.00%
   8  CalAnn   14.15%    failed      0.00%
   9  CarCri    6.47%    failed      0.00%
  10  CatAur   10.26%    failed      0.00%
  11  ChaPel   10.03%    failed      0.00%
  12  ChaVoc    3.95%    failed      0.00%
  13  ChlMac    7.34%    passed     51.01%
  14  ColLiv    8.90%    failed      0.00%
  15  ColStr   13.62%    failed      0.00%
  16  CorBra   13.94%    failed      0.00%
  17  CucCan    9.65%    failed      0.00%
  18  EgrGar    4.65%    failed      1.65%
  19  EurHel    8.95%    failed      0.00%
  20  FalPer    8.18%    failed      0.00%
  21  FulGla    3.87%    failed      0.00%
  22  GalGal    6.50%    failed      0.00%
  23  GavSte    4.91%    failed      0.00%
  24  GeoFor   18.35%    failed      0.00%
  25  HalAlb    6.66%    failed      0.00%
  26  HalLeu    2.94%    failed      0.00%
  27  LepDis    5.30%    failed      0.52%
  28  ManVit   12.82%    failed      0.00%
  29  MelGal   13.61%    passed     23.96%
  30  MelUnd    9.83%    failed      0.00%
  31  MerNub   11.61%    failed      0.00%
  32  MesUni    9.04%    failed      0.00%
  33  NesNot    8.76%    passed     90.18%
  34  NipNip    3.88%    failed      0.00%
  35  OpiHoa    5.41%    failed      0.00%
  36  PelCri    4.17%    failed      0.00%
  37  PhaCar    7.46%    failed      0.00%
  38  PhaLep    4.71%    failed      0.00%
  39  PhoRub    4.22%    passed     73.88%
  40  PicPub   20.43%    failed      0.00%
  41  PodCri    6.50%    failed      0.00%
  42  PteGut    8.10%    failed      1.48%
  43  PygAde    4.37%    failed      0.00%
  44  StrCam   17.20%    failed      0.00%
  45  TaeGut   17.96%    failed      0.00%
  46  TauEry    5.75%    failed      0.00%
  47  TinGut   35.36%    failed      0.00%
  48  TytAlb    8.05%    failed      0.00%
****  TOTAL     9.52%  44 sequences failed composition chi2 test (p-value<5%; df=3)
Reading tree Jarvis_Renamed.nwk ...
rooted tree with 48 taxa and 95 branches
Computing site concordance factor...
77.328 sec
Tree with concordance factors written to concord_M23_gene.cf.tree
Tree with branch IDs written to concord_M23_gene.cf.branch
Concordance factors per branch printed to concord_M23_gene.cf.stat
Date and Time: Fri Nov 15 17:37:29 2019
