IQ-TREE multicore version 1.7-beta16 for Linux 64-bit built Sep 24 2019
Developed by Bui Quang Minh, Nguyen Lam Tung, Olga Chernomor,
Heiko Schmidt, Dominik Schrempf, Michael Woodhams.

Host:    n056.cluster.com (AVX, 125 GB RAM)
Command: iqtree -t Jarvis_Renamed.nwk -s M21_CDS --scf 500 --prefix concord_M21_CDS -nt 20
Seed:    940843 (Using SPRNG - Scalable Parallel Random Number Generator)
Time:    Fri Nov 15 17:20:18 2019
Kernel:  AVX - 20 threads (20 CPU cores detected)

Reading alignment file M21_CDS ... Phylip format detected
Alignment most likely contains DNA/RNA sequences
Alignment has 48 sequences with 270637 columns, 245997 distinct patterns
270637 parsimony-informative, 0 singleton sites, 0 constant sites
        Gap/Ambiguity  Composition  p-value
   1  AcaChl    9.37%    failed      0.00%
   2  AnaPla    6.22%    passed     92.74%
   3  AntCar    7.07%    failed      0.00%
   4  ApaVit    8.13%    failed      0.00%
   5  AptFor    5.55%    failed      0.00%
   6  BalReg    4.03%    failed      0.00%
   7  BucRhi    6.13%    failed      0.00%
   8  CalAnn    5.35%    failed      3.07%
   9  CarCri    5.73%    failed      0.00%
  10  CatAur   11.04%    failed      0.00%
  11  ChaPel    4.73%    failed      0.00%
  12  ChaVoc    3.04%    failed      0.00%
  13  ChlMac    5.22%    failed      0.00%
  14  ColLiv    4.93%    failed      0.00%
  15  ColStr    8.30%    failed      0.00%
  16  CorBra    8.45%    failed      0.00%
  17  CucCan    4.48%    failed      0.00%
  18  EgrGar    2.96%    failed      0.00%
  19  EurHel    6.05%    failed      0.00%
  20  FalPer    6.56%    failed      0.00%
  21  FulGla    3.57%    failed      0.00%
  22  GalGal    5.18%    passed     12.11%
  23  GavSte    4.47%    failed      0.00%
  24  GeoFor   11.68%    failed      0.00%
  25  HalAlb    7.62%    failed      0.00%
  26  HalLeu    2.49%    failed      0.00%
  27  LepDis    3.78%    passed     41.08%
  28  ManVit   10.66%    failed      0.00%
  29  MelGal    4.76%    failed      0.00%
  30  MelUnd    5.80%    failed      0.00%
  31  MerNub    8.13%    failed      0.00%
  32  MesUni    5.57%    failed      0.00%
  33  NesNot    5.47%    failed      0.00%
  34  NipNip    3.30%    failed      0.00%
  35  OpiHoa    4.67%    failed      0.00%
  36  PelCri    3.67%    failed      0.00%
  37  PhaCar    5.95%    failed      0.00%
  38  PhaLep    3.26%    failed      0.00%
  39  PhoRub    3.96%    failed      0.00%
  40  PicPub    8.81%    failed      0.00%
  41  PodCri    4.57%    failed      0.00%
  42  PteGut    6.28%    failed      0.00%
  43  PygAde    3.53%    failed      0.00%
  44  StrCam    4.38%    failed      0.00%
  45  TaeGut    9.77%    failed      0.00%
  46  TauEry    4.10%    passed     58.16%
  47  TinGut   16.54%    failed      0.00%
  48  TytAlb    7.04%    failed      0.00%
****  TOTAL     6.09%  44 sequences failed composition chi2 test (p-value<5%; df=3)
Reading tree Jarvis_Renamed.nwk ...
rooted tree with 48 taxa and 95 branches
Computing site concordance factor...
15.052 sec
Tree with concordance factors written to concord_M21_CDS.cf.tree
Tree with branch IDs written to concord_M21_CDS.cf.branch
Concordance factors per branch printed to concord_M21_CDS.cf.stat
Date and Time: Fri Nov 15 17:20:35 2019
