IQ-TREE multicore version 1.7-beta16 for Linux 64-bit built Sep 24 2019
Developed by Bui Quang Minh, Nguyen Lam Tung, Olga Chernomor,
Heiko Schmidt, Dominik Schrempf, Michael Woodhams.

Host:    n056.cluster.com (AVX, 125 GB RAM)
Command: iqtree -t Jarvis_Renamed.nwk -s M19_pseudogene --scf 500 --prefix concord_M19_pseudogene -nt 20
Seed:    737277 (Using SPRNG - Scalable Parallel Random Number Generator)
Time:    Fri Nov 15 17:07:17 2019
Kernel:  AVX - 20 threads (20 CPU cores detected)

Reading alignment file M19_pseudogene ... Phylip format detected
Alignment most likely contains DNA/RNA sequences
Alignment has 48 sequences with 10088 columns, 9989 distinct patterns
10088 parsimony-informative, 0 singleton sites, 0 constant sites
        Gap/Ambiguity  Composition  p-value
   1  AcaChl   16.57%    passed     12.62%
   2  AnaPla   12.15%    passed     98.87%
   3  AntCar    9.87%    passed     34.01%
   4  ApaVit   15.17%    passed     95.31%
   5  AptFor    6.19%    passed     58.22%
   6  BalReg    4.67%    passed     38.43%
   7  BucRhi    9.33%    failed      2.48%
   8  CalAnn   12.50%    passed     17.11%
   9  CarCri    6.78%    passed     59.10%
  10  CatAur   10.43%    passed     21.74%
  11  ChaPel   10.20%    passed     96.98%
  12  ChaVoc    3.44%    passed     86.99%
  13  ChlMac    8.05%    passed     51.24%
  14  ColLiv    7.99%    passed     21.19%
  15  ColStr   15.10%    passed     42.92%
  16  CorBra   12.50%    failed      0.03%
  17  CucCan    7.69%    passed     18.59%
  18  EgrGar    3.96%    passed     98.83%
  19  EurHel   10.54%    failed      0.79%
  20  FalPer    7.11%    passed     38.72%
  21  FulGla    4.22%    passed     19.46%
  22  GalGal    5.95%    passed     17.84%
  23  GavSte    4.71%    passed     26.49%
  24  GeoFor   19.32%    failed      0.03%
  25  HalAlb   11.58%    passed     11.11%
  26  HalLeu    2.83%    passed     56.50%
  27  LepDis    4.60%    passed     96.55%
  28  ManVit   14.34%    passed     71.70%
  29  MelGal   14.15%    passed     92.28%
  30  MelUnd    9.96%    passed     33.55%
  31  MerNub   13.06%    failed      0.21%
  32  MesUni    7.85%    passed     60.29%
  33  NesNot    8.11%    passed     40.75%
  34  NipNip    3.10%    passed     21.30%
  35  OpiHoa    8.28%    failed      3.29%
  36  PelCri    5.05%    passed     25.01%
  37  PhaCar    6.80%    passed     96.62%
  38  PhaLep    4.91%    passed     56.47%
  39  PhoRub    4.12%    passed     96.22%
  40  PicPub   15.79%    failed      0.13%
  41  PodCri    7.22%    passed     68.32%
  42  PteGut   10.24%    passed     82.98%
  43  PygAde    4.40%    passed     27.09%
  44  StrCam   16.50%    failed      4.63%
  45  TaeGut   16.17%    failed      1.40%
  46  TauEry    5.25%    passed     99.31%
  47  TinGut   36.37%    failed      1.89%
  48  TytAlb    7.82%    failed      3.50%
****  TOTAL     9.64%  11 sequences failed composition chi2 test (p-value<5%; df=3)
Reading tree Jarvis_Renamed.nwk ...
rooted tree with 48 taxa and 95 branches
Computing site concordance factor...
0.198 sec
Tree with concordance factors written to concord_M19_pseudogene.cf.tree
Tree with branch IDs written to concord_M19_pseudogene.cf.branch
Concordance factors per branch printed to concord_M19_pseudogene.cf.stat
Date and Time: Fri Nov 15 17:07:18 2019
