IQ-TREE multicore version 1.7-beta16 for Linux 64-bit built Sep 24 2019
Developed by Bui Quang Minh, Nguyen Lam Tung, Olga Chernomor,
Heiko Schmidt, Dominik Schrempf, Michael Woodhams.

Host:    n056.cluster.com (AVX, 125 GB RAM)
Command: iqtree -t Jarvis_Renamed.nwk -s M24_intron --scf 500 --prefix concord_M24_intron -nt 20
Seed:    69369 (Using SPRNG - Scalable Parallel Random Number Generator)
Time:    Fri Nov 15 17:46:34 2019
Kernel:  AVX - 20 threads (20 CPU cores detected)

Reading alignment file M24_intron ... Phylip format detected
Alignment most likely contains DNA/RNA sequences
Alignment has 48 sequences with 1216371 columns, 1113125 distinct patterns
1216371 parsimony-informative, 0 singleton sites, 0 constant sites
        Gap/Ambiguity  Composition  p-value
   1  AcaChl   15.07%    failed      0.00%
   2  AnaPla   14.44%    failed      0.01%
   3  AntCar    8.77%    failed      0.00%
   4  ApaVit   12.31%    failed      0.00%
   5  AptFor    5.93%    failed      0.00%
   6  BalReg    5.38%    failed      0.00%
   7  BucRhi   12.43%    failed      0.00%
   8  CalAnn   16.18%    failed      0.00%
   9  CarCri    6.67%    failed      0.00%
  10  CatAur   10.23%    failed      0.00%
  11  ChaPel   11.29%    failed      0.00%
  12  ChaVoc    4.22%    passed     55.83%
  13  ChlMac    7.86%    failed      0.02%
  14  ColLiv    9.89%    failed      0.00%
  15  ColStr   14.84%    failed      0.00%
  16  CorBra   15.33%    failed      0.00%
  17  CucCan   10.89%    failed      0.00%
  18  EgrGar    5.05%    failed      0.00%
  19  EurHel    9.56%    failed      0.00%
  20  FalPer    8.68%    failed      0.00%
  21  FulGla    3.96%    failed      0.00%
  22  GalGal    6.82%    failed      0.00%
  23  GavSte    5.07%    failed      0.00%
  24  GeoFor   19.97%    failed      0.00%
  25  HalAlb    6.51%    failed      0.00%
  26  HalLeu    3.09%    failed      0.00%
  27  LepDis    5.68%    failed      0.35%
  28  ManVit   13.44%    failed      0.00%
  29  MelGal   15.64%    passed     90.03%
  30  MelUnd   10.87%    failed      3.45%
  31  MerNub   12.35%    failed      0.00%
  32  MesUni    9.85%    failed      0.00%
  33  NesNot    9.55%    passed     38.10%
  34  NipNip    4.06%    failed      0.00%
  35  OpiHoa    5.63%    failed      0.00%
  36  PelCri    4.28%    failed      0.00%
  37  PhaCar    7.88%    failed      0.00%
  38  PhaLep    5.14%    failed      0.00%
  39  PhoRub    4.30%    failed      0.00%
  40  PicPub   22.78%    failed      0.00%
  41  PodCri    6.99%    failed      0.00%
  42  PteGut    8.63%    passed      6.48%
  43  PygAde    4.57%    failed      0.00%
  44  StrCam   20.14%    failed      0.00%
  45  TaeGut   19.89%    failed      0.00%
  46  TauEry    6.19%    failed      0.00%
  47  TinGut   39.57%    failed      0.26%
  48  TytAlb    8.36%    failed      0.00%
****  TOTAL    10.34%  44 sequences failed composition chi2 test (p-value<5%; df=3)
Reading tree Jarvis_Renamed.nwk ...
rooted tree with 48 taxa and 95 branches
Computing site concordance factor...
50.111 sec
Tree with concordance factors written to concord_M24_intron.cf.tree
Tree with branch IDs written to concord_M24_intron.cf.branch
Concordance factors per branch printed to concord_M24_intron.cf.stat
Date and Time: Fri Nov 15 17:47:31 2019
