IQ-TREE multicore version 1.7-beta16 for Linux 64-bit built Sep 24 2019
Developed by Bui Quang Minh, Nguyen Lam Tung, Olga Chernomor,
Heiko Schmidt, Dominik Schrempf, Michael Woodhams.

Host:    n056.cluster.com (AVX, 125 GB RAM)
Command: iqtree -t Jarvis_Renamed.nwk -s M9_genic_other --scf 500 --prefix concord_M9_genic_other -nt 20
Seed:    662621 (Using SPRNG - Scalable Parallel Random Number Generator)
Time:    Fri Nov 15 18:29:12 2019
Kernel:  AVX - 20 threads (20 CPU cores detected)

Reading alignment file M9_genic_other ... Phylip format detected
Alignment most likely contains DNA/RNA sequences
Alignment has 48 sequences with 83083 columns, 79770 distinct patterns
83083 parsimony-informative, 0 singleton sites, 0 constant sites
        Gap/Ambiguity  Composition  p-value
   1  AcaChl    8.40%    failed      0.00%
   2  AnaPla    9.49%    failed      0.02%
   3  AntCar    6.07%    failed      0.00%
   4  ApaVit    7.19%    passed     14.36%
   5  AptFor    3.82%    failed      0.01%
   6  BalReg    3.24%    failed      0.02%
   7  BucRhi    7.26%    failed      0.00%
   8  CalAnn   10.47%    passed     20.92%
   9  CarCri    4.18%    failed      3.55%
  10  CatAur    7.87%    failed      0.00%
  11  ChaPel    7.19%    failed      0.11%
  12  ChaVoc    2.78%    passed     80.94%
  13  ChlMac    4.46%    passed     49.09%
  14  ColLiv    5.62%    passed     69.03%
  15  ColStr    8.77%    failed      0.00%
  16  CorBra    7.87%    failed      0.00%
  17  CucCan    6.45%    passed     61.89%
  18  EgrGar    3.12%    passed     47.38%
  19  EurHel    4.98%    failed      0.00%
  20  FalPer    4.71%    passed      5.43%
  21  FulGla    2.52%    failed      0.05%
  22  GalGal    5.44%    failed      0.00%
  23  GavSte    3.10%    failed      3.74%
  24  GeoFor   12.59%    failed      0.00%
  25  HalAlb    4.00%    failed      2.40%
  26  HalLeu    1.44%    failed      0.71%
  27  LepDis    3.28%    passed     39.66%
  28  ManVit    7.58%    failed      0.30%
  29  MelGal   11.36%    failed      0.00%
  30  MelUnd    6.24%    passed     94.21%
  31  MerNub    8.09%    failed      0.08%
  32  MesUni    5.76%    failed      1.58%
  33  NesNot    5.15%    passed     58.66%
  34  NipNip    2.64%    failed      0.02%
  35  OpiHoa    3.19%    failed      0.00%
  36  PelCri    2.47%    failed      2.28%
  37  PhaCar    4.25%    failed      2.08%
  38  PhaLep    2.58%    passed     10.94%
  39  PhoRub    2.53%    passed     97.04%
  40  PicPub   17.58%    failed      0.00%
  41  PodCri    3.72%    passed      8.45%
  42  PteGut    5.07%    passed     91.53%
  43  PygAde    3.06%    failed      0.00%
  44  StrCam   14.88%    failed      0.00%
  45  TaeGut   13.02%    failed      0.00%
  46  TauEry    3.17%    passed     38.76%
  47  TinGut   35.68%    failed      2.31%
  48  TytAlb    4.56%    failed      0.00%
****  TOTAL     6.64%  32 sequences failed composition chi2 test (p-value<5%; df=3)
Reading tree Jarvis_Renamed.nwk ...
rooted tree with 48 taxa and 95 branches
Computing site concordance factor...
2.050 sec
Tree with concordance factors written to concord_M9_genic_other.cf.tree
Tree with branch IDs written to concord_M9_genic_other.cf.branch
Concordance factors per branch printed to concord_M9_genic_other.cf.stat
Date and Time: Fri Nov 15 18:29:15 2019
