IQ-TREE multicore version 1.7-beta16 for Linux 64-bit built Sep 24 2019
Developed by Bui Quang Minh, Nguyen Lam Tung, Olga Chernomor,
Heiko Schmidt, Dominik Schrempf, Michael Woodhams.

Host:    n056.cluster.com (AVX, 125 GB RAM)
Command: iqtree -t Jarvis_Renamed.nwk -s M12_gene --scf 500 --prefix concord_M12_gene -nt 20
Seed:    133076 (Using SPRNG - Scalable Parallel Random Number Generator)
Time:    Fri Nov 15 16:10:48 2019
Kernel:  AVX - 20 threads (20 CPU cores detected)

Reading alignment file M12_gene ... Phylip format detected
Alignment most likely contains DNA/RNA sequences
Alignment has 48 sequences with 1493156 columns, 1328523 distinct patterns
1493156 parsimony-informative, 0 singleton sites, 0 constant sites
        Gap/Ambiguity  Composition  p-value
   1  AcaChl   10.01%    failed      0.00%
   2  AnaPla   10.11%    failed      0.19%
   3  AntCar    6.36%    failed      0.00%
   4  ApaVit    7.97%    failed      0.00%
   5  AptFor    4.41%    failed      0.00%
   6  BalReg    3.45%    failed      0.00%
   7  BucRhi    8.07%    failed      0.00%
   8  CalAnn   10.47%    failed      0.00%
   9  CarCri    4.53%    failed      0.00%
  10  CatAur    8.46%    failed      0.00%
  11  ChaPel    7.18%    failed      0.00%
  12  ChaVoc    2.83%    failed      0.00%
  13  ChlMac    4.90%    passed     65.11%
  14  ColLiv    6.33%    failed      0.00%
  15  ColStr    9.85%    failed      0.00%
  16  CorBra    9.83%    failed      0.00%
  17  CucCan    6.96%    failed      0.00%
  18  EgrGar    3.14%    passed     62.12%
  19  EurHel    6.25%    failed      0.00%
  20  FalPer    5.79%    failed      0.00%
  21  FulGla    2.69%    failed      0.00%
  22  GalGal    5.75%    failed      0.00%
  23  GavSte    3.49%    failed      0.00%
  24  GeoFor   13.79%    failed      0.00%
  25  HalAlb    4.81%    failed      0.00%
  26  HalLeu    1.84%    failed      0.00%
  27  LepDis    3.59%    failed      0.00%
  28  ManVit    9.07%    failed      0.00%
  29  MelGal   11.15%    passed     83.02%
  30  MelUnd    7.24%    failed      0.00%
  31  MerNub    8.37%    failed      0.00%
  32  MesUni    6.35%    failed      0.00%
  33  NesNot    5.96%    passed     98.26%
  34  NipNip    2.86%    failed      0.00%
  35  OpiHoa    3.83%    failed      0.00%
  36  PelCri    2.78%    failed      0.00%
  37  PhaCar    5.24%    failed      0.00%
  38  PhaLep    3.08%    failed      0.00%
  39  PhoRub    2.83%    passed     18.86%
  40  PicPub   16.58%    failed      0.00%
  41  PodCri    4.38%    failed      0.00%
  42  PteGut    5.46%    failed      1.89%
  43  PygAde    3.47%    failed      0.00%
  44  StrCam   13.63%    failed      0.00%
  45  TaeGut   13.77%    failed      0.00%
  46  TauEry    3.72%    failed      0.00%
  47  TinGut   31.61%    failed      0.00%
  48  TytAlb    5.62%    failed      0.00%
****  TOTAL     7.08%  43 sequences failed composition chi2 test (p-value<5%; df=3)
Reading tree Jarvis_Renamed.nwk ...
rooted tree with 48 taxa and 95 branches
Computing site concordance factor...
69.455 sec
Tree with concordance factors written to concord_M12_gene.cf.tree
Tree with branch IDs written to concord_M12_gene.cf.branch
Concordance factors per branch printed to concord_M12_gene.cf.stat
Date and Time: Fri Nov 15 16:12:06 2019
