IQ-TREE multicore version 1.7-beta16 for Linux 64-bit built Sep 24 2019
Developed by Bui Quang Minh, Nguyen Lam Tung, Olga Chernomor,
Heiko Schmidt, Dominik Schrempf, Michael Woodhams.

Host:    n056.cluster.com (AVX, 125 GB RAM)
Command: iqtree -t Jarvis_Renamed.nwk -s M18_intergenic --scf 500 --prefix concord_M18_intergenic -nt 20
Seed:    944633 (Using SPRNG - Scalable Parallel Random Number Generator)
Time:    Fri Nov 15 16:57:13 2019
Kernel:  AVX - 20 threads (20 CPU cores detected)

Reading alignment file M18_intergenic ... Phylip format detected
Alignment most likely contains DNA/RNA sequences
Alignment has 48 sequences with 1432042 columns, 1285805 distinct patterns
1432042 parsimony-informative, 0 singleton sites, 0 constant sites
        Gap/Ambiguity  Composition  p-value
   1  AcaChl   12.04%    failed      0.00%
   2  AnaPla   12.31%    failed      0.00%
   3  AntCar    7.90%    failed      0.00%
   4  ApaVit    9.74%    passed     10.05%
   5  AptFor    5.15%    failed      2.44%
   6  BalReg    4.25%    failed      0.38%
   7  BucRhi    9.97%    failed      0.00%
   8  CalAnn   14.51%    failed      0.00%
   9  CarCri    5.59%    failed      0.00%
  10  CatAur   10.54%    failed      0.00%
  11  ChaPel   10.17%    failed      0.00%
  12  ChaVoc    3.22%    failed      0.00%
  13  ChlMac    6.31%    failed      0.00%
  14  ColLiv    7.56%    failed      4.27%
  15  ColStr   12.69%    failed      0.00%
  16  CorBra   12.41%    failed      0.00%
  17  CucCan    9.43%    failed      0.00%
  18  EgrGar    4.02%    failed      0.00%
  19  EurHel    7.13%    failed      0.00%
  20  FalPer    6.99%    failed      0.00%
  21  FulGla    3.44%    failed      0.13%
  22  GalGal    5.92%    failed      0.00%
  23  GavSte    4.29%    passed     27.07%
  24  GeoFor   16.82%    failed      0.00%
  25  HalAlb    5.57%    passed     64.29%
  26  HalLeu    2.33%    passed     23.82%
  27  LepDis    4.53%    failed      0.00%
  28  ManVit   10.81%    failed      2.31%
  29  MelGal   13.10%    passed     75.78%
  30  MelUnd    9.22%    failed      0.00%
  31  MerNub   10.03%    failed      0.00%
  32  MesUni    7.96%    failed      0.19%
  33  NesNot    7.72%    passed     11.89%
  34  NipNip    3.42%    failed      0.00%
  35  OpiHoa    4.60%    failed      0.00%
  36  PelCri    3.61%    failed      0.00%
  37  PhaCar    6.48%    failed      0.29%
  38  PhaLep    4.35%    passed     87.04%
  39  PhoRub    3.70%    failed      0.00%
  40  PicPub   21.53%    failed      0.00%
  41  PodCri    5.79%    failed      2.18%
  42  PteGut    7.22%    failed      3.33%
  43  PygAde    4.11%    failed      0.00%
  44  StrCam   15.95%    failed      0.00%
  45  TaeGut   17.08%    failed      0.00%
  46  TauEry    4.79%    failed      0.00%
  47  TinGut   32.55%    failed      0.00%
  48  TytAlb    7.12%    failed      0.00%
****  TOTAL     8.67%  41 sequences failed composition chi2 test (p-value<5%; df=3)
Reading tree Jarvis_Renamed.nwk ...
rooted tree with 48 taxa and 95 branches
Computing site concordance factor...
65.068 sec
Tree with concordance factors written to concord_M18_intergenic.cf.tree
Tree with branch IDs written to concord_M18_intergenic.cf.branch
Concordance factors per branch printed to concord_M18_intergenic.cf.stat
Date and Time: Fri Nov 15 16:58:28 2019
