IQ-TREE multicore version 1.7-beta16 for Linux 64-bit built Sep 24 2019
Developed by Bui Quang Minh, Nguyen Lam Tung, Olga Chernomor,
Heiko Schmidt, Dominik Schrempf, Michael Woodhams.

Host:    n056.cluster.com (AVX, 125 GB RAM)
Command: iqtree -t Jarvis_Renamed.nwk -s M9_intron --scf 500 --prefix concord_M9_intron -nt 20
Seed:    384647 (Using SPRNG - Scalable Parallel Random Number Generator)
Time:    Fri Nov 15 18:30:18 2019
Kernel:  AVX - 20 threads (20 CPU cores detected)

Reading alignment file M9_intron ... Phylip format detected
Alignment most likely contains DNA/RNA sequences
Alignment has 48 sequences with 1012021 columns, 908804 distinct patterns
1012021 parsimony-informative, 0 singleton sites, 0 constant sites
        Gap/Ambiguity  Composition  p-value
   1  AcaChl    8.41%    failed      0.00%
   2  AnaPla    9.33%    failed      3.49%
   3  AntCar    5.69%    failed      0.00%
   4  ApaVit    6.73%    failed      0.00%
   5  AptFor    3.77%    failed      0.00%
   6  BalReg    2.95%    failed      0.00%
   7  BucRhi    7.22%    failed      0.00%
   8  CalAnn    9.75%    failed      0.00%
   9  CarCri    3.84%    failed      0.00%
  10  CatAur    7.44%    failed      0.00%
  11  ChaPel    6.52%    failed      0.00%
  12  ChaVoc    2.51%    passed     44.82%
  13  ChlMac    4.17%    failed      0.47%
  14  ColLiv    5.72%    failed      0.00%
  15  ColStr    8.60%    failed      0.00%
  16  CorBra    8.18%    failed      0.00%
  17  CucCan    6.32%    failed      0.00%
  18  EgrGar    2.77%    failed      0.09%
  19  EurHel    5.33%    failed      0.00%
  20  FalPer    4.95%    failed      0.00%
  21  FulGla    2.34%    failed      0.00%
  22  GalGal    5.54%    failed      0.00%
  23  GavSte    3.06%    failed      0.00%
  24  GeoFor   11.73%    failed      0.00%
  25  HalAlb    3.90%    failed      0.00%
  26  HalLeu    1.56%    failed      0.00%
  27  LepDis    3.13%    failed      0.00%
  28  ManVit    7.20%    failed      0.00%
  29  MelGal   10.93%    failed      1.00%
  30  MelUnd    6.51%    passed      9.56%
  31  MerNub    7.08%    failed      0.00%
  32  MesUni    5.62%    failed      0.00%
  33  NesNot    5.13%    passed     65.06%
  34  NipNip    2.52%    failed      0.00%
  35  OpiHoa    3.11%    failed      0.00%
  36  PelCri    2.40%    failed      0.00%
  37  PhaCar    4.56%    failed      0.00%
  38  PhaLep    2.76%    failed      0.00%
  39  PhoRub    2.39%    passed     33.44%
  40  PicPub   15.78%    failed      0.00%
  41  PodCri    3.83%    failed      0.00%
  42  PteGut    4.63%    passed     24.86%
  43  PygAde    3.22%    failed      0.00%
  44  StrCam   13.41%    failed      0.00%
  45  TaeGut   12.17%    failed      0.00%
  46  TauEry    3.16%    failed      0.00%
  47  TinGut   32.28%    failed      0.00%
  48  TytAlb    4.75%    failed      0.00%
****  TOTAL     6.35%  43 sequences failed composition chi2 test (p-value<5%; df=3)
Reading tree Jarvis_Renamed.nwk ...
rooted tree with 48 taxa and 95 branches
Computing site concordance factor...
50.997 sec
Tree with concordance factors written to concord_M9_intron.cf.tree
Tree with branch IDs written to concord_M9_intron.cf.branch
Concordance factors per branch printed to concord_M9_intron.cf.stat
Date and Time: Fri Nov 15 18:31:15 2019
