IQ-TREE multicore version 1.7-beta16 for Linux 64-bit built Sep 24 2019
Developed by Bui Quang Minh, Nguyen Lam Tung, Olga Chernomor,
Heiko Schmidt, Dominik Schrempf, Michael Woodhams.

Host:    n056.cluster.com (AVX, 125 GB RAM)
Command: iqtree -t Jarvis_Renamed.nwk -s M20_five_prime_UTR --scf 500 --prefix concord_M20_five_prime_UTR -nt 20
Seed:    171823 (Using SPRNG - Scalable Parallel Random Number Generator)
Time:    Fri Nov 15 17:12:55 2019
Kernel:  AVX - 20 threads (20 CPU cores detected)

Reading alignment file M20_five_prime_UTR ... Phylip format detected
Alignment most likely contains DNA/RNA sequences
Alignment has 48 sequences with 9228 columns, 9022 distinct patterns
9228 parsimony-informative, 0 singleton sites, 0 constant sites
        Gap/Ambiguity  Composition  p-value
   1  AcaChl   10.03%    failed      0.15%
   2  AnaPla   11.34%    failed      4.60%
   3  AntCar    7.83%    passed     34.58%
   4  ApaVit    9.92%    passed     51.31%
   5  AptFor    5.15%    failed      0.67%
   6  BalReg    3.46%    failed      1.58%
   7  BucRhi    7.68%    failed      2.44%
   8  CalAnn    8.56%    passed     87.26%
   9  CarCri    7.25%    failed      2.91%
  10  CatAur   10.10%    failed      0.72%
  11  ChaPel    6.82%    passed     96.76%
  12  ChaVoc    3.53%    passed     65.03%
  13  ChlMac    7.52%    passed     95.25%
  14  ColLiv    6.77%    passed     38.41%
  15  ColStr   10.89%    passed     92.18%
  16  CorBra   10.48%    failed      0.02%
  17  CucCan    5.49%    passed     91.01%
  18  EgrGar    3.92%    passed     91.25%
  19  EurHel    8.71%    passed     28.51%
  20  FalPer    6.37%    failed      1.15%
  21  FulGla    3.60%    passed      5.72%
  22  GalGal    5.08%    failed      0.00%
  23  GavSte    4.06%    failed      1.37%
  24  GeoFor   14.20%    failed      0.00%
  25  HalAlb    9.21%    failed      0.36%
  26  HalLeu    1.96%    failed      2.20%
  27  LepDis    3.92%    passed     69.12%
  28  ManVit   10.86%    failed      0.65%
  29  MelGal    7.04%    failed      0.00%
  30  MelUnd    6.73%    passed     98.96%
  31  MerNub    9.82%    failed      1.71%
  32  MesUni    9.41%    passed     27.29%
  33  NesNot    8.76%    passed     99.69%
  34  NipNip    3.00%    failed      1.04%
  35  OpiHoa    3.71%    passed      8.40%
  36  PelCri    3.73%    failed      4.83%
  37  PhaCar    7.83%    passed     18.82%
  38  PhaLep    4.06%    passed     34.28%
  39  PhoRub    4.37%    passed     31.23%
  40  PicPub   10.94%    failed      0.00%
  41  PodCri    6.31%    passed     14.12%
  42  PteGut    7.24%    passed     87.36%
  43  PygAde    2.57%    failed      0.36%
  44  StrCam   10.05%    failed      2.02%
  45  TaeGut   12.20%    failed      0.00%
  46  TauEry    5.41%    passed     87.17%
  47  TinGut   23.63%    failed      0.52%
  48  TytAlb    9.14%    failed      0.00%
****  TOTAL     7.51%  25 sequences failed composition chi2 test (p-value<5%; df=3)
Reading tree Jarvis_Renamed.nwk ...
rooted tree with 48 taxa and 95 branches
Computing site concordance factor...
0.215 sec
Tree with concordance factors written to concord_M20_five_prime_UTR.cf.tree
Tree with branch IDs written to concord_M20_five_prime_UTR.cf.branch
Concordance factors per branch printed to concord_M20_five_prime_UTR.cf.stat
Date and Time: Fri Nov 15 17:12:55 2019
