IQ-TREE multicore version 1.7-beta16 for Linux 64-bit built Sep 24 2019
Developed by Bui Quang Minh, Nguyen Lam Tung, Olga Chernomor,
Heiko Schmidt, Dominik Schrempf, Michael Woodhams.

Host:    n056.cluster.com (AVX, 125 GB RAM)
Command: iqtree -t Jarvis_Renamed.nwk -s M23_five_prime_UTR --scf 500 --prefix concord_M23_five_prime_UTR -nt 20
Seed:    357976 (Using SPRNG - Scalable Parallel Random Number Generator)
Time:    Fri Nov 15 17:36:01 2019
Kernel:  AVX - 20 threads (20 CPU cores detected)

Reading alignment file M23_five_prime_UTR ... Phylip format detected
Alignment most likely contains DNA/RNA sequences
Alignment has 48 sequences with 9373 columns, 9167 distinct patterns
9373 parsimony-informative, 0 singleton sites, 0 constant sites
        Gap/Ambiguity  Composition  p-value
   1  AcaChl   10.85%    failed      0.13%
   2  AnaPla   11.82%    passed      5.08%
   3  AntCar    8.44%    passed     31.19%
   4  ApaVit   10.74%    passed     46.51%
   5  AptFor    5.52%    failed      0.58%
   6  BalReg    3.74%    failed      1.19%
   7  BucRhi    8.46%    failed      2.01%
   8  CalAnn    9.42%    passed     87.88%
   9  CarCri    7.62%    failed      2.96%
  10  CatAur   10.60%    failed      0.82%
  11  ChaPel    7.51%    passed     96.68%
  12  ChaVoc    3.86%    passed     65.79%
  13  ChlMac    8.06%    passed     93.70%
  14  ColLiv    7.51%    passed     43.00%
  15  ColStr   11.68%    passed     93.83%
  16  CorBra   11.28%    failed      0.03%
  17  CucCan    6.28%    passed     93.06%
  18  EgrGar    4.40%    passed     91.62%
  19  EurHel    9.62%    passed     26.34%
  20  FalPer    6.69%    failed      1.37%
  21  FulGla    4.02%    failed      4.13%
  22  GalGal    5.25%    failed      0.00%
  23  GavSte    4.49%    failed      0.96%
  24  GeoFor   15.12%    failed      0.00%
  25  HalAlb    9.80%    failed      0.22%
  26  HalLeu    2.30%    failed      1.37%
  27  LepDis    4.15%    passed     79.19%
  28  ManVit   11.64%    failed      0.79%
  29  MelGal    7.35%    failed      0.00%
  30  MelUnd    7.50%    passed     98.80%
  31  MerNub   10.54%    failed      1.29%
  32  MesUni   10.02%    passed     30.84%
  33  NesNot    9.73%    passed     98.45%
  34  NipNip    3.12%    failed      0.76%
  35  OpiHoa    4.20%    passed      8.18%
  36  PelCri    4.22%    passed      5.62%
  37  PhaCar    8.50%    passed     15.13%
  38  PhaLep    4.64%    passed     30.16%
  39  PhoRub    4.79%    passed     26.68%
  40  PicPub   11.66%    failed      0.00%
  41  PodCri    6.84%    passed     13.21%
  42  PteGut    8.15%    passed     89.55%
  43  PygAde    2.66%    failed      0.25%
  44  StrCam   10.80%    failed      1.86%
  45  TaeGut   12.90%    failed      0.00%
  46  TauEry    6.15%    passed     87.21%
  47  TinGut   24.45%    failed      0.51%
  48  TytAlb    9.62%    failed      0.00%
****  TOTAL     8.10%  24 sequences failed composition chi2 test (p-value<5%; df=3)
Reading tree Jarvis_Renamed.nwk ...
rooted tree with 48 taxa and 95 branches
Computing site concordance factor...
0.217 sec
Tree with concordance factors written to concord_M23_five_prime_UTR.cf.tree
Tree with branch IDs written to concord_M23_five_prime_UTR.cf.branch
Concordance factors per branch printed to concord_M23_five_prime_UTR.cf.stat
Date and Time: Fri Nov 15 17:36:01 2019
