IQ-TREE multicore version 1.7-beta16 for Linux 64-bit built Sep 24 2019
Developed by Bui Quang Minh, Nguyen Lam Tung, Olga Chernomor,
Heiko Schmidt, Dominik Schrempf, Michael Woodhams.

Host:    n056.cluster.com (AVX, 125 GB RAM)
Command: iqtree -t Jarvis_Renamed.nwk -s M6_CDS --scf 500 --prefix concord_M6_CDS -nt 20
Seed:    858788 (Using SPRNG - Scalable Parallel Random Number Generator)
Time:    Fri Nov 15 18:09:07 2019
Kernel:  AVX - 20 threads (20 CPU cores detected)

Reading alignment file M6_CDS ... Phylip format detected
Alignment most likely contains DNA/RNA sequences
Alignment has 48 sequences with 235407 columns, 210771 distinct patterns
235407 parsimony-informative, 0 singleton sites, 0 constant sites
        Gap/Ambiguity  Composition  p-value
   1  AcaChl    4.44%    failed      0.00%
   2  AnaPla    3.98%    passed     85.36%
   3  AntCar    4.54%    failed      0.00%
   4  ApaVit    3.90%    failed      0.00%
   5  AptFor    3.08%    failed      0.00%
   6  BalReg    1.97%    failed      0.00%
   7  BucRhi    3.01%    failed      0.00%
   8  CalAnn    2.53%    passed      7.57%
   9  CarCri    2.58%    failed      0.00%
  10  CatAur    8.19%    failed      0.00%
  11  ChaPel    2.65%    failed      0.03%
  12  ChaVoc    2.04%    failed      0.00%
  13  ChlMac    2.18%    failed      0.00%
  14  ColLiv    2.76%    failed      0.00%
  15  ColStr    4.01%    failed      0.00%
  16  CorBra    3.94%    failed      0.00%
  17  CucCan    2.60%    failed      0.00%
  18  EgrGar    1.54%    failed      0.00%
  19  EurHel    3.11%    failed      0.00%
  20  FalPer    3.22%    failed      0.00%
  21  FulGla    1.58%    failed      0.00%
  22  GalGal    4.27%    failed      2.64%
  23  GavSte    2.05%    failed      0.00%
  24  GeoFor    6.63%    failed      0.00%
  25  HalAlb    3.86%    failed      0.00%
  26  HalLeu    0.96%    failed      0.00%
  27  LepDis    1.84%    failed      0.71%
  28  ManVit    5.50%    failed      0.00%
  29  MelGal    2.61%    failed      0.00%
  30  MelUnd    3.61%    failed      0.00%
  31  MerNub    4.38%    failed      0.00%
  32  MesUni    2.69%    failed      0.00%
  33  NesNot    2.63%    failed      0.00%
  34  NipNip    2.35%    failed      0.00%
  35  OpiHoa    3.41%    failed      1.37%
  36  PelCri    1.62%    failed      0.00%
  37  PhaCar    2.74%    failed      0.00%
  38  PhaLep    1.34%    failed      0.00%
  39  PhoRub    1.81%    failed      0.00%
  40  PicPub    5.54%    failed      0.00%
  41  PodCri    2.11%    failed      0.00%
  42  PteGut    2.73%    failed      0.00%
  43  PygAde    2.52%    failed      0.00%
  44  StrCam    2.45%    failed      0.00%
  45  TaeGut    5.85%    failed      0.00%
  46  TauEry    1.82%    passed      8.29%
  47  TinGut   14.12%    failed      0.00%
  48  TytAlb    3.39%    failed      0.00%
****  TOTAL     3.39%  45 sequences failed composition chi2 test (p-value<5%; df=3)
Reading tree Jarvis_Renamed.nwk ...
rooted tree with 48 taxa and 95 branches
Computing site concordance factor...
13.011 sec
Tree with concordance factors written to concord_M6_CDS.cf.tree
Tree with branch IDs written to concord_M6_CDS.cf.branch
Concordance factors per branch printed to concord_M6_CDS.cf.stat
Date and Time: Fri Nov 15 18:09:22 2019
