IQ-TREE multicore version 1.7-beta16 for Linux 64-bit built Sep 24 2019
Developed by Bui Quang Minh, Nguyen Lam Tung, Olga Chernomor,
Heiko Schmidt, Dominik Schrempf, Michael Woodhams.

Host:    n056.cluster.com (AVX, 125 GB RAM)
Command: iqtree -t Jarvis_Renamed.nwk -s M0_intergenic --scf 500 --prefix concord_M0_intergenic -nt 20
Seed:    672512 (Using SPRNG - Scalable Parallel Random Number Generator)
Time:    Fri Nov 15 15:53:25 2019
Kernel:  AVX - 20 threads (20 CPU cores detected)

Reading alignment file M0_intergenic ... Phylip format detected
Alignment most likely contains DNA/RNA sequences
Alignment has 48 sequences with 217458 columns, 117211 distinct patterns
217458 parsimony-informative, 0 singleton sites, 0 constant sites
        Gap/Ambiguity  Composition  p-value
   1  AcaChl    0.00%    failed      0.75%
   2  AnaPla    0.00%    passed     86.96%
   3  AntCar    0.00%    failed      0.00%
   4  ApaVit    0.00%    passed     76.97%
   5  AptFor    0.00%    failed      0.78%
   6  BalReg    0.00%    failed      0.00%
   7  BucRhi    0.00%    failed      0.00%
   8  CalAnn    0.00%    passed     87.96%
   9  CarCri    0.00%    failed      0.00%
  10  CatAur    0.00%    failed      0.00%
  11  ChaPel    0.00%    failed      4.36%
  12  ChaVoc    0.00%    passed     66.68%
  13  ChlMac    0.00%    passed     15.96%
  14  ColLiv    0.00%    passed     99.27%
  15  ColStr    0.00%    failed      0.01%
  16  CorBra    0.00%    failed      0.00%
  17  CucCan    0.00%    failed      0.00%
  18  EgrGar    0.00%    passed     35.87%
  19  EurHel    0.00%    passed     50.71%
  20  FalPer    0.00%    failed      0.00%
  21  FulGla    0.00%    failed      0.00%
  22  GalGal    0.00%    failed      0.00%
  23  GavSte    0.00%    failed      0.00%
  24  GeoFor    0.00%    failed      0.00%
  25  HalAlb    0.00%    passed      8.18%
  26  HalLeu    0.00%    passed      8.83%
  27  LepDis    0.00%    failed      0.25%
  28  ManVit    0.00%    passed     82.76%
  29  MelGal    0.00%    failed      0.00%
  30  MelUnd    0.00%    passed     92.61%
  31  MerNub    0.00%    failed      0.11%
  32  MesUni    0.00%    passed     37.06%
  33  NesNot    0.00%    passed     97.19%
  34  NipNip    0.00%    failed      0.00%
  35  OpiHoa    0.00%    passed     16.60%
  36  PelCri    0.00%    failed      0.01%
  37  PhaCar    0.00%    failed      0.60%
  38  PhaLep    0.00%    passed      8.25%
  39  PhoRub    0.00%    passed     73.30%
  40  PicPub    0.00%    failed      0.00%
  41  PodCri    0.00%    failed      0.16%
  42  PteGut    0.00%    passed     83.15%
  43  PygAde    0.00%    failed      1.02%
  44  StrCam    0.00%    failed      3.33%
  45  TaeGut    0.00%    failed      0.01%
  46  TauEry    0.00%    passed     31.92%
  47  TinGut    0.00%    failed      0.00%
  48  TytAlb    0.00%    failed      0.00%
****  TOTAL     0.00%  29 sequences failed composition chi2 test (p-value<5%; df=3)
Reading tree Jarvis_Renamed.nwk ...
rooted tree with 48 taxa and 95 branches
Computing site concordance factor...
7.255 sec
Tree with concordance factors written to concord_M0_intergenic.cf.tree
Tree with branch IDs written to concord_M0_intergenic.cf.branch
Concordance factors per branch printed to concord_M0_intergenic.cf.stat
Date and Time: Fri Nov 15 15:53:34 2019
