IQ-TREE multicore version 1.7-beta16 for Linux 64-bit built Sep 24 2019
Developed by Bui Quang Minh, Nguyen Lam Tung, Olga Chernomor,
Heiko Schmidt, Dominik Schrempf, Michael Woodhams.

Host:    n056.cluster.com (AVX, 125 GB RAM)
Command: iqtree -t Jarvis_Renamed.nwk -s M16_three_prime_UTR --scf 500 --prefix concord_M16_three_prime_UTR -nt 20
Seed:    216358 (Using SPRNG - Scalable Parallel Random Number Generator)
Time:    Fri Nov 15 16:44:51 2019
Kernel:  AVX - 20 threads (20 CPU cores detected)

Reading alignment file M16_three_prime_UTR ... Phylip format detected
Alignment most likely contains DNA/RNA sequences
Alignment has 48 sequences with 64692 columns, 61068 distinct patterns
64692 parsimony-informative, 0 singleton sites, 0 constant sites
        Gap/Ambiguity  Composition  p-value
   1  AcaChl   11.42%    failed      0.00%
   2  AnaPla    9.47%    failed      0.00%
   3  AntCar    6.76%    failed      0.00%
   4  ApaVit    7.99%    failed      0.03%
   5  AptFor    5.00%    failed      0.00%
   6  BalReg    4.24%    failed      0.00%
   7  BucRhi   10.24%    failed      0.00%
   8  CalAnn    8.78%    passed      5.78%
   9  CarCri    4.60%    failed      0.00%
  10  CatAur    6.36%    failed      0.00%
  11  ChaPel    6.28%    passed     25.28%
  12  ChaVoc    2.68%    failed      0.00%
  13  ChlMac    5.11%    passed     72.81%
  14  ColLiv    6.20%    failed      0.03%
  15  ColStr   12.02%    failed      0.00%
  16  CorBra    9.84%    failed      0.00%
  17  CucCan    6.57%    passed     25.25%
  18  EgrGar    3.68%    passed     93.23%
  19  EurHel   10.18%    failed      0.00%
  20  FalPer    5.86%    failed      0.00%
  21  FulGla    2.80%    failed      0.00%
  22  GalGal    5.85%    failed      1.12%
  23  GavSte    3.71%    failed      0.00%
  24  GeoFor   12.52%    failed      0.00%
  25  HalAlb    4.73%    failed      0.00%
  26  HalLeu    1.97%    failed      0.00%
  27  LepDis    4.22%    passed     53.57%
  28  ManVit    9.76%    failed      0.00%
  29  MelGal    8.73%    passed     67.79%
  30  MelUnd    7.09%    failed      0.00%
  31  MerNub   10.13%    failed      0.00%
  32  MesUni    6.87%    failed      0.00%
  33  NesNot    6.40%    failed      0.11%
  34  NipNip    3.39%    failed      0.00%
  35  OpiHoa    4.22%    failed      0.00%
  36  PelCri    3.49%    failed      0.00%
  37  PhaCar    6.00%    passed     12.84%
  38  PhaLep    3.27%    failed      0.00%
  39  PhoRub    3.28%    passed      8.50%
  40  PicPub   19.63%    failed      0.00%
  41  PodCri    5.02%    failed      3.62%
  42  PteGut    5.14%    failed      0.00%
  43  PygAde    4.58%    failed      0.00%
  44  StrCam    9.95%    failed      0.00%
  45  TaeGut   12.58%    failed      0.00%
  46  TauEry    4.09%    passed     55.09%
  47  TinGut   23.59%    failed      0.00%
  48  TytAlb    5.98%    failed      0.00%
****  TOTAL     7.13%  38 sequences failed composition chi2 test (p-value<5%; df=3)
Reading tree Jarvis_Renamed.nwk ...
rooted tree with 48 taxa and 95 branches
Computing site concordance factor...
1.728 sec
Tree with concordance factors written to concord_M16_three_prime_UTR.cf.tree
Tree with branch IDs written to concord_M16_three_prime_UTR.cf.branch
Concordance factors per branch printed to concord_M16_three_prime_UTR.cf.stat
Date and Time: Fri Nov 15 16:44:53 2019
