IQ-TREE multicore version 1.7-beta16 for Linux 64-bit built Sep 24 2019
Developed by Bui Quang Minh, Nguyen Lam Tung, Olga Chernomor,
Heiko Schmidt, Dominik Schrempf, Michael Woodhams.

Host:    n056.cluster.com (AVX, 125 GB RAM)
Command: iqtree -t Jarvis_Renamed.nwk -s M6_three_prime_UTR --scf 500 --prefix concord_M6_three_prime_UTR -nt 20
Seed:    55792 (Using SPRNG - Scalable Parallel Random Number Generator)
Time:    Fri Nov 15 18:12:40 2019
Kernel:  AVX - 20 threads (20 CPU cores detected)

Reading alignment file M6_three_prime_UTR ... Phylip format detected
Alignment most likely contains DNA/RNA sequences
Alignment has 48 sequences with 53453 columns, 49830 distinct patterns
53453 parsimony-informative, 0 singleton sites, 0 constant sites
        Gap/Ambiguity  Composition  p-value
   1  AcaChl    5.96%    failed      0.00%
   2  AnaPla    6.07%    failed      0.00%
   3  AntCar    4.68%    failed      0.00%
   4  ApaVit    4.11%    failed      0.08%
   5  AptFor    2.86%    failed      0.00%
   6  BalReg    2.52%    failed      0.00%
   7  BucRhi    5.64%    failed      0.00%
   8  CalAnn    4.69%    passed      9.99%
   9  CarCri    2.52%    failed      0.00%
  10  CatAur    4.41%    failed      0.00%
  11  ChaPel    3.45%    passed      8.01%
  12  ChaVoc    1.88%    failed      0.00%
  13  ChlMac    2.52%    passed     80.96%
  14  ColLiv    3.59%    failed      2.28%
  15  ColStr    6.89%    failed      0.00%
  16  CorBra    4.11%    failed      0.00%
  17  CucCan    3.59%    passed     42.14%
  18  EgrGar    2.19%    passed     88.32%
  19  EurHel    5.63%    failed      0.00%
  20  FalPer    3.39%    failed      0.00%
  21  FulGla    1.70%    failed      0.00%
  22  GalGal    4.76%    passed      5.57%
  23  GavSte    2.21%    failed      0.00%
  24  GeoFor    5.91%    failed      0.00%
  25  HalAlb    2.89%    failed      0.00%
  26  HalLeu    1.22%    failed      0.00%
  27  LepDis    2.33%    passed     66.93%
  28  ManVit    4.39%    failed      0.00%
  29  MelGal    5.29%    passed     77.31%
  30  MelUnd    4.16%    failed      0.00%
  31  MerNub    5.85%    failed      0.00%
  32  MesUni    3.85%    failed      0.01%
  33  NesNot    3.41%    failed      3.23%
  34  NipNip    2.26%    failed      0.00%
  35  OpiHoa    2.69%    failed      0.05%
  36  PelCri    1.88%    failed      0.00%
  37  PhaCar    2.83%    passed     10.49%
  38  PhaLep    1.88%    failed      0.00%
  39  PhoRub    1.94%    failed      3.01%
  40  PicPub   14.09%    failed      0.00%
  41  PodCri    2.93%    failed      2.33%
  42  PteGut    2.74%    failed      0.00%
  43  PygAde    3.43%    failed      0.00%
  44  StrCam    5.55%    failed      0.00%
  45  TaeGut    6.29%    failed      0.00%
  46  TauEry    2.00%    passed     78.64%
  47  TinGut   17.78%    failed      0.00%
  48  TytAlb    3.30%    failed      0.00%
****  TOTAL     4.17%  38 sequences failed composition chi2 test (p-value<5%; df=3)
Reading tree Jarvis_Renamed.nwk ...
rooted tree with 48 taxa and 95 branches
Computing site concordance factor...
1.077 sec
Tree with concordance factors written to concord_M6_three_prime_UTR.cf.tree
Tree with branch IDs written to concord_M6_three_prime_UTR.cf.branch
Concordance factors per branch printed to concord_M6_three_prime_UTR.cf.stat
Date and Time: Fri Nov 15 18:12:41 2019
