IQ-TREE multicore version 1.7-beta16 for Linux 64-bit built Sep 24 2019
Developed by Bui Quang Minh, Nguyen Lam Tung, Olga Chernomor,
Heiko Schmidt, Dominik Schrempf, Michael Woodhams.

Host:    n056.cluster.com (AVX, 125 GB RAM)
Command: iqtree -t Jarvis_Renamed.nwk -s M18_AllUniquelyMapped --scf 500 --prefix concord_M18_AllUniquelyMapped -nt 20
Seed:    651314 (Using SPRNG - Scalable Parallel Random Number Generator)
Time:    Fri Nov 15 16:52:18 2019
Kernel:  AVX - 20 threads (20 CPU cores detected)

Reading alignment file M18_AllUniquelyMapped ... Phylip format detected
Alignment most likely contains DNA/RNA sequences
Alignment has 48 sequences with 3427300 columns, 3004072 distinct patterns
3427300 parsimony-informative, 0 singleton sites, 0 constant sites
        Gap/Ambiguity  Composition  p-value
   1  AcaChl   12.33%    failed      0.00%
   2  AnaPla   12.17%    failed      0.00%
   3  AntCar    7.74%    failed      0.00%
   4  ApaVit    9.98%    failed      0.00%
   5  AptFor    5.19%    failed      0.00%
   6  BalReg    4.33%    failed      0.00%
   7  BucRhi   10.06%    failed      0.00%
   8  CalAnn   13.76%    failed      0.00%
   9  CarCri    5.64%    failed      0.00%
  10  CatAur   10.08%    failed      0.00%
  11  ChaPel    9.64%    failed      0.00%
  12  ChaVoc    3.33%    passed      5.67%
  13  ChlMac    6.38%    failed      0.00%
  14  ColLiv    7.74%    failed      0.00%
  15  ColStr   12.46%    failed      0.00%
  16  CorBra   12.46%    failed      0.00%
  17  CucCan    9.10%    failed      0.00%
  18  EgrGar    4.02%    failed      0.00%
  19  EurHel    7.54%    failed      0.00%
  20  FalPer    7.10%    failed      0.00%
  21  FulGla    3.40%    failed      0.00%
  22  GalGal    6.06%    failed      0.00%
  23  GavSte    4.27%    failed      0.00%
  24  GeoFor   16.92%    failed      0.00%
  25  HalAlb    5.75%    failed      0.00%
  26  HalLeu    2.40%    failed      0.00%
  27  LepDis    4.55%    failed      0.00%
  28  ManVit   11.16%    failed      0.00%
  29  MelGal   13.07%    passed     10.72%
  30  MelUnd    9.13%    failed      0.00%
  31  MerNub   10.20%    failed      0.00%
  32  MesUni    7.98%    failed      0.00%
  33  NesNot    7.74%    passed     12.07%
  34  NipNip    3.42%    failed      0.00%
  35  OpiHoa    4.65%    failed      0.00%
  36  PelCri    3.58%    failed      0.00%
  37  PhaCar    6.51%    failed      0.00%
  38  PhaLep    4.18%    failed      0.00%
  39  PhoRub    3.66%    failed      0.00%
  40  PicPub   20.25%    failed      0.00%
  41  PodCri    5.71%    failed      0.00%
  42  PteGut    7.16%    passed     40.87%
  43  PygAde    4.06%    failed      0.00%
  44  StrCam   16.13%    failed      0.00%
  45  TaeGut   16.91%    failed      0.00%
  46  TauEry    4.84%    failed      0.00%
  47  TinGut   33.49%    failed      0.00%
  48  TytAlb    7.09%    failed      0.00%
****  TOTAL     8.65%  44 sequences failed composition chi2 test (p-value<5%; df=3)
Reading tree Jarvis_Renamed.nwk ...
rooted tree with 48 taxa and 95 branches
Computing site concordance factor...
163.113 sec
Tree with concordance factors written to concord_M18_AllUniquelyMapped.cf.tree
Tree with branch IDs written to concord_M18_AllUniquelyMapped.cf.branch
Concordance factors per branch printed to concord_M18_AllUniquelyMapped.cf.stat
Date and Time: Fri Nov 15 16:55:23 2019
