IQ-TREE multicore version 1.7-beta16 for Linux 64-bit built Sep 24 2019
Developed by Bui Quang Minh, Nguyen Lam Tung, Olga Chernomor,
Heiko Schmidt, Dominik Schrempf, Michael Woodhams.

Host:    n056.cluster.com (AVX, 125 GB RAM)
Command: iqtree -t Jarvis_Renamed.nwk -s M13_gene --scf 500 --prefix concord_M13_gene -nt 20
Seed:    998815 (Using SPRNG - Scalable Parallel Random Number Generator)
Time:    Fri Nov 15 16:18:10 2019
Kernel:  AVX - 20 threads (20 CPU cores detected)

Reading alignment file M13_gene ... Phylip format detected
Alignment most likely contains DNA/RNA sequences
Alignment has 48 sequences with 1517941 columns, 1353305 distinct patterns
1517941 parsimony-informative, 0 singleton sites, 0 constant sites
        Gap/Ambiguity  Composition  p-value
   1  AcaChl   10.59%    failed      0.00%
   2  AnaPla   10.56%    failed      0.19%
   3  AntCar    6.60%    failed      0.00%
   4  ApaVit    8.43%    failed      0.00%
   5  AptFor    4.59%    failed      0.00%
   6  BalReg    3.63%    failed      0.00%
   7  BucRhi    8.50%    failed      0.00%
   8  CalAnn   11.02%    failed      0.00%
   9  CarCri    4.76%    failed      0.00%
  10  CatAur    8.70%    failed      0.00%
  11  ChaPel    7.56%    failed      0.00%
  12  ChaVoc    2.94%    failed      0.00%
  13  ChlMac    5.19%    passed     65.30%
  14  ColLiv    6.64%    failed      0.00%
  15  ColStr   10.38%    failed      0.00%
  16  CorBra   10.45%    failed      0.00%
  17  CucCan    7.31%    failed      0.00%
  18  EgrGar    3.30%    passed     44.26%
  19  EurHel    6.60%    failed      0.00%
  20  FalPer    6.09%    failed      0.00%
  21  FulGla    2.82%    failed      0.00%
  22  GalGal    5.86%    failed      0.00%
  23  GavSte    3.64%    failed      0.00%
  24  GeoFor   14.54%    failed      0.00%
  25  HalAlb    5.02%    failed      0.00%
  26  HalLeu    1.95%    failed      0.00%
  27  LepDis    3.78%    failed      0.00%
  28  ManVit    9.60%    failed      0.00%
  29  MelGal   11.59%    passed     76.15%
  30  MelUnd    7.57%    failed      0.00%
  31  MerNub    8.81%    failed      0.00%
  32  MesUni    6.68%    failed      0.00%
  33  NesNot    6.31%    passed     96.81%
  34  NipNip    2.96%    failed      0.00%
  35  OpiHoa    4.02%    failed      0.00%
  36  PelCri    2.92%    failed      0.00%
  37  PhaCar    5.49%    failed      0.00%
  38  PhaLep    3.26%    failed      0.00%
  39  PhoRub    2.98%    passed     32.13%
  40  PicPub   17.18%    failed      0.00%
  41  PodCri    4.63%    failed      0.00%
  42  PteGut    5.78%    failed      1.97%
  43  PygAde    3.57%    failed      0.00%
  44  StrCam   14.21%    failed      0.00%
  45  TaeGut   14.46%    failed      0.00%
  46  TauEry    3.95%    failed      0.00%
  47  TinGut   32.27%    failed      0.00%
  48  TytAlb    5.90%    failed      0.00%
****  TOTAL     7.41%  43 sequences failed composition chi2 test (p-value<5%; df=3)
Reading tree Jarvis_Renamed.nwk ...
rooted tree with 48 taxa and 95 branches
Computing site concordance factor...
74.962 sec
Tree with concordance factors written to concord_M13_gene.cf.tree
Tree with branch IDs written to concord_M13_gene.cf.branch
Concordance factors per branch printed to concord_M13_gene.cf.stat
Date and Time: Fri Nov 15 16:19:34 2019
