IQ-TREE multicore version 1.7-beta16 for Linux 64-bit built Sep 24 2019
Developed by Bui Quang Minh, Nguyen Lam Tung, Olga Chernomor,
Heiko Schmidt, Dominik Schrempf, Michael Woodhams.

Host:    n056.cluster.com (AVX, 125 GB RAM)
Command: iqtree -t Jarvis_Renamed.nwk -s M0_five_prime_UTR --scf 500 --prefix concord_M0_five_prime_UTR -nt 20
Seed:    871896 (Using SPRNG - Scalable Parallel Random Number Generator)
Time:    Fri Nov 15 15:53:16 2019
Kernel:  AVX - 20 threads (20 CPU cores detected)

Reading alignment file M0_five_prime_UTR ... Phylip format detected
Alignment most likely contains DNA/RNA sequences
Alignment has 48 sequences with 1832 columns, 1642 distinct patterns
1832 parsimony-informative, 0 singleton sites, 0 constant sites
        Gap/Ambiguity  Composition  p-value
   1  AcaChl    0.00%    passed     36.92%
   2  AnaPla    0.00%    passed     58.82%
   3  AntCar    0.00%    passed     78.76%
   4  ApaVit    0.00%    passed     92.39%
   5  AptFor    0.00%    passed     65.12%
   6  BalReg    0.00%    passed     70.90%
   7  BucRhi    0.00%    passed     52.03%
   8  CalAnn    0.00%    passed     64.31%
   9  CarCri    0.00%    passed     97.79%
  10  CatAur    0.00%    passed     50.64%
  11  ChaPel    0.00%    passed     56.84%
  12  ChaVoc    0.00%    passed     81.18%
  13  ChlMac    0.00%    passed     86.28%
  14  ColLiv    0.00%    passed     40.43%
  15  ColStr    0.00%    passed     91.42%
  16  CorBra    0.00%    passed     78.20%
  17  CucCan    0.00%    passed     93.45%
  18  EgrGar    0.00%    passed     87.10%
  19  EurHel    0.00%    passed     79.49%
  20  FalPer    0.00%    passed     61.79%
  21  FulGla    0.00%    passed     78.19%
  22  GalGal    0.00%    failed      0.60%
  23  GavSte    0.00%    passed     80.04%
  24  GeoFor    0.00%    passed     28.61%
  25  HalAlb    0.00%    passed     76.87%
  26  HalLeu    0.00%    passed     76.87%
  27  LepDis    0.00%    passed     88.30%
  28  ManVit    0.00%    passed     84.48%
  29  MelGal    0.00%    passed     21.93%
  30  MelUnd    0.00%    passed     88.48%
  31  MerNub    0.00%    passed     24.54%
  32  MesUni    0.00%    passed     81.72%
  33  NesNot    0.00%    passed     82.92%
  34  NipNip    0.00%    passed     87.49%
  35  OpiHoa    0.00%    passed     89.98%
  36  PelCri    0.00%    passed     60.37%
  37  PhaCar    0.00%    passed     57.75%
  38  PhaLep    0.00%    passed     89.62%
  39  PhoRub    0.00%    passed     91.19%
  40  PicPub    0.00%    passed     10.87%
  41  PodCri    0.00%    passed     64.71%
  42  PteGut    0.00%    passed     97.38%
  43  PygAde    0.00%    passed     57.12%
  44  StrCam    0.00%    passed     52.76%
  45  TaeGut    0.00%    passed     37.92%
  46  TauEry    0.00%    passed     96.54%
  47  TinGut    0.00%    passed     52.01%
  48  TytAlb    0.00%    passed     70.76%
****  TOTAL     0.00%  1 sequences failed composition chi2 test (p-value<5%; df=3)
Reading tree Jarvis_Renamed.nwk ...
rooted tree with 48 taxa and 95 branches
Computing site concordance factor...
0.056 sec
Tree with concordance factors written to concord_M0_five_prime_UTR.cf.tree
Tree with branch IDs written to concord_M0_five_prime_UTR.cf.branch
Concordance factors per branch printed to concord_M0_five_prime_UTR.cf.stat
Date and Time: Fri Nov 15 15:53:17 2019
