IQ-TREE multicore version 1.7-beta16 for Linux 64-bit built Sep 24 2019
Developed by Bui Quang Minh, Nguyen Lam Tung, Olga Chernomor,
Heiko Schmidt, Dominik Schrempf, Michael Woodhams.

Host:    n056.cluster.com (AVX, 125 GB RAM)
Command: iqtree -t Jarvis_Renamed.nwk -s M1_smRNA --scf 500 --prefix concord_M1_smRNA -nt 20
Seed:    276641 (Using SPRNG - Scalable Parallel Random Number Generator)
Time:    Fri Nov 15 17:09:36 2019
Kernel:  AVX - 20 threads (20 CPU cores detected)

Reading alignment file M1_smRNA ... Phylip format detected
Alignment most likely contains DNA/RNA sequences
Alignment has 48 sequences with 358 columns, 351 distinct patterns
358 parsimony-informative, 0 singleton sites, 0 constant sites
        Gap/Ambiguity  Composition  p-value
   1  AcaChl    1.12%    passed     54.09%
   2  AnaPla    0.84%    passed     94.97%
   3  AntCar    1.68%    passed     91.53%
   4  ApaVit    0.28%    passed     78.82%
   5  AptFor    0.56%    passed     98.13%
   6  BalReg    1.12%    passed     97.92%
   7  BucRhi    4.19%    passed     90.51%
   8  CalAnn    1.12%    passed     88.61%
   9  CarCri    0.28%    passed     97.39%
  10  CatAur    1.12%    passed     97.15%
  11  ChaPel    1.12%    passed     95.67%
  12  ChaVoc    1.12%    passed     97.71%
  13  ChlMac    0.56%    passed     91.09%
  14  ColLiv    0.84%    passed     96.82%
  15  ColStr    1.96%    passed     51.00%
  16  CorBra    0.84%    passed     67.18%
  17  CucCan    1.12%    passed     75.85%
  18  EgrGar    0.84%    passed     93.52%
  19  EurHel    1.40%    passed     99.07%
  20  FalPer    0.84%    passed     70.52%
  21  FulGla    0.00%    passed     96.78%
  22  GalGal    1.68%    passed     79.81%
  23  GavSte    1.12%    passed     94.31%
  24  GeoFor    0.84%    passed     34.16%
  25  HalAlb    1.68%    passed     87.81%
  26  HalLeu    0.28%    passed     80.35%
  27  LepDis    0.56%    passed     96.49%
  28  ManVit    0.00%    passed     80.99%
  29  MelGal    0.28%    passed     97.30%
  30  MelUnd    1.12%    passed     73.39%
  31  MerNub    0.84%    passed     98.73%
  32  MesUni    0.00%    passed     98.67%
  33  NesNot    0.00%    passed     90.18%
  34  NipNip    0.56%    passed     93.23%
  35  OpiHoa    0.56%    passed     99.44%
  36  PelCri    0.28%    passed     95.55%
  37  PhaCar    1.12%    passed     99.39%
  38  PhaLep    0.84%    passed     86.98%
  39  PhoRub    0.28%    passed     99.79%
  40  PicPub    1.40%    passed     95.47%
  41  PodCri    0.28%    passed     95.73%
  42  PteGut    0.56%    passed     95.42%
  43  PygAde    1.12%    passed     96.89%
  44  StrCam    0.56%    passed     79.04%
  45  TaeGut    1.96%    passed     97.37%
  46  TauEry    0.84%    passed     99.83%
  47  TinGut    5.03%    passed     88.99%
  48  TytAlb    0.28%    passed     96.68%
****  TOTAL     0.98%  0 sequences failed composition chi2 test (p-value<5%; df=3)
Reading tree Jarvis_Renamed.nwk ...
rooted tree with 48 taxa and 95 branches
Computing site concordance factor...
0.026 sec
Tree with concordance factors written to concord_M1_smRNA.cf.tree
Tree with branch IDs written to concord_M1_smRNA.cf.branch
Concordance factors per branch printed to concord_M1_smRNA.cf.stat
Date and Time: Fri Nov 15 17:09:36 2019
