IQ-TREE multicore version 1.7-beta16 for Linux 64-bit built Sep 24 2019
Developed by Bui Quang Minh, Nguyen Lam Tung, Olga Chernomor,
Heiko Schmidt, Dominik Schrempf, Michael Woodhams.

Host:    n056.cluster.com (AVX, 125 GB RAM)
Command: iqtree -t Jarvis_Renamed.nwk -s M13_five_prime_UTR --scf 500 --prefix concord_M13_five_prime_UTR -nt 20
Seed:    399543 (Using SPRNG - Scalable Parallel Random Number Generator)
Time:    Fri Nov 15 16:18:09 2019
Kernel:  AVX - 20 threads (20 CPU cores detected)

Reading alignment file M13_five_prime_UTR ... Phylip format detected
Alignment most likely contains DNA/RNA sequences
Alignment has 48 sequences with 8756 columns, 8550 distinct patterns
8756 parsimony-informative, 0 singleton sites, 0 constant sites
        Gap/Ambiguity  Composition  p-value
   1  AcaChl    7.88%    failed      0.51%
   2  AnaPla    9.58%    failed      2.81%
   3  AntCar    6.01%    passed     39.89%
   4  ApaVit    7.42%    passed     57.49%
   5  AptFor    4.32%    failed      0.72%
   6  BalReg    2.91%    failed      1.29%
   7  BucRhi    5.79%    passed      5.32%
   8  CalAnn    6.30%    passed     85.91%
   9  CarCri    5.73%    failed      2.84%
  10  CatAur    8.82%    failed      0.55%
  11  ChaPel    5.22%    passed     99.81%
  12  ChaVoc    2.66%    passed     74.16%
  13  ChlMac    5.92%    passed     86.41%
  14  ColLiv    5.29%    passed     28.35%
  15  ColStr    8.91%    passed     86.23%
  16  CorBra    8.46%    failed      0.03%
  17  CucCan    4.20%    passed     92.44%
  18  EgrGar    3.11%    passed     92.99%
  19  EurHel    7.04%    passed     33.56%
  20  FalPer    4.80%    failed      1.24%
  21  FulGla    2.64%    passed      8.02%
  22  GalGal    4.80%    failed      0.00%
  23  GavSte    2.57%    failed      1.52%
  24  GeoFor   11.61%    failed      0.00%
  25  HalAlb    7.53%    failed      0.56%
  26  HalLeu    1.45%    failed      2.31%
  27  LepDis    3.05%    passed     54.76%
  28  ManVit    8.99%    failed      0.46%
  29  MelGal    6.30%    failed      0.00%
  30  MelUnd    5.15%    passed     99.45%
  31  MerNub    7.97%    failed      0.87%
  32  MesUni    7.34%    passed     24.53%
  33  NesNot    6.32%    passed     99.62%
  34  NipNip    2.78%    failed      1.07%
  35  OpiHoa    2.94%    passed     14.67%
  36  PelCri    2.78%    failed      3.91%
  37  PhaCar    6.20%    passed     17.45%
  38  PhaLep    2.73%    passed     40.37%
  39  PhoRub    3.25%    passed     38.21%
  40  PicPub    9.10%    failed      0.00%
  41  PodCri    5.03%    passed     14.96%
  42  PteGut    4.91%    passed     85.13%
  43  PygAde    2.38%    failed      0.45%
  44  StrCam    8.01%    passed      5.56%
  45  TaeGut   10.36%    failed      0.00%
  46  TauEry    3.77%    passed     84.56%
  47  TinGut   21.84%    failed      0.36%
  48  TytAlb    6.98%    failed      0.00%
****  TOTAL     6.02%  23 sequences failed composition chi2 test (p-value<5%; df=3)
Reading tree Jarvis_Renamed.nwk ...
rooted tree with 48 taxa and 95 branches
Computing site concordance factor...
0.204 sec
Tree with concordance factors written to concord_M13_five_prime_UTR.cf.tree
Tree with branch IDs written to concord_M13_five_prime_UTR.cf.branch
Concordance factors per branch printed to concord_M13_five_prime_UTR.cf.stat
Date and Time: Fri Nov 15 16:18:09 2019
