IQ-TREE multicore version 1.7-beta16 for Linux 64-bit built Sep 24 2019
Developed by Bui Quang Minh, Nguyen Lam Tung, Olga Chernomor,
Heiko Schmidt, Dominik Schrempf, Michael Woodhams.

Host:    n056.cluster.com (AVX, 125 GB RAM)
Command: iqtree -t Jarvis_Renamed.nwk -s M5_AllUniquelyMapped --scf 500 --prefix concord_M5_AllUniquelyMapped -nt 20
Seed:    496596 (Using SPRNG - Scalable Parallel Random Number Generator)
Time:    Fri Nov 15 18:01:06 2019
Kernel:  AVX - 20 threads (20 CPU cores detected)

Reading alignment file M5_AllUniquelyMapped ... Phylip format detected
Alignment most likely contains DNA/RNA sequences
Alignment has 48 sequences with 2466089 columns, 2043002 distinct patterns
2466089 parsimony-informative, 0 singleton sites, 0 constant sites
        Gap/Ambiguity  Composition  p-value
   1  AcaChl    4.50%    failed      0.00%
   2  AnaPla    5.68%    failed      0.00%
   3  AntCar    4.50%    failed      0.00%
   4  ApaVit    3.82%    failed      0.00%
   5  AptFor    2.66%    failed      0.00%
   6  BalReg    2.00%    failed      0.00%
   7  BucRhi    4.20%    failed      0.00%
   8  CalAnn    5.60%    failed      0.00%
   9  CarCri    2.52%    failed      0.00%
  10  CatAur    6.36%    failed      0.00%
  11  ChaPel    4.11%    failed      0.00%
  12  ChaVoc    1.85%    failed      1.79%
  13  ChlMac    2.51%    failed      0.01%
  14  ColLiv    3.50%    failed      0.00%
  15  ColStr    5.03%    failed      0.00%
  16  CorBra    3.87%    failed      0.00%
  17  CucCan    3.97%    failed      0.00%
  18  EgrGar    1.85%    failed      0.00%
  19  EurHel    3.24%    failed      0.00%
  20  FalPer    3.05%    failed      0.00%
  21  FulGla    1.67%    failed      0.00%
  22  GalGal    4.42%    failed      0.00%
  23  GavSte    2.10%    failed      0.00%
  24  GeoFor    6.10%    failed      0.00%
  25  HalAlb    2.75%    failed      0.00%
  26  HalLeu    0.99%    failed      0.00%
  27  LepDis    2.08%    failed      0.00%
  28  ManVit    3.99%    failed      0.00%
  29  MelGal    6.08%    failed      0.04%
  30  MelUnd    4.34%    failed      0.00%
  31  MerNub    4.33%    failed      0.00%
  32  MesUni    3.37%    failed      0.00%
  33  NesNot    3.14%    passed     27.69%
  34  NipNip    2.06%    failed      0.00%
  35  OpiHoa    2.26%    failed      0.00%
  36  PelCri    1.67%    failed      0.00%
  37  PhaCar    2.89%    failed      0.00%
  38  PhaLep    1.83%    failed      0.00%
  39  PhoRub    1.77%    failed      0.00%
  40  PicPub   10.90%    failed      0.00%
  41  PodCri    2.44%    failed      0.00%
  42  PteGut    2.85%    passed     28.55%
  43  PygAde    2.66%    failed      0.00%
  44  StrCam    6.96%    failed      0.00%
  45  TaeGut    6.81%    failed      0.00%
  46  TauEry    1.88%    failed      0.00%
  47  TinGut   21.90%    failed      0.00%
  48  TytAlb    3.05%    failed      0.00%
****  TOTAL     4.00%  46 sequences failed composition chi2 test (p-value<5%; df=3)
Reading tree Jarvis_Renamed.nwk ...
rooted tree with 48 taxa and 95 branches
Computing site concordance factor...
130.385 sec
Tree with concordance factors written to concord_M5_AllUniquelyMapped.cf.tree
Tree with branch IDs written to concord_M5_AllUniquelyMapped.cf.branch
Concordance factors per branch printed to concord_M5_AllUniquelyMapped.cf.stat
Date and Time: Fri Nov 15 18:03:30 2019
