IQ-TREE multicore version 1.7-beta16 for Linux 64-bit built Sep 24 2019
Developed by Bui Quang Minh, Nguyen Lam Tung, Olga Chernomor,
Heiko Schmidt, Dominik Schrempf, Michael Woodhams.

Host:    n056.cluster.com (AVX, 125 GB RAM)
Command: iqtree -t Jarvis_Renamed.nwk -s M20_gene --scf 500 --prefix concord_M20_gene -nt 20
Seed:    855881 (Using SPRNG - Scalable Parallel Random Number Generator)
Time:    Fri Nov 15 17:12:55 2019
Kernel:  AVX - 20 threads (20 CPU cores detected)

Reading alignment file M20_gene ... Phylip format detected
Alignment most likely contains DNA/RNA sequences
Alignment has 48 sequences with 1616198 columns, 1451548 distinct patterns
1616198 parsimony-informative, 0 singleton sites, 0 constant sites
        Gap/Ambiguity  Composition  p-value
   1  AcaChl   13.27%    failed      0.00%
   2  AnaPla   12.46%    failed      0.05%
   3  AntCar    7.95%    failed      0.00%
   4  ApaVit   10.76%    failed      0.00%
   5  AptFor    5.53%    failed      0.00%
   6  BalReg    4.72%    failed      0.00%
   7  BucRhi   10.68%    failed      0.00%
   8  CalAnn   13.49%    failed      0.00%
   9  CarCri    6.03%    failed      0.00%
  10  CatAur    9.90%    failed      0.00%
  11  ChaPel    9.47%    failed      0.00%
  12  ChaVoc    3.66%    failed      0.00%
  13  ChlMac    6.81%    passed     53.16%
  14  ColLiv    8.35%    failed      0.00%
  15  ColStr   12.93%    failed      0.00%
  16  CorBra   13.22%    failed      0.00%
  17  CucCan    9.11%    failed      0.00%
  18  EgrGar    4.30%    failed      4.35%
  19  EurHel    8.40%    failed      0.00%
  20  FalPer    7.69%    failed      0.00%
  21  FulGla    3.58%    failed      0.00%
  22  GalGal    6.37%    failed      0.00%
  23  GavSte    4.59%    failed      0.00%
  24  GeoFor   17.60%    failed      0.00%
  25  HalAlb    6.26%    failed      0.00%
  26  HalLeu    2.65%    failed      0.00%
  27  LepDis    4.89%    failed      0.23%
  28  ManVit   12.14%    failed      0.00%
  29  MelGal   13.29%    passed     30.29%
  30  MelUnd    9.30%    failed      0.00%
  31  MerNub   10.98%    failed      0.00%
  32  MesUni    8.49%    failed      0.00%
  33  NesNot    8.19%    passed     91.63%
  34  NipNip    3.62%    failed      0.00%
  35  OpiHoa    5.03%    failed      0.00%
  36  PelCri    3.84%    failed      0.00%
  37  PhaCar    6.99%    failed      0.00%
  38  PhaLep    4.34%    failed      0.00%
  39  PhoRub    3.89%    passed     77.56%
  40  PicPub   19.78%    failed      0.00%
  41  PodCri    6.04%    failed      0.00%
  42  PteGut    7.56%    failed      2.07%
  43  PygAde    4.15%    failed      0.00%
  44  StrCam   16.62%    failed      0.00%
  45  TaeGut   17.27%    failed      0.00%
  46  TauEry    5.29%    failed      0.00%
  47  TinGut   34.80%    failed      0.00%
  48  TytAlb    7.53%    failed      0.00%
****  TOTAL     9.04%  44 sequences failed composition chi2 test (p-value<5%; df=3)
Reading tree Jarvis_Renamed.nwk ...
rooted tree with 48 taxa and 95 branches
Computing site concordance factor...
74.011 sec
Tree with concordance factors written to concord_M20_gene.cf.tree
Tree with branch IDs written to concord_M20_gene.cf.branch
Concordance factors per branch printed to concord_M20_gene.cf.stat
Date and Time: Fri Nov 15 17:14:20 2019
