IQ-TREE multicore version 1.7-beta16 for Linux 64-bit built Sep 24 2019
Developed by Bui Quang Minh, Nguyen Lam Tung, Olga Chernomor,
Heiko Schmidt, Dominik Schrempf, Michael Woodhams.

Host:    n056.cluster.com (AVX, 125 GB RAM)
Command: iqtree -t Jarvis_Renamed.nwk -s M24_CDS --scf 500 --prefix concord_M24_CDS -nt 20
Seed:    506037 (Using SPRNG - Scalable Parallel Random Number Generator)
Time:    Fri Nov 15 17:43:24 2019
Kernel:  AVX - 20 threads (20 CPU cores detected)

Reading alignment file M24_CDS ... Phylip format detected
Alignment most likely contains DNA/RNA sequences
Alignment has 48 sequences with 272993 columns, 248352 distinct patterns
272993 parsimony-informative, 0 singleton sites, 0 constant sites
        Gap/Ambiguity  Composition  p-value
   1  AcaChl    9.82%    failed      0.00%
   2  AnaPla    6.47%    passed     86.94%
   3  AntCar    7.53%    failed      0.00%
   4  ApaVit    8.62%    failed      0.00%
   5  AptFor    5.89%    failed      0.00%
   6  BalReg    4.44%    failed      0.00%
   7  BucRhi    6.54%    failed      0.00%
   8  CalAnn    5.66%    failed      2.02%
   9  CarCri    6.21%    failed      0.00%
  10  CatAur   11.44%    failed      0.00%
  11  ChaPel    5.00%    failed      0.00%
  12  ChaVoc    3.27%    failed      0.00%
  13  ChlMac    5.69%    failed      0.00%
  14  ColLiv    5.23%    failed      0.00%
  15  ColStr    8.73%    failed      0.00%
  16  CorBra    8.82%    failed      0.00%
  17  CucCan    4.74%    failed      0.00%
  18  EgrGar    3.23%    failed      0.00%
  19  EurHel    6.49%    failed      0.00%
  20  FalPer    6.93%    failed      0.00%
  21  FulGla    3.98%    failed      0.00%
  22  GalGal    5.32%    passed     18.51%
  23  GavSte    4.92%    failed      0.00%
  24  GeoFor   12.09%    failed      0.00%
  25  HalAlb    8.09%    failed      0.00%
  26  HalLeu    2.81%    failed      0.00%
  27  LepDis    4.10%    passed     47.06%
  28  ManVit   11.15%    failed      0.00%
  29  MelGal    4.98%    failed      0.00%
  30  MelUnd    6.07%    failed      0.00%
  31  MerNub    8.56%    failed      0.00%
  32  MesUni    5.95%    failed      0.00%
  33  NesNot    5.89%    failed      0.00%
  34  NipNip    3.47%    failed      0.00%
  35  OpiHoa    4.95%    failed      0.00%
  36  PelCri    4.06%    failed      0.00%
  37  PhaCar    6.39%    failed      0.00%
  38  PhaLep    3.67%    failed      0.00%
  39  PhoRub    4.36%    failed      0.00%
  40  PicPub    9.15%    failed      0.00%
  41  PodCri    5.00%    failed      0.00%
  42  PteGut    6.74%    failed      0.00%
  43  PygAde    3.74%    failed      0.00%
  44  StrCam    4.61%    failed      0.00%
  45  TaeGut   10.06%    failed      0.00%
  46  TauEry    4.51%    passed     51.84%
  47  TinGut   16.76%    failed      0.00%
  48  TytAlb    7.50%    failed      0.00%
****  TOTAL     6.45%  44 sequences failed composition chi2 test (p-value<5%; df=3)
Reading tree Jarvis_Renamed.nwk ...
rooted tree with 48 taxa and 95 branches
Computing site concordance factor...
15.481 sec
Tree with concordance factors written to concord_M24_CDS.cf.tree
Tree with branch IDs written to concord_M24_CDS.cf.branch
Concordance factors per branch printed to concord_M24_CDS.cf.stat
Date and Time: Fri Nov 15 17:43:42 2019
