IQ-TREE multicore version 1.7-beta16 for Linux 64-bit built Sep 24 2019
Developed by Bui Quang Minh, Nguyen Lam Tung, Olga Chernomor,
Heiko Schmidt, Dominik Schrempf, Michael Woodhams.

Host:    n056.cluster.com (AVX, 125 GB RAM)
Command: iqtree -t Jarvis_Renamed.nwk -s M6_pseudogene --scf 500 --prefix concord_M6_pseudogene -nt 20
Seed:    14171 (Using SPRNG - Scalable Parallel Random Number Generator)
Time:    Fri Nov 15 18:12:39 2019
Kernel:  AVX - 20 threads (20 CPU cores detected)

Reading alignment file M6_pseudogene ... Phylip format detected
Alignment most likely contains DNA/RNA sequences
Alignment has 48 sequences with 7430 columns, 7331 distinct patterns
7430 parsimony-informative, 0 singleton sites, 0 constant sites
        Gap/Ambiguity  Composition  p-value
   1  AcaChl    8.38%    failed      1.41%
   2  AnaPla    6.81%    passed     94.81%
   3  AntCar    5.68%    passed     40.39%
   4  ApaVit    5.22%    passed     88.65%
   5  AptFor    3.16%    passed     51.32%
   6  BalReg    1.70%    passed     34.20%
   7  BucRhi    4.58%    passed      7.56%
   8  CalAnn    4.66%    passed     31.58%
   9  CarCri    2.69%    passed     70.77%
  10  CatAur    6.59%    passed     38.72%
  11  ChaPel    6.20%    passed     80.24%
  12  ChaVoc    2.30%    passed     84.90%
  13  ChlMac    2.62%    passed     76.08%
  14  ColLiv    3.90%    passed     38.87%
  15  ColStr    7.09%    passed     55.92%
  16  CorBra    4.70%    failed      0.22%
  17  CucCan    4.56%    passed     25.50%
  18  EgrGar    1.97%    passed     99.17%
  19  EurHel    4.41%    failed      1.45%
  20  FalPer    2.76%    passed     56.68%
  21  FulGla    1.51%    passed     26.17%
  22  GalGal    4.44%    passed     45.57%
  23  GavSte    1.53%    passed     22.67%
  24  GeoFor    8.10%    failed      0.01%
  25  HalAlb    5.71%    passed     24.82%
  26  HalLeu    1.36%    passed     50.34%
  27  LepDis    1.95%    passed     92.35%
  28  ManVit    4.80%    passed     20.72%
  29  MelGal    8.17%    passed     69.06%
  30  MelUnd    5.84%    passed     30.43%
  31  MerNub    5.96%    failed      0.04%
  32  MesUni    3.08%    passed     73.15%
  33  NesNot    3.58%    passed     59.47%
  34  NipNip    2.37%    passed     13.52%
  35  OpiHoa    5.80%    passed     14.52%
  36  PelCri    1.62%    passed     40.43%
  37  PhaCar    2.95%    passed     87.59%
  38  PhaLep    1.57%    passed     74.73%
  39  PhoRub    1.91%    passed     95.89%
  40  PicPub    8.55%    failed      0.95%
  41  PodCri    2.27%    passed     89.48%
  42  PteGut    4.04%    passed     97.99%
  43  PygAde    2.84%    passed     28.19%
  44  StrCam    8.22%    passed     24.73%
  45  TaeGut    6.31%    failed      2.91%
  46  TauEry    2.42%    passed     97.55%
  47  TinGut   25.84%    passed      8.66%
  48  TytAlb    2.72%    passed     19.84%
****  TOTAL     4.70%  7 sequences failed composition chi2 test (p-value<5%; df=3)
Reading tree Jarvis_Renamed.nwk ...
rooted tree with 48 taxa and 95 branches
Computing site concordance factor...
0.188 sec
Tree with concordance factors written to concord_M6_pseudogene.cf.tree
Tree with branch IDs written to concord_M6_pseudogene.cf.branch
Concordance factors per branch printed to concord_M6_pseudogene.cf.stat
Date and Time: Fri Nov 15 18:12:39 2019
