IQ-TREE multicore version 1.7-beta16 for Linux 64-bit built Sep 24 2019
Developed by Bui Quang Minh, Nguyen Lam Tung, Olga Chernomor,
Heiko Schmidt, Dominik Schrempf, Michael Woodhams.

Host:    n056.cluster.com (AVX, 125 GB RAM)
Command: iqtree -t Jarvis_Renamed.nwk -s M22_AllUniquelyMapped --scf 500 --prefix concord_M22_AllUniquelyMapped -nt 20
Seed:    611376 (Using SPRNG - Scalable Parallel Random Number Generator)
Time:    Fri Nov 15 17:24:44 2019
Kernel:  AVX - 20 threads (20 CPU cores detected)

Reading alignment file M22_AllUniquelyMapped ... Phylip format detected
Alignment most likely contains DNA/RNA sequences
Alignment has 48 sequences with 3498726 columns, 3075473 distinct patterns
3498726 parsimony-informative, 0 singleton sites, 0 constant sites
        Gap/Ambiguity  Composition  p-value
   1  AcaChl   13.37%    failed      0.00%
   2  AnaPla   12.86%    failed      0.00%
   3  AntCar    8.38%    failed      0.00%
   4  ApaVit   10.96%    failed      0.00%
   5  AptFor    5.60%    failed      0.00%
   6  BalReg    4.83%    failed      0.00%
   7  BucRhi   10.97%    failed      0.00%
   8  CalAnn   14.75%    failed      0.00%
   9  CarCri    6.25%    failed      0.00%
  10  CatAur   10.60%    failed      0.00%
  11  ChaPel   10.46%    failed      0.00%
  12  ChaVoc    3.70%    failed      0.67%
  13  ChlMac    7.11%    failed      0.00%
  14  ColLiv    8.49%    failed      0.00%
  15  ColStr   13.51%    failed      0.00%
  16  CorBra   13.53%    failed      0.00%
  17  CucCan    9.90%    failed      0.00%
  18  EgrGar    4.51%    failed      0.00%
  19  EurHel    8.32%    failed      0.00%
  20  FalPer    7.83%    failed      0.00%
  21  FulGla    3.78%    failed      0.00%
  22  GalGal    6.25%    failed      0.00%
  23  GavSte    4.72%    failed      0.00%
  24  GeoFor   18.06%    failed      0.00%
  25  HalAlb    6.29%    failed      0.00%
  26  HalLeu    2.77%    failed      0.00%
  27  LepDis    5.08%    failed      0.00%
  28  ManVit   12.17%    failed      0.00%
  29  MelGal   13.58%    failed      3.76%
  30  MelUnd    9.88%    failed      0.00%
  31  MerNub   11.14%    failed      0.00%
  32  MesUni    8.77%    failed      0.00%
  33  NesNot    8.54%    passed     10.71%
  34  NipNip    3.75%    failed      0.00%
  35  OpiHoa    5.17%    failed      0.00%
  36  PelCri    4.02%    failed      0.00%
  37  PhaCar    7.17%    failed      0.00%
  38  PhaLep    4.70%    failed      0.00%
  39  PhoRub    4.08%    failed      0.00%
  40  PicPub   21.22%    failed      0.00%
  41  PodCri    6.35%    failed      0.00%
  42  PteGut    7.94%    passed     48.88%
  43  PygAde    4.35%    failed      0.00%
  44  StrCam   17.02%    failed      0.00%
  45  TaeGut   17.95%    failed      0.00%
  46  TauEry    5.48%    failed      0.00%
  47  TinGut   34.37%    failed      0.00%
  48  TytAlb    7.82%    failed      0.00%
****  TOTAL     9.34%  46 sequences failed composition chi2 test (p-value<5%; df=3)
Reading tree Jarvis_Renamed.nwk ...
rooted tree with 48 taxa and 95 branches
Computing site concordance factor...
167.060 sec
Tree with concordance factors written to concord_M22_AllUniquelyMapped.cf.tree
Tree with branch IDs written to concord_M22_AllUniquelyMapped.cf.branch
Concordance factors per branch printed to concord_M22_AllUniquelyMapped.cf.stat
Date and Time: Fri Nov 15 17:27:52 2019
