IQ-TREE multicore version 1.7-beta16 for Linux 64-bit built Sep 24 2019
Developed by Bui Quang Minh, Nguyen Lam Tung, Olga Chernomor,
Heiko Schmidt, Dominik Schrempf, Michael Woodhams.

Host:    n056.cluster.com (AVX, 125 GB RAM)
Command: iqtree -t Jarvis_Renamed.nwk -s M4_smRNA --scf 500 --prefix concord_M4_smRNA -nt 20
Seed:    396766 (Using SPRNG - Scalable Parallel Random Number Generator)
Time:    Fri Nov 15 18:01:04 2019
Kernel:  AVX - 20 threads (20 CPU cores detected)

Reading alignment file M4_smRNA ... Phylip format detected
Alignment most likely contains DNA/RNA sequences
Alignment has 48 sequences with 623 columns, 616 distinct patterns
623 parsimony-informative, 0 singleton sites, 0 constant sites
        Gap/Ambiguity  Composition  p-value
   1  AcaChl    2.25%    passed     18.55%
   2  AnaPla    4.82%    passed     88.15%
   3  AntCar    3.69%    passed     87.73%
   4  ApaVit    1.61%    passed     75.90%
   5  AptFor    3.37%    passed     86.10%
   6  BalReg    1.28%    passed     98.85%
   7  BucRhi    5.46%    passed     91.73%
   8  CalAnn    4.17%    passed     92.86%
   9  CarCri    1.12%    passed     94.63%
  10  CatAur    3.53%    passed     85.29%
  11  ChaPel    1.77%    passed     97.19%
  12  ChaVoc    2.09%    passed     96.87%
  13  ChlMac    1.12%    passed     73.03%
  14  ColLiv    3.53%    passed     92.75%
  15  ColStr    1.93%    passed     55.19%
  16  CorBra    4.17%    passed     20.15%
  17  CucCan    3.69%    passed     88.62%
  18  EgrGar    1.61%    passed     76.74%
  19  EurHel    2.73%    passed     88.66%
  20  FalPer    1.93%    passed     89.22%
  21  FulGla    1.28%    passed     83.07%
  22  GalGal    2.73%    passed     92.84%
  23  GavSte    2.41%    passed     85.73%
  24  GeoFor    4.82%    passed      7.36%
  25  HalAlb    4.17%    passed     95.51%
  26  HalLeu    0.64%    passed     93.52%
  27  LepDis    2.25%    passed     71.35%
  28  ManVit    2.57%    passed     79.97%
  29  MelGal    1.12%    passed     98.87%
  30  MelUnd    4.98%    passed     60.30%
  31  MerNub    2.73%    passed     97.79%
  32  MesUni    0.48%    passed     93.06%
  33  NesNot    2.09%    passed     93.11%
  34  NipNip    1.77%    passed     92.54%
  35  OpiHoa    1.28%    passed     99.83%
  36  PelCri    1.61%    passed     91.70%
  37  PhaCar    2.57%    passed     88.28%
  38  PhaLep    1.44%    passed     78.60%
  39  PhoRub    1.77%    passed     99.99%
  40  PicPub    6.26%    passed     91.79%
  41  PodCri    0.48%    passed     99.41%
  42  PteGut    2.25%    passed     96.01%
  43  PygAde    2.41%    passed     89.51%
  44  StrCam    5.94%    passed     88.71%
  45  TaeGut    6.42%    passed     70.90%
  46  TauEry    1.28%    passed     93.11%
  47  TinGut   17.66%    passed     93.83%
  48  TytAlb    4.17%    passed     85.31%
****  TOTAL     3.03%  0 sequences failed composition chi2 test (p-value<5%; df=3)
Reading tree Jarvis_Renamed.nwk ...
rooted tree with 48 taxa and 95 branches
Computing site concordance factor...
0.025 sec
Tree with concordance factors written to concord_M4_smRNA.cf.tree
Tree with branch IDs written to concord_M4_smRNA.cf.branch
Concordance factors per branch printed to concord_M4_smRNA.cf.stat
Date and Time: Fri Nov 15 18:01:04 2019
