IQ-TREE multicore version 1.7-beta16 for Linux 64-bit built Sep 24 2019
Developed by Bui Quang Minh, Nguyen Lam Tung, Olga Chernomor,
Heiko Schmidt, Dominik Schrempf, Michael Woodhams.

Host:    n056.cluster.com (AVX, 125 GB RAM)
Command: iqtree -t Jarvis_Renamed.nwk -s M3_CDS --scf 500 --prefix concord_M3_CDS -nt 20
Seed:    532825 (Using SPRNG - Scalable Parallel Random Number Generator)
Time:    Fri Nov 15 17:53:04 2019
Kernel:  AVX - 20 threads (20 CPU cores detected)

Reading alignment file M3_CDS ... Phylip format detected
Alignment most likely contains DNA/RNA sequences
Alignment has 48 sequences with 203168 columns, 178541 distinct patterns
203168 parsimony-informative, 0 singleton sites, 0 constant sites
        Gap/Ambiguity  Composition  p-value
   1  AcaChl    2.44%    failed      0.00%
   2  AnaPla    2.89%    passed     96.47%
   3  AntCar    3.71%    failed      0.00%
   4  ApaVit    2.37%    failed      0.00%
   5  AptFor    1.94%    failed      0.00%
   6  BalReg    1.45%    failed      0.00%
   7  BucRhi    2.01%    failed      0.00%
   8  CalAnn    1.64%    passed      8.73%
   9  CarCri    1.61%    failed      0.00%
  10  CatAur    6.71%    failed      0.00%
  11  ChaPel    1.99%    failed      3.33%
  12  ChaVoc    1.69%    failed      0.00%
  13  ChlMac    1.31%    failed      0.00%
  14  ColLiv    2.02%    failed      0.00%
  15  ColStr    2.38%    failed      0.00%
  16  CorBra    1.81%    failed      0.00%
  17  CucCan    1.90%    failed      0.00%
  18  EgrGar    1.20%    failed      0.00%
  19  EurHel    2.16%    failed      0.00%
  20  FalPer    1.96%    failed      0.00%
  21  FulGla    1.13%    failed      0.00%
  22  GalGal    3.66%    passed      8.86%
  23  GavSte    1.42%    failed      0.00%
  24  GeoFor    3.56%    failed      0.00%
  25  HalAlb    2.54%    failed      0.00%
  26  HalLeu    0.64%    failed      0.00%
  27  LepDis    1.36%    failed      0.10%
  28  ManVit    3.06%    failed      0.00%
  29  MelGal    1.67%    failed      0.00%
  30  MelUnd    2.64%    failed      0.00%
  31  MerNub    2.95%    failed      0.00%
  32  MesUni    1.80%    failed      0.00%
  33  NesNot    1.68%    failed      0.00%
  34  NipNip    1.96%    failed      0.00%
  35  OpiHoa    2.81%    passed     13.03%
  36  PelCri    1.19%    failed      0.00%
  37  PhaCar    1.76%    failed      0.00%
  38  PhaLep    0.98%    failed      0.00%
  39  PhoRub    1.29%    failed      0.00%
  40  PicPub    3.84%    failed      0.00%
  41  PodCri    1.41%    failed      0.00%
  42  PteGut    1.60%    failed      0.00%
  43  PygAde    2.07%    failed      0.00%
  44  StrCam    1.62%    failed      0.00%
  45  TaeGut    3.47%    failed      0.00%
  46  TauEry    1.15%    failed      4.59%
  47  TinGut   12.15%    failed      0.00%
  48  TytAlb    2.11%    failed      0.00%
****  TOTAL     2.35%  44 sequences failed composition chi2 test (p-value<5%; df=3)
Reading tree Jarvis_Renamed.nwk ...
rooted tree with 48 taxa and 95 branches
Computing site concordance factor...
10.246 sec
Tree with concordance factors written to concord_M3_CDS.cf.tree
Tree with branch IDs written to concord_M3_CDS.cf.branch
Concordance factors per branch printed to concord_M3_CDS.cf.stat
Date and Time: Fri Nov 15 17:53:16 2019
