IQ-TREE multicore version 1.7-beta16 for Linux 64-bit built Sep 24 2019
Developed by Bui Quang Minh, Nguyen Lam Tung, Olga Chernomor,
Heiko Schmidt, Dominik Schrempf, Michael Woodhams.

Host:    n056.cluster.com (AVX, 125 GB RAM)
Command: iqtree -t Jarvis_Renamed.nwk -s M23_lnc_RNA --scf 500 --prefix concord_M23_lnc_RNA -nt 20
Seed:    686019 (Using SPRNG - Scalable Parallel Random Number Generator)
Time:    Fri Nov 15 17:39:53 2019
Kernel:  AVX - 20 threads (20 CPU cores detected)

Reading alignment file M23_lnc_RNA ... Phylip format detected
Alignment most likely contains DNA/RNA sequences
Alignment has 48 sequences with 417279 columns, 386529 distinct patterns
417279 parsimony-informative, 0 singleton sites, 0 constant sites
        Gap/Ambiguity  Composition  p-value
   1  AcaChl   12.86%    failed      0.00%
   2  AnaPla   12.93%    failed      0.00%
   3  AntCar    8.18%    failed      0.00%
   4  ApaVit   10.80%    passed     80.69%
   5  AptFor    5.30%    passed     47.79%
   6  BalReg    4.64%    passed     21.75%
   7  BucRhi   10.86%    failed      0.00%
   8  CalAnn   15.40%    failed      0.15%
   9  CarCri    6.30%    failed      2.11%
  10  CatAur   10.82%    failed      0.00%
  11  ChaPel   10.95%    failed      0.00%
  12  ChaVoc    3.68%    failed      0.02%
  13  ChlMac    7.16%    failed      0.02%
  14  ColLiv    8.38%    passed      5.19%
  15  ColStr   13.14%    failed      0.00%
  16  CorBra   13.22%    failed      0.00%
  17  CucCan   10.44%    failed      0.00%
  18  EgrGar    4.49%    failed      0.00%
  19  EurHel    8.00%    failed      0.02%
  20  FalPer    7.49%    failed      0.00%
  21  FulGla    3.78%    passed     11.27%
  22  GalGal    5.98%    passed     61.41%
  23  GavSte    4.38%    passed     76.06%
  24  GeoFor   18.27%    failed      0.00%
  25  HalAlb    5.95%    passed     51.85%
  26  HalLeu    2.84%    passed     52.92%
  27  LepDis    4.93%    failed      0.00%
  28  ManVit   11.77%    failed      0.34%
  29  MelGal   13.77%    failed      0.41%
  30  MelUnd   10.57%    failed      0.12%
  31  MerNub   10.61%    failed      0.00%
  32  MesUni    8.43%    passed     78.67%
  33  NesNot    8.65%    passed     37.08%
  34  NipNip    3.70%    failed      0.00%
  35  OpiHoa    4.86%    failed      0.00%
  36  PelCri    3.92%    failed      0.47%
  37  PhaCar    6.95%    failed      1.07%
  38  PhaLep    4.63%    passed     52.79%
  39  PhoRub    3.92%    failed      0.00%
  40  PicPub   20.75%    failed      0.00%
  41  PodCri    6.19%    passed     37.99%
  42  PteGut    7.79%    failed      3.10%
  43  PygAde    4.42%    failed      0.00%
  44  StrCam   17.73%    failed      0.00%
  45  TaeGut   18.30%    failed      0.00%
  46  TauEry    5.25%    failed      0.00%
  47  TinGut   34.56%    failed      1.68%
  48  TytAlb    7.66%    failed      0.00%
****  TOTAL     9.28%  35 sequences failed composition chi2 test (p-value<5%; df=3)
Reading tree Jarvis_Renamed.nwk ...
rooted tree with 48 taxa and 95 branches
Computing site concordance factor...
19.301 sec
Tree with concordance factors written to concord_M23_lnc_RNA.cf.tree
Tree with branch IDs written to concord_M23_lnc_RNA.cf.branch
Concordance factors per branch printed to concord_M23_lnc_RNA.cf.stat
Date and Time: Fri Nov 15 17:40:15 2019
