IQ-TREE multicore version 1.7-beta16 for Linux 64-bit built Sep 24 2019
Developed by Bui Quang Minh, Nguyen Lam Tung, Olga Chernomor,
Heiko Schmidt, Dominik Schrempf, Michael Woodhams.

Host:    n056.cluster.com (AVX, 125 GB RAM)
Command: iqtree -t Jarvis_Renamed.nwk -s M19_lnc_RNA --scf 500 --prefix concord_M19_lnc_RNA -nt 20
Seed:    383327 (Using SPRNG - Scalable Parallel Random Number Generator)
Time:    Fri Nov 15 17:06:55 2019
Kernel:  AVX - 20 threads (20 CPU cores detected)

Reading alignment file M19_lnc_RNA ... Phylip format detected
Alignment most likely contains DNA/RNA sequences
Alignment has 48 sequences with 410480 columns, 379734 distinct patterns
410480 parsimony-informative, 0 singleton sites, 0 constant sites
        Gap/Ambiguity  Composition  p-value
   1  AcaChl   11.98%    failed      0.00%
   2  AnaPla   12.36%    failed      0.00%
   3  AntCar    7.68%    failed      0.00%
   4  ApaVit    9.99%    passed     80.94%
   5  AptFor    4.93%    passed     45.73%
   6  BalReg    4.23%    passed     17.30%
   7  BucRhi   10.08%    failed      0.00%
   8  CalAnn   14.55%    failed      0.24%
   9  CarCri    5.71%    failed      3.27%
  10  CatAur   10.36%    failed      0.00%
  11  ChaPel   10.26%    failed      0.00%
  12  ChaVoc    3.33%    failed      0.05%
  13  ChlMac    6.57%    failed      0.01%
  14  ColLiv    7.74%    passed      5.69%
  15  ColStr   12.29%    failed      0.00%
  16  CorBra   12.31%    failed      0.00%
  17  CucCan    9.72%    failed      0.00%
  18  EgrGar    4.06%    failed      0.00%
  19  EurHel    7.41%    failed      0.05%
  20  FalPer    6.83%    failed      0.00%
  21  FulGla    3.43%    passed      7.33%
  22  GalGal    5.83%    passed     57.65%
  23  GavSte    4.03%    passed     66.56%
  24  GeoFor   17.34%    failed      0.00%
  25  HalAlb    5.53%    passed     49.08%
  26  HalLeu    2.51%    passed     42.88%
  27  LepDis    4.48%    failed      0.00%
  28  ManVit   10.95%    failed      0.24%
  29  MelGal   13.40%    failed      0.58%
  30  MelUnd    9.92%    failed      0.19%
  31  MerNub    9.84%    failed      0.00%
  32  MesUni    7.79%    passed     77.63%
  33  NesNot    7.97%    passed     38.91%
  34  NipNip    3.36%    failed      0.00%
  35  OpiHoa    4.40%    failed      0.01%
  36  PelCri    3.52%    failed      0.37%
  37  PhaCar    6.40%    failed      0.88%
  38  PhaLep    4.17%    passed     54.03%
  39  PhoRub    3.60%    failed      0.00%
  40  PicPub   19.92%    failed      0.00%
  41  PodCri    5.63%    passed     36.58%
  42  PteGut    7.18%    failed      3.60%
  43  PygAde    4.12%    failed      0.00%
  44  StrCam   16.98%    failed      0.00%
  45  TaeGut   17.46%    failed      0.00%
  46  TauEry    4.73%    failed      0.00%
  47  TinGut   33.85%    failed      1.38%
  48  TytAlb    7.00%    failed      0.00%
****  TOTAL     8.70%  35 sequences failed composition chi2 test (p-value<5%; df=3)
Reading tree Jarvis_Renamed.nwk ...
rooted tree with 48 taxa and 95 branches
Computing site concordance factor...
19.089 sec
Tree with concordance factors written to concord_M19_lnc_RNA.cf.tree
Tree with branch IDs written to concord_M19_lnc_RNA.cf.branch
Concordance factors per branch printed to concord_M19_lnc_RNA.cf.stat
Date and Time: Fri Nov 15 17:07:17 2019
