IQ-TREE multicore version 1.7-beta16 for Linux 64-bit built Sep 24 2019
Developed by Bui Quang Minh, Nguyen Lam Tung, Olga Chernomor,
Heiko Schmidt, Dominik Schrempf, Michael Woodhams.

Host:    n056.cluster.com (AVX, 125 GB RAM)
Command: iqtree -t Jarvis_Renamed.nwk -s M10_gene --scf 500 --prefix concord_M10_gene -nt 20
Seed:    160841 (Using SPRNG - Scalable Parallel Random Number Generator)
Time:    Fri Nov 15 15:56:46 2019
Kernel:  AVX - 20 threads (20 CPU cores detected)

Reading alignment file M10_gene ... Phylip format detected
Alignment most likely contains DNA/RNA sequences
Alignment has 48 sequences with 1430465 columns, 1265835 distinct patterns
1430465 parsimony-informative, 0 singleton sites, 0 constant sites
        Gap/Ambiguity  Composition  p-value
   1  AcaChl    8.70%    failed      0.00%
   2  AnaPla    9.05%    failed      1.02%
   3  AntCar    5.86%    failed      0.00%
   4  ApaVit    6.96%    failed      0.00%
   5  AptFor    4.01%    failed      0.00%
   6  BalReg    3.08%    failed      0.00%
   7  BucRhi    7.13%    failed      0.00%
   8  CalAnn    9.23%    failed      0.00%
   9  CarCri    4.05%    failed      0.00%
  10  CatAur    7.95%    failed      0.00%
  11  ChaPel    6.35%    failed      0.00%
  12  ChaVoc    2.59%    failed      0.00%
  13  ChlMac    4.27%    passed     73.19%
  14  ColLiv    5.63%    failed      0.00%
  15  ColStr    8.67%    failed      0.00%
  16  CorBra    8.42%    failed      0.00%
  17  CucCan    6.14%    failed      0.00%
  18  EgrGar    2.80%    passed     83.74%
  19  EurHel    5.50%    failed      0.00%
  20  FalPer    5.14%    failed      0.00%
  21  FulGla    2.41%    failed      0.00%
  22  GalGal    5.49%    failed      0.00%
  23  GavSte    3.14%    failed      0.00%
  24  GeoFor   12.07%    failed      0.00%
  25  HalAlb    4.33%    failed      0.00%
  26  HalLeu    1.62%    failed      0.00%
  27  LepDis    3.20%    failed      0.00%
  28  ManVit    7.86%    failed      0.00%
  29  MelGal   10.08%    passed     90.13%
  30  MelUnd    6.47%    failed      0.00%
  31  MerNub    7.39%    failed      0.00%
  32  MesUni    5.61%    failed      0.00%
  33  NesNot    5.20%    passed     96.87%
  34  NipNip    2.65%    failed      0.00%
  35  OpiHoa    3.41%    failed      0.00%
  36  PelCri    2.49%    failed      0.00%
  37  PhaCar    4.66%    failed      0.00%
  38  PhaLep    2.73%    failed      0.00%
  39  PhoRub    2.53%    failed      2.30%
  40  PicPub   15.13%    failed      0.00%
  41  PodCri    3.87%    failed      0.00%
  42  PteGut    4.80%    failed      1.21%
  43  PygAde    3.27%    failed      0.00%
  44  StrCam   12.24%    failed      0.00%
  45  TaeGut   12.16%    failed      0.00%
  46  TauEry    3.25%    failed      0.00%
  47  TinGut   29.96%    failed      0.00%
  48  TytAlb    5.01%    failed      0.00%
****  TOTAL     6.34%  44 sequences failed composition chi2 test (p-value<5%; df=3)
Reading tree Jarvis_Renamed.nwk ...
rooted tree with 48 taxa and 95 branches
Computing site concordance factor...
66.695 sec
Tree with concordance factors written to concord_M10_gene.cf.tree
Tree with branch IDs written to concord_M10_gene.cf.branch
Concordance factors per branch printed to concord_M10_gene.cf.stat
Date and Time: Fri Nov 15 15:58:01 2019
