IQ-TREE multicore version 1.7-beta16 for Linux 64-bit built Sep 24 2019
Developed by Bui Quang Minh, Nguyen Lam Tung, Olga Chernomor,
Heiko Schmidt, Dominik Schrempf, Michael Woodhams.

Host:    n056.cluster.com (AVX, 125 GB RAM)
Command: iqtree -t Jarvis_Renamed.nwk -s M14_pseudogene --scf 500 --prefix concord_M14_pseudogene -nt 20
Seed:    801181 (Using SPRNG - Scalable Parallel Random Number Generator)
Time:    Fri Nov 15 16:29:45 2019
Kernel:  AVX - 20 threads (20 CPU cores detected)

Reading alignment file M14_pseudogene ... Phylip format detected
Alignment most likely contains DNA/RNA sequences
Alignment has 48 sequences with 9522 columns, 9423 distinct patterns
9522 parsimony-informative, 0 singleton sites, 0 constant sites
        Gap/Ambiguity  Composition  p-value
   1  AcaChl   14.11%    passed      7.19%
   2  AnaPla   10.88%    passed     99.46%
   3  AntCar    8.17%    passed     43.11%
   4  ApaVit   12.28%    passed     95.34%
   5  AptFor    5.50%    passed     62.83%
   6  BalReg    3.36%    passed     49.61%
   7  BucRhi    8.10%    failed      3.02%
   8  CalAnn   10.80%    passed     13.39%
   9  CarCri    5.27%    passed     64.98%
  10  CatAur    8.97%    passed     37.29%
  11  ChaPel    8.81%    passed     79.93%
  12  ChaVoc    3.23%    passed     96.32%
  13  ChlMac    5.58%    passed     56.79%
  14  ColLiv    6.51%    passed     34.23%
  15  ColStr   12.50%    passed     42.89%
  16  CorBra   10.70%    failed      0.10%
  17  CucCan    6.81%    passed     18.84%
  18  EgrGar    3.13%    passed     99.97%
  19  EurHel    8.40%    failed      1.21%
  20  FalPer    5.45%    passed     52.98%
  21  FulGla    3.05%    passed     27.11%
  22  GalGal    5.68%    passed     22.65%
  23  GavSte    3.39%    passed     32.48%
  24  GeoFor   17.44%    failed      0.07%
  25  HalAlb    9.84%    passed     17.16%
  26  HalLeu    2.28%    passed     63.15%
  27  LepDis    3.30%    passed     93.92%
  28  ManVit   11.55%    passed     54.14%
  29  MelGal   12.50%    passed     84.87%
  30  MelUnd    8.74%    passed     38.27%
  31  MerNub   10.75%    failed      0.14%
  32  MesUni    6.41%    passed     77.16%
  33  NesNot    6.95%    passed     48.99%
  34  NipNip    2.74%    passed     19.65%
  35  OpiHoa    7.34%    passed      5.69%
  36  PelCri    3.35%    passed     35.32%
  37  PhaCar    5.48%    passed     97.57%
  38  PhaLep    3.85%    passed     64.87%
  39  PhoRub    3.17%    passed     98.62%
  40  PicPub   13.93%    failed      0.37%
  41  PodCri    5.27%    passed     75.43%
  42  PteGut    8.30%    passed     88.74%
  43  PygAde    4.01%    passed     31.35%
  44  StrCam   14.62%    passed      7.69%
  45  TaeGut   14.06%    failed      3.80%
  46  TauEry    4.00%    passed     99.50%
  47  TinGut   34.76%    passed      5.20%
  48  TytAlb    5.97%    passed      5.90%
****  TOTAL     8.15%  7 sequences failed composition chi2 test (p-value<5%; df=3)
Reading tree Jarvis_Renamed.nwk ...
rooted tree with 48 taxa and 95 branches
Computing site concordance factor...
0.212 sec
Tree with concordance factors written to concord_M14_pseudogene.cf.tree
Tree with branch IDs written to concord_M14_pseudogene.cf.branch
Concordance factors per branch printed to concord_M14_pseudogene.cf.stat
Date and Time: Fri Nov 15 16:29:46 2019
