IQ-TREE multicore version 1.7-beta16 for Linux 64-bit built Sep 24 2019
Developed by Bui Quang Minh, Nguyen Lam Tung, Olga Chernomor,
Heiko Schmidt, Dominik Schrempf, Michael Woodhams.

Host:    n056.cluster.com (AVX, 125 GB RAM)
Command: iqtree -t Jarvis_Renamed.nwk -s M22_CDS --scf 500 --prefix concord_M22_CDS -nt 20
Seed:    317857 (Using SPRNG - Scalable Parallel Random Number Generator)
Time:    Fri Nov 15 17:27:52 2019
Kernel:  AVX - 20 threads (20 CPU cores detected)

Reading alignment file M22_CDS ... Phylip format detected
Alignment most likely contains DNA/RNA sequences
Alignment has 48 sequences with 271467 columns, 246826 distinct patterns
271467 parsimony-informative, 0 singleton sites, 0 constant sites
        Gap/Ambiguity  Composition  p-value
   1  AcaChl    9.52%    failed      0.00%
   2  AnaPla    6.31%    passed     91.33%
   3  AntCar    7.24%    failed      0.00%
   4  ApaVit    8.29%    failed      0.00%
   5  AptFor    5.68%    failed      0.00%
   6  BalReg    4.16%    failed      0.00%
   7  BucRhi    6.26%    failed      0.00%
   8  CalAnn    5.46%    failed      2.95%
   9  CarCri    5.88%    failed      0.00%
  10  CatAur   11.18%    failed      0.00%
  11  ChaPel    4.82%    failed      0.00%
  12  ChaVoc    3.13%    failed      0.00%
  13  ChlMac    5.38%    failed      0.00%
  14  ColLiv    5.02%    failed      0.00%
  15  ColStr    8.45%    failed      0.00%
  16  CorBra    8.59%    failed      0.00%
  17  CucCan    4.57%    failed      0.00%
  18  EgrGar    3.05%    failed      0.00%
  19  EurHel    6.20%    failed      0.00%
  20  FalPer    6.69%    failed      0.00%
  21  FulGla    3.70%    failed      0.00%
  22  GalGal    5.22%    passed     13.63%
  23  GavSte    4.61%    failed      0.00%
  24  GeoFor   11.83%    failed      0.00%
  25  HalAlb    7.77%    failed      0.00%
  26  HalLeu    2.58%    failed      0.00%
  27  LepDis    3.89%    passed     39.96%
  28  ManVit   10.82%    failed      0.00%
  29  MelGal    4.83%    failed      0.00%
  30  MelUnd    5.89%    failed      0.00%
  31  MerNub    8.28%    failed      0.00%
  32  MesUni    5.71%    failed      0.00%
  33  NesNot    5.61%    failed      0.00%
  34  NipNip    3.36%    failed      0.00%
  35  OpiHoa    4.76%    failed      0.00%
  36  PelCri    3.80%    failed      0.00%
  37  PhaCar    6.10%    failed      0.00%
  38  PhaLep    3.38%    failed      0.00%
  39  PhoRub    4.08%    failed      0.00%
  40  PicPub    8.93%    failed      0.00%
  41  PodCri    4.71%    failed      0.00%
  42  PteGut    6.43%    failed      0.00%
  43  PygAde    3.60%    failed      0.00%
  44  StrCam    4.45%    failed      0.00%
  45  TaeGut    9.88%    failed      0.00%
  46  TauEry    4.24%    passed     55.62%
  47  TinGut   16.61%    failed      0.00%
  48  TytAlb    7.20%    failed      0.00%
****  TOTAL     6.21%  44 sequences failed composition chi2 test (p-value<5%; df=3)
Reading tree Jarvis_Renamed.nwk ...
rooted tree with 48 taxa and 95 branches
Computing site concordance factor...
15.416 sec
Tree with concordance factors written to concord_M22_CDS.cf.tree
Tree with branch IDs written to concord_M22_CDS.cf.branch
Concordance factors per branch printed to concord_M22_CDS.cf.stat
Date and Time: Fri Nov 15 17:28:09 2019
