IQ-TREE multicore version 1.7-beta16 for Linux 64-bit built Sep 24 2019
Developed by Bui Quang Minh, Nguyen Lam Tung, Olga Chernomor,
Heiko Schmidt, Dominik Schrempf, Michael Woodhams.

Host:    n056.cluster.com (AVX, 125 GB RAM)
Command: iqtree -t Jarvis_Renamed.nwk -s M16_AllUniquelyMapped --scf 500 --prefix concord_M16_AllUniquelyMapped -nt 20
Seed:    505689 (Using SPRNG - Scalable Parallel Random Number Generator)
Time:    Fri Nov 15 16:37:24 2019
Kernel:  AVX - 20 threads (20 CPU cores detected)

Reading alignment file M16_AllUniquelyMapped ... Phylip format detected
Alignment most likely contains DNA/RNA sequences
Alignment has 48 sequences with 3374711 columns, 2951487 distinct patterns
3374711 parsimony-informative, 0 singleton sites, 0 constant sites
        Gap/Ambiguity  Composition  p-value
   1  AcaChl   11.64%    failed      0.00%
   2  AnaPla   11.68%    failed      0.00%
   3  AntCar    7.35%    failed      0.00%
   4  ApaVit    9.36%    failed      0.00%
   5  AptFor    4.94%    failed      0.00%
   6  BalReg    4.04%    failed      0.00%
   7  BucRhi    9.49%    failed      0.00%
   8  CalAnn   13.09%    failed      0.00%
   9  CarCri    5.30%    failed      0.00%
  10  CatAur    9.74%    failed      0.00%
  11  ChaPel    9.11%    failed      0.00%
  12  ChaVoc    3.14%    passed     11.49%
  13  ChlMac    5.94%    failed      0.00%
  14  ColLiv    7.28%    failed      0.00%
  15  ColStr   11.79%    failed      0.00%
  16  CorBra   11.75%    failed      0.00%
  17  CucCan    8.60%    failed      0.00%
  18  EgrGar    3.75%    failed      0.00%
  19  EurHel    7.06%    failed      0.00%
  20  FalPer    6.66%    failed      0.00%
  21  FulGla    3.18%    failed      0.00%
  22  GalGal    5.94%    failed      0.00%
  23  GavSte    4.02%    failed      0.00%
  24  GeoFor   16.14%    failed      0.00%
  25  HalAlb    5.42%    failed      0.00%
  26  HalLeu    2.21%    failed      0.00%
  27  LepDis    4.24%    failed      0.00%
  28  ManVit   10.50%    failed      0.00%
  29  MelGal   12.66%    passed     22.09%
  30  MelUnd    8.66%    failed      0.00%
  31  MerNub    9.62%    failed      0.00%
  32  MesUni    7.50%    failed      0.00%
  33  NesNot    7.25%    passed     14.94%
  34  NipNip    3.24%    failed      0.00%
  35  OpiHoa    4.36%    failed      0.00%
  36  PelCri    3.33%    failed      0.00%
  37  PhaCar    6.11%    failed      0.00%
  38  PhaLep    3.89%    failed      0.00%
  39  PhoRub    3.42%    failed      0.00%
  40  PicPub   19.58%    failed      0.00%
  41  PodCri    5.33%    failed      0.00%
  42  PteGut    6.69%    passed     42.09%
  43  PygAde    3.90%    failed      0.00%
  44  StrCam   15.49%    failed      0.00%
  45  TaeGut   16.19%    failed      0.00%
  46  TauEry    4.47%    failed      0.00%
  47  TinGut   32.84%    failed      0.00%
  48  TytAlb    6.65%    failed      0.00%
****  TOTAL     8.22%  44 sequences failed composition chi2 test (p-value<5%; df=3)
Reading tree Jarvis_Renamed.nwk ...
rooted tree with 48 taxa and 95 branches
Computing site concordance factor...
155.300 sec
Tree with concordance factors written to concord_M16_AllUniquelyMapped.cf.tree
Tree with branch IDs written to concord_M16_AllUniquelyMapped.cf.branch
Concordance factors per branch printed to concord_M16_AllUniquelyMapped.cf.stat
Date and Time: Fri Nov 15 16:40:19 2019
