IQ-TREE multicore version 1.7-beta16 for Linux 64-bit built Sep 24 2019
Developed by Bui Quang Minh, Nguyen Lam Tung, Olga Chernomor,
Heiko Schmidt, Dominik Schrempf, Michael Woodhams.

Host:    n056.cluster.com (AVX, 125 GB RAM)
Command: iqtree -t Jarvis_Renamed.nwk -s M3_gene --scf 500 --prefix concord_M3_gene -nt 20
Seed:    792387 (Using SPRNG - Scalable Parallel Random Number Generator)
Time:    Fri Nov 15 17:53:16 2019
Kernel:  AVX - 20 threads (20 CPU cores detected)

Reading alignment file M3_gene ... Phylip format detected
Alignment most likely contains DNA/RNA sequences
Alignment has 48 sequences with 932200 columns, 767767 distinct patterns
932200 parsimony-informative, 0 singleton sites, 0 constant sites
        Gap/Ambiguity  Composition  p-value
   1  AcaChl    2.87%    failed      0.00%
   2  AnaPla    3.65%    passed     84.34%
   3  AntCar    3.61%    failed      0.00%
   4  ApaVit    2.54%    failed      0.00%
   5  AptFor    1.89%    failed      0.00%
   6  BalReg    1.50%    failed      0.00%
   7  BucRhi    2.81%    failed      0.00%
   8  CalAnn    3.12%    failed      0.01%
   9  CarCri    1.77%    failed      0.00%
  10  CatAur    5.02%    failed      0.00%
  11  ChaPel    2.56%    failed      0.00%
  12  ChaVoc    1.54%    failed      0.00%
  13  ChlMac    1.67%    passed     60.67%
  14  ColLiv    2.52%    failed      0.00%
  15  ColStr    3.07%    failed      0.01%
  16  CorBra    2.02%    failed      0.00%
  17  CucCan    2.58%    failed      0.00%
  18  EgrGar    1.37%    failed      0.21%
  19  EurHel    2.32%    failed      0.00%
  20  FalPer    2.13%    failed      0.00%
  21  FulGla    1.25%    failed      0.00%
  22  GalGal    3.73%    failed      0.00%
  23  GavSte    1.56%    failed      0.00%
  24  GeoFor    3.29%    failed      0.00%
  25  HalAlb    2.04%    failed      0.00%
  26  HalLeu    0.72%    failed      0.00%
  27  LepDis    1.56%    failed      0.00%
  28  ManVit    2.62%    failed      0.00%
  29  MelGal    3.54%    failed      0.02%
  30  MelUnd    2.95%    failed      0.59%
  31  MerNub    3.02%    failed      0.00%
  32  MesUni    2.32%    failed      0.00%
  33  NesNot    2.04%    passed     98.02%
  34  NipNip    1.71%    failed      0.00%
  35  OpiHoa    1.89%    failed      0.00%
  36  PelCri    1.23%    failed      0.00%
  37  PhaCar    1.98%    failed      0.00%
  38  PhaLep    1.27%    failed      0.00%
  39  PhoRub    1.30%    failed      0.00%
  40  PicPub    6.92%    failed      0.00%
  41  PodCri    1.70%    failed      0.00%
  42  PteGut    1.83%    failed      0.14%
  43  PygAde    2.10%    failed      0.00%
  44  StrCam    4.04%    failed      0.00%
  45  TaeGut    3.89%    failed      0.00%
  46  TauEry    1.32%    failed      2.88%
  47  TinGut   17.29%    failed      0.00%
  48  TytAlb    2.06%    failed      0.00%
****  TOTAL     2.75%  45 sequences failed composition chi2 test (p-value<5%; df=3)
Reading tree Jarvis_Renamed.nwk ...
rooted tree with 48 taxa and 95 branches
Computing site concordance factor...
49.070 sec
Tree with concordance factors written to concord_M3_gene.cf.tree
Tree with branch IDs written to concord_M3_gene.cf.branch
Concordance factors per branch printed to concord_M3_gene.cf.stat
Date and Time: Fri Nov 15 17:54:11 2019
