IQ-TREE multicore version 1.7-beta16 for Linux 64-bit built Sep 24 2019
Developed by Bui Quang Minh, Nguyen Lam Tung, Olga Chernomor,
Heiko Schmidt, Dominik Schrempf, Michael Woodhams.

Host:    n056.cluster.com (AVX, 125 GB RAM)
Command: iqtree -t Jarvis_Renamed.nwk -s M5_intergenic --scf 500 --prefix concord_M5_intergenic -nt 20
Seed:    756113 (Using SPRNG - Scalable Parallel Random Number Generator)
Time:    Fri Nov 15 18:04:57 2019
Kernel:  AVX - 20 threads (20 CPU cores detected)

Reading alignment file M5_intergenic ... Phylip format detected
Alignment most likely contains DNA/RNA sequences
Alignment has 48 sequences with 1031488 columns, 885310 distinct patterns
1031488 parsimony-informative, 0 singleton sites, 0 constant sites
        Gap/Ambiguity  Composition  p-value
   1  AcaChl    4.34%    failed      0.00%
   2  AnaPla    5.80%    failed      0.00%
   3  AntCar    4.57%    failed      0.00%
   4  ApaVit    3.72%    passed     65.92%
   5  AptFor    2.63%    failed      0.01%
   6  BalReg    2.00%    failed      0.00%
   7  BucRhi    4.20%    failed      0.00%
   8  CalAnn    6.05%    failed      0.00%
   9  CarCri    2.48%    failed      0.00%
  10  CatAur    6.49%    failed      0.00%
  11  ChaPel    4.41%    failed      0.00%
  12  ChaVoc    1.81%    failed      1.26%
  13  ChlMac    2.53%    failed      0.00%
  14  ColLiv    3.52%    passed     51.94%
  15  ColStr    5.28%    failed      0.00%
  16  CorBra    3.93%    failed      0.00%
  17  CucCan    4.15%    failed      0.00%
  18  EgrGar    1.87%    failed      0.00%
  19  EurHel    3.07%    failed      0.00%
  20  FalPer    2.98%    failed      0.00%
  21  FulGla    1.68%    failed      0.00%
  22  GalGal    4.36%    failed      0.00%
  23  GavSte    2.13%    failed      0.02%
  24  GeoFor    6.02%    failed      0.00%
  25  HalAlb    2.66%    failed      3.85%
  26  HalLeu    0.97%    failed      0.03%
  27  LepDis    2.10%    failed      0.00%
  28  ManVit    3.88%    failed      0.01%
  29  MelGal    6.29%    failed      0.02%
  30  MelUnd    4.45%    failed      0.15%
  31  MerNub    4.28%    failed      0.00%
  32  MesUni    3.31%    failed      0.32%
  33  NesNot    3.21%    passed     34.97%
  34  NipNip    2.09%    failed      0.00%
  35  OpiHoa    2.12%    failed      0.00%
  36  PelCri    1.68%    failed      0.00%
  37  PhaCar    2.92%    failed      0.00%
  38  PhaLep    1.94%    passed     97.42%
  39  PhoRub    1.82%    failed      0.00%
  40  PicPub   12.05%    failed      0.00%
  41  PodCri    2.46%    failed      0.00%
  42  PteGut    2.92%    passed     62.23%
  43  PygAde    2.71%    failed      0.00%
  44  StrCam    6.85%    failed      0.00%
  45  TaeGut    6.99%    failed      0.00%
  46  TauEry    1.84%    failed      0.00%
  47  TinGut   21.16%    passed     73.51%
  48  TytAlb    3.11%    failed      0.00%
****  TOTAL     4.04%  42 sequences failed composition chi2 test (p-value<5%; df=3)
Reading tree Jarvis_Renamed.nwk ...
rooted tree with 48 taxa and 95 branches
Computing site concordance factor...
57.353 sec
Tree with concordance factors written to concord_M5_intergenic.cf.tree
Tree with branch IDs written to concord_M5_intergenic.cf.branch
Concordance factors per branch printed to concord_M5_intergenic.cf.stat
Date and Time: Fri Nov 15 18:06:01 2019
