IQ-TREE multicore version 1.7-beta16 for Linux 64-bit built Sep 24 2019
Developed by Bui Quang Minh, Nguyen Lam Tung, Olga Chernomor,
Heiko Schmidt, Dominik Schrempf, Michael Woodhams.

Host:    n056.cluster.com (AVX, 125 GB RAM)
Command: iqtree -t Jarvis_Renamed.nwk -s M11_three_prime_UTR --scf 500 --prefix concord_M11_three_prime_UTR -nt 20
Seed:    535290 (Using SPRNG - Scalable Parallel Random Number Generator)
Time:    Fri Nov 15 16:07:33 2019
Kernel:  AVX - 20 threads (20 CPU cores detected)

Reading alignment file M11_three_prime_UTR ... Phylip format detected
Alignment most likely contains DNA/RNA sequences
Alignment has 48 sequences with 61304 columns, 57680 distinct patterns
61304 parsimony-informative, 0 singleton sites, 0 constant sites
        Gap/Ambiguity  Composition  p-value
   1  AcaChl    9.46%    failed      0.00%
   2  AnaPla    8.14%    failed      0.00%
   3  AntCar    5.78%    failed      0.00%
   4  ApaVit    6.28%    failed      0.07%
   5  AptFor    4.23%    failed      0.00%
   6  BalReg    3.47%    failed      0.00%
   7  BucRhi    8.33%    failed      0.00%
   8  CalAnn    7.15%    passed     11.24%
   9  CarCri    3.76%    failed      0.00%
  10  CatAur    5.65%    failed      0.00%
  11  ChaPel    5.12%    passed     20.34%
  12  ChaVoc    2.25%    failed      0.00%
  13  ChlMac    3.99%    passed     67.22%
  14  ColLiv    5.10%    failed      0.13%
  15  ColStr   10.04%    failed      0.00%
  16  CorBra    7.78%    failed      0.00%
  17  CucCan    5.12%    passed     34.94%
  18  EgrGar    2.97%    passed     97.06%
  19  EurHel    8.37%    failed      0.00%
  20  FalPer    4.82%    failed      0.00%
  21  FulGla    2.35%    failed      0.00%
  22  GalGal    5.49%    failed      1.07%
  23  GavSte    3.10%    failed      0.00%
  24  GeoFor   10.13%    failed      0.00%
  25  HalAlb    4.03%    failed      0.00%
  26  HalLeu    1.69%    failed      0.00%
  27  LepDis    3.30%    passed     70.23%
  28  ManVit    7.79%    failed      0.00%
  29  MelGal    7.40%    passed     74.12%
  30  MelUnd    5.80%    failed      0.00%
  31  MerNub    8.36%    failed      0.00%
  32  MesUni    5.61%    failed      0.00%
  33  NesNot    5.07%    failed      0.61%
  34  NipNip    2.88%    failed      0.00%
  35  OpiHoa    3.57%    failed      0.00%
  36  PelCri    2.88%    failed      0.00%
  37  PhaCar    4.73%    passed     13.42%
  38  PhaLep    2.63%    failed      0.00%
  39  PhoRub    2.62%    failed      2.40%
  40  PicPub   17.77%    failed      0.00%
  41  PodCri    4.15%    failed      1.20%
  42  PteGut    4.07%    failed      0.00%
  43  PygAde    4.04%    failed      0.00%
  44  StrCam    8.41%    failed      0.00%
  45  TaeGut   10.33%    failed      0.00%
  46  TauEry    3.00%    passed     65.51%
  47  TinGut   21.72%    failed      0.00%
  48  TytAlb    4.87%    failed      0.00%
****  TOTAL     5.95%  39 sequences failed composition chi2 test (p-value<5%; df=3)
Reading tree Jarvis_Renamed.nwk ...
rooted tree with 48 taxa and 95 branches
Computing site concordance factor...
1.648 sec
Tree with concordance factors written to concord_M11_three_prime_UTR.cf.tree
Tree with branch IDs written to concord_M11_three_prime_UTR.cf.branch
Concordance factors per branch printed to concord_M11_three_prime_UTR.cf.stat
Date and Time: Fri Nov 15 16:07:35 2019
