IQ-TREE multicore version 1.7-beta16 for Linux 64-bit built Sep 24 2019
Developed by Bui Quang Minh, Nguyen Lam Tung, Olga Chernomor,
Heiko Schmidt, Dominik Schrempf, Michael Woodhams.

Host:    n056.cluster.com (AVX, 125 GB RAM)
Command: iqtree -t Jarvis_Renamed.nwk -s M9_CDS --scf 500 --prefix concord_M9_CDS -nt 20
Seed:    660690 (Using SPRNG - Scalable Parallel Random Number Generator)
Time:    Fri Nov 15 18:27:40 2019
Kernel:  AVX - 20 threads (20 CPU cores detected)

Reading alignment file M9_CDS ... Phylip format detected
Alignment most likely contains DNA/RNA sequences
Alignment has 48 sequences with 249582 columns, 224945 distinct patterns
249582 parsimony-informative, 0 singleton sites, 0 constant sites
        Gap/Ambiguity  Composition  p-value
   1  AcaChl    6.05%    failed      0.00%
   2  AnaPla    4.62%    passed     64.76%
   3  AntCar    5.13%    failed      0.00%
   4  ApaVit    5.03%    failed      0.00%
   5  AptFor    3.81%    failed      0.00%
   6  BalReg    2.42%    failed      0.00%
   7  BucRhi    3.74%    failed      0.00%
   8  CalAnn    3.28%    failed      3.74%
   9  CarCri    3.46%    failed      0.00%
  10  CatAur    9.04%    failed      0.00%
  11  ChaPel    3.19%    failed      0.00%
  12  ChaVoc    2.24%    failed      0.00%
  13  ChlMac    2.87%    failed      0.00%
  14  ColLiv    3.35%    failed      0.00%
  15  ColStr    5.28%    failed      0.00%
  16  CorBra    5.52%    failed      0.00%
  17  CucCan    3.09%    failed      0.00%
  18  EgrGar    1.83%    failed      0.00%
  19  EurHel    3.82%    failed      0.00%
  20  FalPer    4.24%    failed      0.00%
  21  FulGla    1.95%    failed      0.00%
  22  GalGal    4.52%    failed      1.60%
  23  GavSte    2.52%    failed      0.00%
  24  GeoFor    8.44%    failed      0.00%
  25  HalAlb    4.85%    failed      0.00%
  26  HalLeu    1.27%    failed      0.00%
  27  LepDis    2.34%    failed      3.21%
  28  ManVit    7.20%    failed      0.00%
  29  MelGal    3.32%    failed      0.00%
  30  MelUnd    4.28%    failed      0.00%
  31  MerNub    5.45%    failed      0.00%
  32  MesUni    3.37%    failed      0.00%
  33  NesNot    3.35%    failed      0.00%
  34  NipNip    2.58%    failed      0.00%
  35  OpiHoa    3.65%    failed      0.05%
  36  PelCri    1.99%    failed      0.00%
  37  PhaCar    3.51%    failed      0.00%
  38  PhaLep    1.71%    failed      0.00%
  39  PhoRub    2.24%    failed      0.00%
  40  PicPub    6.58%    failed      0.00%
  41  PodCri    2.63%    failed      0.00%
  42  PteGut    3.60%    failed      0.00%
  43  PygAde    2.75%    failed      0.00%
  44  StrCam    2.96%    failed      0.00%
  45  TaeGut    7.28%    failed      0.00%
  46  TauEry    2.38%    passed     26.60%
  47  TinGut   14.93%    failed      0.00%
  48  TytAlb    4.41%    failed      0.00%
****  TOTAL     4.13%  46 sequences failed composition chi2 test (p-value<5%; df=3)
Reading tree Jarvis_Renamed.nwk ...
rooted tree with 48 taxa and 95 branches
Computing site concordance factor...
13.995 sec
Tree with concordance factors written to concord_M9_CDS.cf.tree
Tree with branch IDs written to concord_M9_CDS.cf.branch
Concordance factors per branch printed to concord_M9_CDS.cf.stat
Date and Time: Fri Nov 15 18:27:56 2019
