IQ-TREE multicore version 1.7-beta16 for Linux 64-bit built Sep 24 2019
Developed by Bui Quang Minh, Nguyen Lam Tung, Olga Chernomor,
Heiko Schmidt, Dominik Schrempf, Michael Woodhams.

Host:    n056.cluster.com (AVX, 125 GB RAM)
Command: iqtree -t Jarvis_Renamed.nwk -s M1_CDS --scf 500 --prefix concord_M1_CDS -nt 20
Seed:    838731 (Using SPRNG - Scalable Parallel Random Number Generator)
Time:    Fri Nov 15 17:08:14 2019
Kernel:  AVX - 20 threads (20 CPU cores detected)

Reading alignment file M1_CDS ... Phylip format detected
Alignment most likely contains DNA/RNA sequences
Alignment has 48 sequences with 135148 columns, 110771 distinct patterns
135148 parsimony-informative, 0 singleton sites, 0 constant sites
        Gap/Ambiguity  Composition  p-value
   1  AcaChl    0.90%    failed      0.00%
   2  AnaPla    1.30%    passed     99.64%
   3  AntCar    1.83%    failed      0.00%
   4  ApaVit    0.95%    failed      0.00%
   5  AptFor    0.75%    failed      0.00%
   6  BalReg    0.72%    failed      0.00%
   7  BucRhi    0.81%    failed      0.00%
   8  CalAnn    0.67%    passed     20.14%
   9  CarCri    0.64%    failed      0.00%
  10  CatAur    3.46%    failed      0.00%
  11  ChaPel    0.84%    passed     21.26%
  12  ChaVoc    0.87%    failed      0.00%
  13  ChlMac    0.50%    failed      0.00%
  14  ColLiv    0.98%    failed      0.00%
  15  ColStr    0.93%    failed      0.00%
  16  CorBra    0.63%    failed      0.00%
  17  CucCan    0.90%    failed      0.01%
  18  EgrGar    0.62%    failed      0.00%
  19  EurHel    1.01%    failed      0.00%
  20  FalPer    0.78%    failed      0.00%
  21  FulGla    0.54%    failed      0.00%
  22  GalGal    1.97%    passed     69.04%
  23  GavSte    0.67%    failed      0.00%
  24  GeoFor    1.08%    failed      0.00%
  25  HalAlb    1.05%    failed      0.00%
  26  HalLeu    0.28%    failed      0.00%
  27  LepDis    0.65%    failed      0.04%
  28  ManVit    1.20%    failed      0.00%
  29  MelGal    0.69%    failed      0.03%
  30  MelUnd    1.16%    failed      0.00%
  31  MerNub    1.32%    failed      0.00%
  32  MesUni    0.75%    failed      0.00%
  33  NesNot    0.70%    failed      3.67%
  34  NipNip    1.02%    failed      0.00%
  35  OpiHoa    1.28%    passed     51.54%
  36  PelCri    0.55%    failed      0.00%
  37  PhaCar    0.74%    failed      0.00%
  38  PhaLep    0.45%    failed      0.00%
  39  PhoRub    0.61%    failed      0.00%
  40  PicPub    1.66%    failed      0.00%
  41  PodCri    0.62%    failed      0.00%
  42  PteGut    0.63%    failed      0.00%
  43  PygAde    1.11%    failed      0.00%
  44  StrCam    0.69%    failed      0.00%
  45  TaeGut    1.33%    failed      0.00%
  46  TauEry    0.49%    passed      5.04%
  47  TinGut    6.60%    failed      0.00%
  48  TytAlb    0.86%    failed      0.00%
****  TOTAL     1.06%  42 sequences failed composition chi2 test (p-value<5%; df=3)
Reading tree Jarvis_Renamed.nwk ...
rooted tree with 48 taxa and 95 branches
Computing site concordance factor...
6.554 sec
Tree with concordance factors written to concord_M1_CDS.cf.tree
Tree with branch IDs written to concord_M1_CDS.cf.branch
Concordance factors per branch printed to concord_M1_CDS.cf.stat
Date and Time: Fri Nov 15 17:08:22 2019
