IQ-TREE multicore version 1.7-beta16 for Linux 64-bit built Sep 24 2019
Developed by Bui Quang Minh, Nguyen Lam Tung, Olga Chernomor,
Heiko Schmidt, Dominik Schrempf, Michael Woodhams.

Host:    n056.cluster.com (AVX, 125 GB RAM)
Command: iqtree -t Jarvis_Renamed.nwk -s M14_three_prime_UTR --scf 500 --prefix concord_M14_three_prime_UTR -nt 20
Seed:    712552 (Using SPRNG - Scalable Parallel Random Number Generator)
Time:    Fri Nov 15 16:29:46 2019
Kernel:  AVX - 20 threads (20 CPU cores detected)

Reading alignment file M14_three_prime_UTR ... Phylip format detected
Alignment most likely contains DNA/RNA sequences
Alignment has 48 sequences with 63621 columns, 59997 distinct patterns
63621 parsimony-informative, 0 singleton sites, 0 constant sites
        Gap/Ambiguity  Composition  p-value
   1  AcaChl   10.71%    failed      0.00%
   2  AnaPla    9.06%    failed      0.00%
   3  AntCar    6.43%    failed      0.00%
   4  ApaVit    7.34%    failed      0.03%
   5  AptFor    4.76%    failed      0.00%
   6  BalReg    3.98%    failed      0.00%
   7  BucRhi    9.55%    failed      0.00%
   8  CalAnn    8.22%    passed      6.89%
   9  CarCri    4.26%    failed      0.00%
  10  CatAur    6.13%    failed      0.00%
  11  ChaPel    5.83%    passed     22.91%
  12  ChaVoc    2.50%    failed      0.00%
  13  ChlMac    4.68%    passed     67.39%
  14  ColLiv    5.78%    failed      0.02%
  15  ColStr   11.32%    failed      0.00%
  16  CorBra    9.12%    failed      0.00%
  17  CucCan    6.00%    passed     32.98%
  18  EgrGar    3.44%    passed     94.11%
  19  EurHel    9.58%    failed      0.00%
  20  FalPer    5.46%    failed      0.00%
  21  FulGla    2.63%    failed      0.00%
  22  GalGal    5.72%    failed      0.68%
  23  GavSte    3.46%    failed      0.00%
  24  GeoFor   11.71%    failed      0.00%
  25  HalAlb    4.45%    failed      0.00%
  26  HalLeu    1.85%    failed      0.00%
  27  LepDis    3.86%    passed     58.27%
  28  ManVit    9.06%    failed      0.00%
  29  MelGal    8.30%    passed     75.49%
  30  MelUnd    6.60%    failed      0.00%
  31  MerNub    9.56%    failed      0.00%
  32  MesUni    6.40%    failed      0.00%
  33  NesNot    5.88%    failed      0.14%
  34  NipNip    3.18%    failed      0.00%
  35  OpiHoa    3.98%    failed      0.00%
  36  PelCri    3.27%    failed      0.00%
  37  PhaCar    5.53%    passed     14.45%
  38  PhaLep    3.01%    failed      0.00%
  39  PhoRub    3.03%    passed      5.29%
  40  PicPub   18.99%    failed      0.00%
  41  PodCri    4.66%    failed      2.16%
  42  PteGut    4.74%    failed      0.00%
  43  PygAde    4.38%    failed      0.00%
  44  StrCam    9.51%    failed      0.00%
  45  TaeGut   11.83%    failed      0.00%
  46  TauEry    3.67%    passed     59.99%
  47  TinGut   23.06%    failed      0.00%
  48  TytAlb    5.59%    failed      0.00%
****  TOTAL     6.71%  38 sequences failed composition chi2 test (p-value<5%; df=3)
Reading tree Jarvis_Renamed.nwk ...
rooted tree with 48 taxa and 95 branches
Computing site concordance factor...
1.658 sec
Tree with concordance factors written to concord_M14_three_prime_UTR.cf.tree
Tree with branch IDs written to concord_M14_three_prime_UTR.cf.branch
Concordance factors per branch printed to concord_M14_three_prime_UTR.cf.stat
Date and Time: Fri Nov 15 16:29:48 2019
