IQ-TREE multicore version 1.7-beta16 for Linux 64-bit built Sep 24 2019
Developed by Bui Quang Minh, Nguyen Lam Tung, Olga Chernomor,
Heiko Schmidt, Dominik Schrempf, Michael Woodhams.

Host:    n056.cluster.com (AVX, 125 GB RAM)
Command: iqtree -t Jarvis_Renamed.nwk -s M8_AllUniquelyMapped --scf 500 --prefix concord_M8_AllUniquelyMapped -nt 20
Seed:    41538 (Using SPRNG - Scalable Parallel Random Number Generator)
Time:    Fri Nov 15 18:18:48 2019
Kernel:  AVX - 20 threads (20 CPU cores detected)

Reading alignment file M8_AllUniquelyMapped ... Phylip format detected
Alignment most likely contains DNA/RNA sequences
Alignment has 48 sequences with 2890539 columns, 2467370 distinct patterns
2890539 parsimony-informative, 0 singleton sites, 0 constant sites
        Gap/Ambiguity  Composition  p-value
   1  AcaChl    6.96%    failed      0.00%
   2  AnaPla    7.96%    failed      0.00%
   3  AntCar    5.42%    failed      0.00%
   4  ApaVit    5.64%    failed      0.00%
   5  AptFor    3.47%    failed      0.00%
   6  BalReg    2.64%    failed      0.00%
   7  BucRhi    6.01%    failed      0.00%
   8  CalAnn    8.39%    failed      0.00%
   9  CarCri    3.45%    failed      0.00%
  10  CatAur    7.65%    failed      0.00%
  11  ChaPel    5.85%    failed      0.00%
  12  ChaVoc    2.24%    passed     39.06%
  13  ChlMac    3.62%    failed      0.00%
  14  ColLiv    4.75%    failed      0.00%
  15  ColStr    7.42%    failed      0.00%
  16  CorBra    6.69%    failed      0.00%
  17  CucCan    5.54%    failed      0.00%
  18  EgrGar    2.44%    failed      0.00%
  19  EurHel    4.47%    failed      0.00%
  20  FalPer    4.26%    failed      0.00%
  21  FulGla    2.14%    failed      0.00%
  22  GalGal    5.05%    failed      0.00%
  23  GavSte    2.74%    failed      0.00%
  24  GeoFor    9.97%    failed      0.00%
  25  HalAlb    3.66%    failed      0.00%
  26  HalLeu    1.34%    failed      0.00%
  27  LepDis    2.77%    failed      0.00%
  28  ManVit    6.25%    failed      0.00%
  29  MelGal    8.89%    passed     34.31%
  30  MelUnd    5.83%    failed      0.00%
  31  MerNub    6.15%    failed      0.00%
  32  MesUni    4.74%    failed      0.00%
  33  NesNot    4.48%    passed     21.86%
  34  NipNip    2.43%    failed      0.00%
  35  OpiHoa    2.91%    failed      0.00%
  36  PelCri    2.20%    failed      0.00%
  37  PhaCar    3.98%    failed      0.00%
  38  PhaLep    2.48%    failed      0.00%
  39  PhoRub    2.29%    failed      0.00%
  40  PicPub   14.39%    failed      0.00%
  41  PodCri    3.37%    failed      0.00%
  42  PteGut    4.10%    passed     50.93%
  43  PygAde    3.10%    failed      0.00%
  44  StrCam   10.44%    failed      0.00%
  45  TaeGut   10.45%    failed      0.00%
  46  TauEry    2.69%    failed      0.00%
  47  TinGut   26.91%    failed      0.00%
  48  TytAlb    4.27%    failed      0.00%
****  TOTAL     5.52%  44 sequences failed composition chi2 test (p-value<5%; df=3)
Reading tree Jarvis_Renamed.nwk ...
rooted tree with 48 taxa and 95 branches
Computing site concordance factor...
130.543 sec
Tree with concordance factors written to concord_M8_AllUniquelyMapped.cf.tree
Tree with branch IDs written to concord_M8_AllUniquelyMapped.cf.branch
Concordance factors per branch printed to concord_M8_AllUniquelyMapped.cf.stat
Date and Time: Fri Nov 15 18:21:15 2019
