IQ-TREE multicore version 1.7-beta16 for Linux 64-bit built Sep 24 2019
Developed by Bui Quang Minh, Nguyen Lam Tung, Olga Chernomor,
Heiko Schmidt, Dominik Schrempf, Michael Woodhams.

Host:    n056.cluster.com (AVX, 125 GB RAM)
Command: iqtree -t Jarvis_Renamed.nwk -s M11_five_prime_UTR --scf 500 --prefix concord_M11_five_prime_UTR -nt 20
Seed:    823575 (Using SPRNG - Scalable Parallel Random Number Generator)
Time:    Fri Nov 15 16:03:46 2019
Kernel:  AVX - 20 threads (20 CPU cores detected)

Reading alignment file M11_five_prime_UTR ... Phylip format detected
Alignment most likely contains DNA/RNA sequences
Alignment has 48 sequences with 8538 columns, 8332 distinct patterns
8538 parsimony-informative, 0 singleton sites, 0 constant sites
        Gap/Ambiguity  Composition  p-value
   1  AcaChl    6.82%    failed      0.31%
   2  AnaPla    8.59%    failed      2.83%
   3  AntCar    5.52%    passed     25.92%
   4  ApaVit    6.65%    passed     61.89%
   5  AptFor    4.09%    failed      0.78%
   6  BalReg    2.62%    failed      1.24%
   7  BucRhi    5.42%    passed      9.01%
   8  CalAnn    5.36%    passed     82.94%
   9  CarCri    5.00%    failed      2.87%
  10  CatAur    8.42%    failed      0.88%
  11  ChaPel    5.07%    passed     98.15%
  12  ChaVoc    2.42%    passed     72.90%
  13  ChlMac    5.46%    passed     90.98%
  14  ColLiv    4.45%    passed     22.59%
  15  ColStr    8.34%    passed     82.39%
  16  CorBra    7.34%    failed      0.01%
  17  CucCan    3.90%    passed     91.29%
  18  EgrGar    2.93%    passed     89.95%
  19  EurHel    5.93%    passed     36.64%
  20  FalPer    4.36%    failed      1.44%
  21  FulGla    2.41%    passed      6.22%
  22  GalGal    4.76%    failed      0.00%
  23  GavSte    2.33%    failed      2.00%
  24  GeoFor   10.35%    failed      0.00%
  25  HalAlb    7.02%    failed      0.79%
  26  HalLeu    1.34%    failed      2.13%
  27  LepDis    2.88%    passed     55.28%
  28  ManVit    8.01%    failed      0.24%
  29  MelGal    6.18%    failed      0.00%
  30  MelUnd    4.74%    passed     99.60%
  31  MerNub    7.41%    failed      0.85%
  32  MesUni    6.43%    passed     20.77%
  33  NesNot    5.72%    passed     98.98%
  34  NipNip    2.57%    failed      1.25%
  35  OpiHoa    2.78%    passed     21.00%
  36  PelCri    2.52%    failed      3.38%
  37  PhaCar    5.86%    passed     22.51%
  38  PhaLep    2.48%    passed     28.86%
  39  PhoRub    2.82%    passed     41.78%
  40  PicPub    8.69%    failed      0.00%
  41  PodCri    4.51%    passed     17.90%
  42  PteGut    4.46%    passed     85.19%
  43  PygAde    2.23%    failed      0.49%
  44  StrCam    7.19%    passed      6.30%
  45  TaeGut    9.58%    failed      0.00%
  46  TauEry    3.28%    passed     82.80%
  47  TinGut   21.05%    failed      0.26%
  48  TytAlb    6.35%    failed      0.00%
****  TOTAL     5.51%  23 sequences failed composition chi2 test (p-value<5%; df=3)
Reading tree Jarvis_Renamed.nwk ...
rooted tree with 48 taxa and 95 branches
Computing site concordance factor...
0.175 sec
Tree with concordance factors written to concord_M11_five_prime_UTR.cf.tree
Tree with branch IDs written to concord_M11_five_prime_UTR.cf.branch
Concordance factors per branch printed to concord_M11_five_prime_UTR.cf.stat
Date and Time: Fri Nov 15 16:03:47 2019
