IQ-TREE multicore version 1.7-beta16 for Linux 64-bit built Sep 24 2019
Developed by Bui Quang Minh, Nguyen Lam Tung, Olga Chernomor,
Heiko Schmidt, Dominik Schrempf, Michael Woodhams.

Host:    n056.cluster.com (AVX, 125 GB RAM)
Command: iqtree -t Jarvis_Renamed.nwk -s M11_intergenic --scf 500 --prefix concord_M11_intergenic -nt 20
Seed:    340942 (Using SPRNG - Scalable Parallel Random Number Generator)
Time:    Fri Nov 15 16:05:02 2019
Kernel:  AVX - 20 threads (20 CPU cores detected)

Reading alignment file M11_intergenic ... Phylip format detected
Alignment most likely contains DNA/RNA sequences
Alignment has 48 sequences with 1314917 columns, 1168697 distinct patterns
1314917 parsimony-informative, 0 singleton sites, 0 constant sites
        Gap/Ambiguity  Composition  p-value
   1  AcaChl    8.86%    failed      0.00%
   2  AnaPla    9.86%    failed      0.00%
   3  AntCar    6.35%    failed      0.00%
   4  ApaVit    7.08%    passed     36.58%
   5  AptFor    4.08%    failed      0.19%
   6  BalReg    3.17%    failed      0.03%
   7  BucRhi    7.50%    failed      0.00%
   8  CalAnn   11.25%    failed      0.00%
   9  CarCri    4.17%    failed      0.00%
  10  CatAur    8.98%    failed      0.00%
  11  ChaPel    7.75%    failed      0.00%
  12  ChaVoc    2.50%    failed      0.00%
  13  ChlMac    4.60%    failed      0.00%
  14  ColLiv    5.71%    passed      5.55%
  15  ColStr    9.65%    failed      0.00%
  16  CorBra    9.01%    failed      0.00%
  17  CucCan    7.17%    failed      0.00%
  18  EgrGar    2.99%    failed      0.00%
  19  EurHel    5.21%    failed      0.00%
  20  FalPer    5.19%    failed      0.00%
  21  FulGla    2.61%    failed      0.00%
  22  GalGal    5.36%    failed      0.00%
  23  GavSte    3.33%    failed      4.09%
  24  GeoFor   12.87%    failed      0.00%
  25  HalAlb    4.28%    passed     36.97%
  26  HalLeu    1.63%    failed      2.78%
  27  LepDis    3.38%    failed      0.00%
  28  ManVit    7.90%    failed      0.17%
  29  MelGal   10.87%    passed     44.97%
  30  MelUnd    7.17%    failed      0.00%
  31  MerNub    7.57%    failed      0.00%
  32  MesUni    5.88%    failed      0.15%
  33  NesNot    5.70%    passed     35.95%
  34  NipNip    2.81%    failed      0.00%
  35  OpiHoa    3.42%    failed      0.00%
  36  PelCri    2.69%    failed      0.00%
  37  PhaCar    4.90%    failed      0.05%
  38  PhaLep    3.24%    passed     98.20%
  39  PhoRub    2.82%    failed      0.00%
  40  PicPub   18.24%    failed      0.00%
  41  PodCri    4.28%    failed      0.08%
  42  PteGut    5.24%    passed      6.60%
  43  PygAde    3.50%    failed      0.00%
  44  StrCam   12.73%    failed      0.00%
  45  TaeGut   13.40%    failed      0.00%
  46  TauEry    3.38%    failed      0.00%
  47  TinGut   29.08%    passed      5.42%
  48  TytAlb    5.35%    failed      0.00%
****  TOTAL     6.77%  40 sequences failed composition chi2 test (p-value<5%; df=3)
Reading tree Jarvis_Renamed.nwk ...
rooted tree with 48 taxa and 95 branches
Computing site concordance factor...
57.053 sec
Tree with concordance factors written to concord_M11_intergenic.cf.tree
Tree with branch IDs written to concord_M11_intergenic.cf.branch
Concordance factors per branch printed to concord_M11_intergenic.cf.stat
Date and Time: Fri Nov 15 16:06:07 2019
