IQ-TREE multicore version 1.7-beta16 for Linux 64-bit built Sep 24 2019
Developed by Bui Quang Minh, Nguyen Lam Tung, Olga Chernomor,
Heiko Schmidt, Dominik Schrempf, Michael Woodhams.

Host:    n056.cluster.com (AVX, 125 GB RAM)
Command: iqtree -t Jarvis_Renamed.nwk -s M20_genic_other --scf 500 --prefix concord_M20_genic_other -nt 20
Seed:    170607 (Using SPRNG - Scalable Parallel Random Number Generator)
Time:    Fri Nov 15 17:14:20 2019
Kernel:  AVX - 20 threads (20 CPU cores detected)

Reading alignment file M20_genic_other ... Phylip format detected
Alignment most likely contains DNA/RNA sequences
Alignment has 48 sequences with 100178 columns, 96864 distinct patterns
100178 parsimony-informative, 0 singleton sites, 0 constant sites
        Gap/Ambiguity  Composition  p-value
   1  AcaChl   14.83%    failed      0.04%
   2  AnaPla   14.47%    failed      0.22%
   3  AntCar    8.79%    failed      0.00%
   4  ApaVit   12.07%    passed     10.10%
   5  AptFor    5.65%    failed      0.24%
   6  BalReg    4.93%    failed      0.02%
   7  BucRhi   12.67%    failed      0.00%
   8  CalAnn   16.93%    failed      3.17%
   9  CarCri    6.80%    failed      1.38%
  10  CatAur   10.15%    failed      0.00%
  11  ChaPel   11.60%    failed      0.02%
  12  ChaVoc    3.99%    passed     86.30%
  13  ChlMac    7.84%    passed     43.57%
  14  ColLiv    9.38%    passed     61.75%
  15  ColStr   14.82%    failed      0.00%
  16  CorBra   14.57%    failed      0.00%
  17  CucCan   11.03%    passed     61.78%
  18  EgrGar    5.23%    failed      4.36%
  19  EurHel    8.70%    failed      0.00%
  20  FalPer    8.17%    failed      1.01%
  21  FulGla    3.72%    failed      0.13%
  22  GalGal    6.59%    failed      0.00%
  23  GavSte    4.65%    passed     13.69%
  24  GeoFor   20.54%    failed      0.00%
  25  HalAlb    6.36%    failed      1.29%
  26  HalLeu    2.82%    failed      0.87%
  27  LepDis    5.56%    passed     70.78%
  28  ManVit   13.26%    failed      2.07%
  29  MelGal   15.78%    failed      0.00%
  30  MelUnd   10.26%    passed     88.22%
  31  MerNub   13.29%    failed      0.04%
  32  MesUni    9.90%    failed      0.66%
  33  NesNot    9.53%    passed     53.20%
  34  NipNip    3.77%    failed      0.09%
  35  OpiHoa    5.48%    failed      0.00%
  36  PelCri    4.15%    failed      2.08%
  37  PhaCar    7.20%    passed     10.23%
  38  PhaLep    4.32%    passed      9.33%
  39  PhoRub    4.04%    passed     50.51%
  40  PicPub   24.38%    failed      0.00%
  41  PodCri    6.43%    passed     17.09%
  42  PteGut    8.41%    passed     98.02%
  43  PygAde    4.11%    failed      0.00%
  44  StrCam   21.51%    failed      0.00%
  45  TaeGut   20.56%    failed      0.06%
  46  TauEry    5.70%    passed      6.59%
  47  TinGut   42.94%    passed     14.94%
  48  TytAlb    8.04%    failed      0.00%
****  TOTAL    10.33%  32 sequences failed composition chi2 test (p-value<5%; df=3)
Reading tree Jarvis_Renamed.nwk ...
rooted tree with 48 taxa and 95 branches
Computing site concordance factor...
3.974 sec
Tree with concordance factors written to concord_M20_genic_other.cf.tree
Tree with branch IDs written to concord_M20_genic_other.cf.branch
Concordance factors per branch printed to concord_M20_genic_other.cf.stat
Date and Time: Fri Nov 15 17:14:24 2019
