IQ-TREE multicore version 1.7-beta16 for Linux 64-bit built Sep 24 2019
Developed by Bui Quang Minh, Nguyen Lam Tung, Olga Chernomor,
Heiko Schmidt, Dominik Schrempf, Michael Woodhams.

Host:    n056.cluster.com (AVX, 125 GB RAM)
Command: iqtree -t Jarvis_Renamed.nwk -s M24_genic_other --scf 500 --prefix concord_M24_genic_other -nt 20
Seed:    942850 (Using SPRNG - Scalable Parallel Random Number Generator)
Time:    Fri Nov 15 17:45:08 2019
Kernel:  AVX - 20 threads (20 CPU cores detected)

Reading alignment file M24_genic_other ... Phylip format detected
Alignment most likely contains DNA/RNA sequences
Alignment has 48 sequences with 102256 columns, 98940 distinct patterns
102256 parsimony-informative, 0 singleton sites, 0 constant sites
        Gap/Ambiguity  Composition  p-value
   1  AcaChl   15.97%    failed      0.10%
   2  AnaPla   15.16%    failed      0.16%
   3  AntCar    9.45%    failed      0.00%
   4  ApaVit   13.11%    passed     11.75%
   5  AptFor    6.04%    failed      0.56%
   6  BalReg    5.54%    failed      0.04%
   7  BucRhi   13.68%    failed      0.00%
   8  CalAnn   17.96%    failed      1.89%
   9  CarCri    7.40%    failed      2.15%
  10  CatAur   10.70%    failed      0.00%
  11  ChaPel   12.56%    failed      0.01%
  12  ChaVoc    4.40%    passed     88.12%
  13  ChlMac    8.64%    passed     43.23%
  14  ColLiv   10.18%    passed     60.67%
  15  ColStr   15.94%    failed      0.00%
  16  CorBra   15.65%    failed      0.00%
  17  CucCan   11.85%    passed     64.35%
  18  EgrGar    5.83%    failed      2.94%
  19  EurHel    9.57%    failed      0.00%
  20  FalPer    8.94%    failed      1.41%
  21  FulGla    4.27%    failed      0.14%
  22  GalGal    6.73%    failed      0.00%
  23  GavSte    5.10%    passed     19.06%
  24  GeoFor   21.71%    failed      0.00%
  25  HalAlb    6.99%    failed      1.37%
  26  HalLeu    3.26%    failed      1.32%
  27  LepDis    6.19%    passed     82.52%
  28  ManVit   14.30%    failed      2.69%
  29  MelGal   16.11%    failed      0.00%
  30  MelUnd   11.09%    passed     86.30%
  31  MerNub   14.27%    failed      0.07%
  32  MesUni   10.69%    failed      1.21%
  33  NesNot   10.51%    passed     58.68%
  34  NipNip    4.18%    failed      0.13%
  35  OpiHoa    6.06%    failed      0.00%
  36  PelCri    4.61%    failed      1.67%
  37  PhaCar    7.91%    passed      9.76%
  38  PhaLep    4.96%    passed      9.77%
  39  PhoRub    4.51%    passed     36.12%
  40  PicPub   25.40%    failed      0.00%
  41  PodCri    7.16%    passed     23.18%
  42  PteGut    9.16%    passed     93.92%
  43  PygAde    4.41%    failed      0.00%
  44  StrCam   22.49%    failed      0.00%
  45  TaeGut   21.60%    failed      0.05%
  46  TauEry    6.40%    passed      8.17%
  47  TinGut   43.79%    passed     18.15%
  48  TytAlb    8.82%    failed      0.00%
****  TOTAL    11.07%  32 sequences failed composition chi2 test (p-value<5%; df=3)
Reading tree Jarvis_Renamed.nwk ...
rooted tree with 48 taxa and 95 branches
Computing site concordance factor...
4.225 sec
Tree with concordance factors written to concord_M24_genic_other.cf.tree
Tree with branch IDs written to concord_M24_genic_other.cf.branch
Concordance factors per branch printed to concord_M24_genic_other.cf.stat
Date and Time: Fri Nov 15 17:45:14 2019
