IQ-TREE multicore version 1.7-beta16 for Linux 64-bit built Sep 24 2019
Developed by Bui Quang Minh, Nguyen Lam Tung, Olga Chernomor,
Heiko Schmidt, Dominik Schrempf, Michael Woodhams.

Host:    n056.cluster.com (AVX, 125 GB RAM)
Command: iqtree -t Jarvis_Renamed.nwk -s M11_CDS --scf 500 --prefix concord_M11_CDS -nt 20
Seed:    184440 (Using SPRNG - Scalable Parallel Random Number Generator)
Time:    Fri Nov 15 16:03:31 2019
Kernel:  AVX - 20 threads (20 CPU cores detected)

Reading alignment file M11_CDS ... Phylip format detected
Alignment most likely contains DNA/RNA sequences
Alignment has 48 sequences with 255530 columns, 230892 distinct patterns
255530 parsimony-informative, 0 singleton sites, 0 constant sites
        Gap/Ambiguity  Composition  p-value
   1  AcaChl    6.84%    failed      0.00%
   2  AnaPla    5.00%    passed     71.33%
   3  AntCar    5.50%    failed      0.00%
   4  ApaVit    5.70%    failed      0.00%
   5  AptFor    4.20%    failed      0.00%
   6  BalReg    2.67%    failed      0.00%
   7  BucRhi    4.19%    failed      0.00%
   8  CalAnn    3.75%    failed      4.13%
   9  CarCri    3.94%    failed      0.00%
  10  CatAur    9.50%    failed      0.00%
  11  ChaPel    3.52%    failed      0.00%
  12  ChaVoc    2.38%    failed      0.00%
  13  ChlMac    3.31%    failed      0.00%
  14  ColLiv    3.68%    failed      0.00%
  15  ColStr    5.96%    failed      0.00%
  16  CorBra    6.27%    failed      0.00%
  17  CucCan    3.41%    failed      0.00%
  18  EgrGar    2.02%    failed      0.00%
  19  EurHel    4.25%    failed      0.00%
  20  FalPer    4.78%    failed      0.00%
  21  FulGla    2.21%    failed      0.00%
  22  GalGal    4.67%    failed      1.94%
  23  GavSte    2.86%    failed      0.00%
  24  GeoFor    9.28%    failed      0.00%
  25  HalAlb    5.40%    failed      0.00%
  26  HalLeu    1.46%    failed      0.00%
  27  LepDis    2.63%    passed      6.30%
  28  ManVit    8.01%    failed      0.00%
  29  MelGal    3.67%    failed      0.00%
  30  MelUnd    4.63%    failed      0.00%
  31  MerNub    6.03%    failed      0.00%
  32  MesUni    3.78%    failed      0.00%
  33  NesNot    3.78%    failed      0.00%
  34  NipNip    2.71%    failed      0.00%
  35  OpiHoa    3.83%    failed      0.01%
  36  PelCri    2.25%    failed      0.00%
  37  PhaCar    3.97%    failed      0.00%
  38  PhaLep    1.95%    failed      0.00%
  39  PhoRub    2.52%    failed      0.00%
  40  PicPub    7.12%    failed      0.00%
  41  PodCri    2.98%    failed      0.00%
  42  PteGut    4.11%    failed      0.00%
  43  PygAde    2.90%    failed      0.00%
  44  StrCam    3.28%    failed      0.00%
  45  TaeGut    7.92%    failed      0.00%
  46  TauEry    2.69%    passed     38.34%
  47  TinGut   15.31%    failed      0.00%
  48  TytAlb    4.97%    failed      0.00%
****  TOTAL     4.54%  45 sequences failed composition chi2 test (p-value<5%; df=3)
Reading tree Jarvis_Renamed.nwk ...
rooted tree with 48 taxa and 95 branches
Computing site concordance factor...
13.983 sec
Tree with concordance factors written to concord_M11_CDS.cf.tree
Tree with branch IDs written to concord_M11_CDS.cf.branch
Concordance factors per branch printed to concord_M11_CDS.cf.stat
Date and Time: Fri Nov 15 16:03:46 2019
