IQ-TREE multicore version 1.7-beta16 for Linux 64-bit built Sep 24 2019
Developed by Bui Quang Minh, Nguyen Lam Tung, Olga Chernomor,
Heiko Schmidt, Dominik Schrempf, Michael Woodhams.

Host:    n056.cluster.com (AVX, 125 GB RAM)
Command: iqtree -t Jarvis_Renamed.nwk -s M10_intergenic --scf 500 --prefix concord_M10_intergenic -nt 20
Seed:    236151 (Using SPRNG - Scalable Parallel Random Number Generator)
Time:    Fri Nov 15 15:58:05 2019
Kernel:  AVX - 20 threads (20 CPU cores detected)

Reading alignment file M10_intergenic ... Phylip format detected
Alignment most likely contains DNA/RNA sequences
Alignment has 48 sequences with 1284981 columns, 1138767 distinct patterns
1284981 parsimony-informative, 0 singleton sites, 0 constant sites
        Gap/Ambiguity  Composition  p-value
   1  AcaChl    8.19%    failed      0.00%
   2  AnaPla    9.32%    failed      0.00%
   3  AntCar    6.08%    failed      0.00%
   4  ApaVit    6.56%    passed     46.92%
   5  AptFor    3.88%    failed      0.13%
   6  BalReg    3.00%    failed      0.02%
   7  BucRhi    7.00%    failed      0.00%
   8  CalAnn   10.54%    failed      0.00%
   9  CarCri    3.93%    failed      0.00%
  10  CatAur    8.66%    failed      0.00%
  11  ChaPel    7.27%    failed      0.00%
  12  ChaVoc    2.39%    failed      0.00%
  13  ChlMac    4.31%    failed      0.00%
  14  ColLiv    5.39%    passed      9.55%
  15  ColStr    9.03%    failed      0.00%
  16  CorBra    8.29%    failed      0.00%
  17  CucCan    6.75%    failed      0.00%
  18  EgrGar    2.82%    failed      0.00%
  19  EurHel    4.88%    failed      0.00%
  20  FalPer    4.87%    failed      0.00%
  21  FulGla    2.47%    failed      0.00%
  22  GalGal    5.24%    failed      0.00%
  23  GavSte    3.15%    failed      1.77%
  24  GeoFor   11.96%    failed      0.00%
  25  HalAlb    4.04%    passed     30.75%
  26  HalLeu    1.51%    failed      1.57%
  27  LepDis    3.20%    failed      0.00%
  28  ManVit    7.33%    failed      0.17%
  29  MelGal   10.33%    passed     24.29%
  30  MelUnd    6.79%    failed      0.00%
  31  MerNub    7.11%    failed      0.00%
  32  MesUni    5.48%    failed      0.12%
  33  NesNot    5.34%    passed     32.33%
  34  NipNip    2.70%    failed      0.00%
  35  OpiHoa    3.22%    failed      0.00%
  36  PelCri    2.54%    failed      0.00%
  37  PhaCar    4.62%    failed      0.03%
  38  PhaLep    3.05%    passed     97.48%
  39  PhoRub    2.68%    failed      0.00%
  40  PicPub   17.48%    failed      0.00%
  41  PodCri    4.01%    failed      0.03%
  42  PteGut    4.89%    passed     12.41%
  43  PygAde    3.40%    failed      0.00%
  44  StrCam   12.00%    failed      0.00%
  45  TaeGut   12.56%    failed      0.00%
  46  TauEry    3.16%    failed      0.00%
  47  TinGut   28.21%    passed     14.44%
  48  TytAlb    5.02%    failed      0.00%
****  TOTAL     6.39%  40 sequences failed composition chi2 test (p-value<5%; df=3)
Reading tree Jarvis_Renamed.nwk ...
rooted tree with 48 taxa and 95 branches
Computing site concordance factor...
58.253 sec
Tree with concordance factors written to concord_M10_intergenic.cf.tree
Tree with branch IDs written to concord_M10_intergenic.cf.branch
Concordance factors per branch printed to concord_M10_intergenic.cf.stat
Date and Time: Fri Nov 15 15:59:10 2019
