IQ-TREE multicore version 1.7-beta16 for Linux 64-bit built Sep 24 2019
Developed by Bui Quang Minh, Nguyen Lam Tung, Olga Chernomor,
Heiko Schmidt, Dominik Schrempf, Michael Woodhams.

Host:    n056.cluster.com (AVX, 125 GB RAM)
Command: iqtree -t Jarvis_Renamed.nwk -s M4_gene --scf 500 --prefix concord_M4_gene -nt 20
Seed:    778052 (Using SPRNG - Scalable Parallel Random Number Generator)
Time:    Fri Nov 15 17:58:08 2019
Kernel:  AVX - 20 threads (20 CPU cores detected)

Reading alignment file M4_gene ... Phylip format detected
Alignment most likely contains DNA/RNA sequences
Alignment has 48 sequences with 1051814 columns, 887265 distinct patterns
1051814 parsimony-informative, 0 singleton sites, 0 constant sites
        Gap/Ambiguity  Composition  p-value
   1  AcaChl    3.74%    failed      0.00%
   2  AnaPla    4.60%    passed     71.68%
   3  AntCar    4.07%    failed      0.00%
   4  ApaVit    3.24%    failed      0.00%
   5  AptFor    2.32%    failed      0.00%
   6  BalReg    1.77%    failed      0.00%
   7  BucRhi    3.55%    failed      0.00%
   8  CalAnn    4.10%    failed      0.00%
   9  CarCri    2.19%    failed      0.00%
  10  CatAur    5.71%    failed      0.00%
  11  ChaPel    3.19%    failed      0.00%
  12  ChaVoc    1.75%    failed      0.00%
  13  ChlMac    2.09%    passed     62.91%
  14  ColLiv    3.02%    failed      0.00%
  15  ColStr    3.98%    failed      0.00%
  16  CorBra    2.91%    failed      0.00%
  17  CucCan    3.15%    failed      0.00%
  18  EgrGar    1.62%    failed      1.33%
  19  EurHel    2.85%    failed      0.00%
  20  FalPer    2.65%    failed      0.00%
  21  FulGla    1.46%    failed      0.00%
  22  GalGal    4.17%    failed      0.00%
  23  GavSte    1.85%    failed      0.00%
  24  GeoFor    4.69%    failed      0.00%
  25  HalAlb    2.48%    failed      0.00%
  26  HalLeu    0.87%    failed      0.00%
  27  LepDis    1.84%    failed      0.00%
  28  ManVit    3.37%    failed      0.00%
  29  MelGal    4.66%    failed      1.35%
  30  MelUnd    3.58%    failed      0.08%
  31  MerNub    3.75%    failed      0.00%
  32  MesUni    2.87%    failed      0.00%
  33  NesNot    2.56%    passed     97.98%
  34  NipNip    1.91%    failed      0.00%
  35  OpiHoa    2.19%    failed      0.00%
  36  PelCri    1.47%    failed      0.00%
  37  PhaCar    2.46%    failed      0.00%
  38  PhaLep    1.52%    failed      0.00%
  39  PhoRub    1.52%    failed      0.00%
  40  PicPub    8.54%    failed      0.00%
  41  PodCri    2.08%    failed      0.00%
  42  PteGut    2.30%    failed      0.20%
  43  PygAde    2.38%    failed      0.00%
  44  StrCam    5.55%    failed      0.00%
  45  TaeGut    5.23%    failed      0.00%
  46  TauEry    1.63%    failed      0.37%
  47  TinGut   20.26%    failed      0.00%
  48  TytAlb    2.58%    failed      0.00%
****  TOTAL     3.38%  45 sequences failed composition chi2 test (p-value<5%; df=3)
Reading tree Jarvis_Renamed.nwk ...
rooted tree with 48 taxa and 95 branches
Computing site concordance factor...
54.525 sec
Tree with concordance factors written to concord_M4_gene.cf.tree
Tree with branch IDs written to concord_M4_gene.cf.branch
Concordance factors per branch printed to concord_M4_gene.cf.stat
Date and Time: Fri Nov 15 17:59:09 2019
