IQ-TREE multicore version 1.7-beta16 for Linux 64-bit built Sep 24 2019
Developed by Bui Quang Minh, Nguyen Lam Tung, Olga Chernomor,
Heiko Schmidt, Dominik Schrempf, Michael Woodhams.

Host:    n056.cluster.com (AVX, 125 GB RAM)
Command: iqtree -t Jarvis_Renamed.nwk -s M2_CDS --scf 500 --prefix concord_M2_CDS -nt 20
Seed:    386717 (Using SPRNG - Scalable Parallel Random Number Generator)
Time:    Fri Nov 15 17:49:15 2019
Kernel:  AVX - 20 threads (20 CPU cores detected)

Reading alignment file M2_CDS ... Phylip format detected
Alignment most likely contains DNA/RNA sequences
Alignment has 48 sequences with 178844 columns, 154235 distinct patterns
178844 parsimony-informative, 0 singleton sites, 0 constant sites
        Gap/Ambiguity  Composition  p-value
   1  AcaChl    1.75%    failed      0.00%
   2  AnaPla    2.24%    passed     97.73%
   3  AntCar    3.03%    failed      0.00%
   4  ApaVit    1.74%    failed      0.00%
   5  AptFor    1.46%    failed      0.00%
   6  BalReg    1.16%    failed      0.00%
   7  BucRhi    1.49%    failed      0.00%
   8  CalAnn    1.22%    passed     10.86%
   9  CarCri    1.17%    failed      0.00%
  10  CatAur    5.51%    failed      0.00%
  11  ChaPel    1.51%    passed     11.95%
  12  ChaVoc    1.39%    failed      0.00%
  13  ChlMac    0.97%    failed      0.00%
  14  ColLiv    1.60%    failed      0.00%
  15  ColStr    1.70%    failed      0.00%
  16  CorBra    1.16%    failed      0.00%
  17  CucCan    1.51%    failed      0.00%
  18  EgrGar    0.97%    failed      0.00%
  19  EurHel    1.69%    failed      0.00%
  20  FalPer    1.40%    failed      0.00%
  21  FulGla    0.90%    failed      0.00%
  22  GalGal    3.07%    passed     23.30%
  23  GavSte    1.12%    failed      0.00%
  24  GeoFor    2.36%    failed      0.00%
  25  HalAlb    1.88%    failed      0.00%
  26  HalLeu    0.49%    failed      0.00%
  27  LepDis    1.08%    failed      0.04%
  28  ManVit    2.22%    failed      0.00%
  29  MelGal    1.24%    failed      0.00%
  30  MelUnd    2.05%    failed      0.00%
  31  MerNub    2.27%    failed      0.00%
  32  MesUni    1.37%    failed      0.00%
  33  NesNot    1.26%    failed      0.17%
  34  NipNip    1.61%    failed      0.00%
  35  OpiHoa    2.25%    passed     43.26%
  36  PelCri    0.94%    failed      0.00%
  37  PhaCar    1.35%    failed      0.00%
  38  PhaLep    0.77%    failed      0.00%
  39  PhoRub    1.02%    failed      0.00%
  40  PicPub    2.90%    failed      0.00%
  41  PodCri    1.09%    failed      0.00%
  42  PteGut    1.18%    failed      0.00%
  43  PygAde    1.70%    failed      0.00%
  44  StrCam    1.22%    failed      0.00%
  45  TaeGut    2.53%    failed      0.00%
  46  TauEry    0.86%    failed      2.08%
  47  TinGut   10.27%    failed      0.00%
  48  TytAlb    1.54%    failed      0.00%
****  TOTAL     1.82%  43 sequences failed composition chi2 test (p-value<5%; df=3)
Reading tree Jarvis_Renamed.nwk ...
rooted tree with 48 taxa and 95 branches
Computing site concordance factor...
8.271 sec
Tree with concordance factors written to concord_M2_CDS.cf.tree
Tree with branch IDs written to concord_M2_CDS.cf.branch
Concordance factors per branch printed to concord_M2_CDS.cf.stat
Date and Time: Fri Nov 15 17:49:24 2019
