IQ-TREE multicore version 1.7-beta16 for Linux 64-bit built Sep 24 2019
Developed by Bui Quang Minh, Nguyen Lam Tung, Olga Chernomor,
Heiko Schmidt, Dominik Schrempf, Michael Woodhams.

Host:    n056.cluster.com (AVX, 125 GB RAM)
Command: iqtree -t Jarvis_Renamed.nwk -s M0_CDS --scf 500 --prefix concord_M0_CDS -nt 20
Seed:    186829 (Using SPRNG - Scalable Parallel Random Number Generator)
Time:    Fri Nov 15 15:53:15 2019
Kernel:  AVX - 20 threads (20 CPU cores detected)

Reading alignment file M0_CDS ... Phylip format detected
Alignment most likely contains DNA/RNA sequences
Alignment has 48 sequences with 66513 columns, 46382 distinct patterns
66513 parsimony-informative, 0 singleton sites, 0 constant sites
        Gap/Ambiguity  Composition  p-value
   1  AcaChl    0.00%    failed      0.00%
   2  AnaPla    0.00%    passed     97.81%
   3  AntCar    0.00%    failed      0.00%
   4  ApaVit    0.00%    failed      0.00%
   5  AptFor    0.00%    failed      0.00%
   6  BalReg    0.00%    failed      0.00%
   7  BucRhi    0.00%    failed      0.00%
   8  CalAnn    0.00%    passed     10.44%
   9  CarCri    0.00%    failed      0.00%
  10  CatAur    0.00%    failed      0.00%
  11  ChaPel    0.00%    passed     96.05%
  12  ChaVoc    0.00%    failed      0.00%
  13  ChlMac    0.00%    failed      0.01%
  14  ColLiv    0.00%    failed      0.00%
  15  ColStr    0.00%    failed      1.63%
  16  CorBra    0.00%    failed      0.00%
  17  CucCan    0.00%    passed      6.09%
  18  EgrGar    0.00%    failed      0.00%
  19  EurHel    0.00%    failed      0.00%
  20  FalPer    0.00%    failed      0.00%
  21  FulGla    0.00%    failed      0.00%
  22  GalGal    0.00%    passed     81.26%
  23  GavSte    0.00%    failed      0.00%
  24  GeoFor    0.00%    failed      0.00%
  25  HalAlb    0.00%    failed      0.00%
  26  HalLeu    0.00%    failed      0.00%
  27  LepDis    0.00%    passed      9.76%
  28  ManVit    0.00%    failed      0.00%
  29  MelGal    0.00%    failed      3.34%
  30  MelUnd    0.00%    passed      7.80%
  31  MerNub    0.00%    failed      0.00%
  32  MesUni    0.00%    failed      0.00%
  33  NesNot    0.00%    passed     29.30%
  34  NipNip    0.00%    failed      0.00%
  35  OpiHoa    0.00%    passed     35.05%
  36  PelCri    0.00%    failed      0.00%
  37  PhaCar    0.00%    failed      0.00%
  38  PhaLep    0.00%    failed      0.00%
  39  PhoRub    0.00%    failed      0.00%
  40  PicPub    0.00%    failed      0.00%
  41  PodCri    0.00%    failed      0.00%
  42  PteGut    0.00%    failed      0.00%
  43  PygAde    0.00%    failed      0.00%
  44  StrCam    0.00%    failed      0.00%
  45  TaeGut    0.00%    failed      0.00%
  46  TauEry    0.00%    passed     22.27%
  47  TinGut    0.00%    failed      0.00%
  48  TytAlb    0.00%    failed      0.00%
****  TOTAL     0.00%  38 sequences failed composition chi2 test (p-value<5%; df=3)
Reading tree Jarvis_Renamed.nwk ...
rooted tree with 48 taxa and 95 branches
Computing site concordance factor...
1.059 sec
Tree with concordance factors written to concord_M0_CDS.cf.tree
Tree with branch IDs written to concord_M0_CDS.cf.branch
Concordance factors per branch printed to concord_M0_CDS.cf.stat
Date and Time: Fri Nov 15 15:53:16 2019
