IQ-TREE multicore version 1.7-beta16 for Linux 64-bit built Sep 24 2019
Developed by Bui Quang Minh, Nguyen Lam Tung, Olga Chernomor,
Heiko Schmidt, Dominik Schrempf, Michael Woodhams.

Host:    n056.cluster.com (AVX, 125 GB RAM)
Command: iqtree -t Jarvis_Renamed.nwk -s M13_intergenic --scf 500 --prefix concord_M13_intergenic -nt 20
Seed:    627838 (Using SPRNG - Scalable Parallel Random Number Generator)
Time:    Fri Nov 15 16:19:38 2019
Kernel:  AVX - 20 threads (20 CPU cores detected)

Reading alignment file M13_intergenic ... Phylip format detected
Alignment most likely contains DNA/RNA sequences
Alignment has 48 sequences with 1362059 columns, 1215832 distinct patterns
1362059 parsimony-informative, 0 singleton sites, 0 constant sites
        Gap/Ambiguity  Composition  p-value
   1  AcaChl   10.01%    failed      0.00%
   2  AnaPla   10.77%    failed      0.00%
   3  AntCar    6.83%    failed      0.00%
   4  ApaVit    7.99%    passed     22.01%
   5  AptFor    4.43%    failed      0.90%
   6  BalReg    3.52%    failed      0.07%
   7  BucRhi    8.35%    failed      0.00%
   8  CalAnn   12.45%    failed      0.00%
   9  CarCri    4.62%    failed      0.00%
  10  CatAur    9.53%    failed      0.00%
  11  ChaPel    8.60%    failed      0.00%
  12  ChaVoc    2.72%    failed      0.00%
  13  ChlMac    5.17%    failed      0.00%
  14  ColLiv    6.33%    failed      3.72%
  15  ColStr   10.73%    failed      0.00%
  16  CorBra   10.27%    failed      0.00%
  17  CucCan    7.95%    failed      0.00%
  18  EgrGar    3.32%    failed      0.00%
  19  EurHel    5.83%    failed      0.00%
  20  FalPer    5.79%    failed      0.00%
  21  FulGla    2.86%    failed      0.01%
  22  GalGal    5.56%    failed      0.00%
  23  GavSte    3.65%    passed      6.66%
  24  GeoFor   14.37%    failed      0.00%
  25  HalAlb    4.71%    passed     40.26%
  26  HalLeu    1.84%    passed      5.79%
  27  LepDis    3.74%    failed      0.00%
  28  ManVit    8.94%    failed      0.50%
  29  MelGal   11.76%    passed     68.78%
  30  MelUnd    7.89%    failed      0.00%
  31  MerNub    8.42%    failed      0.00%
  32  MesUni    6.59%    failed      0.15%
  33  NesNot    6.37%    passed     25.46%
  34  NipNip    3.00%    failed      0.00%
  35  OpiHoa    3.79%    failed      0.00%
  36  PelCri    2.98%    failed      0.00%
  37  PhaCar    5.42%    failed      0.03%
  38  PhaLep    3.58%    passed     98.97%
  39  PhoRub    3.10%    failed      0.00%
  40  PicPub   19.48%    failed      0.00%
  41  PodCri    4.79%    failed      0.25%
  42  PteGut    5.89%    passed      5.77%
  43  PygAde    3.70%    failed      0.00%
  44  StrCam   13.95%    failed      0.00%
  45  TaeGut   14.80%    failed      0.00%
  46  TauEry    3.83%    failed      0.00%
  47  TinGut   30.47%    failed      0.65%
  48  TytAlb    5.94%    failed      0.00%
****  TOTAL     7.43%  40 sequences failed composition chi2 test (p-value<5%; df=3)
Reading tree Jarvis_Renamed.nwk ...
rooted tree with 48 taxa and 95 branches
Computing site concordance factor...
60.017 sec
Tree with concordance factors written to concord_M13_intergenic.cf.tree
Tree with branch IDs written to concord_M13_intergenic.cf.branch
Concordance factors per branch printed to concord_M13_intergenic.cf.stat
Date and Time: Fri Nov 15 16:20:46 2019
