IQ-TREE multicore version 1.7-beta16 for Linux 64-bit built Sep 24 2019
Developed by Bui Quang Minh, Nguyen Lam Tung, Olga Chernomor,
Heiko Schmidt, Dominik Schrempf, Michael Woodhams.

Host:    n056.cluster.com (AVX, 125 GB RAM)
Command: iqtree -t Jarvis_Renamed.nwk -s M19_AllUniquelyMapped --scf 500 --prefix concord_M19_AllUniquelyMapped -nt 20
Seed:    679212 (Using SPRNG - Scalable Parallel Random Number Generator)
Time:    Fri Nov 15 16:59:54 2019
Kernel:  AVX - 20 threads (20 CPU cores detected)

Reading alignment file M19_AllUniquelyMapped ... Phylip format detected
Alignment most likely contains DNA/RNA sequences
Alignment has 48 sequences with 3448427 columns, 3025194 distinct patterns
3448427 parsimony-informative, 0 singleton sites, 0 constant sites
        Gap/Ambiguity  Composition  p-value
   1  AcaChl   12.62%    failed      0.00%
   2  AnaPla   12.38%    failed      0.00%
   3  AntCar    7.91%    failed      0.00%
   4  ApaVit   10.25%    failed      0.00%
   5  AptFor    5.30%    failed      0.00%
   6  BalReg    4.46%    failed      0.00%
   7  BucRhi   10.31%    failed      0.00%
   8  CalAnn   14.04%    failed      0.00%
   9  CarCri    5.80%    failed      0.00%
  10  CatAur   10.22%    failed      0.00%
  11  ChaPel    9.87%    failed      0.00%
  12  ChaVoc    3.42%    failed      3.36%
  13  ChlMac    6.58%    failed      0.00%
  14  ColLiv    7.94%    failed      0.00%
  15  ColStr   12.75%    failed      0.00%
  16  CorBra   12.77%    failed      0.00%
  17  CucCan    9.32%    failed      0.00%
  18  EgrGar    4.15%    failed      0.00%
  19  EurHel    7.76%    failed      0.00%
  20  FalPer    7.30%    failed      0.00%
  21  FulGla    3.50%    failed      0.00%
  22  GalGal    6.11%    failed      0.00%
  23  GavSte    4.39%    failed      0.00%
  24  GeoFor   17.25%    failed      0.00%
  25  HalAlb    5.90%    failed      0.00%
  26  HalLeu    2.50%    failed      0.00%
  27  LepDis    4.68%    failed      0.00%
  28  ManVit   11.44%    failed      0.00%
  29  MelGal   13.23%    passed      7.79%
  30  MelUnd    9.33%    failed      0.00%
  31  MerNub   10.46%    failed      0.00%
  32  MesUni    8.20%    failed      0.00%
  33  NesNot    7.96%    passed     12.55%
  34  NipNip    3.50%    failed      0.00%
  35  OpiHoa    4.78%    failed      0.00%
  36  PelCri    3.70%    failed      0.00%
  37  PhaCar    6.69%    failed      0.00%
  38  PhaLep    4.32%    failed      0.00%
  39  PhoRub    3.77%    failed      0.00%
  40  PicPub   20.52%    failed      0.00%
  41  PodCri    5.88%    failed      0.00%
  42  PteGut    7.38%    passed     42.61%
  43  PygAde    4.13%    failed      0.00%
  44  StrCam   16.38%    failed      0.00%
  45  TaeGut   17.21%    failed      0.00%
  46  TauEry    5.01%    failed      0.00%
  47  TinGut   33.75%    failed      0.00%
  48  TytAlb    7.28%    failed      0.00%
****  TOTAL     8.84%  45 sequences failed composition chi2 test (p-value<5%; df=3)
Reading tree Jarvis_Renamed.nwk ...
rooted tree with 48 taxa and 95 branches
Computing site concordance factor...
159.949 sec
Tree with concordance factors written to concord_M19_AllUniquelyMapped.cf.tree
Tree with branch IDs written to concord_M19_AllUniquelyMapped.cf.branch
Concordance factors per branch printed to concord_M19_AllUniquelyMapped.cf.stat
Date and Time: Fri Nov 15 17:02:55 2019
