IQ-TREE multicore version 1.7-beta16 for Linux 64-bit built Sep 24 2019
Developed by Bui Quang Minh, Nguyen Lam Tung, Olga Chernomor,
Heiko Schmidt, Dominik Schrempf, Michael Woodhams.

Host:    n056.cluster.com (AVX, 125 GB RAM)
Command: iqtree -t Jarvis_Renamed.nwk -s M4_genic_other --scf 500 --prefix concord_M4_genic_other -nt 20
Seed:    33778 (Using SPRNG - Scalable Parallel Random Number Generator)
Time:    Fri Nov 15 17:59:10 2019
Kernel:  AVX - 20 threads (20 CPU cores detected)

Reading alignment file M4_genic_other ... Phylip format detected
Alignment most likely contains DNA/RNA sequences
Alignment has 48 sequences with 58888 columns, 55576 distinct patterns
58888 parsimony-informative, 0 singleton sites, 0 constant sites
        Gap/Ambiguity  Composition  p-value
   1  AcaChl    4.05%    failed      0.01%
   2  AnaPla    4.37%    failed      0.33%
   3  AntCar    4.11%    failed      0.00%
   4  ApaVit    3.48%    passed     22.08%
   5  AptFor    2.32%    failed      0.18%
   6  BalReg    1.96%    failed      0.45%
   7  BucRhi    3.47%    failed      0.00%
   8  CalAnn    5.03%    passed     16.91%
   9  CarCri    2.38%    passed      5.18%
  10  CatAur    5.66%    failed      0.00%
  11  ChaPel    3.45%    failed      1.13%
  12  ChaVoc    1.71%    passed     84.08%
  13  ChlMac    2.15%    passed     50.86%
  14  ColLiv    2.95%    passed     71.85%
  15  ColStr    4.21%    failed      0.07%
  16  CorBra    2.75%    failed      0.00%
  17  CucCan    3.33%    passed     94.30%
  18  EgrGar    1.96%    passed     82.69%
  19  EurHel    2.92%    failed      0.23%
  20  FalPer    2.46%    failed      3.42%
  21  FulGla    1.56%    failed      0.12%
  22  GalGal    4.12%    failed      0.00%
  23  GavSte    1.87%    failed      1.53%
  24  GeoFor    5.25%    failed      0.00%
  25  HalAlb    2.37%    failed      2.26%
  26  HalLeu    0.84%    failed      0.60%
  27  LepDis    1.93%    passed     24.59%
  28  ManVit    3.09%    failed      1.71%
  29  MelGal    5.25%    failed      0.00%
  30  MelUnd    3.37%    passed     95.05%
  31  MerNub    4.39%    failed      0.84%
  32  MesUni    2.94%    passed     10.41%
  33  NesNot    2.71%    passed     95.85%
  34  NipNip    1.78%    failed      0.13%
  35  OpiHoa    1.96%    failed      0.64%
  36  PelCri    1.47%    passed      5.85%
  37  PhaCar    2.38%    failed      3.99%
  38  PhaLep    1.51%    passed     27.07%
  39  PhoRub    1.59%    passed     99.80%
  40  PicPub   10.89%    failed      0.00%
  41  PodCri    2.10%    passed     10.15%
  42  PteGut    2.53%    passed     81.16%
  43  PygAde    2.31%    failed      0.00%
  44  StrCam    7.04%    failed      0.25%
  45  TaeGut    5.78%    failed      0.02%
  46  TauEry    1.76%    passed     68.64%
  47  TinGut   24.95%    failed      0.36%
  48  TytAlb    2.51%    failed      0.00%
****  TOTAL     3.65%  30 sequences failed composition chi2 test (p-value<5%; df=3)
Reading tree Jarvis_Renamed.nwk ...
rooted tree with 48 taxa and 95 branches
Computing site concordance factor...
1.494 sec
Tree with concordance factors written to concord_M4_genic_other.cf.tree
Tree with branch IDs written to concord_M4_genic_other.cf.branch
Concordance factors per branch printed to concord_M4_genic_other.cf.stat
Date and Time: Fri Nov 15 17:59:12 2019
