IQ-TREE multicore version 1.7-beta16 for Linux 64-bit built Sep 24 2019
Developed by Bui Quang Minh, Nguyen Lam Tung, Olga Chernomor,
Heiko Schmidt, Dominik Schrempf, Michael Woodhams.

Host:    n056.cluster.com (AVX, 125 GB RAM)
Command: iqtree -t Jarvis_Renamed.nwk -s M17_genic_other --scf 500 --prefix concord_M17_genic_other -nt 20
Seed:    978789 (Using SPRNG - Scalable Parallel Random Number Generator)
Time:    Fri Nov 15 16:49:33 2019
Kernel:  AVX - 20 threads (20 CPU cores detected)

Reading alignment file M17_genic_other ... Phylip format detected
Alignment most likely contains DNA/RNA sequences
Alignment has 48 sequences with 97871 columns, 94557 distinct patterns
97871 parsimony-informative, 0 singleton sites, 0 constant sites
        Gap/Ambiguity  Composition  p-value
   1  AcaChl   13.70%    failed      0.02%
   2  AnaPla   13.73%    failed      0.18%
   3  AntCar    8.19%    failed      0.00%
   4  ApaVit   11.09%    passed      8.50%
   5  AptFor    5.33%    failed      0.08%
   6  BalReg    4.55%    failed      0.01%
   7  BucRhi   11.70%    failed      0.00%
   8  CalAnn   15.77%    failed      4.27%
   9  CarCri    6.26%    failed      1.13%
  10  CatAur    9.71%    failed      0.00%
  11  ChaPel   10.76%    failed      0.05%
  12  ChaVoc    3.69%    passed     85.25%
  13  ChlMac    7.13%    passed     50.85%
  14  ColLiv    8.68%    passed     54.51%
  15  ColStr   13.70%    failed      0.00%
  16  CorBra   13.46%    failed      0.00%
  17  CucCan   10.22%    passed     65.68%
  18  EgrGar    4.68%    passed      8.84%
  19  EurHel    7.84%    failed      0.00%
  20  FalPer    7.47%    failed      1.17%
  21  FulGla    3.40%    failed      0.07%
  22  GalGal    6.45%    failed      0.00%
  23  GavSte    4.27%    passed      9.18%
  24  GeoFor   19.34%    failed      0.00%
  25  HalAlb    5.92%    failed      1.33%
  26  HalLeu    2.50%    failed      0.91%
  27  LepDis    5.01%    passed     60.88%
  28  ManVit   12.22%    failed      1.33%
  29  MelGal   15.20%    failed      0.00%
  30  MelUnd    9.46%    passed     87.33%
  31  MerNub   12.29%    failed      0.02%
  32  MesUni    9.12%    failed      0.88%
  33  NesNot    8.61%    passed     46.82%
  34  NipNip    3.50%    failed      0.02%
  35  OpiHoa    4.97%    failed      0.00%
  36  PelCri    3.73%    failed      1.99%
  37  PhaCar    6.54%    passed     10.66%
  38  PhaLep    3.90%    passed      9.03%
  39  PhoRub    3.64%    passed     58.39%
  40  PicPub   23.40%    failed      0.00%
  41  PodCri    5.84%    passed     19.37%
  42  PteGut    7.69%    passed     97.47%
  43  PygAde    3.92%    failed      0.00%
  44  StrCam   20.56%    failed      0.00%
  45  TaeGut   19.43%    failed      0.02%
  46  TauEry    5.16%    passed      9.15%
  47  TinGut   41.95%    passed      8.17%
  48  TytAlb    7.35%    failed      0.00%
****  TOTAL     9.65%  31 sequences failed composition chi2 test (p-value<5%; df=3)
Reading tree Jarvis_Renamed.nwk ...
rooted tree with 48 taxa and 95 branches
Computing site concordance factor...
3.714 sec
Tree with concordance factors written to concord_M17_genic_other.cf.tree
Tree with branch IDs written to concord_M17_genic_other.cf.branch
Concordance factors per branch printed to concord_M17_genic_other.cf.stat
Date and Time: Fri Nov 15 16:49:37 2019
