IQ-TREE multicore version 1.7-beta16 for Linux 64-bit built Sep 24 2019
Developed by Bui Quang Minh, Nguyen Lam Tung, Olga Chernomor,
Heiko Schmidt, Dominik Schrempf, Michael Woodhams.

Host:    n056.cluster.com (AVX, 125 GB RAM)
Command: iqtree -t Jarvis_Renamed.nwk -s M18_three_prime_UTR --scf 500 --prefix concord_M18_three_prime_UTR -nt 20
Seed:    864492 (Using SPRNG - Scalable Parallel Random Number Generator)
Time:    Fri Nov 15 16:59:51 2019
Kernel:  AVX - 20 threads (20 CPU cores detected)

Reading alignment file M18_three_prime_UTR ... Phylip format detected
Alignment most likely contains DNA/RNA sequences
Alignment has 48 sequences with 65509 columns, 61885 distinct patterns
65509 parsimony-informative, 0 singleton sites, 0 constant sites
        Gap/Ambiguity  Composition  p-value
   1  AcaChl   12.05%    failed      0.00%
   2  AnaPla    9.84%    failed      0.00%
   3  AntCar    7.03%    failed      0.00%
   4  ApaVit    8.49%    failed      0.03%
   5  AptFor    5.26%    failed      0.00%
   6  BalReg    4.46%    failed      0.00%
   7  BucRhi   10.79%    failed      0.00%
   8  CalAnn    9.26%    passed      7.00%
   9  CarCri    4.88%    failed      0.00%
  10  CatAur    6.60%    failed      0.00%
  11  ChaPel    6.65%    passed     33.30%
  12  ChaVoc    2.86%    failed      0.00%
  13  ChlMac    5.50%    passed     75.47%
  14  ColLiv    6.60%    failed      0.02%
  15  ColStr   12.55%    failed      0.00%
  16  CorBra   10.45%    failed      0.00%
  17  CucCan    7.05%    passed     35.93%
  18  EgrGar    3.90%    passed     89.34%
  19  EurHel   10.71%    failed      0.00%
  20  FalPer    6.21%    failed      0.00%
  21  FulGla    2.96%    failed      0.00%
  22  GalGal    5.98%    failed      1.41%
  23  GavSte    3.94%    failed      0.00%
  24  GeoFor   13.16%    failed      0.00%
  25  HalAlb    5.01%    failed      0.00%
  26  HalLeu    2.10%    failed      0.00%
  27  LepDis    4.51%    passed     52.88%
  28  ManVit   10.34%    failed      0.00%
  29  MelGal    9.05%    passed     76.63%
  30  MelUnd    7.49%    failed      0.00%
  31  MerNub   10.67%    failed      0.00%
  32  MesUni    7.29%    failed      0.00%
  33  NesNot    6.84%    failed      0.13%
  34  NipNip    3.59%    failed      0.00%
  35  OpiHoa    4.49%    failed      0.00%
  36  PelCri    3.74%    failed      0.00%
  37  PhaCar    6.38%    passed     11.70%
  38  PhaLep    3.47%    failed      0.00%
  39  PhoRub    3.54%    passed      8.95%
  40  PicPub   20.21%    failed      0.00%
  41  PodCri    5.37%    failed      4.64%
  42  PteGut    5.47%    failed      0.00%
  43  PygAde    4.76%    failed      0.00%
  44  StrCam   10.36%    failed      0.00%
  45  TaeGut   13.17%    failed      0.00%
  46  TauEry    4.47%    passed     59.68%
  47  TinGut   23.99%    failed      0.00%
  48  TytAlb    6.29%    failed      0.00%
****  TOTAL     7.50%  38 sequences failed composition chi2 test (p-value<5%; df=3)
Reading tree Jarvis_Renamed.nwk ...
rooted tree with 48 taxa and 95 branches
Computing site concordance factor...
2.029 sec
Tree with concordance factors written to concord_M18_three_prime_UTR.cf.tree
Tree with branch IDs written to concord_M18_three_prime_UTR.cf.branch
Concordance factors per branch printed to concord_M18_three_prime_UTR.cf.stat
Date and Time: Fri Nov 15 16:59:54 2019
