IQ-TREE multicore version 1.7-beta16 for Linux 64-bit built Sep 24 2019
Developed by Bui Quang Minh, Nguyen Lam Tung, Olga Chernomor,
Heiko Schmidt, Dominik Schrempf, Michael Woodhams.

Host:    n056.cluster.com (AVX, 125 GB RAM)
Command: iqtree -t Jarvis_Renamed.nwk -s M9_lnc_RNA --scf 500 --prefix concord_M9_lnc_RNA -nt 20
Seed:    737721 (Using SPRNG - Scalable Parallel Random Number Generator)
Time:    Fri Nov 15 18:31:15 2019
Kernel:  AVX - 20 threads (20 CPU cores detected)

Reading alignment file M9_lnc_RNA ... Phylip format detected
Alignment most likely contains DNA/RNA sequences
Alignment has 48 sequences with 358271 columns, 327532 distinct patterns
358271 parsimony-informative, 0 singleton sites, 0 constant sites
        Gap/Ambiguity  Composition  p-value
   1  AcaChl    7.39%    failed      0.00%
   2  AnaPla    8.92%    failed      0.02%
   3  AntCar    5.65%    failed      0.00%
   4  ApaVit    6.14%    passed     85.73%
   5  AptFor    3.50%    passed     15.01%
   6  BalReg    2.85%    passed      7.51%
   7  BucRhi    6.42%    failed      0.00%
   8  CalAnn    9.78%    passed      6.98%
   9  CarCri    3.78%    failed      0.67%
  10  CatAur    8.12%    failed      0.00%
  11  ChaPel    6.72%    failed      0.00%
  12  ChaVoc    2.31%    failed      1.74%
  13  ChlMac    4.05%    failed      0.12%
  14  ColLiv    5.02%    passed     13.59%
  15  ColStr    7.90%    failed      0.00%
  16  CorBra    7.21%    failed      0.00%
  17  CucCan    6.44%    failed      0.00%
  18  EgrGar    2.64%    failed      0.00%
  19  EurHel    4.85%    failed      0.72%
  20  FalPer    4.44%    failed      0.00%
  21  FulGla    2.30%    failed      1.89%
  22  GalGal    5.01%    passed     28.67%
  23  GavSte    2.76%    passed     19.58%
  24  GeoFor   11.33%    failed      0.00%
  25  HalAlb    3.76%    passed     39.93%
  26  HalLeu    1.53%    passed     20.87%
  27  LepDis    2.90%    failed      0.00%
  28  ManVit    6.67%    failed      0.01%
  29  MelGal    9.99%    passed     24.28%
  30  MelUnd    6.81%    failed      0.49%
  31  MerNub    6.30%    failed      0.00%
  32  MesUni    5.17%    passed     70.80%
  33  NesNot    5.02%    passed     27.16%
  34  NipNip    2.39%    failed      0.00%
  35  OpiHoa    2.90%    failed      0.50%
  36  PelCri    2.29%    failed      0.08%
  37  PhaCar    4.23%    failed      0.65%
  38  PhaLep    2.64%    passed     85.30%
  39  PhoRub    2.42%    failed      0.00%
  40  PicPub   14.97%    failed      0.00%
  41  PodCri    3.61%    passed      6.35%
  42  PteGut    4.47%    passed     18.37%
  43  PygAde    3.23%    failed      0.00%
  44  StrCam   12.13%    failed      0.00%
  45  TaeGut   11.84%    failed      0.00%
  46  TauEry    2.88%    failed      0.04%
  47  TinGut   28.21%    failed      0.02%
  48  TytAlb    4.39%    failed      0.00%
****  TOTAL     5.96%  33 sequences failed composition chi2 test (p-value<5%; df=3)
Reading tree Jarvis_Renamed.nwk ...
rooted tree with 48 taxa and 95 branches
Computing site concordance factor...
17.505 sec
Tree with concordance factors written to concord_M9_lnc_RNA.cf.tree
Tree with branch IDs written to concord_M9_lnc_RNA.cf.branch
Concordance factors per branch printed to concord_M9_lnc_RNA.cf.stat
Date and Time: Fri Nov 15 18:31:35 2019
