IQ-TREE multicore version 1.7-beta16 for Linux 64-bit built Sep 24 2019
Developed by Bui Quang Minh, Nguyen Lam Tung, Olga Chernomor,
Heiko Schmidt, Dominik Schrempf, Michael Woodhams.

Host:    n056.cluster.com (AVX, 125 GB RAM)
Command: iqtree -t Jarvis_Renamed.nwk -s M7_lnc_RNA --scf 500 --prefix concord_M7_lnc_RNA -nt 20
Seed:    691491 (Using SPRNG - Scalable Parallel Random Number Generator)
Time:    Fri Nov 15 18:18:26 2019
Kernel:  AVX - 20 threads (20 CPU cores detected)

Reading alignment file M7_lnc_RNA ... Phylip format detected
Alignment most likely contains DNA/RNA sequences
Alignment has 48 sequences with 332628 columns, 301892 distinct patterns
332628 parsimony-informative, 0 singleton sites, 0 constant sites
        Gap/Ambiguity  Composition  p-value
   1  AcaChl    5.96%    failed      0.00%
   2  AnaPla    7.57%    failed      0.05%
   3  AntCar    5.08%    failed      0.00%
   4  ApaVit    4.91%    passed     85.54%
   5  AptFor    3.07%    passed      8.42%
   6  BalReg    2.44%    failed      4.83%
   7  BucRhi    5.32%    failed      0.00%
   8  CalAnn    8.09%    passed     12.01%
   9  CarCri    3.22%    failed      1.55%
  10  CatAur    7.43%    failed      0.00%
  11  ChaPel    5.57%    failed      0.00%
  12  ChaVoc    2.06%    passed      5.33%
  13  ChlMac    3.34%    failed      0.36%
  14  ColLiv    4.24%    passed     11.23%
  15  ColStr    6.42%    failed      0.00%
  16  CorBra    5.54%    failed      0.00%
  17  CucCan    5.43%    failed      0.00%
  18  EgrGar    2.26%    failed      0.00%
  19  EurHel    4.17%    failed      2.40%
  20  FalPer    3.74%    failed      0.00%
  21  FulGla    2.02%    failed      1.20%
  22  GalGal    4.72%    passed     18.32%
  23  GavSte    2.41%    passed     11.35%
  24  GeoFor    8.98%    failed      0.00%
  25  HalAlb    3.24%    passed     40.84%
  26  HalLeu    1.28%    passed     17.16%
  27  LepDis    2.47%    failed      0.00%
  28  ManVit    5.34%    failed      0.02%
  29  MelGal    8.40%    passed     52.66%
  30  MelUnd    5.83%    failed      2.34%
  31  MerNub    5.21%    failed      0.00%
  32  MesUni    4.37%    passed     79.46%
  33  NesNot    4.17%    passed     54.92%
  34  NipNip    2.17%    failed      0.00%
  35  OpiHoa    2.48%    failed      1.46%
  36  PelCri    2.00%    failed      0.04%
  37  PhaCar    3.61%    failed      0.52%
  38  PhaLep    2.23%    passed     90.52%
  39  PhoRub    2.11%    failed      0.00%
  40  PicPub   13.11%    failed      0.00%
  41  PodCri    3.06%    passed      6.70%
  42  PteGut    3.76%    passed     20.03%
  43  PygAde    2.99%    failed      0.00%
  44  StrCam   10.01%    failed      0.00%
  45  TaeGut    9.73%    failed      0.00%
  46  TauEry    2.44%    failed      0.15%
  47  TinGut   25.48%    failed      0.01%
  48  TytAlb    3.65%    failed      0.00%
****  TOTAL     5.07%  33 sequences failed composition chi2 test (p-value<5%; df=3)
Reading tree Jarvis_Renamed.nwk ...
rooted tree with 48 taxa and 95 branches
Computing site concordance factor...
15.859 sec
Tree with concordance factors written to concord_M7_lnc_RNA.cf.tree
Tree with branch IDs written to concord_M7_lnc_RNA.cf.branch
Concordance factors per branch printed to concord_M7_lnc_RNA.cf.stat
Date and Time: Fri Nov 15 18:18:44 2019
