IQ-TREE multicore version 1.7-beta16 for Linux 64-bit built Sep 24 2019
Developed by Bui Quang Minh, Nguyen Lam Tung, Olga Chernomor,
Heiko Schmidt, Dominik Schrempf, Michael Woodhams.

Host:    n056.cluster.com (AVX, 125 GB RAM)
Command: iqtree -t Jarvis_Renamed.nwk -s M13_intron --scf 500 --prefix concord_M13_intron -nt 20
Seed:    847174 (Using SPRNG - Scalable Parallel Random Number Generator)
Time:    Fri Nov 15 16:20:46 2019
Kernel:  AVX - 20 threads (20 CPU cores detected)

Reading alignment file M13_intron ... Phylip format detected
Alignment most likely contains DNA/RNA sequences
Alignment has 48 sequences with 1115988 columns, 1012764 distinct patterns
1115988 parsimony-informative, 0 singleton sites, 0 constant sites
        Gap/Ambiguity  Composition  p-value
   1  AcaChl   11.25%    failed      0.00%
   2  AnaPla   11.71%    failed      0.24%
   3  AntCar    6.73%    failed      0.00%
   4  ApaVit    8.91%    failed      0.00%
   5  AptFor    4.59%    failed      0.00%
   6  BalReg    3.75%    failed      0.00%
   7  BucRhi    9.27%    failed      0.00%
   8  CalAnn   12.56%    failed      0.00%
   9  CarCri    4.83%    failed      0.00%
  10  CatAur    8.53%    failed      0.00%
  11  ChaPel    8.39%    failed      0.00%
  12  ChaVoc    3.04%    passed     53.38%
  13  ChlMac    5.49%    failed      0.10%
  14  ColLiv    7.24%    failed      0.00%
  15  ColStr   11.17%    failed      0.00%
  16  CorBra   11.29%    failed      0.00%
  17  CucCan    8.12%    failed      0.00%
  18  EgrGar    3.50%    failed      0.00%
  19  EurHel    6.92%    failed      0.00%
  20  FalPer    6.33%    failed      0.00%
  21  FulGla    2.88%    failed      0.00%
  22  GalGal    6.10%    failed      0.00%
  23  GavSte    3.75%    failed      0.00%
  24  GeoFor   15.57%    failed      0.00%
  25  HalAlb    4.82%    failed      0.00%
  26  HalLeu    2.02%    failed      0.00%
  27  LepDis    3.95%    failed      0.00%
  28  ManVit    9.80%    failed      0.00%
  29  MelGal   13.35%    passed     25.58%
  30  MelUnd    8.22%    passed      5.82%
  31  MerNub    9.18%    failed      0.00%
  32  MesUni    7.19%    failed      0.00%
  33  NesNot    6.79%    passed     46.52%
  34  NipNip    2.97%    failed      0.00%
  35  OpiHoa    4.01%    failed      0.00%
  36  PelCri    2.97%    failed      0.00%
  37  PhaCar    5.75%    failed      0.00%
  38  PhaLep    3.52%    failed      0.00%
  39  PhoRub    3.00%    failed      1.00%
  40  PicPub   19.04%    failed      0.00%
  41  PodCri    4.92%    failed      0.00%
  42  PteGut    6.07%    passed      9.39%
  43  PygAde    3.66%    failed      0.00%
  44  StrCam   16.61%    failed      0.00%
  45  TaeGut   15.80%    failed      0.00%
  46  TauEry    4.17%    failed      0.00%
  47  TinGut   36.03%    failed      0.00%
  48  TytAlb    6.03%    failed      0.00%
****  TOTAL     7.95%  43 sequences failed composition chi2 test (p-value<5%; df=3)
Reading tree Jarvis_Renamed.nwk ...
rooted tree with 48 taxa and 95 branches
Computing site concordance factor...
59.721 sec
Tree with concordance factors written to concord_M13_intron.cf.tree
Tree with branch IDs written to concord_M13_intron.cf.branch
Concordance factors per branch printed to concord_M13_intron.cf.stat
Date and Time: Fri Nov 15 16:21:53 2019
