IQ-TREE multicore version 1.7-beta16 for Linux 64-bit built Sep 24 2019
Developed by Bui Quang Minh, Nguyen Lam Tung, Olga Chernomor,
Heiko Schmidt, Dominik Schrempf, Michael Woodhams.

Host:    n056.cluster.com (AVX, 125 GB RAM)
Command: iqtree -t Jarvis_Renamed.nwk -s M12_AllUniquelyMapped --scf 500 --prefix concord_M12_AllUniquelyMapped -nt 20
Seed:    804352 (Using SPRNG - Scalable Parallel Random Number Generator)
Time:    Fri Nov 15 16:07:35 2019
Kernel:  AVX - 20 threads (20 CPU cores detected)

Reading alignment file M12_AllUniquelyMapped ... Phylip format detected
Alignment most likely contains DNA/RNA sequences
Alignment has 48 sequences with 3207430 columns, 2784226 distinct patterns
3207430 parsimony-informative, 0 singleton sites, 0 constant sites
        Gap/Ambiguity  Composition  p-value
   1  AcaChl    9.71%    failed      0.00%
   2  AnaPla   10.23%    failed      0.00%
   3  AntCar    6.48%    failed      0.00%
   4  ApaVit    7.77%    failed      0.00%
   5  AptFor    4.30%    failed      0.00%
   6  BalReg    3.39%    failed      0.00%
   7  BucRhi    8.00%    failed      0.00%
   8  CalAnn   11.22%    failed      0.00%
   9  CarCri    4.48%    failed      0.00%
  10  CatAur    8.86%    failed      0.00%
  11  ChaPel    7.73%    failed      0.00%
  12  ChaVoc    2.72%    passed     32.94%
  13  ChlMac    4.90%    failed      0.00%
  14  ColLiv    6.17%    failed      0.00%
  15  ColStr    9.99%    failed      0.00%
  16  CorBra    9.70%    failed      0.00%
  17  CucCan    7.31%    failed      0.00%
  18  EgrGar    3.15%    failed      0.00%
  19  EurHel    5.91%    failed      0.00%
  20  FalPer    5.62%    failed      0.00%
  21  FulGla    2.71%    failed      0.00%
  22  GalGal    5.59%    failed      0.00%
  23  GavSte    3.45%    failed      0.00%
  24  GeoFor   13.77%    failed      0.00%
  25  HalAlb    4.65%    failed      0.00%
  26  HalLeu    1.80%    failed      0.00%
  27  LepDis    3.56%    failed      0.00%
  28  ManVit    8.73%    failed      0.00%
  29  MelGal   11.29%    passed     80.78%
  30  MelUnd    7.46%    failed      0.00%
  31  MerNub    8.16%    failed      0.00%
  32  MesUni    6.30%    failed      0.00%
  33  NesNot    6.02%    passed     24.35%
  34  NipNip    2.86%    failed      0.00%
  35  OpiHoa    3.70%    failed      0.00%
  36  PelCri    2.80%    failed      0.00%
  37  PhaCar    5.18%    failed      0.00%
  38  PhaLep    3.24%    failed      0.00%
  39  PhoRub    2.89%    failed      0.00%
  40  PicPub   17.61%    failed      0.00%
  41  PodCri    4.45%    failed      0.00%
  42  PteGut    5.51%    passed     40.25%
  43  PygAde    3.54%    failed      0.00%
  44  StrCam   13.60%    failed      0.00%
  45  TaeGut   14.00%    failed      0.00%
  46  TauEry    3.64%    failed      0.00%
  47  TinGut   30.78%    failed      0.00%
  48  TytAlb    5.60%    failed      0.00%
****  TOTAL     7.09%  44 sequences failed composition chi2 test (p-value<5%; df=3)
Reading tree Jarvis_Renamed.nwk ...
rooted tree with 48 taxa and 95 branches
Computing site concordance factor...
155.970 sec
Tree with concordance factors written to concord_M12_AllUniquelyMapped.cf.tree
Tree with branch IDs written to concord_M12_AllUniquelyMapped.cf.branch
Concordance factors per branch printed to concord_M12_AllUniquelyMapped.cf.stat
Date and Time: Fri Nov 15 16:10:30 2019
