IQ-TREE multicore version 1.7-beta16 for Linux 64-bit built Sep 24 2019
Developed by Bui Quang Minh, Nguyen Lam Tung, Olga Chernomor,
Heiko Schmidt, Dominik Schrempf, Michael Woodhams.

Host:    n056.cluster.com (AVX, 125 GB RAM)
Command: iqtree -t Jarvis_Renamed.nwk -s M20_AllUniquelyMapped --scf 500 --prefix concord_M20_AllUniquelyMapped -nt 20
Seed:    572738 (Using SPRNG - Scalable Parallel Random Number Generator)
Time:    Fri Nov 15 17:09:37 2019
Kernel:  AVX - 20 threads (20 CPU cores detected)

Reading alignment file M20_AllUniquelyMapped ... Phylip format detected
Alignment most likely contains DNA/RNA sequences
Alignment has 48 sequences with 3466972 columns, 3043732 distinct patterns
3466972 parsimony-informative, 0 singleton sites, 0 constant sites
        Gap/Ambiguity  Composition  p-value
   1  AcaChl   12.89%    failed      0.00%
   2  AnaPla   12.56%    failed      0.00%
   3  AntCar    8.07%    failed      0.00%
   4  ApaVit   10.50%    failed      0.00%
   5  AptFor    5.41%    failed      0.00%
   6  BalReg    4.58%    failed      0.00%
   7  BucRhi   10.54%    failed      0.00%
   8  CalAnn   14.29%    failed      0.00%
   9  CarCri    5.96%    failed      0.00%
  10  CatAur   10.36%    failed      0.00%
  11  ChaPel   10.07%    failed      0.00%
  12  ChaVoc    3.51%    failed      2.00%
  13  ChlMac    6.76%    failed      0.00%
  14  ColLiv    8.13%    failed      0.00%
  15  ColStr   13.02%    failed      0.00%
  16  CorBra   13.04%    failed      0.00%
  17  CucCan    9.52%    failed      0.00%
  18  EgrGar    4.27%    failed      0.00%
  19  EurHel    7.96%    failed      0.00%
  20  FalPer    7.48%    failed      0.00%
  21  FulGla    3.59%    failed      0.00%
  22  GalGal    6.16%    failed      0.00%
  23  GavSte    4.50%    failed      0.00%
  24  GeoFor   17.54%    failed      0.00%
  25  HalAlb    6.04%    failed      0.00%
  26  HalLeu    2.59%    failed      0.00%
  27  LepDis    4.82%    failed      0.00%
  28  ManVit   11.70%    failed      0.00%
  29  MelGal   13.37%    passed      5.34%
  30  MelUnd    9.52%    failed      0.00%
  31  MerNub   10.70%    failed      0.00%
  32  MesUni    8.40%    failed      0.00%
  33  NesNot    8.16%    passed     11.92%
  34  NipNip    3.58%    failed      0.00%
  35  OpiHoa    4.91%    failed      0.00%
  36  PelCri    3.81%    failed      0.00%
  37  PhaCar    6.86%    failed      0.00%
  38  PhaLep    4.45%    failed      0.00%
  39  PhoRub    3.88%    failed      0.00%
  40  PicPub   20.77%    failed      0.00%
  41  PodCri    6.05%    failed      0.00%
  42  PteGut    7.58%    passed     46.39%
  43  PygAde    4.20%    failed      0.00%
  44  StrCam   16.61%    failed      0.00%
  45  TaeGut   17.48%    failed      0.00%
  46  TauEry    5.18%    failed      0.00%
  47  TinGut   33.97%    failed      0.00%
  48  TytAlb    7.47%    failed      0.00%
****  TOTAL     9.02%  45 sequences failed composition chi2 test (p-value<5%; df=3)
Reading tree Jarvis_Renamed.nwk ...
rooted tree with 48 taxa and 95 branches
Computing site concordance factor...
160.512 sec
Tree with concordance factors written to concord_M20_AllUniquelyMapped.cf.tree
Tree with branch IDs written to concord_M20_AllUniquelyMapped.cf.branch
Concordance factors per branch printed to concord_M20_AllUniquelyMapped.cf.stat
Date and Time: Fri Nov 15 17:12:38 2019
