IQ-TREE multicore version 1.7-beta16 for Linux 64-bit built Sep 24 2019
Developed by Bui Quang Minh, Nguyen Lam Tung, Olga Chernomor,
Heiko Schmidt, Dominik Schrempf, Michael Woodhams.

Host:    n056.cluster.com (AVX, 125 GB RAM)
Command: iqtree -t Jarvis_Renamed.nwk -s M5_lnc_RNA --scf 500 --prefix concord_M5_lnc_RNA -nt 20
Seed:    387847 (Using SPRNG - Scalable Parallel Random Number Generator)
Time:    Fri Nov 15 18:06:45 2019
Kernel:  AVX - 20 threads (20 CPU cores detected)

Reading alignment file M5_lnc_RNA ... Phylip format detected
Alignment most likely contains DNA/RNA sequences
Alignment has 48 sequences with 295677 columns, 264946 distinct patterns
295677 parsimony-informative, 0 singleton sites, 0 constant sites
        Gap/Ambiguity  Composition  p-value
   1  AcaChl    4.44%    failed      0.00%
   2  AnaPla    5.98%    failed      0.27%
   3  AntCar    4.47%    failed      0.00%
   4  ApaVit    3.72%    passed     85.05%
   5  AptFor    2.53%    passed      5.70%
   6  BalReg    2.00%    failed      2.39%
   7  BucRhi    4.11%    failed      0.00%
   8  CalAnn    6.10%    passed     34.41%
   9  CarCri    2.57%    failed      1.45%
  10  CatAur    6.47%    failed      0.00%
  11  ChaPel    4.24%    failed      0.00%
  12  ChaVoc    1.78%    passed     24.22%
  13  ChlMac    2.60%    failed      0.50%
  14  ColLiv    3.45%    passed     15.09%
  15  ColStr    4.81%    failed      0.00%
  16  CorBra    3.68%    failed      0.00%
  17  CucCan    4.35%    failed      0.00%
  18  EgrGar    1.84%    failed      0.01%
  19  EurHel    3.41%    passed      6.93%
  20  FalPer    2.98%    failed      0.00%
  21  FulGla    1.73%    failed      0.56%
  22  GalGal    4.32%    passed      5.57%
  23  GavSte    2.03%    passed      6.65%
  24  GeoFor    6.32%    failed      0.00%
  25  HalAlb    2.63%    passed     25.06%
  26  HalLeu    1.02%    passed     12.07%
  27  LepDis    1.95%    failed      0.00%
  28  ManVit    3.83%    failed      0.00%
  29  MelGal    6.29%    passed     82.28%
  30  MelUnd    4.75%    passed      8.18%
  31  MerNub    4.07%    failed      0.00%
  32  MesUni    3.45%    passed     78.33%
  33  NesNot    3.30%    passed     73.64%
  34  NipNip    1.95%    failed      0.00%
  35  OpiHoa    2.02%    failed      3.14%
  36  PelCri    1.67%    failed      0.02%
  37  PhaCar    2.86%    failed      0.14%
  38  PhaLep    1.78%    passed     97.34%
  39  PhoRub    1.77%    failed      0.00%
  40  PicPub   10.65%    failed      0.00%
  41  PodCri    2.41%    passed      7.90%
  42  PteGut    2.89%    passed     28.60%
  43  PygAde    2.70%    failed      0.00%
  44  StrCam    7.35%    failed      0.26%
  45  TaeGut    7.16%    failed      0.00%
  46  TauEry    1.90%    failed      0.28%
  47  TinGut   21.68%    failed      0.00%
  48  TytAlb    2.84%    failed      0.00%
****  TOTAL     4.02%  31 sequences failed composition chi2 test (p-value<5%; df=3)
Reading tree Jarvis_Renamed.nwk ...
rooted tree with 48 taxa and 95 branches
Computing site concordance factor...
12.534 sec
Tree with concordance factors written to concord_M5_lnc_RNA.cf.tree
Tree with branch IDs written to concord_M5_lnc_RNA.cf.branch
Concordance factors per branch printed to concord_M5_lnc_RNA.cf.stat
Date and Time: Fri Nov 15 18:07:00 2019
