IQ-TREE multicore version 1.7-beta16 for Linux 64-bit built Sep 24 2019
Developed by Bui Quang Minh, Nguyen Lam Tung, Olga Chernomor,
Heiko Schmidt, Dominik Schrempf, Michael Woodhams.

Host:    n056.cluster.com (AVX, 125 GB RAM)
Command: iqtree -t Jarvis_Renamed.nwk -s M15_genic_other --scf 500 --prefix concord_M15_genic_other -nt 20
Seed:    89452 (Using SPRNG - Scalable Parallel Random Number Generator)
Time:    Fri Nov 15 16:34:38 2019
Kernel:  AVX - 20 threads (20 CPU cores detected)

Reading alignment file M15_genic_other ... Phylip format detected
Alignment most likely contains DNA/RNA sequences
Alignment has 48 sequences with 95646 columns, 92332 distinct patterns
95646 parsimony-informative, 0 singleton sites, 0 constant sites
        Gap/Ambiguity  Composition  p-value
   1  AcaChl   12.75%    failed      0.01%
   2  AnaPla   13.07%    failed      0.15%
   3  AntCar    7.76%    failed      0.00%
   4  ApaVit   10.21%    passed      9.27%
   5  AptFor    5.06%    failed      0.10%
   6  BalReg    4.26%    failed      0.01%
   7  BucRhi   10.81%    failed      0.00%
   8  CalAnn   14.71%    failed      4.66%
   9  CarCri    5.84%    failed      1.47%
  10  CatAur    9.40%    failed      0.00%
  11  ChaPel   10.00%    failed      0.06%
  12  ChaVoc    3.43%    passed     85.23%
  13  ChlMac    6.62%    passed     40.33%
  14  ColLiv    8.05%    passed     65.78%
  15  ColStr   12.85%    failed      0.00%
  16  CorBra   12.48%    failed      0.00%
  17  CucCan    9.54%    passed     62.01%
  18  EgrGar    4.30%    passed     14.23%
  19  EurHel    7.29%    failed      0.00%
  20  FalPer    6.91%    failed      1.64%
  21  FulGla    3.20%    failed      0.05%
  22  GalGal    6.30%    failed      0.00%
  23  GavSte    4.03%    passed      9.57%
  24  GeoFor   18.27%    failed      0.00%
  25  HalAlb    5.58%    failed      2.10%
  26  HalLeu    2.25%    failed      1.21%
  27  LepDis    4.58%    passed     56.25%
  28  ManVit   11.29%    failed      1.41%
  29  MelGal   14.73%    failed      0.00%
  30  MelUnd    8.78%    passed     85.16%
  31  MerNub   11.50%    failed      0.02%
  32  MesUni    8.49%    failed      1.39%
  33  NesNot    7.90%    passed     45.65%
  34  NipNip    3.26%    failed      0.02%
  35  OpiHoa    4.58%    failed      0.00%
  36  PelCri    3.45%    failed      2.28%
  37  PhaCar    5.98%    passed      9.28%
  38  PhaLep    3.62%    passed     11.25%
  39  PhoRub    3.39%    passed     62.70%
  40  PicPub   22.41%    failed      0.00%
  41  PodCri    5.32%    passed     15.66%
  42  PteGut    7.14%    passed     96.57%
  43  PygAde    3.73%    failed      0.00%
  44  StrCam   19.64%    failed      0.00%
  45  TaeGut   18.38%    failed      0.03%
  46  TauEry    4.70%    passed     13.11%
  47  TinGut   40.99%    passed      8.22%
  48  TytAlb    6.75%    failed      0.00%
****  TOTAL     9.07%  31 sequences failed composition chi2 test (p-value<5%; df=3)
Reading tree Jarvis_Renamed.nwk ...
rooted tree with 48 taxa and 95 branches
Computing site concordance factor...
3.546 sec
Tree with concordance factors written to concord_M15_genic_other.cf.tree
Tree with branch IDs written to concord_M15_genic_other.cf.branch
Concordance factors per branch printed to concord_M15_genic_other.cf.stat
Date and Time: Fri Nov 15 16:34:42 2019
