IQ-TREE multicore version 1.7-beta16 for Linux 64-bit built Sep 24 2019
Developed by Bui Quang Minh, Nguyen Lam Tung, Olga Chernomor,
Heiko Schmidt, Dominik Schrempf, Michael Woodhams.

Host:    n056.cluster.com (AVX, 125 GB RAM)
Command: iqtree -t Jarvis_Renamed.nwk -s M3_three_prime_UTR --scf 500 --prefix concord_M3_three_prime_UTR -nt 20
Seed:    371718 (Using SPRNG - Scalable Parallel Random Number Generator)
Time:    Fri Nov 15 17:55:43 2019
Kernel:  AVX - 20 threads (20 CPU cores detected)

Reading alignment file M3_three_prime_UTR ... Phylip format detected
Alignment most likely contains DNA/RNA sequences
Alignment has 48 sequences with 42476 columns, 38856 distinct patterns
42476 parsimony-informative, 0 singleton sites, 0 constant sites
        Gap/Ambiguity  Composition  p-value
   1  AcaChl    3.32%    failed      0.00%
   2  AnaPla    3.82%    failed      0.00%
   3  AntCar    3.65%    failed      0.01%
   4  ApaVit    2.51%    failed      0.91%
   5  AptFor    1.70%    failed      0.06%
   6  BalReg    1.70%    failed      0.00%
   7  BucRhi    3.19%    failed      0.00%
   8  CalAnn    2.64%    passed     23.12%
   9  CarCri    1.51%    failed      0.02%
  10  CatAur    3.15%    failed      0.00%
  11  ChaPel    2.20%    passed     11.40%
  12  ChaVoc    1.48%    failed      0.02%
  13  ChlMac    1.48%    passed     71.55%
  14  ColLiv    2.26%    passed      7.03%
  15  ColStr    4.11%    failed      0.00%
  16  CorBra    1.86%    failed      0.02%
  17  CucCan    2.29%    passed     71.59%
  18  EgrGar    1.49%    passed     94.14%
  19  EurHel    3.59%    failed      0.00%
  20  FalPer    2.11%    failed      0.01%
  21  FulGla    1.22%    failed      0.00%
  22  GalGal    3.66%    passed      8.70%
  23  GavSte    1.51%    failed      0.00%
  24  GeoFor    2.63%    failed      0.00%
  25  HalAlb    1.73%    failed      0.00%
  26  HalLeu    0.78%    failed      0.00%
  27  LepDis    1.61%    passed     74.55%
  28  ManVit    2.42%    failed      0.04%
  29  MelGal    3.03%    passed     96.73%
  30  MelUnd    2.83%    failed      0.06%
  31  MerNub    3.54%    failed      0.00%
  32  MesUni    2.47%    failed      0.18%
  33  NesNot    2.10%    passed      5.33%
  34  NipNip    1.81%    failed      0.01%
  35  OpiHoa    1.94%    failed      0.88%
  36  PelCri    1.23%    failed      0.02%
  37  PhaCar    1.69%    passed     25.66%
  38  PhaLep    1.24%    failed      0.00%
  39  PhoRub    1.23%    passed      5.26%
  40  PicPub   10.10%    failed      0.00%
  41  PodCri    1.91%    passed      7.62%
  42  PteGut    1.62%    failed      0.00%
  43  PygAde    2.60%    failed      0.00%
  44  StrCam    3.03%    failed      0.00%
  45  TaeGut    3.16%    failed      0.00%
  46  TauEry    1.29%    passed     94.66%
  47  TinGut   13.02%    failed      0.01%
  48  TytAlb    2.01%    failed      0.00%
****  TOTAL     2.66%  34 sequences failed composition chi2 test (p-value<5%; df=3)
Reading tree Jarvis_Renamed.nwk ...
rooted tree with 48 taxa and 95 branches
Computing site concordance factor...
0.902 sec
Tree with concordance factors written to concord_M3_three_prime_UTR.cf.tree
Tree with branch IDs written to concord_M3_three_prime_UTR.cf.branch
Concordance factors per branch printed to concord_M3_three_prime_UTR.cf.stat
Date and Time: Fri Nov 15 17:55:44 2019
