IQ-TREE multicore version 1.7-beta16 for Linux 64-bit built Sep 24 2019
Developed by Bui Quang Minh, Nguyen Lam Tung, Olga Chernomor,
Heiko Schmidt, Dominik Schrempf, Michael Woodhams.

Host:    n056.cluster.com (AVX, 125 GB RAM)
Command: iqtree -t Jarvis_Renamed.nwk -s M22_intergenic --scf 500 --prefix concord_M22_intergenic -nt 20
Seed:    124580 (Using SPRNG - Scalable Parallel Random Number Generator)
Time:    Fri Nov 15 17:29:50 2019
Kernel:  AVX - 20 threads (20 CPU cores detected)

Reading alignment file M22_intergenic ... Phylip format detected
Alignment most likely contains DNA/RNA sequences
Alignment has 48 sequences with 1461875 columns, 1315629 distinct patterns
1461875 parsimony-informative, 0 singleton sites, 0 constant sites
        Gap/Ambiguity  Composition  p-value
   1  AcaChl   13.07%    failed      0.00%
   2  AnaPla   13.00%    failed      0.00%
   3  AntCar    8.56%    failed      0.00%
   4  ApaVit   10.72%    passed      5.94%
   5  AptFor    5.56%    passed      8.13%
   6  BalReg    4.76%    failed      0.84%
   7  BucRhi   10.86%    failed      0.00%
   8  CalAnn   15.53%    failed      0.00%
   9  CarCri    6.18%    failed      0.00%
  10  CatAur   11.07%    failed      0.00%
  11  ChaPel   11.02%    failed      0.00%
  12  ChaVoc    3.54%    failed      0.00%
  13  ChlMac    7.04%    failed      0.00%
  14  ColLiv    8.30%    failed      3.21%
  15  ColStr   13.74%    failed      0.00%
  16  CorBra   13.47%    failed      0.00%
  17  CucCan   10.27%    failed      0.00%
  18  EgrGar    4.51%    failed      0.00%
  19  EurHel    7.90%    failed      0.00%
  20  FalPer    7.73%    failed      0.00%
  21  FulGla    3.81%    failed      0.71%
  22  GalGal    6.08%    failed      0.00%
  23  GavSte    4.73%    passed     45.85%
  24  GeoFor   17.98%    failed      0.00%
  25  HalAlb    6.11%    passed     65.95%
  26  HalLeu    2.68%    passed     31.77%
  27  LepDis    5.05%    failed      0.00%
  28  ManVit   11.81%    failed      4.26%
  29  MelGal   13.60%    passed     68.23%
  30  MelUnd    9.98%    failed      0.00%
  31  MerNub   10.97%    failed      0.00%
  32  MesUni    8.77%    failed      0.25%
  33  NesNot    8.51%    passed     10.82%
  34  NipNip    3.75%    failed      0.00%
  35  OpiHoa    5.14%    failed      0.00%
  36  PelCri    4.02%    failed      0.00%
  37  PhaCar    7.12%    failed      0.59%
  38  PhaLep    4.88%    passed     80.33%
  39  PhoRub    4.10%    failed      0.00%
  40  PicPub   22.52%    failed      0.00%
  41  PodCri    6.42%    failed      2.97%
  42  PteGut    8.01%    failed      3.24%
  43  PygAde    4.41%    failed      0.00%
  44  StrCam   16.86%    failed      0.00%
  45  TaeGut   18.13%    failed      0.00%
  46  TauEry    5.44%    failed      0.00%
  47  TinGut   33.47%    failed      0.00%
  48  TytAlb    7.84%    failed      0.00%
****  TOTAL     9.35%  40 sequences failed composition chi2 test (p-value<5%; df=3)
Reading tree Jarvis_Renamed.nwk ...
rooted tree with 48 taxa and 95 branches
Computing site concordance factor...
71.355 sec
Tree with concordance factors written to concord_M22_intergenic.cf.tree
Tree with branch IDs written to concord_M22_intergenic.cf.branch
Concordance factors per branch printed to concord_M22_intergenic.cf.stat
Date and Time: Fri Nov 15 17:31:10 2019
