IQ-TREE multicore version 1.7-beta16 for Linux 64-bit built Sep 24 2019
Developed by Bui Quang Minh, Nguyen Lam Tung, Olga Chernomor,
Heiko Schmidt, Dominik Schrempf, Michael Woodhams.

Host:    n056.cluster.com (AVX, 125 GB RAM)
Command: iqtree -t Jarvis_Renamed.nwk -s M5_three_prime_UTR --scf 500 --prefix concord_M5_three_prime_UTR -nt 20
Seed:    343438 (Using SPRNG - Scalable Parallel Random Number Generator)
Time:    Fri Nov 15 18:07:01 2019
Kernel:  AVX - 20 threads (20 CPU cores detected)

Reading alignment file M5_three_prime_UTR ... Phylip format detected
Alignment most likely contains DNA/RNA sequences
Alignment has 48 sequences with 50741 columns, 47118 distinct patterns
50741 parsimony-informative, 0 singleton sites, 0 constant sites
        Gap/Ambiguity  Composition  p-value
   1  AcaChl    5.09%    failed      0.00%
   2  AnaPla    5.47%    failed      0.00%
   3  AntCar    4.36%    failed      0.00%
   4  ApaVit    3.60%    failed      0.17%
   5  AptFor    2.51%    failed      0.00%
   6  BalReg    2.25%    failed      0.00%
   7  BucRhi    4.96%    failed      0.00%
   8  CalAnn    4.06%    passed      9.10%
   9  CarCri    2.28%    failed      0.01%
  10  CatAur    4.03%    failed      0.00%
  11  ChaPel    3.13%    passed      7.09%
  12  ChaVoc    1.79%    failed      0.00%
  13  ChlMac    2.23%    passed     82.10%
  14  ColLiv    3.17%    failed      4.99%
  15  ColStr    6.02%    failed      0.00%
  16  CorBra    3.30%    failed      0.00%
  17  CucCan    3.25%    passed     50.34%
  18  EgrGar    1.97%    passed     89.05%
  19  EurHel    5.02%    failed      0.00%
  20  FalPer    3.04%    failed      0.00%
  21  FulGla    1.54%    failed      0.00%
  22  GalGal    4.46%    passed      5.55%
  23  GavSte    2.00%    failed      0.00%
  24  GeoFor    4.84%    failed      0.00%
  25  HalAlb    2.53%    failed      0.00%
  26  HalLeu    1.10%    failed      0.00%
  27  LepDis    2.12%    passed     65.98%
  28  ManVit    3.67%    failed      0.00%
  29  MelGal    4.64%    passed     86.40%
  30  MelUnd    3.80%    failed      0.01%
  31  MerNub    5.23%    failed      0.00%
  32  MesUni    3.44%    failed      0.01%
  33  NesNot    3.06%    passed      6.04%
  34  NipNip    2.13%    failed      0.00%
  35  OpiHoa    2.50%    failed      0.11%
  36  PelCri    1.70%    failed      0.00%
  37  PhaCar    2.46%    passed     15.04%
  38  PhaLep    1.76%    failed      0.00%
  39  PhoRub    1.79%    failed      4.38%
  40  PicPub   13.02%    failed      0.00%
  41  PodCri    2.67%    failed      3.34%
  42  PteGut    2.34%    failed      0.00%
  43  PygAde    3.23%    failed      0.00%
  44  StrCam    4.74%    failed      0.00%
  45  TaeGut    5.28%    failed      0.00%
  46  TauEry    1.81%    passed     79.39%
  47  TinGut   16.60%    failed      0.00%
  48  TytAlb    2.91%    failed      0.00%
****  TOTAL     3.73%  37 sequences failed composition chi2 test (p-value<5%; df=3)
Reading tree Jarvis_Renamed.nwk ...
rooted tree with 48 taxa and 95 branches
Computing site concordance factor...
1.209 sec
Tree with concordance factors written to concord_M5_three_prime_UTR.cf.tree
Tree with branch IDs written to concord_M5_three_prime_UTR.cf.branch
Concordance factors per branch printed to concord_M5_three_prime_UTR.cf.stat
Date and Time: Fri Nov 15 18:07:03 2019
