IQ-TREE multicore version 1.7-beta16 for Linux 64-bit built Sep 24 2019
Developed by Bui Quang Minh, Nguyen Lam Tung, Olga Chernomor,
Heiko Schmidt, Dominik Schrempf, Michael Woodhams.

Host:    n056.cluster.com (AVX, 125 GB RAM)
Command: iqtree -t Jarvis_Renamed.nwk -s M6_AllUniquelyMapped --scf 500 --prefix concord_M6_AllUniquelyMapped -nt 20
Seed:    219521 (Using SPRNG - Scalable Parallel Random Number Generator)
Time:    Fri Nov 15 18:07:03 2019
Kernel:  AVX - 20 threads (20 CPU cores detected)

Reading alignment file M6_AllUniquelyMapped ... Phylip format detected
Alignment most likely contains DNA/RNA sequences
Alignment has 48 sequences with 2633968 columns, 2210830 distinct patterns
2633968 parsimony-informative, 0 singleton sites, 0 constant sites
        Gap/Ambiguity  Composition  p-value
   1  AcaChl    5.36%    failed      0.00%
   2  AnaPla    6.50%    failed      0.00%
   3  AntCar    4.83%    failed      0.00%
   4  ApaVit    4.44%    failed      0.00%
   5  AptFor    2.95%    failed      0.00%
   6  BalReg    2.22%    failed      0.00%
   7  BucRhi    4.83%    failed      0.00%
   8  CalAnn    6.58%    failed      0.00%
   9  CarCri    2.85%    failed      0.00%
  10  CatAur    6.85%    failed      0.00%
  11  ChaPel    4.72%    failed      0.00%
  12  ChaVoc    1.99%    passed      9.48%
  13  ChlMac    2.90%    failed      0.00%
  14  ColLiv    3.93%    failed      0.00%
  15  ColStr    5.86%    failed      0.00%
  16  CorBra    4.84%    failed      0.00%
  17  CucCan    4.51%    failed      0.00%
  18  EgrGar    2.04%    failed      0.00%
  19  EurHel    3.66%    failed      0.00%
  20  FalPer    3.46%    failed      0.00%
  21  FulGla    1.83%    failed      0.00%
  22  GalGal    4.66%    failed      0.00%
  23  GavSte    2.32%    failed      0.00%
  24  GeoFor    7.49%    failed      0.00%
  25  HalAlb    3.07%    failed      0.00%
  26  HalLeu    1.11%    failed      0.00%
  27  LepDis    2.32%    failed      0.00%
  28  ManVit    4.78%    failed      0.00%
  29  MelGal    7.12%    failed      0.57%
  30  MelUnd    4.87%    failed      0.00%
  31  MerNub    4.96%    failed      0.00%
  32  MesUni    3.86%    failed      0.00%
  33  NesNot    3.61%    passed     21.66%
  34  NipNip    2.19%    failed      0.00%
  35  OpiHoa    2.49%    failed      0.00%
  36  PelCri    1.85%    failed      0.00%
  37  PhaCar    3.27%    failed      0.00%
  38  PhaLep    2.06%    failed      0.00%
  39  PhoRub    1.95%    failed      0.00%
  40  PicPub   12.21%    failed      0.00%
  41  PodCri    2.76%    failed      0.00%
  42  PteGut    3.29%    passed     29.50%
  43  PygAde    2.82%    failed      0.00%
  44  StrCam    8.23%    failed      0.00%
  45  TaeGut    8.13%    failed      0.00%
  46  TauEry    2.16%    failed      0.00%
  47  TinGut   23.84%    failed      0.00%
  48  TytAlb    3.48%    failed      0.00%
****  TOTAL     4.54%  45 sequences failed composition chi2 test (p-value<5%; df=3)
Reading tree Jarvis_Renamed.nwk ...
rooted tree with 48 taxa and 95 branches
Computing site concordance factor...
109.516 sec
Tree with concordance factors written to concord_M6_AllUniquelyMapped.cf.tree
Tree with branch IDs written to concord_M6_AllUniquelyMapped.cf.branch
Concordance factors per branch printed to concord_M6_AllUniquelyMapped.cf.stat
Date and Time: Fri Nov 15 18:09:07 2019
