IQ-TREE multicore version 1.7-beta16 for Linux 64-bit built Sep 24 2019
Developed by Bui Quang Minh, Nguyen Lam Tung, Olga Chernomor,
Heiko Schmidt, Dominik Schrempf, Michael Woodhams.

Host:    n056.cluster.com (AVX, 125 GB RAM)
Command: iqtree -t Jarvis_Renamed.nwk -s M12_genic_other --scf 500 --prefix concord_M12_genic_other -nt 20
Seed:    651209 (Using SPRNG - Scalable Parallel Random Number Generator)
Time:    Fri Nov 15 16:12:06 2019
Kernel:  AVX - 20 threads (20 CPU cores detected)

Reading alignment file M12_genic_other ... Phylip format detected
Alignment most likely contains DNA/RNA sequences
Alignment has 48 sequences with 90708 columns, 87395 distinct patterns
90708 parsimony-informative, 0 singleton sites, 0 constant sites
        Gap/Ambiguity  Composition  p-value
   1  AcaChl   10.82%    failed      0.02%
   2  AnaPla   11.67%    failed      0.04%
   3  AntCar    7.01%    failed      0.00%
   4  ApaVit    8.77%    passed      8.34%
   5  AptFor    4.57%    failed      0.05%
   6  BalReg    3.74%    failed      0.01%
   7  BucRhi    9.17%    failed      0.00%
   8  CalAnn   12.95%    passed      5.51%
   9  CarCri    5.03%    failed      1.48%
  10  CatAur    8.76%    failed      0.00%
  11  ChaPel    8.69%    failed      0.09%
  12  ChaVoc    3.17%    passed     86.34%
  13  ChlMac    5.58%    passed     51.63%
  14  ColLiv    6.88%    passed     54.49%
  15  ColStr   11.06%    failed      0.00%
  16  CorBra   10.41%    failed      0.00%
  17  CucCan    8.21%    passed     70.16%
  18  EgrGar    3.72%    passed     26.78%
  19  EurHel    6.20%    failed      0.00%
  20  FalPer    5.83%    failed      2.37%
  21  FulGla    2.92%    failed      0.05%
  22  GalGal    5.91%    failed      0.00%
  23  GavSte    3.61%    passed      8.28%
  24  GeoFor   15.83%    failed      0.00%
  25  HalAlb    4.84%    failed      3.14%
  26  HalLeu    1.80%    failed      1.85%
  27  LepDis    3.92%    passed     57.31%
  28  ManVit    9.71%    failed      1.00%
  29  MelGal   13.41%    failed      0.00%
  30  MelUnd    7.69%    passed     92.81%
  31  MerNub    9.92%    failed      0.03%
  32  MesUni    7.25%    failed      1.06%
  33  NesNot    6.67%    passed     60.14%
  34  NipNip    2.97%    failed      0.02%
  35  OpiHoa    3.92%    failed      0.00%
  36  PelCri    3.02%    failed      3.15%
  37  PhaCar    5.18%    passed      7.09%
  38  PhaLep    3.13%    passed     13.80%
  39  PhoRub    3.00%    passed     83.31%
  40  PicPub   20.36%    failed      0.00%
  41  PodCri    4.49%    passed     10.45%
  42  PteGut    6.14%    passed     95.64%
  43  PygAde    3.43%    failed      0.00%
  44  StrCam   17.66%    failed      0.00%
  45  TaeGut   16.05%    failed      0.01%
  46  TauEry    3.92%    passed     22.27%
  47  TinGut   38.92%    passed      6.96%
  48  TytAlb    5.71%    failed      0.00%
****  TOTAL     7.99%  30 sequences failed composition chi2 test (p-value<5%; df=3)
Reading tree Jarvis_Renamed.nwk ...
rooted tree with 48 taxa and 95 branches
Computing site concordance factor...
3.064 sec
Tree with concordance factors written to concord_M12_genic_other.cf.tree
Tree with branch IDs written to concord_M12_genic_other.cf.branch
Concordance factors per branch printed to concord_M12_genic_other.cf.stat
Date and Time: Fri Nov 15 16:12:10 2019
