IQ-TREE multicore version 1.7-beta16 for Linux 64-bit built Sep 24 2019
Developed by Bui Quang Minh, Nguyen Lam Tung, Olga Chernomor,
Heiko Schmidt, Dominik Schrempf, Michael Woodhams.

Host:    n056.cluster.com (AVX, 125 GB RAM)
Command: iqtree -t Jarvis_Renamed.nwk -s M1_five_prime_UTR --scf 500 --prefix concord_M1_five_prime_UTR -nt 20
Seed:    518084 (Using SPRNG - Scalable Parallel Random Number Generator)
Time:    Fri Nov 15 17:08:22 2019
Kernel:  AVX - 20 threads (20 CPU cores detected)

Reading alignment file M1_five_prime_UTR ... Phylip format detected
Alignment most likely contains DNA/RNA sequences
Alignment has 48 sequences with 3945 columns, 3741 distinct patterns
3945 parsimony-informative, 0 singleton sites, 0 constant sites
        Gap/Ambiguity  Composition  p-value
   1  AcaChl    1.22%    passed      5.45%
   2  AnaPla    1.80%    passed     34.52%
   3  AntCar    1.44%    passed     35.88%
   4  ApaVit    1.27%    passed     91.74%
   5  AptFor    1.14%    passed     29.16%
   6  BalReg    0.53%    passed     26.38%
   7  BucRhi    1.04%    passed     16.78%
   8  CalAnn    0.79%    passed     84.49%
   9  CarCri    0.94%    passed     43.38%
  10  CatAur    2.13%    passed     15.09%
  11  ChaPel    0.96%    passed     62.09%
  12  ChaVoc    0.89%    passed     77.88%
  13  ChlMac    0.68%    passed     68.82%
  14  ColLiv    1.32%    passed     30.53%
  15  ColStr    0.86%    passed     81.04%
  16  CorBra    0.68%    passed     50.22%
  17  CucCan    1.04%    passed     90.71%
  18  EgrGar    0.68%    passed     98.97%
  19  EurHel    1.24%    passed     27.63%
  20  FalPer    0.81%    passed     30.46%
  21  FulGla    0.71%    passed     29.20%
  22  GalGal    1.83%    failed      0.01%
  23  GavSte    0.51%    passed     50.38%
  24  GeoFor    1.01%    failed      0.30%
  25  HalAlb    1.32%    passed     28.35%
  26  HalLeu    0.28%    passed     24.38%
  27  LepDis    0.51%    passed     77.91%
  28  ManVit    0.86%    passed     45.44%
  29  MelGal    1.09%    failed      1.75%
  30  MelUnd    1.22%    passed     81.47%
  31  MerNub    0.76%    failed      3.89%
  32  MesUni    1.04%    passed     27.60%
  33  NesNot    0.61%    passed     88.76%
  34  NipNip    0.89%    passed     43.57%
  35  OpiHoa    0.89%    passed     67.81%
  36  PelCri    0.58%    passed     16.55%
  37  PhaCar    0.89%    passed     54.63%
  38  PhaLep    0.53%    passed     61.28%
  39  PhoRub    0.86%    passed     83.83%
  40  PicPub    3.24%    failed      0.03%
  41  PodCri    0.38%    passed     68.68%
  42  PteGut    0.41%    passed     95.03%
  43  PygAde    0.99%    passed     21.95%
  44  StrCam    0.66%    passed     52.82%
  45  TaeGut    1.57%    passed      5.55%
  46  TauEry    0.53%    passed     83.10%
  47  TinGut    7.05%    passed     24.50%
  48  TytAlb    0.89%    failed      4.26%
****  TOTAL     1.12%  6 sequences failed composition chi2 test (p-value<5%; df=3)
Reading tree Jarvis_Renamed.nwk ...
rooted tree with 48 taxa and 95 branches
Computing site concordance factor...
0.096 sec
Tree with concordance factors written to concord_M1_five_prime_UTR.cf.tree
Tree with branch IDs written to concord_M1_five_prime_UTR.cf.branch
Concordance factors per branch printed to concord_M1_five_prime_UTR.cf.stat
Date and Time: Fri Nov 15 17:08:23 2019
