IQ-TREE multicore version 1.7-beta16 for Linux 64-bit built Sep 24 2019
Developed by Bui Quang Minh, Nguyen Lam Tung, Olga Chernomor,
Heiko Schmidt, Dominik Schrempf, Michael Woodhams.

Host:    n056.cluster.com (AVX, 125 GB RAM)
Command: iqtree -t Jarvis_Renamed.nwk -s M2_genic_other --scf 500 --prefix concord_M2_genic_other -nt 20
Seed:    315127 (Using SPRNG - Scalable Parallel Random Number Generator)
Time:    Fri Nov 15 17:50:03 2019
Kernel:  AVX - 20 threads (20 CPU cores detected)

Reading alignment file M2_genic_other ... Phylip format detected
Alignment most likely contains DNA/RNA sequences
Alignment has 48 sequences with 41234 columns, 37930 distinct patterns
41234 parsimony-informative, 0 singleton sites, 0 constant sites
        Gap/Ambiguity  Composition  p-value
   1  AcaChl    2.10%    failed      0.33%
   2  AnaPla    2.37%    failed      1.52%
   3  AntCar    2.76%    failed      0.01%
   4  ApaVit    1.84%    passed     45.00%
   5  AptFor    1.34%    failed      2.02%
   6  BalReg    1.27%    failed      1.10%
   7  BucRhi    2.08%    failed      0.00%
   8  CalAnn    2.48%    passed     57.96%
   9  CarCri    1.42%    passed      5.33%
  10  CatAur    3.84%    failed      0.02%
  11  ChaPel    2.01%    passed     10.95%
  12  ChaVoc    1.08%    passed     70.35%
  13  ChlMac    1.15%    passed     52.15%
  14  ColLiv    1.77%    passed     71.33%
  15  ColStr    2.35%    failed      1.20%
  16  CorBra    1.29%    failed      2.28%
  17  CucCan    2.01%    passed     96.66%
  18  EgrGar    1.28%    passed     96.48%
  19  EurHel    1.60%    passed      6.66%
  20  FalPer    1.37%    failed      1.82%
  21  FulGla    0.97%    failed      0.27%
  22  GalGal    3.04%    failed      0.00%
  23  GavSte    1.13%    failed      2.93%
  24  GeoFor    1.95%    failed      0.00%
  25  HalAlb    1.42%    passed      8.09%
  26  HalLeu    0.52%    failed      3.39%
  27  LepDis    1.18%    passed     47.89%
  28  ManVit    1.70%    passed      7.48%
  29  MelGal    2.64%    failed      0.00%
  30  MelUnd    2.17%    passed     91.39%
  31  MerNub    2.54%    passed      6.39%
  32  MesUni    1.86%    passed     24.89%
  33  NesNot    1.36%    passed     36.50%
  34  NipNip    1.19%    failed      2.52%
  35  OpiHoa    1.21%    passed     12.42%
  36  PelCri    0.91%    passed      8.09%
  37  PhaCar    1.47%    failed      4.75%
  38  PhaLep    1.00%    passed     36.18%
  39  PhoRub    0.98%    passed     89.98%
  40  PicPub    6.81%    failed      0.00%
  41  PodCri    1.30%    failed      3.55%
  42  PteGut    1.34%    passed     81.83%
  43  PygAde    1.48%    failed      0.01%
  44  StrCam    3.27%    failed      4.24%
  45  TaeGut    2.67%    failed      1.46%
  46  TauEry    1.12%    passed     95.76%
  47  TinGut   16.57%    failed      0.33%
  48  TytAlb    1.38%    failed      0.00%
****  TOTAL     2.14%  25 sequences failed composition chi2 test (p-value<5%; df=3)
Reading tree Jarvis_Renamed.nwk ...
rooted tree with 48 taxa and 95 branches
Computing site concordance factor...
0.812 sec
Tree with concordance factors written to concord_M2_genic_other.cf.tree
Tree with branch IDs written to concord_M2_genic_other.cf.branch
Concordance factors per branch printed to concord_M2_genic_other.cf.stat
Date and Time: Fri Nov 15 17:50:04 2019
