IQ-TREE multicore version 1.7-beta16 for Linux 64-bit built Sep 24 2019
Developed by Bui Quang Minh, Nguyen Lam Tung, Olga Chernomor,
Heiko Schmidt, Dominik Schrempf, Michael Woodhams.

Host:    n056.cluster.com (AVX, 125 GB RAM)
Command: iqtree -t Jarvis_Renamed.nwk -s M2_intergenic --scf 500 --prefix concord_M2_intergenic -nt 20
Seed:    656050 (Using SPRNG - Scalable Parallel Random Number Generator)
Time:    Fri Nov 15 17:50:04 2019
Kernel:  AVX - 20 threads (20 CPU cores detected)

Reading alignment file M2_intergenic ... Phylip format detected
Alignment most likely contains DNA/RNA sequences
Alignment has 48 sequences with 684358 columns, 538857 distinct patterns
684358 parsimony-informative, 0 singleton sites, 0 constant sites
        Gap/Ambiguity  Composition  p-value
   1  AcaChl    1.89%    failed      0.00%
   2  AnaPla    2.84%    failed      0.38%
   3  AntCar    2.96%    failed      0.00%
   4  ApaVit    1.71%    passed     95.54%
   5  AptFor    1.34%    failed      0.00%
   6  BalReg    1.15%    failed      0.00%
   7  BucRhi    2.02%    failed      0.00%
   8  CalAnn    2.61%    failed      0.82%
   9  CarCri    1.26%    failed      0.00%
  10  CatAur    3.95%    failed      0.00%
  11  ChaPel    2.09%    failed      0.00%
  12  ChaVoc    1.20%    passed     59.75%
  13  ChlMac    1.22%    failed      0.01%
  14  ColLiv    1.95%    passed     53.20%
  15  ColStr    2.37%    failed      0.00%
  16  CorBra    1.31%    failed      0.00%
  17  CucCan    2.07%    failed      0.00%
  18  EgrGar    1.07%    failed      0.00%
  19  EurHel    1.62%    failed      0.00%
  20  FalPer    1.47%    failed      0.00%
  21  FulGla    0.97%    failed      0.00%
  22  GalGal    2.97%    failed      0.00%
  23  GavSte    1.23%    failed      0.00%
  24  GeoFor    1.91%    failed      0.00%
  25  HalAlb    1.41%    failed      0.23%
  26  HalLeu    0.53%    failed      0.01%
  27  LepDis    1.21%    failed      0.00%
  28  ManVit    1.75%    failed      1.62%
  29  MelGal    2.65%    failed      0.00%
  30  MelUnd    2.27%    passed     28.65%
  31  MerNub    2.09%    failed      0.00%
  32  MesUni    1.66%    failed      0.57%
  33  NesNot    1.55%    passed     67.51%
  34  NipNip    1.41%    failed      0.00%
  35  OpiHoa    1.16%    failed      0.00%
  36  PelCri    0.97%    failed      0.00%
  37  PhaCar    1.47%    failed      0.01%
  38  PhaLep    1.04%    passed     37.22%
  39  PhoRub    1.07%    failed      0.00%
  40  PicPub    6.43%    failed      0.00%
  41  PodCri    1.25%    failed      0.00%
  42  PteGut    1.39%    passed     88.39%
  43  PygAde    1.75%    failed      0.00%
  44  StrCam    2.51%    failed      0.00%
  45  TaeGut    2.75%    failed      0.00%
  46  TauEry    0.93%    failed      0.00%
  47  TinGut   12.33%    failed      0.00%
  48  TytAlb    1.53%    failed      0.00%
****  TOTAL     2.05%  41 sequences failed composition chi2 test (p-value<5%; df=3)
Reading tree Jarvis_Renamed.nwk ...
rooted tree with 48 taxa and 95 branches
Computing site concordance factor...
26.576 sec
Tree with concordance factors written to concord_M2_intergenic.cf.tree
Tree with branch IDs written to concord_M2_intergenic.cf.branch
Concordance factors per branch printed to concord_M2_intergenic.cf.stat
Date and Time: Fri Nov 15 17:50:35 2019
