IQ-TREE multicore version 1.7-beta16 for Linux 64-bit built Sep 24 2019
Developed by Bui Quang Minh, Nguyen Lam Tung, Olga Chernomor,
Heiko Schmidt, Dominik Schrempf, Michael Woodhams.

Host:    n056.cluster.com (AVX, 125 GB RAM)
Command: iqtree -t Jarvis_Renamed.nwk -s M3_AllUniquelyMapped --scf 500 --prefix concord_M3_AllUniquelyMapped -nt 20
Seed:    304916 (Using SPRNG - Scalable Parallel Random Number Generator)
Time:    Fri Nov 15 17:51:16 2019
Kernel:  AVX - 20 threads (20 CPU cores detected)

Reading alignment file M3_AllUniquelyMapped ... Phylip format detected
Alignment most likely contains DNA/RNA sequences
Alignment has 48 sequences with 1998565 columns, 1576075 distinct patterns
1998565 parsimony-informative, 0 singleton sites, 0 constant sites
        Gap/Ambiguity  Composition  p-value
   1  AcaChl    2.82%    failed      0.00%
   2  AnaPla    3.82%    failed      0.08%
   3  AntCar    3.65%    failed      0.00%
   4  ApaVit    2.47%    failed      0.00%
   5  AptFor    1.87%    failed      0.00%
   6  BalReg    1.49%    failed      0.00%
   7  BucRhi    2.80%    failed      0.00%
   8  CalAnn    3.51%    failed      0.00%
   9  CarCri    1.75%    failed      0.00%
  10  CatAur    5.03%    failed      0.00%
  11  ChaPel    2.76%    failed      0.00%
  12  ChaVoc    1.50%    failed      0.04%
  13  ChlMac    1.69%    failed      0.46%
  14  ColLiv    2.54%    failed      0.00%
  15  ColStr    3.22%    failed      0.00%
  16  CorBra    2.03%    failed      0.00%
  17  CucCan    2.76%    failed      0.00%
  18  EgrGar    1.37%    failed      0.74%
  19  EurHel    2.28%    failed      0.00%
  20  FalPer    2.08%    failed      0.00%
  21  FulGla    1.26%    failed      0.00%
  22  GalGal    3.69%    failed      0.00%
  23  GavSte    1.56%    failed      0.00%
  24  GeoFor    3.27%    failed      0.00%
  25  HalAlb    1.96%    failed      0.00%
  26  HalLeu    0.71%    failed      0.00%
  27  LepDis    1.55%    failed      0.00%
  28  ManVit    2.52%    failed      0.00%
  29  MelGal    3.76%    failed      0.00%
  30  MelUnd    3.09%    failed      0.01%
  31  MerNub    2.95%    failed      0.00%
  32  MesUni    2.30%    failed      0.00%
  33  NesNot    2.12%    passed     55.40%
  34  NipNip    1.71%    failed      0.00%
  35  OpiHoa    1.69%    failed      0.00%
  36  PelCri    1.24%    failed      0.00%
  37  PhaCar    2.00%    failed      0.00%
  38  PhaLep    1.32%    failed      0.00%
  39  PhoRub    1.34%    passed     12.09%
  40  PicPub    7.74%    failed      0.00%
  41  PodCri    1.70%    failed      0.00%
  42  PteGut    1.89%    passed     14.74%
  43  PygAde    2.15%    failed      0.00%
  44  StrCam    4.07%    failed      0.00%
  45  TaeGut    4.05%    failed      0.00%
  46  TauEry    1.30%    failed      0.00%
  47  TinGut   16.66%    failed      0.00%
  48  TytAlb    2.07%    failed      0.00%
****  TOTAL     2.77%  45 sequences failed composition chi2 test (p-value<5%; df=3)
Reading tree Jarvis_Renamed.nwk ...
rooted tree with 48 taxa and 95 branches
Computing site concordance factor...
96.870 sec
Tree with concordance factors written to concord_M3_AllUniquelyMapped.cf.tree
Tree with branch IDs written to concord_M3_AllUniquelyMapped.cf.branch
Concordance factors per branch printed to concord_M3_AllUniquelyMapped.cf.stat
Date and Time: Fri Nov 15 17:53:04 2019
