IQ-TREE multicore version 1.7-beta16 for Linux 64-bit built Sep 24 2019
Developed by Bui Quang Minh, Nguyen Lam Tung, Olga Chernomor,
Heiko Schmidt, Dominik Schrempf, Michael Woodhams.

Host:    n056.cluster.com (AVX, 125 GB RAM)
Command: iqtree -t Jarvis_Renamed.nwk -s M4_CDS --scf 500 --prefix concord_M4_CDS -nt 20
Seed:    246658 (Using SPRNG - Scalable Parallel Random Number Generator)
Time:    Fri Nov 15 17:57:55 2019
Kernel:  AVX - 20 threads (20 CPU cores detected)

Reading alignment file M4_CDS ... Phylip format detected
Alignment most likely contains DNA/RNA sequences
Alignment has 48 sequences with 217862 columns, 193229 distinct patterns
217862 parsimony-informative, 0 singleton sites, 0 constant sites
        Gap/Ambiguity  Composition  p-value
   1  AcaChl    3.15%    failed      0.00%
   2  AnaPla    3.35%    passed     94.99%
   3  AntCar    4.05%    failed      0.00%
   4  ApaVit    2.94%    failed      0.00%
   5  AptFor    2.39%    failed      0.00%
   6  BalReg    1.65%    failed      0.00%
   7  BucRhi    2.40%    failed      0.00%
   8  CalAnn    1.99%    passed      6.86%
   9  CarCri    1.96%    failed      0.00%
  10  CatAur    7.39%    failed      0.00%
  11  ChaPel    2.26%    failed      1.02%
  12  ChaVoc    1.86%    failed      0.00%
  13  ChlMac    1.60%    failed      0.00%
  14  ColLiv    2.30%    failed      0.00%
  15  ColStr    2.96%    failed      0.00%
  16  CorBra    2.55%    failed      0.00%
  17  CucCan    2.14%    failed      0.00%
  18  EgrGar    1.34%    failed      0.00%
  19  EurHel    2.52%    failed      0.00%
  20  FalPer    2.43%    failed      0.00%
  21  FulGla    1.29%    failed      0.00%
  22  GalGal    3.95%    failed      3.50%
  23  GavSte    1.67%    failed      0.00%
  24  GeoFor    4.73%    failed      0.00%
  25  HalAlb    3.05%    failed      0.00%
  26  HalLeu    0.75%    failed      0.00%
  27  LepDis    1.53%    failed      0.10%
  28  ManVit    3.92%    failed      0.00%
  29  MelGal    1.99%    failed      0.00%
  30  MelUnd    2.99%    failed      0.00%
  31  MerNub    3.51%    failed      0.00%
  32  MesUni    2.15%    failed      0.00%
  33  NesNot    2.00%    failed      0.00%
  34  NipNip    2.14%    failed      0.00%
  35  OpiHoa    3.11%    passed      8.16%
  36  PelCri    1.36%    failed      0.00%
  37  PhaCar    2.13%    failed      0.00%
  38  PhaLep    1.11%    failed      0.00%
  39  PhoRub    1.48%    failed      0.00%
  40  PicPub    4.56%    failed      0.00%
  41  PodCri    1.67%    failed      0.00%
  42  PteGut    2.00%    failed      0.00%
  43  PygAde    2.27%    failed      0.00%
  44  StrCam    1.96%    failed      0.00%
  45  TaeGut    4.41%    failed      0.00%
  46  TauEry    1.36%    passed      6.21%
  47  TinGut   13.14%    failed      0.00%
  48  TytAlb    2.57%    failed      0.00%
****  TOTAL     2.75%  44 sequences failed composition chi2 test (p-value<5%; df=3)
Reading tree Jarvis_Renamed.nwk ...
rooted tree with 48 taxa and 95 branches
Computing site concordance factor...
11.482 sec
Tree with concordance factors written to concord_M4_CDS.cf.tree
Tree with branch IDs written to concord_M4_CDS.cf.branch
Concordance factors per branch printed to concord_M4_CDS.cf.stat
Date and Time: Fri Nov 15 17:58:08 2019
