IQ-TREE multicore version 1.7-beta16 for Linux 64-bit built Sep 24 2019
Developed by Bui Quang Minh, Nguyen Lam Tung, Olga Chernomor,
Heiko Schmidt, Dominik Schrempf, Michael Woodhams.

Host:    n056.cluster.com (AVX, 125 GB RAM)
Command: iqtree -t Jarvis_Renamed.nwk -s M5_CDS --scf 500 --prefix concord_M5_CDS -nt 20
Seed:    738713 (Using SPRNG - Scalable Parallel Random Number Generator)
Time:    Fri Nov 15 18:03:30 2019
Kernel:  AVX - 20 threads (20 CPU cores detected)

Reading alignment file M5_CDS ... Phylip format detected
Alignment most likely contains DNA/RNA sequences
Alignment has 48 sequences with 227995 columns, 203360 distinct patterns
227995 parsimony-informative, 0 singleton sites, 0 constant sites
        Gap/Ambiguity  Composition  p-value
   1  AcaChl    3.80%    failed      0.00%
   2  AnaPla    3.70%    passed     95.36%
   3  AntCar    4.31%    failed      0.00%
   4  ApaVit    3.42%    failed      0.00%
   5  AptFor    2.80%    failed      0.00%
   6  BalReg    1.82%    failed      0.00%
   7  BucRhi    2.73%    failed      0.00%
   8  CalAnn    2.29%    passed     10.02%
   9  CarCri    2.28%    failed      0.00%
  10  CatAur    7.84%    failed      0.00%
  11  ChaPel    2.46%    failed      0.40%
  12  ChaVoc    1.95%    failed      0.00%
  13  ChlMac    1.89%    failed      0.00%
  14  ColLiv    2.56%    failed      0.00%
  15  ColStr    3.52%    failed      0.00%
  16  CorBra    3.27%    failed      0.00%
  17  CucCan    2.38%    failed      0.00%
  18  EgrGar    1.45%    failed      0.00%
  19  EurHel    2.84%    failed      0.00%
  20  FalPer    2.85%    failed      0.00%
  21  FulGla    1.43%    failed      0.00%
  22  GalGal    4.13%    failed      3.22%
  23  GavSte    1.87%    failed      0.00%
  24  GeoFor    5.77%    failed      0.00%
  25  HalAlb    3.49%    failed      0.00%
  26  HalLeu    0.84%    failed      0.00%
  27  LepDis    1.67%    failed      0.17%
  28  ManVit    4.75%    failed      0.00%
  29  MelGal    2.32%    failed      0.00%
  30  MelUnd    3.34%    failed      0.00%
  31  MerNub    3.97%    failed      0.00%
  32  MesUni    2.44%    failed      0.00%
  33  NesNot    2.32%    failed      0.00%
  34  NipNip    2.26%    failed      0.00%
  35  OpiHoa    3.31%    failed      4.50%
  36  PelCri    1.50%    failed      0.00%
  37  PhaCar    2.44%    failed      0.00%
  38  PhaLep    1.23%    failed      0.00%
  39  PhoRub    1.65%    failed      0.00%
  40  PicPub    5.10%    failed      0.00%
  41  PodCri    1.91%    failed      0.00%
  42  PteGut    2.39%    failed      0.00%
  43  PygAde    2.42%    failed      0.00%
  44  StrCam    2.23%    failed      0.00%
  45  TaeGut    5.19%    failed      0.00%
  46  TauEry    1.59%    passed      6.61%
  47  TinGut   13.73%    failed      0.00%
  48  TytAlb    3.00%    failed      0.00%
****  TOTAL     3.09%  45 sequences failed composition chi2 test (p-value<5%; df=3)
Reading tree Jarvis_Renamed.nwk ...
rooted tree with 48 taxa and 95 branches
Computing site concordance factor...
12.449 sec
Tree with concordance factors written to concord_M5_CDS.cf.tree
Tree with branch IDs written to concord_M5_CDS.cf.branch
Concordance factors per branch printed to concord_M5_CDS.cf.stat
Date and Time: Fri Nov 15 18:03:45 2019
