IQ-TREE multicore version 1.7-beta16 for Linux 64-bit built Sep 24 2019
Developed by Bui Quang Minh, Nguyen Lam Tung, Olga Chernomor,
Heiko Schmidt, Dominik Schrempf, Michael Woodhams.

Host:    n056.cluster.com (AVX, 125 GB RAM)
Command: iqtree -t Jarvis_Renamed.nwk -s M24_smRNA --scf 500 --prefix concord_M24_smRNA -nt 20
Seed:    705634 (Using SPRNG - Scalable Parallel Random Number Generator)
Time:    Fri Nov 15 17:47:54 2019
Kernel:  AVX - 20 threads (20 CPU cores detected)

Reading alignment file M24_smRNA ... Phylip format detected
Alignment most likely contains DNA/RNA sequences
Alignment has 48 sequences with 777 columns, 770 distinct patterns
777 parsimony-informative, 0 singleton sites, 0 constant sites
        Gap/Ambiguity  Composition  p-value
   1  AcaChl    6.69%    passed      5.96%
   2  AnaPla   10.30%    passed     83.50%
   3  AntCar    8.62%    passed     90.33%
   4  ApaVit    6.44%    passed     70.92%
   5  AptFor    8.24%    passed     92.36%
   6  BalReg    5.28%    passed     74.34%
   7  BucRhi   10.81%    passed     87.25%
   8  CalAnn    6.56%    passed     96.69%
   9  CarCri    8.37%    passed     91.41%
  10  CatAur    9.14%    passed     79.90%
  11  ChaPel    4.76%    passed     91.99%
  12  ChaVoc    5.28%    passed     96.16%
  13  ChlMac    5.79%    passed     68.89%
  14  ColLiv    5.92%    passed     99.63%
  15  ColStr    6.69%    passed     48.10%
  16  CorBra    6.95%    passed     19.37%
  17  CucCan    5.66%    passed     66.38%
  18  EgrGar    4.12%    passed     81.79%
  19  EurHel    7.46%    passed     95.59%
  20  FalPer    7.98%    passed     73.45%
  21  FulGla    5.15%    passed     94.61%
  22  GalGal    5.02%    passed     91.69%
  23  GavSte    6.69%    passed     84.93%
  24  GeoFor    7.85%    failed      3.36%
  25  HalAlb    9.65%    passed     98.18%
  26  HalLeu    3.86%    passed     92.59%
  27  LepDis    4.63%    passed     58.26%
  28  ManVit    7.34%    passed     55.08%
  29  MelGal    3.99%    passed     83.83%
  30  MelUnd    7.59%    passed     70.56%
  31  MerNub    8.24%    passed     97.47%
  32  MesUni    6.31%    passed     98.04%
  33  NesNot    6.18%    passed     99.89%
  34  NipNip    4.76%    passed     83.62%
  35  OpiHoa    3.09%    passed     99.26%
  36  PelCri    4.76%    passed     95.04%
  37  PhaCar   10.55%    passed     81.31%
  38  PhaLep    5.15%    passed     71.36%
  39  PhoRub    4.50%    passed     99.99%
  40  PicPub    8.37%    passed     84.42%
  41  PodCri    7.08%    passed     75.13%
  42  PteGut    8.11%    passed     92.58%
  43  PygAde    3.47%    passed     74.21%
  44  StrCam    8.62%    passed     88.94%
  45  TaeGut    9.01%    passed     44.29%
  46  TauEry    3.09%    passed     79.60%
  47  TinGut   21.11%    passed     99.37%
  48  TytAlb   11.07%    passed     89.76%
****  TOTAL     7.01%  1 sequences failed composition chi2 test (p-value<5%; df=3)
Reading tree Jarvis_Renamed.nwk ...
rooted tree with 48 taxa and 95 branches
Computing site concordance factor...
0.026 sec
Tree with concordance factors written to concord_M24_smRNA.cf.tree
Tree with branch IDs written to concord_M24_smRNA.cf.branch
Concordance factors per branch printed to concord_M24_smRNA.cf.stat
Date and Time: Fri Nov 15 17:47:55 2019
