IQ-TREE multicore version 1.7-beta16 for Linux 64-bit built Sep 24 2019
Developed by Bui Quang Minh, Nguyen Lam Tung, Olga Chernomor,
Heiko Schmidt, Dominik Schrempf, Michael Woodhams.

Host:    n056.cluster.com (AVX, 125 GB RAM)
Command: iqtree -t Jarvis_Renamed.nwk -s M21_genic_other --scf 500 --prefix concord_M21_genic_other -nt 20
Seed:    263139 (Using SPRNG - Scalable Parallel Random Number Generator)
Time:    Fri Nov 15 17:22:03 2019
Kernel:  AVX - 20 threads (20 CPU cores detected)

Reading alignment file M21_genic_other ... Phylip format detected
Alignment most likely contains DNA/RNA sequences
Alignment has 48 sequences with 100751 columns, 97436 distinct patterns
100751 parsimony-informative, 0 singleton sites, 0 constant sites
        Gap/Ambiguity  Composition  p-value
   1  AcaChl   15.14%    failed      0.06%
   2  AnaPla   14.63%    failed      0.16%
   3  AntCar    8.95%    failed      0.00%
   4  ApaVit   12.34%    passed     10.73%
   5  AptFor    5.75%    failed      0.28%
   6  BalReg    5.10%    failed      0.02%
   7  BucRhi   12.92%    failed      0.00%
   8  CalAnn   17.24%    failed      3.19%
   9  CarCri    6.95%    failed      1.43%
  10  CatAur   10.30%    failed      0.00%
  11  ChaPel   11.84%    failed      0.01%
  12  ChaVoc    4.10%    passed     86.06%
  13  ChlMac    8.04%    passed     44.18%
  14  ColLiv    9.57%    passed     58.68%
  15  ColStr   15.11%    failed      0.00%
  16  CorBra   14.89%    failed      0.00%
  17  CucCan   11.23%    passed     57.86%
  18  EgrGar    5.38%    failed      3.53%
  19  EurHel    8.97%    failed      0.00%
  20  FalPer    8.38%    failed      0.93%
  21  FulGla    3.85%    failed      0.14%
  22  GalGal    6.62%    failed      0.00%
  23  GavSte    4.76%    passed     15.62%
  24  GeoFor   20.88%    failed      0.00%
  25  HalAlb    6.51%    failed      1.41%
  26  HalLeu    2.92%    failed      1.12%
  27  LepDis    5.69%    passed     75.29%
  28  ManVit   13.52%    failed      1.82%
  29  MelGal   15.88%    failed      0.00%
  30  MelUnd   10.51%    passed     89.85%
  31  MerNub   13.56%    failed      0.04%
  32  MesUni   10.10%    failed      0.76%
  33  NesNot    9.79%    passed     53.88%
  34  NipNip    3.88%    failed      0.11%
  35  OpiHoa    5.61%    failed      0.00%
  36  PelCri    4.27%    failed      1.73%
  37  PhaCar    7.35%    passed     10.42%
  38  PhaLep    4.46%    passed      9.26%
  39  PhoRub    4.15%    passed     48.67%
  40  PicPub   24.65%    failed      0.00%
  41  PodCri    6.61%    passed     19.60%
  42  PteGut    8.58%    passed     97.30%
  43  PygAde    4.18%    failed      0.00%
  44  StrCam   21.75%    failed      0.00%
  45  TaeGut   20.85%    failed      0.06%
  46  TauEry    5.86%    passed      7.57%
  47  TinGut   43.16%    passed     17.87%
  48  TytAlb    8.23%    failed      0.00%
****  TOTAL    10.52%  32 sequences failed composition chi2 test (p-value<5%; df=3)
Reading tree Jarvis_Renamed.nwk ...
rooted tree with 48 taxa and 95 branches
Computing site concordance factor...
4.023 sec
Tree with concordance factors written to concord_M21_genic_other.cf.tree
Tree with branch IDs written to concord_M21_genic_other.cf.branch
Concordance factors per branch printed to concord_M21_genic_other.cf.stat
Date and Time: Fri Nov 15 17:22:08 2019
