IQ-TREE multicore version 1.7-beta16 for Linux 64-bit built Sep 24 2019
Developed by Bui Quang Minh, Nguyen Lam Tung, Olga Chernomor,
Heiko Schmidt, Dominik Schrempf, Michael Woodhams.

Host:    n056.cluster.com (AVX, 125 GB RAM)
Command: iqtree -t Jarvis_Renamed.nwk -s M2_intron --scf 500 --prefix concord_M2_intron -nt 20
Seed:    380863 (Using SPRNG - Scalable Parallel Random Number Generator)
Time:    Fri Nov 15 17:50:35 2019
Kernel:  AVX - 20 threads (20 CPU cores detected)

Reading alignment file M2_intron ... Phylip format detected
Alignment most likely contains DNA/RNA sequences
Alignment has 48 sequences with 522881 columns, 420203 distinct patterns
522881 parsimony-informative, 0 singleton sites, 0 constant sites
        Gap/Ambiguity  Composition  p-value
   1  AcaChl    2.02%    failed      0.00%
   2  AnaPla    2.75%    passed     73.84%
   3  AntCar    2.89%    failed      0.00%
   4  ApaVit    1.77%    failed      0.00%
   5  AptFor    1.35%    failed      0.00%
   6  BalReg    1.15%    failed      0.00%
   7  BucRhi    2.18%    failed      0.00%
   8  CalAnn    2.39%    failed      0.04%
   9  CarCri    1.33%    failed      0.00%
  10  CatAur    3.64%    failed      0.00%
  11  ChaPel    1.94%    failed      0.00%
  12  ChaVoc    1.22%    failed      4.86%
  13  ChlMac    1.29%    failed      2.87%
  14  ColLiv    2.04%    failed      0.00%
  15  ColStr    2.21%    failed      0.00%
  16  CorBra    1.28%    failed      0.00%
  17  CucCan    2.07%    failed      0.00%
  18  EgrGar    1.07%    passed     86.67%
  19  EurHel    1.66%    failed      0.00%
  20  FalPer    1.59%    failed      0.00%
  21  FulGla    0.99%    failed      0.00%
  22  GalGal    3.01%    failed      0.00%
  23  GavSte    1.23%    failed      0.00%
  24  GeoFor    1.92%    failed      0.00%
  25  HalAlb    1.39%    failed      0.00%
  26  HalLeu    0.56%    failed      0.00%
  27  LepDis    1.23%    failed      0.00%
  28  ManVit    1.77%    failed      0.00%
  29  MelGal    2.71%    failed      0.00%
  30  MelUnd    2.25%    passed     54.59%
  31  MerNub    2.15%    failed      0.00%
  32  MesUni    1.75%    failed      0.00%
  33  NesNot    1.51%    passed     56.69%
  34  NipNip    1.34%    failed      0.00%
  35  OpiHoa    1.23%    failed      0.00%
  36  PelCri    0.95%    failed      0.00%
  37  PhaCar    1.47%    failed      0.00%
  38  PhaLep    1.05%    failed      0.00%
  39  PhoRub    1.01%    passed     11.12%
  40  PicPub    5.48%    failed      0.00%
  41  PodCri    1.28%    failed      0.00%
  42  PteGut    1.36%    passed     81.87%
  43  PygAde    1.66%    failed      0.00%
  44  StrCam    2.91%    failed      0.00%
  45  TaeGut    2.63%    failed      0.00%
  46  TauEry    1.00%    failed      0.47%
  47  TinGut   14.43%    failed      0.00%
  48  TytAlb    1.47%    failed      0.00%
****  TOTAL     2.07%  42 sequences failed composition chi2 test (p-value<5%; df=3)
Reading tree Jarvis_Renamed.nwk ...
rooted tree with 48 taxa and 95 branches
Computing site concordance factor...
25.342 sec
Tree with concordance factors written to concord_M2_intron.cf.tree
Tree with branch IDs written to concord_M2_intron.cf.branch
Concordance factors per branch printed to concord_M2_intron.cf.stat
Date and Time: Fri Nov 15 17:51:03 2019
