IQ-TREE multicore version 1.7-beta16 for Linux 64-bit built Sep 24 2019
Developed by Bui Quang Minh, Nguyen Lam Tung, Olga Chernomor,
Heiko Schmidt, Dominik Schrempf, Michael Woodhams.

Host:    n056.cluster.com (AVX, 125 GB RAM)
Command: iqtree -t Jarvis_Renamed.nwk -s M17_CDS --scf 500 --prefix concord_M17_CDS -nt 20
Seed:    841138 (Using SPRNG - Scalable Parallel Random Number Generator)
Time:    Fri Nov 15 16:47:51 2019
Kernel:  AVX - 20 threads (20 CPU cores detected)

Reading alignment file M17_CDS ... Phylip format detected
Alignment most likely contains DNA/RNA sequences
Alignment has 48 sequences with 266598 columns, 241958 distinct patterns
266598 parsimony-informative, 0 singleton sites, 0 constant sites
        Gap/Ambiguity  Composition  p-value
   1  AcaChl    8.63%    failed      0.00%
   2  AnaPla    5.84%    passed     92.56%
   3  AntCar    6.50%    failed      0.00%
   4  ApaVit    7.37%    failed      0.00%
   5  AptFor    5.11%    failed      0.00%
   6  BalReg    3.50%    failed      0.00%
   7  BucRhi    5.50%    failed      0.00%
   8  CalAnn    4.85%    failed      3.61%
   9  CarCri    5.08%    failed      0.00%
  10  CatAur   10.51%    failed      0.00%
  11  ChaPel    4.33%    failed      0.00%
  12  ChaVoc    2.76%    failed      0.00%
  13  ChlMac    4.55%    failed      0.00%
  14  ColLiv    4.50%    failed      0.00%
  15  ColStr    7.58%    failed      0.00%
  16  CorBra    7.83%    failed      0.00%
  17  CucCan    4.13%    failed      0.00%
  18  EgrGar    2.62%    failed      0.00%
  19  EurHel    5.43%    failed      0.00%
  20  FalPer    5.99%    failed      0.00%
  21  FulGla    3.03%    failed      0.00%
  22  GalGal    5.00%    passed      5.63%
  23  GavSte    3.87%    failed      0.00%
  24  GeoFor   11.01%    failed      0.00%
  25  HalAlb    6.89%    failed      0.00%
  26  HalLeu    2.09%    failed      0.00%
  27  LepDis    3.36%    passed     26.41%
  28  ManVit    9.89%    failed      0.00%
  29  MelGal    4.42%    failed      0.00%
  30  MelUnd    5.45%    failed      0.00%
  31  MerNub    7.48%    failed      0.00%
  32  MesUni    4.98%    failed      0.00%
  33  NesNot    4.90%    failed      0.00%
  34  NipNip    3.08%    failed      0.00%
  35  OpiHoa    4.38%    failed      0.00%
  36  PelCri    3.12%    failed      0.00%
  37  PhaCar    5.26%    failed      0.00%
  38  PhaLep    2.74%    failed      0.00%
  39  PhoRub    3.40%    failed      0.00%
  40  PicPub    8.31%    failed      0.00%
  41  PodCri    3.98%    failed      0.00%
  42  PteGut    5.55%    failed      0.00%
  43  PygAde    3.28%    failed      0.00%
  44  StrCam    4.01%    failed      0.00%
  45  TaeGut    9.29%    failed      0.00%
  46  TauEry    3.56%    passed     51.05%
  47  TinGut   16.16%    failed      0.00%
  48  TytAlb    6.33%    failed      0.00%
****  TOTAL     5.57%  44 sequences failed composition chi2 test (p-value<5%; df=3)
Reading tree Jarvis_Renamed.nwk ...
rooted tree with 48 taxa and 95 branches
Computing site concordance factor...
15.137 sec
Tree with concordance factors written to concord_M17_CDS.cf.tree
Tree with branch IDs written to concord_M17_CDS.cf.branch
Concordance factors per branch printed to concord_M17_CDS.cf.stat
Date and Time: Fri Nov 15 16:48:08 2019
