IQ-TREE multicore version 1.7-beta16 for Linux 64-bit built Sep 24 2019
Developed by Bui Quang Minh, Nguyen Lam Tung, Olga Chernomor,
Heiko Schmidt, Dominik Schrempf, Michael Woodhams.

Host:    n056.cluster.com (AVX, 125 GB RAM)
Command: iqtree -t Jarvis_Renamed.nwk -s M3_genic_other --scf 500 --prefix concord_M3_genic_other -nt 20
Seed:    341427 (Using SPRNG - Scalable Parallel Random Number Generator)
Time:    Fri Nov 15 17:54:11 2019
Kernel:  AVX - 20 threads (20 CPU cores detected)

Reading alignment file M3_genic_other ... Phylip format detected
Alignment most likely contains DNA/RNA sequences
Alignment has 48 sequences with 51111 columns, 47799 distinct patterns
51111 parsimony-informative, 0 singleton sites, 0 constant sites
        Gap/Ambiguity  Composition  p-value
   1  AcaChl    3.07%    failed      0.01%
   2  AnaPla    3.36%    failed      0.21%
   3  AntCar    3.47%    failed      0.00%
   4  ApaVit    2.71%    passed     24.38%
   5  AptFor    1.83%    failed      0.57%
   6  BalReg    1.63%    failed      0.49%
   7  BucRhi    2.75%    failed      0.00%
   8  CalAnn    3.68%    passed     27.78%
   9  CarCri    1.94%    failed      4.52%
  10  CatAur    4.86%    failed      0.00%
  11  ChaPel    2.73%    failed      2.46%
  12  ChaVoc    1.41%    passed     71.91%
  13  ChlMac    1.67%    passed     40.41%
  14  ColLiv    2.37%    passed     64.09%
  15  ColStr    3.28%    failed      0.12%
  16  CorBra    1.91%    failed      0.03%
  17  CucCan    2.66%    passed     97.72%
  18  EgrGar    1.66%    passed     94.68%
  19  EurHel    2.31%    failed      1.36%
  20  FalPer    1.97%    failed      3.38%
  21  FulGla    1.31%    failed      0.16%
  22  GalGal    3.68%    failed      0.00%
  23  GavSte    1.49%    failed      2.02%
  24  GeoFor    3.66%    failed      0.00%
  25  HalAlb    1.96%    failed      2.79%
  26  HalLeu    0.66%    failed      0.73%
  27  LepDis    1.58%    passed     25.09%
  28  ManVit    2.41%    passed      8.53%
  29  MelGal    3.93%    failed      0.00%
  30  MelUnd    2.75%    passed     99.71%
  31  MerNub    3.53%    passed      5.07%
  32  MesUni    2.42%    passed     14.35%
  33  NesNot    2.02%    passed     92.95%
  34  NipNip    1.56%    failed      0.56%
  35  OpiHoa    1.63%    failed      2.23%
  36  PelCri    1.22%    passed      6.87%
  37  PhaCar    1.93%    failed      3.78%
  38  PhaLep    1.28%    passed     39.36%
  39  PhoRub    1.34%    passed     96.25%
  40  PicPub    9.08%    failed      0.00%
  41  PodCri    1.78%    failed      4.44%
  42  PteGut    2.01%    passed     79.58%
  43  PygAde    1.94%    failed      0.00%
  44  StrCam    5.22%    failed      1.23%
  45  TaeGut    4.29%    failed      0.04%
  46  TauEry    1.47%    passed     62.58%
  47  TinGut   21.36%    failed      0.29%
  48  TytAlb    2.00%    failed      0.00%
****  TOTAL     2.93%  30 sequences failed composition chi2 test (p-value<5%; df=3)
Reading tree Jarvis_Renamed.nwk ...
rooted tree with 48 taxa and 95 branches
Computing site concordance factor...
1.024 sec
Tree with concordance factors written to concord_M3_genic_other.cf.tree
Tree with branch IDs written to concord_M3_genic_other.cf.branch
Concordance factors per branch printed to concord_M3_genic_other.cf.stat
Date and Time: Fri Nov 15 17:54:13 2019
