IQ-TREE multicore version 1.7-beta16 for Linux 64-bit built Sep 24 2019
Developed by Bui Quang Minh, Nguyen Lam Tung, Olga Chernomor,
Heiko Schmidt, Dominik Schrempf, Michael Woodhams.

Host:    n056.cluster.com (AVX, 125 GB RAM)
Command: iqtree -t Jarvis_Renamed.nwk -s M0_intron --scf 500 --prefix concord_M0_intron -nt 20
Seed:    195603 (Using SPRNG - Scalable Parallel Random Number Generator)
Time:    Fri Nov 15 15:53:34 2019
Kernel:  AVX - 20 threads (20 CPU cores detected)

Reading alignment file M0_intron ... Phylip format detected
Alignment most likely contains DNA/RNA sequences
Alignment has 48 sequences with 162946 columns, 91702 distinct patterns
162946 parsimony-informative, 0 singleton sites, 0 constant sites
        Gap/Ambiguity  Composition  p-value
   1  AcaChl    0.00%    failed      0.00%
   2  AnaPla    0.00%    passed     89.80%
   3  AntCar    0.00%    failed      0.00%
   4  ApaVit    0.00%    failed      0.61%
   5  AptFor    0.00%    failed      0.00%
   6  BalReg    0.00%    failed      0.00%
   7  BucRhi    0.00%    failed      0.00%
   8  CalAnn    0.00%    passed     83.34%
   9  CarCri    0.00%    failed      0.00%
  10  CatAur    0.00%    failed      0.00%
  11  ChaPel    0.00%    failed      0.00%
  12  ChaVoc    0.00%    passed      8.23%
  13  ChlMac    0.00%    passed     62.38%
  14  ColLiv    0.00%    failed      0.00%
  15  ColStr    0.00%    failed      0.02%
  16  CorBra    0.00%    failed      0.00%
  17  CucCan    0.00%    passed      9.88%
  18  EgrGar    0.00%    passed     39.39%
  19  EurHel    0.00%    failed      0.00%
  20  FalPer    0.00%    failed      0.00%
  21  FulGla    0.00%    failed      0.00%
  22  GalGal    0.00%    failed      0.00%
  23  GavSte    0.00%    failed      0.00%
  24  GeoFor    0.00%    failed      0.00%
  25  HalAlb    0.00%    failed      0.00%
  26  HalLeu    0.00%    failed      0.00%
  27  LepDis    0.00%    failed      1.95%
  28  ManVit    0.00%    passed      9.39%
  29  MelGal    0.00%    failed      0.00%
  30  MelUnd    0.00%    passed     67.27%
  31  MerNub    0.00%    failed      0.00%
  32  MesUni    0.00%    failed      0.00%
  33  NesNot    0.00%    passed     31.94%
  34  NipNip    0.00%    failed      0.00%
  35  OpiHoa    0.00%    failed      0.09%
  36  PelCri    0.00%    failed      0.00%
  37  PhaCar    0.00%    failed      0.01%
  38  PhaLep    0.00%    failed      0.30%
  39  PhoRub    0.00%    passed      6.09%
  40  PicPub    0.00%    failed      0.00%
  41  PodCri    0.00%    failed      0.01%
  42  PteGut    0.00%    passed     88.66%
  43  PygAde    0.00%    failed      0.00%
  44  StrCam    0.00%    passed     24.30%
  45  TaeGut    0.00%    failed      0.00%
  46  TauEry    0.00%    passed     86.97%
  47  TinGut    0.00%    failed      0.00%
  48  TytAlb    0.00%    failed      0.00%
****  TOTAL     0.00%  35 sequences failed composition chi2 test (p-value<5%; df=3)
Reading tree Jarvis_Renamed.nwk ...
rooted tree with 48 taxa and 95 branches
Computing site concordance factor...
4.213 sec
Tree with concordance factors written to concord_M0_intron.cf.tree
Tree with branch IDs written to concord_M0_intron.cf.branch
Concordance factors per branch printed to concord_M0_intron.cf.stat
Date and Time: Fri Nov 15 15:53:39 2019
