IQ-TREE multicore version 1.7-beta16 for Linux 64-bit built Sep 24 2019
Developed by Bui Quang Minh, Nguyen Lam Tung, Olga Chernomor,
Heiko Schmidt, Dominik Schrempf, Michael Woodhams.

Host:    n056.cluster.com (AVX, 125 GB RAM)
Command: iqtree -t Jarvis_Renamed.nwk -s M5_smRNA --scf 500 --prefix concord_M5_smRNA -nt 20
Seed:    922162 (Using SPRNG - Scalable Parallel Random Number Generator)
Time:    Fri Nov 15 18:07:01 2019
Kernel:  AVX - 20 threads (20 CPU cores detected)

Reading alignment file M5_smRNA ... Phylip format detected
Alignment most likely contains DNA/RNA sequences
Alignment has 48 sequences with 651 columns, 644 distinct patterns
651 parsimony-informative, 0 singleton sites, 0 constant sites
        Gap/Ambiguity  Composition  p-value
   1  AcaChl    2.61%    passed     24.66%
   2  AnaPla    5.53%    passed     88.50%
   3  AntCar    3.99%    passed     93.73%
   4  ApaVit    1.69%    passed     75.47%
   5  AptFor    4.15%    passed     83.74%
   6  BalReg    1.38%    passed     97.72%
   7  BucRhi    5.53%    passed     92.70%
   8  CalAnn    4.30%    passed     96.78%
   9  CarCri    2.30%    passed     94.42%
  10  CatAur    3.84%    passed     89.81%
  11  ChaPel    1.84%    passed     96.39%
  12  ChaVoc    2.46%    passed     98.89%
  13  ChlMac    1.23%    passed     63.44%
  14  ColLiv    3.53%    passed     96.25%
  15  ColStr    2.00%    passed     44.44%
  16  CorBra    4.92%    passed     21.70%
  17  CucCan    4.15%    passed     87.44%
  18  EgrGar    1.69%    passed     73.99%
  19  EurHel    3.38%    passed     93.82%
  20  FalPer    2.30%    passed     89.58%
  21  FulGla    1.23%    passed     87.28%
  22  GalGal    2.92%    passed     89.79%
  23  GavSte    2.46%    passed     91.00%
  24  GeoFor    5.84%    passed      9.62%
  25  HalAlb    4.15%    passed     98.43%
  26  HalLeu    0.61%    passed     96.78%
  27  LepDis    2.76%    passed     71.90%
  28  ManVit    2.76%    passed     84.28%
  29  MelGal    1.23%    passed     96.00%
  30  MelUnd    4.76%    passed     69.25%
  31  MerNub    3.23%    passed     98.19%
  32  MesUni    1.23%    passed     93.90%
  33  NesNot    2.15%    passed     95.31%
  34  NipNip    2.00%    passed     91.74%
  35  OpiHoa    1.38%    passed     99.66%
  36  PelCri    1.69%    passed     93.61%
  37  PhaCar    3.84%    passed     81.42%
  38  PhaLep    1.54%    passed     75.69%
  39  PhoRub    1.69%    passed     99.95%
  40  PicPub    6.61%    passed     93.11%
  41  PodCri    0.77%    passed     94.03%
  42  PteGut    2.92%    passed     90.41%
  43  PygAde    2.61%    passed     89.28%
  44  StrCam    5.84%    passed     84.22%
  45  TaeGut    7.07%    passed     66.14%
  46  TauEry    1.23%    passed     88.94%
  47  TinGut   18.13%    passed     94.26%
  48  TytAlb    5.22%    passed     81.44%
****  TOTAL     3.35%  0 sequences failed composition chi2 test (p-value<5%; df=3)
Reading tree Jarvis_Renamed.nwk ...
rooted tree with 48 taxa and 95 branches
Computing site concordance factor...
0.023 sec
Tree with concordance factors written to concord_M5_smRNA.cf.tree
Tree with branch IDs written to concord_M5_smRNA.cf.branch
Concordance factors per branch printed to concord_M5_smRNA.cf.stat
Date and Time: Fri Nov 15 18:07:01 2019
