IQ-TREE multicore version 1.7-beta16 for Linux 64-bit built Sep 24 2019
Developed by Bui Quang Minh, Nguyen Lam Tung, Olga Chernomor,
Heiko Schmidt, Dominik Schrempf, Michael Woodhams.

Host:    n056.cluster.com (AVX, 125 GB RAM)
Command: iqtree -t Jarvis_Renamed.nwk -s M12_smRNA --scf 500 --prefix concord_M12_smRNA -nt 20
Seed:    40796 (Using SPRNG - Scalable Parallel Random Number Generator)
Time:    Fri Nov 15 16:14:46 2019
Kernel:  AVX - 20 threads (20 CPU cores detected)

Reading alignment file M12_smRNA ... Phylip format detected
Alignment most likely contains DNA/RNA sequences
Alignment has 48 sequences with 724 columns, 717 distinct patterns
724 parsimony-informative, 0 singleton sites, 0 constant sites
        Gap/Ambiguity  Composition  p-value
   1  AcaChl    4.42%    passed     20.54%
   2  AnaPla    7.60%    passed     85.52%
   3  AntCar    5.39%    passed     93.93%
   4  ApaVit    3.18%    passed     65.31%
   5  AptFor    7.18%    passed     83.65%
   6  BalReg    2.35%    passed     92.34%
   7  BucRhi    7.87%    passed     93.97%
   8  CalAnn    5.11%    passed     96.08%
   9  CarCri    6.35%    passed     94.44%
  10  CatAur    5.39%    passed     88.73%
  11  ChaPel    2.49%    passed     97.02%
  12  ChaVoc    3.18%    passed     96.04%
  13  ChlMac    2.49%    passed     55.51%
  14  ColLiv    4.42%    passed     99.21%
  15  ColStr    4.28%    passed     52.24%
  16  CorBra    5.39%    passed     31.31%
  17  CucCan    4.14%    passed     79.68%
  18  EgrGar    2.62%    passed     69.98%
  19  EurHel    4.70%    passed     93.21%
  20  FalPer    4.70%    passed     74.83%
  21  FulGla    2.35%    passed     94.15%
  22  GalGal    3.73%    passed     81.67%
  23  GavSte    3.87%    passed     87.48%
  24  GeoFor    6.22%    passed      6.26%
  25  HalAlb    6.63%    passed     99.10%
  26  HalLeu    1.93%    passed     94.41%
  27  LepDis    3.45%    passed     73.41%
  28  ManVit    5.11%    passed     69.24%
  29  MelGal    2.07%    passed     83.40%
  30  MelUnd    5.66%    passed     72.37%
  31  MerNub    5.39%    passed     99.19%
  32  MesUni    3.59%    passed     98.13%
  33  NesNot    3.87%    passed     96.44%
  34  NipNip    2.76%    passed     85.38%
  35  OpiHoa    1.80%    passed     99.00%
  36  PelCri    3.18%    passed     96.51%
  37  PhaCar    6.22%    passed     75.21%
  38  PhaLep    3.45%    passed     62.23%
  39  PhoRub    2.76%    passed     99.93%
  40  PicPub    6.63%    passed     85.72%
  41  PodCri    4.01%    passed     88.24%
  42  PteGut    6.35%    passed     97.38%
  43  PygAde    2.90%    passed     89.78%
  44  StrCam    7.04%    passed     76.89%
  45  TaeGut    7.46%    passed     60.19%
  46  TauEry    1.52%    passed     76.41%
  47  TinGut   19.20%    passed     94.63%
  48  TytAlb    9.12%    passed     89.87%
****  TOTAL     4.82%  0 sequences failed composition chi2 test (p-value<5%; df=3)
Reading tree Jarvis_Renamed.nwk ...
rooted tree with 48 taxa and 95 branches
Computing site concordance factor...
0.028 sec
Tree with concordance factors written to concord_M12_smRNA.cf.tree
Tree with branch IDs written to concord_M12_smRNA.cf.branch
Concordance factors per branch printed to concord_M12_smRNA.cf.stat
Date and Time: Fri Nov 15 16:14:46 2019
