IQ-TREE multicore version 1.7-beta16 for Linux 64-bit built Sep 24 2019
Developed by Bui Quang Minh, Nguyen Lam Tung, Olga Chernomor,
Heiko Schmidt, Dominik Schrempf, Michael Woodhams.

Host:    n056.cluster.com (AVX, 125 GB RAM)
Command: iqtree -t Jarvis_Renamed.nwk -s M18_lnc_RNA --scf 500 --prefix concord_M18_lnc_RNA -nt 20
Seed:    335511 (Using SPRNG - Scalable Parallel Random Number Generator)
Time:    Fri Nov 15 16:59:27 2019
Kernel:  AVX - 20 threads (20 CPU cores detected)

Reading alignment file M18_lnc_RNA ... Phylip format detected
Alignment most likely contains DNA/RNA sequences
Alignment has 48 sequences with 408152 columns, 377406 distinct patterns
408152 parsimony-informative, 0 singleton sites, 0 constant sites
        Gap/Ambiguity  Composition  p-value
   1  AcaChl   11.71%    failed      0.00%
   2  AnaPla   12.16%    failed      0.00%
   3  AntCar    7.53%    failed      0.00%
   4  ApaVit    9.73%    passed     82.46%
   5  AptFor    4.84%    passed     45.69%
   6  BalReg    4.13%    passed     16.85%
   7  BucRhi    9.84%    failed      0.00%
   8  CalAnn   14.27%    failed      0.28%
   9  CarCri    5.55%    failed      3.79%
  10  CatAur   10.23%    failed      0.00%
  11  ChaPel   10.05%    failed      0.00%
  12  ChaVoc    3.24%    failed      0.08%
  13  ChlMac    6.38%    failed      0.01%
  14  ColLiv    7.55%    passed      5.79%
  15  ColStr   12.01%    failed      0.00%
  16  CorBra   12.01%    failed      0.00%
  17  CucCan    9.52%    failed      0.00%
  18  EgrGar    3.95%    failed      0.00%
  19  EurHel    7.21%    failed      0.07%
  20  FalPer    6.65%    failed      0.00%
  21  FulGla    3.34%    passed      7.67%
  22  GalGal    5.78%    passed     50.92%
  23  GavSte    3.93%    passed     64.36%
  24  GeoFor   17.03%    failed      0.00%
  25  HalAlb    5.41%    passed     46.90%
  26  HalLeu    2.43%    passed     38.07%
  27  LepDis    4.36%    failed      0.00%
  28  ManVit   10.68%    failed      0.19%
  29  MelGal   13.27%    failed      0.94%
  30  MelUnd    9.70%    failed      0.21%
  31  MerNub    9.60%    failed      0.00%
  32  MesUni    7.61%    passed     76.48%
  33  NesNot    7.75%    passed     36.07%
  34  NipNip    3.28%    failed      0.00%
  35  OpiHoa    4.27%    failed      0.01%
  36  PelCri    3.41%    failed      0.42%
  37  PhaCar    6.23%    failed      0.97%
  38  PhaLep    4.05%    passed     53.52%
  39  PhoRub    3.50%    failed      0.00%
  40  PicPub   19.67%    failed      0.00%
  41  PodCri    5.46%    passed     29.07%
  42  PteGut    7.01%    failed      3.94%
  43  PygAde    4.05%    failed      0.00%
  44  StrCam   16.74%    failed      0.00%
  45  TaeGut   17.17%    failed      0.00%
  46  TauEry    4.57%    failed      0.00%
  47  TinGut   33.59%    failed      1.20%
  48  TytAlb    6.80%    failed      0.00%
****  TOTAL     8.53%  35 sequences failed composition chi2 test (p-value<5%; df=3)
Reading tree Jarvis_Renamed.nwk ...
rooted tree with 48 taxa and 95 branches
Computing site concordance factor...
20.092 sec
Tree with concordance factors written to concord_M18_lnc_RNA.cf.tree
Tree with branch IDs written to concord_M18_lnc_RNA.cf.branch
Concordance factors per branch printed to concord_M18_lnc_RNA.cf.stat
Date and Time: Fri Nov 15 16:59:50 2019
