IQ-TREE multicore version 1.7-beta16 for Linux 64-bit built Sep 24 2019
Developed by Bui Quang Minh, Nguyen Lam Tung, Olga Chernomor,
Heiko Schmidt, Dominik Schrempf, Michael Woodhams.

Host:    n056.cluster.com (AVX, 125 GB RAM)
Command: iqtree -t Jarvis_Renamed.nwk -s M6_five_prime_UTR --scf 500 --prefix concord_M6_five_prime_UTR -nt 20
Seed:    749625 (Using SPRNG - Scalable Parallel Random Number Generator)
Time:    Fri Nov 15 18:09:22 2019
Kernel:  AVX - 20 threads (20 CPU cores detected)

Reading alignment file M6_five_prime_UTR ... Phylip format detected
Alignment most likely contains DNA/RNA sequences
Alignment has 48 sequences with 7564 columns, 7358 distinct patterns
7564 parsimony-informative, 0 singleton sites, 0 constant sites
        Gap/Ambiguity  Composition  p-value
   1  AcaChl    4.47%    failed      0.36%
   2  AnaPla    5.68%    passed      7.24%
   3  AntCar    4.14%    passed     40.10%
   4  ApaVit    4.12%    passed     69.15%
   5  AptFor    3.19%    failed      1.23%
   6  BalReg    1.84%    failed      1.76%
   7  BucRhi    3.93%    passed      6.37%
   8  CalAnn    3.37%    passed     78.13%
   9  CarCri    3.00%    passed     11.10%
  10  CatAur    6.78%    failed      0.55%
  11  ChaPel    4.05%    passed     93.30%
  12  ChaVoc    2.01%    passed     69.43%
  13  ChlMac    3.31%    passed     85.33%
  14  ColLiv    3.04%    passed     19.46%
  15  ColStr    5.63%    passed     83.44%
  16  CorBra    4.19%    failed      0.03%
  17  CucCan    2.66%    passed     89.03%
  18  EgrGar    2.21%    passed     85.60%
  19  EurHel    3.57%    passed     47.94%
  20  FalPer    2.97%    failed      2.12%
  21  FulGla    1.63%    passed      8.46%
  22  GalGal    4.10%    failed      0.00%
  23  GavSte    1.56%    failed      2.48%
  24  GeoFor    6.11%    failed      0.00%
  25  HalAlb    5.12%    failed      2.87%
  26  HalLeu    0.93%    failed      1.43%
  27  LepDis    2.06%    passed     59.08%
  28  ManVit    5.20%    failed      0.09%
  29  MelGal    4.56%    failed      0.01%
  30  MelUnd    3.52%    passed     97.69%
  31  MerNub    4.93%    failed      1.66%
  32  MesUni    4.26%    passed     13.97%
  33  NesNot    3.85%    passed     98.43%
  34  NipNip    2.33%    failed      1.51%
  35  OpiHoa    2.43%    passed     48.73%
  36  PelCri    1.84%    failed      3.76%
  37  PhaCar    4.20%    passed     26.75%
  38  PhaLep    1.56%    passed     37.70%
  39  PhoRub    1.90%    passed     26.22%
  40  PicPub    7.13%    failed      0.00%
  41  PodCri    2.75%    passed     20.94%
  42  PteGut    2.86%    passed     95.46%
  43  PygAde    1.98%    failed      0.49%
  44  StrCam    5.14%    passed     27.98%
  45  TaeGut    6.90%    failed      0.00%
  46  TauEry    2.12%    passed     78.37%
  47  TinGut   18.30%    failed      0.53%
  48  TytAlb    3.69%    failed      0.01%
****  TOTAL     3.90%  21 sequences failed composition chi2 test (p-value<5%; df=3)
Reading tree Jarvis_Renamed.nwk ...
rooted tree with 48 taxa and 95 branches
Computing site concordance factor...
0.186 sec
Tree with concordance factors written to concord_M6_five_prime_UTR.cf.tree
Tree with branch IDs written to concord_M6_five_prime_UTR.cf.branch
Concordance factors per branch printed to concord_M6_five_prime_UTR.cf.stat
Date and Time: Fri Nov 15 18:09:23 2019
