IQ-TREE multicore version 1.7-beta16 for Linux 64-bit built Sep 24 2019
Developed by Bui Quang Minh, Nguyen Lam Tung, Olga Chernomor,
Heiko Schmidt, Dominik Schrempf, Michael Woodhams.

Host:    n056.cluster.com (AVX, 125 GB RAM)
Command: iqtree -t Jarvis_Renamed.nwk -s M15_intron --scf 500 --prefix concord_M15_intron -nt 20
Seed:    983573 (Using SPRNG - Scalable Parallel Random Number Generator)
Time:    Fri Nov 15 16:35:54 2019
Kernel:  AVX - 20 threads (20 CPU cores detected)

Reading alignment file M15_intron ... Phylip format detected
Alignment most likely contains DNA/RNA sequences
Alignment has 48 sequences with 1147722 columns, 1044496 distinct patterns
1147722 parsimony-informative, 0 singleton sites, 0 constant sites
        Gap/Ambiguity  Composition  p-value
   1  AcaChl   12.31%    failed      0.00%
   2  AnaPla   12.53%    failed      0.04%
   3  AntCar    7.19%    failed      0.00%
   4  ApaVit    9.77%    failed      0.00%
   5  AptFor    4.92%    failed      0.00%
   6  BalReg    4.13%    failed      0.00%
   7  BucRhi   10.07%    failed      0.00%
   8  CalAnn   13.58%    failed      0.00%
   9  CarCri    5.26%    failed      0.00%
  10  CatAur    8.97%    failed      0.00%
  11  ChaPel    9.13%    failed      0.00%
  12  ChaVoc    3.28%    passed     56.33%
  13  ChlMac    6.05%    failed      0.05%
  14  ColLiv    7.87%    failed      0.00%
  15  ColStr   12.15%    failed      0.00%
  16  CorBra   12.42%    failed      0.00%
  17  CucCan    8.81%    failed      0.00%
  18  EgrGar    3.82%    failed      0.00%
  19  EurHel    7.56%    failed      0.00%
  20  FalPer    6.88%    failed      0.00%
  21  FulGla    3.11%    failed      0.00%
  22  GalGal    6.30%    failed      0.00%
  23  GavSte    4.05%    failed      0.00%
  24  GeoFor   16.87%    failed      0.00%
  25  HalAlb    5.23%    failed      0.00%
  26  HalLeu    2.23%    failed      0.00%
  27  LepDis    4.33%    failed      0.01%
  28  ManVit   10.78%    failed      0.00%
  29  MelGal   14.14%    passed     47.66%
  30  MelUnd    8.88%    failed      4.75%
  31  MerNub    9.97%    failed      0.00%
  32  MesUni    7.83%    failed      0.00%
  33  NesNot    7.48%    passed     46.39%
  34  NipNip    3.19%    failed      0.00%
  35  OpiHoa    4.37%    failed      0.00%
  36  PelCri    3.24%    failed      0.00%
  37  PhaCar    6.25%    failed      0.00%
  38  PhaLep    3.88%    failed      0.00%
  39  PhoRub    3.28%    failed      0.19%
  40  PicPub   20.13%    failed      0.00%
  41  PodCri    5.38%    failed      0.00%
  42  PteGut    6.69%    passed      8.68%
  43  PygAde    3.86%    failed      0.00%
  44  StrCam   17.68%    failed      0.00%
  45  TaeGut   17.01%    failed      0.00%
  46  TauEry    4.61%    failed      0.00%
  47  TinGut   37.16%    failed      0.01%
  48  TytAlb    6.57%    failed      0.00%
****  TOTAL     8.57%  44 sequences failed composition chi2 test (p-value<5%; df=3)
Reading tree Jarvis_Renamed.nwk ...
rooted tree with 48 taxa and 95 branches
Computing site concordance factor...
57.869 sec
Tree with concordance factors written to concord_M15_intron.cf.tree
Tree with branch IDs written to concord_M15_intron.cf.branch
Concordance factors per branch printed to concord_M15_intron.cf.stat
Date and Time: Fri Nov 15 16:36:58 2019
