IQ-TREE multicore version 1.7-beta16 for Linux 64-bit built Sep 24 2019
Developed by Bui Quang Minh, Nguyen Lam Tung, Olga Chernomor,
Heiko Schmidt, Dominik Schrempf, Michael Woodhams.

Host:    n056.cluster.com (AVX, 125 GB RAM)
Command: iqtree -t Jarvis_Renamed.nwk -s M2_AllUniquelyMapped --scf 500 --prefix concord_M2_AllUniquelyMapped -nt 20
Seed:    747198 (Using SPRNG - Scalable Parallel Random Number Generator)
Time:    Fri Nov 15 17:47:57 2019
Kernel:  AVX - 20 threads (20 CPU cores detected)

Reading alignment file M2_AllUniquelyMapped ... Phylip format detected
Alignment most likely contains DNA/RNA sequences
Alignment has 48 sequences with 1646976 columns, 1226870 distinct patterns
1646976 parsimony-informative, 0 singleton sites, 0 constant sites
        Gap/Ambiguity  Composition  p-value
   1  AcaChl    1.95%    failed      0.00%
   2  AnaPla    2.75%    failed      0.57%
   3  AntCar    2.94%    failed      0.00%
   4  ApaVit    1.74%    failed      0.00%
   5  AptFor    1.36%    failed      0.00%
   6  BalReg    1.16%    failed      0.00%
   7  BucRhi    2.01%    failed      0.00%
   8  CalAnn    2.38%    failed      0.01%
   9  CarCri    1.28%    failed      0.00%
  10  CatAur    3.99%    failed      0.00%
  11  ChaPel    1.96%    failed      0.00%
  12  ChaVoc    1.21%    failed      0.00%
  13  ChlMac    1.22%    failed      1.93%
  14  ColLiv    1.93%    failed      0.00%
  15  ColStr    2.23%    failed      0.00%
  16  CorBra    1.28%    failed      0.00%
  17  CucCan    2.04%    failed      0.00%
  18  EgrGar    1.07%    passed     47.74%
  19  EurHel    1.69%    failed      0.00%
  20  FalPer    1.50%    failed      0.00%
  21  FulGla    0.97%    failed      0.00%
  22  GalGal    3.00%    failed      0.00%
  23  GavSte    1.21%    failed      0.00%
  24  GeoFor    1.99%    failed      0.00%
  25  HalAlb    1.45%    failed      0.00%
  26  HalLeu    0.54%    failed      0.00%
  27  LepDis    1.19%    failed      0.00%
  28  ManVit    1.79%    failed      0.00%
  29  MelGal    2.51%    failed      0.00%
  30  MelUnd    2.25%    failed      1.57%
  31  MerNub    2.14%    failed      0.00%
  32  MesUni    1.67%    failed      0.00%
  33  NesNot    1.50%    passed     84.11%
  34  NipNip    1.40%    failed      0.00%
  35  OpiHoa    1.31%    failed      0.00%
  36  PelCri    0.96%    failed      0.00%
  37  PhaCar    1.45%    failed      0.00%
  38  PhaLep    1.00%    failed      0.00%
  39  PhoRub    1.03%    passed     61.72%
  40  PicPub    5.68%    failed      0.00%
  41  PodCri    1.24%    failed      0.00%
  42  PteGut    1.35%    passed      9.78%
  43  PygAde    1.71%    failed      0.00%
  44  StrCam    2.52%    failed      0.00%
  45  TaeGut    2.69%    failed      0.00%
  46  TauEry    0.95%    failed      0.00%
  47  TinGut   12.85%    failed      0.00%
  48  TytAlb    1.48%    failed      0.00%
****  TOTAL     2.03%  44 sequences failed composition chi2 test (p-value<5%; df=3)
Reading tree Jarvis_Renamed.nwk ...
rooted tree with 48 taxa and 95 branches
Computing site concordance factor...
68.897 sec
Tree with concordance factors written to concord_M2_AllUniquelyMapped.cf.tree
Tree with branch IDs written to concord_M2_AllUniquelyMapped.cf.branch
Concordance factors per branch printed to concord_M2_AllUniquelyMapped.cf.stat
Date and Time: Fri Nov 15 17:49:15 2019
