IQ-TREE multicore version 1.7-beta16 for Linux 64-bit built Sep 24 2019
Developed by Bui Quang Minh, Nguyen Lam Tung, Olga Chernomor,
Heiko Schmidt, Dominik Schrempf, Michael Woodhams.

Host:    n056.cluster.com (AVX, 125 GB RAM)
Command: iqtree -t Jarvis_Renamed.nwk -s M21_intron --scf 500 --prefix concord_M21_intron -nt 20
Seed:    987757 (Using SPRNG - Scalable Parallel Random Number Generator)
Time:    Fri Nov 15 17:23:21 2019
Kernel:  AVX - 20 threads (20 CPU cores detected)

Reading alignment file M21_intron ... Phylip format detected
Alignment most likely contains DNA/RNA sequences
Alignment has 48 sequences with 1201141 columns, 1097903 distinct patterns
1201141 parsimony-informative, 0 singleton sites, 0 constant sites
        Gap/Ambiguity  Composition  p-value
   1  AcaChl   14.38%    failed      0.00%
   2  AnaPla   14.00%    failed      0.01%
   3  AntCar    8.30%    failed      0.00%
   4  ApaVit   11.64%    failed      0.00%
   5  AptFor    5.65%    failed      0.00%
   6  BalReg    5.02%    failed      0.00%
   7  BucRhi   11.80%    failed      0.00%
   8  CalAnn   15.51%    failed      0.00%
   9  CarCri    6.25%    failed      0.00%
  10  CatAur    9.91%    failed      0.00%
  11  ChaPel   10.72%    failed      0.00%
  12  ChaVoc    3.92%    passed     56.66%
  13  ChlMac    7.35%    failed      0.02%
  14  ColLiv    9.32%    failed      0.00%
  15  ColStr   14.15%    failed      0.00%
  16  CorBra   14.60%    failed      0.00%
  17  CucCan   10.32%    failed      0.00%
  18  EgrGar    4.68%    failed      0.00%
  19  EurHel    9.00%    failed      0.00%
  20  FalPer    8.18%    failed      0.00%
  21  FulGla    3.71%    failed      0.00%
  22  GalGal    6.70%    failed      0.00%
  23  GavSte    4.77%    failed      0.00%
  24  GeoFor   19.23%    failed      0.00%
  25  HalAlb    6.15%    failed      0.00%
  26  HalLeu    2.81%    failed      0.00%
  27  LepDis    5.26%    failed      0.21%
  28  ManVit   12.77%    failed      0.00%
  29  MelGal   15.37%    passed     82.05%
  30  MelUnd   10.32%    failed      4.15%
  31  MerNub   11.73%    failed      0.00%
  32  MesUni    9.29%    failed      0.00%
  33  NesNot    8.99%    passed     40.99%
  34  NipNip    3.78%    failed      0.00%
  35  OpiHoa    5.24%    failed      0.00%
  36  PelCri    3.97%    failed      0.00%
  37  PhaCar    7.41%    failed      0.00%
  38  PhaLep    4.76%    failed      0.00%
  39  PhoRub    4.00%    failed      0.00%
  40  PicPub   22.14%    failed      0.00%
  41  PodCri    6.54%    failed      0.00%
  42  PteGut    8.11%    passed      6.92%
  43  PygAde    4.35%    failed      0.00%
  44  StrCam   19.55%    failed      0.00%
  45  TaeGut   19.19%    failed      0.00%
  46  TauEry    5.74%    failed      0.00%
  47  TinGut   39.03%    failed      0.14%
  48  TytAlb    7.87%    failed      0.00%
****  TOTAL     9.86%  44 sequences failed composition chi2 test (p-value<5%; df=3)
Reading tree Jarvis_Renamed.nwk ...
rooted tree with 48 taxa and 95 branches
Computing site concordance factor...
49.256 sec
Tree with concordance factors written to concord_M21_intron.cf.tree
Tree with branch IDs written to concord_M21_intron.cf.branch
Concordance factors per branch printed to concord_M21_intron.cf.stat
Date and Time: Fri Nov 15 17:24:17 2019
