IQ-TREE multicore version 1.7-beta16 for Linux 64-bit built Sep 24 2019
Developed by Bui Quang Minh, Nguyen Lam Tung, Olga Chernomor,
Heiko Schmidt, Dominik Schrempf, Michael Woodhams.

Host:    n056.cluster.com (AVX, 125 GB RAM)
Command: iqtree -t Jarvis_Renamed.nwk -s M0_lnc_RNA --scf 500 --prefix concord_M0_lnc_RNA -nt 20
Seed:    385873 (Using SPRNG - Scalable Parallel Random Number Generator)
Time:    Fri Nov 15 15:53:39 2019
Kernel:  AVX - 20 threads (20 CPU cores detected)

Reading alignment file M0_lnc_RNA ... Phylip format detected
Alignment most likely contains DNA/RNA sequences
Alignment has 48 sequences with 62889 columns, 39727 distinct patterns
62889 parsimony-informative, 0 singleton sites, 0 constant sites
        Gap/Ambiguity  Composition  p-value
   1  AcaChl    0.00%    passed      7.62%
   2  AnaPla    0.00%    passed     90.22%
   3  AntCar    0.00%    failed      0.00%
   4  ApaVit    0.00%    passed     79.35%
   5  AptFor    0.00%    passed      8.30%
   6  BalReg    0.00%    passed     10.72%
   7  BucRhi    0.00%    failed      0.00%
   8  CalAnn    0.00%    passed     71.13%
   9  CarCri    0.00%    passed     18.93%
  10  CatAur    0.00%    failed      0.32%
  11  ChaPel    0.00%    passed     81.86%
  12  ChaVoc    0.00%    passed     94.04%
  13  ChlMac    0.00%    passed     71.75%
  14  ColLiv    0.00%    passed     87.84%
  15  ColStr    0.00%    failed      1.26%
  16  CorBra    0.00%    failed      0.63%
  17  CucCan    0.00%    passed      6.13%
  18  EgrGar    0.00%    passed     84.91%
  19  EurHel    0.00%    passed     87.39%
  20  FalPer    0.00%    failed      0.66%
  21  FulGla    0.00%    failed      0.78%
  22  GalGal    0.00%    failed      0.00%
  23  GavSte    0.00%    failed      4.06%
  24  GeoFor    0.00%    failed      0.00%
  25  HalAlb    0.00%    passed     80.65%
  26  HalLeu    0.00%    passed     80.01%
  27  LepDis    0.00%    passed      6.21%
  28  ManVit    0.00%    passed     34.37%
  29  MelGal    0.00%    passed     14.67%
  30  MelUnd    0.00%    passed     99.08%
  31  MerNub    0.00%    failed      3.65%
  32  MesUni    0.00%    passed     72.48%
  33  NesNot    0.00%    passed     98.84%
  34  NipNip    0.00%    failed      0.63%
  35  OpiHoa    0.00%    passed     59.52%
  36  PelCri    0.00%    failed      0.86%
  37  PhaCar    0.00%    failed      4.38%
  38  PhaLep    0.00%    passed     72.30%
  39  PhoRub    0.00%    passed     98.15%
  40  PicPub    0.00%    failed      0.00%
  41  PodCri    0.00%    passed     19.50%
  42  PteGut    0.00%    passed     89.94%
  43  PygAde    0.00%    passed      5.72%
  44  StrCam    0.00%    passed     94.60%
  45  TaeGut    0.00%    failed      0.21%
  46  TauEry    0.00%    passed     76.55%
  47  TinGut    0.00%    failed      0.00%
  48  TytAlb    0.00%    failed      0.00%
****  TOTAL     0.00%  18 sequences failed composition chi2 test (p-value<5%; df=3)
Reading tree Jarvis_Renamed.nwk ...
rooted tree with 48 taxa and 95 branches
Computing site concordance factor...
0.850 sec
Tree with concordance factors written to concord_M0_lnc_RNA.cf.tree
Tree with branch IDs written to concord_M0_lnc_RNA.cf.branch
Concordance factors per branch printed to concord_M0_lnc_RNA.cf.stat
Date and Time: Fri Nov 15 15:53:40 2019
