IQ-TREE multicore version 1.7-beta16 for Linux 64-bit built Sep 24 2019
Developed by Bui Quang Minh, Nguyen Lam Tung, Olga Chernomor,
Heiko Schmidt, Dominik Schrempf, Michael Woodhams.

Host:    n056.cluster.com (AVX, 125 GB RAM)
Command: iqtree -t Jarvis_Renamed.nwk -s M19_genic_other --scf 500 --prefix concord_M19_genic_other -nt 20
Seed:    380596 (Using SPRNG - Scalable Parallel Random Number Generator)
Time:    Fri Nov 15 17:04:38 2019
Kernel:  AVX - 20 threads (20 CPU cores detected)

Reading alignment file M19_genic_other ... Phylip format detected
Alignment most likely contains DNA/RNA sequences
Alignment has 48 sequences with 99529 columns, 96215 distinct patterns
99529 parsimony-informative, 0 singleton sites, 0 constant sites
        Gap/Ambiguity  Composition  p-value
   1  AcaChl   14.48%    failed      0.03%
   2  AnaPla   14.26%    failed      0.26%
   3  AntCar    8.61%    failed      0.00%
   4  ApaVit   11.80%    passed     11.64%
   5  AptFor    5.55%    failed      0.20%
   6  BalReg    4.81%    failed      0.02%
   7  BucRhi   12.39%    failed      0.00%
   8  CalAnn   16.59%    failed      3.41%
   9  CarCri    6.64%    failed      1.23%
  10  CatAur   10.01%    failed      0.00%
  11  ChaPel   11.35%    failed      0.02%
  12  ChaVoc    3.88%    passed     85.19%
  13  ChlMac    7.61%    passed     46.75%
  14  ColLiv    9.13%    passed     59.94%
  15  ColStr   14.49%    failed      0.00%
  16  CorBra   14.22%    failed      0.00%
  17  CucCan   10.78%    passed     63.01%
  18  EgrGar    5.05%    passed      5.89%
  19  EurHel    8.45%    failed      0.00%
  20  FalPer    7.96%    failed      1.11%
  21  FulGla    3.60%    failed      0.11%
  22  GalGal    6.54%    failed      0.00%
  23  GavSte    4.53%    passed     13.20%
  24  GeoFor   20.20%    failed      0.00%
  25  HalAlb    6.21%    failed      1.17%
  26  HalLeu    2.70%    failed      0.80%
  27  LepDis    5.42%    passed     70.42%
  28  ManVit   12.94%    failed      1.64%
  29  MelGal   15.63%    failed      0.00%
  30  MelUnd   10.01%    passed     88.70%
  31  MerNub   12.97%    failed      0.03%
  32  MesUni    9.68%    failed      0.97%
  33  NesNot    9.25%    passed     47.11%
  34  NipNip    3.69%    failed      0.06%
  35  OpiHoa    5.30%    failed      0.00%
  36  PelCri    4.03%    failed      2.03%
  37  PhaCar    7.03%    passed     10.22%
  38  PhaLep    4.18%    passed     12.43%
  39  PhoRub    3.91%    passed     53.39%
  40  PicPub   24.10%    failed      0.00%
  41  PodCri    6.26%    passed     15.62%
  42  PteGut    8.21%    passed     96.21%
  43  PygAde    4.05%    failed      0.00%
  44  StrCam   21.23%    failed      0.00%
  45  TaeGut   20.23%    failed      0.04%
  46  TauEry    5.55%    passed      7.81%
  47  TinGut   42.68%    passed     13.20%
  48  TytAlb    7.85%    failed      0.00%
****  TOTAL    10.13%  31 sequences failed composition chi2 test (p-value<5%; df=3)
Reading tree Jarvis_Renamed.nwk ...
rooted tree with 48 taxa and 95 branches
Computing site concordance factor...
3.891 sec
Tree with concordance factors written to concord_M19_genic_other.cf.tree
Tree with branch IDs written to concord_M19_genic_other.cf.branch
Concordance factors per branch printed to concord_M19_genic_other.cf.stat
Date and Time: Fri Nov 15 17:04:43 2019
