IQ-TREE multicore version 1.7-beta16 for Linux 64-bit built Sep 24 2019
Developed by Bui Quang Minh, Nguyen Lam Tung, Olga Chernomor,
Heiko Schmidt, Dominik Schrempf, Michael Woodhams.

Host:    n056.cluster.com (AVX, 125 GB RAM)
Command: iqtree -t Jarvis_Renamed.nwk -s M1_lnc_RNA --scf 500 --prefix concord_M1_lnc_RNA -nt 20
Seed:    322690 (Using SPRNG - Scalable Parallel Random Number Generator)
Time:    Fri Nov 15 17:09:28 2019
Kernel:  AVX - 20 threads (20 CPU cores detected)

Reading alignment file M1_lnc_RNA ... Phylip format detected
Alignment most likely contains DNA/RNA sequences
Alignment has 48 sequences with 137787 columns, 107767 distinct patterns
137787 parsimony-informative, 0 singleton sites, 0 constant sites
        Gap/Ambiguity  Composition  p-value
   1  AcaChl    1.09%    failed      2.54%
   2  AnaPla    1.65%    passed     50.85%
   3  AntCar    1.81%    failed      0.00%
   4  ApaVit    0.98%    passed     92.47%
   5  AptFor    0.66%    failed      1.64%
   6  BalReg    0.70%    failed      2.66%
   7  BucRhi    1.11%    failed      0.00%
   8  CalAnn    1.37%    passed     83.53%
   9  CarCri    0.73%    failed      4.18%
  10  CatAur    2.35%    failed      0.00%
  11  ChaPel    1.13%    passed     16.36%
  12  ChaVoc    0.71%    passed     97.10%
  13  ChlMac    0.71%    passed      8.38%
  14  ColLiv    1.10%    passed     79.57%
  15  ColStr    1.14%    failed      0.00%
  16  CorBra    0.66%    failed      0.00%
  17  CucCan    1.29%    failed      0.11%
  18  EgrGar    0.66%    passed     60.86%
  19  EurHel    1.01%    passed     82.71%
  20  FalPer    0.79%    failed      0.00%
  21  FulGla    0.62%    failed      0.95%
  22  GalGal    1.91%    failed      0.01%
  23  GavSte    0.68%    failed      0.91%
  24  GeoFor    0.95%    failed      0.00%
  25  HalAlb    0.76%    passed     49.58%
  26  HalLeu    0.31%    passed     37.09%
  27  LepDis    0.68%    failed      0.03%
  28  ManVit    0.89%    failed      1.87%
  29  MelGal    1.24%    passed     54.35%
  30  MelUnd    1.31%    passed     60.44%
  31  MerNub    1.13%    failed      0.02%
  32  MesUni    0.97%    passed     86.98%
  33  NesNot    0.83%    passed     83.16%
  34  NipNip    0.83%    failed      0.00%
  35  OpiHoa    0.62%    passed     56.80%
  36  PelCri    0.56%    failed      0.01%
  37  PhaCar    0.83%    failed      2.35%
  38  PhaLep    0.54%    passed     96.57%
  39  PhoRub    0.56%    passed     32.25%
  40  PicPub    3.03%    failed      0.00%
  41  PodCri    0.69%    passed      5.28%
  42  PteGut    0.73%    passed     48.28%
  43  PygAde    1.06%    failed      0.00%
  44  StrCam    1.08%    passed     75.04%
  45  TaeGut    1.49%    failed      0.00%
  46  TauEry    0.52%    passed     17.41%
  47  TinGut    7.17%    failed      0.00%
  48  TytAlb    0.72%    failed      0.00%
****  TOTAL     1.13%  26 sequences failed composition chi2 test (p-value<5%; df=3)
Reading tree Jarvis_Renamed.nwk ...
rooted tree with 48 taxa and 95 branches
Computing site concordance factor...
6.218 sec
Tree with concordance factors written to concord_M1_lnc_RNA.cf.tree
Tree with branch IDs written to concord_M1_lnc_RNA.cf.branch
Concordance factors per branch printed to concord_M1_lnc_RNA.cf.stat
Date and Time: Fri Nov 15 17:09:35 2019
