IQ-TREE multicore version 1.7-beta16 for Linux 64-bit built Sep 24 2019
Developed by Bui Quang Minh, Nguyen Lam Tung, Olga Chernomor,
Heiko Schmidt, Dominik Schrempf, Michael Woodhams.

Host:    n056.cluster.com (AVX, 125 GB RAM)
Command: iqtree -t Jarvis_Renamed.nwk -s M24_AllUniquelyMapped --scf 500 --prefix concord_M24_AllUniquelyMapped -nt 20
Seed:    932569 (Using SPRNG - Scalable Parallel Random Number Generator)
Time:    Fri Nov 15 17:40:20 2019
Kernel:  AVX - 20 threads (20 CPU cores detected)

Reading alignment file M24_AllUniquelyMapped ... Phylip format detected
Alignment most likely contains DNA/RNA sequences
Alignment has 48 sequences with 3523717 columns, 3100455 distinct patterns
3523717 parsimony-informative, 0 singleton sites, 0 constant sites
        Gap/Ambiguity  Composition  p-value
   1  AcaChl   13.77%    failed      0.00%
   2  AnaPla   13.11%    failed      0.00%
   3  AntCar    8.67%    failed      0.00%
   4  ApaVit   11.35%    failed      0.00%
   5  AptFor    5.78%    failed      0.00%
   6  BalReg    5.06%    failed      0.00%
   7  BucRhi   11.33%    failed      0.00%
   8  CalAnn   15.13%    failed      0.00%
   9  CarCri    6.52%    failed      0.00%
  10  CatAur   10.81%    failed      0.00%
  11  ChaPel   10.79%    failed      0.00%
  12  ChaVoc    3.87%    failed      0.23%
  13  ChlMac    7.42%    failed      0.00%
  14  ColLiv    8.81%    failed      0.00%
  15  ColStr   13.90%    failed      0.00%
  16  CorBra   13.93%    failed      0.00%
  17  CucCan   10.23%    failed      0.00%
  18  EgrGar    4.73%    failed      0.00%
  19  EurHel    8.64%    failed      0.00%
  20  FalPer    8.13%    failed      0.00%
  21  FulGla    3.96%    failed      0.00%
  22  GalGal    6.32%    failed      0.00%
  23  GavSte    4.91%    failed      0.00%
  24  GeoFor   18.47%    failed      0.00%
  25  HalAlb    6.53%    failed      0.00%
  26  HalLeu    2.95%    failed      0.00%
  27  LepDis    5.32%    failed      0.00%
  28  ManVit   12.55%    failed      0.00%
  29  MelGal   13.73%    failed      2.14%
  30  MelUnd   10.20%    failed      0.00%
  31  MerNub   11.50%    failed      0.00%
  32  MesUni    9.10%    failed      0.00%
  33  NesNot    8.88%    passed      8.77%
  34  NipNip    3.92%    failed      0.00%
  35  OpiHoa    5.41%    failed      0.00%
  36  PelCri    4.22%    failed      0.00%
  37  PhaCar    7.46%    failed      0.00%
  38  PhaLep    4.94%    failed      0.00%
  39  PhoRub    4.27%    failed      0.00%
  40  PicPub   21.59%    failed      0.00%
  41  PodCri    6.64%    failed      0.00%
  42  PteGut    8.26%    passed     50.91%
  43  PygAde    4.49%    failed      0.00%
  44  StrCam   17.35%    failed      0.00%
  45  TaeGut   18.34%    failed      0.00%
  46  TauEry    5.75%    failed      0.00%
  47  TinGut   34.69%    failed      0.00%
  48  TytAlb    8.12%    failed      0.00%
****  TOTAL     9.62%  46 sequences failed composition chi2 test (p-value<5%; df=3)
Reading tree Jarvis_Renamed.nwk ...
rooted tree with 48 taxa and 95 branches
Computing site concordance factor...
163.721 sec
Tree with concordance factors written to concord_M24_AllUniquelyMapped.cf.tree
Tree with branch IDs written to concord_M24_AllUniquelyMapped.cf.branch
Concordance factors per branch printed to concord_M24_AllUniquelyMapped.cf.stat
Date and Time: Fri Nov 15 17:43:24 2019
