IQ-TREE multicore version 1.7-beta16 for Linux 64-bit built Sep 24 2019
Developed by Bui Quang Minh, Nguyen Lam Tung, Olga Chernomor,
Heiko Schmidt, Dominik Schrempf, Michael Woodhams.

Host:    n056.cluster.com (AVX, 125 GB RAM)
Command: iqtree -t Jarvis_Renamed.nwk -s M6_intron --scf 500 --prefix concord_M6_intron -nt 20
Seed:    519443 (Using SPRNG - Scalable Parallel Random Number Generator)
Time:    Fri Nov 15 18:11:29 2019
Kernel:  AVX - 20 threads (20 CPU cores detected)

Reading alignment file M6_intron ... Phylip format detected
Alignment most likely contains DNA/RNA sequences
Alignment has 48 sequences with 876196 columns, 772991 distinct patterns
876196 parsimony-informative, 0 singleton sites, 0 constant sites
        Gap/Ambiguity  Composition  p-value
   1  AcaChl    5.79%    failed      0.00%
   2  AnaPla    6.92%    passed     37.01%
   3  AntCar    4.82%    failed      0.00%
   4  ApaVit    4.77%    failed      0.00%
   5  AptFor    3.00%    failed      0.00%
   6  BalReg    2.27%    failed      0.00%
   7  BucRhi    5.29%    failed      0.00%
   8  CalAnn    6.89%    failed      0.00%
   9  CarCri    2.95%    failed      0.00%
  10  CatAur    6.34%    failed      0.00%
  11  ChaPel    4.79%    failed      0.00%
  12  ChaVoc    2.05%    passed     26.40%
  13  ChlMac    3.03%    failed      0.96%
  14  ColLiv    4.28%    failed      0.00%
  15  ColStr    6.05%    failed      0.00%
  16  CorBra    5.15%    failed      0.00%
  17  CucCan    4.67%    failed      0.00%
  18  EgrGar    2.12%    failed      3.37%
  19  EurHel    3.92%    failed      0.00%
  20  FalPer    3.69%    failed      0.00%
  21  FulGla    1.86%    failed      0.00%
  22  GalGal    4.87%    failed      0.00%
  23  GavSte    2.41%    failed      0.00%
  24  GeoFor    7.73%    failed      0.00%
  25  HalAlb    3.02%    failed      0.00%
  26  HalLeu    1.17%    failed      0.00%
  27  LepDis    2.46%    failed      0.00%
  28  ManVit    4.88%    failed      0.00%
  29  MelGal    8.00%    failed      0.00%
  30  MelUnd    4.95%    passed     19.36%
  31  MerNub    5.14%    failed      0.00%
  32  MesUni    4.20%    failed      0.00%
  33  NesNot    3.72%    passed     53.19%
  34  NipNip    2.14%    failed      0.00%
  35  OpiHoa    2.43%    failed      0.00%
  36  PelCri    1.89%    failed      0.00%
  37  PhaCar    3.43%    failed      0.00%
  38  PhaLep    2.11%    failed      0.00%
  39  PhoRub    1.90%    passed     73.18%
  40  PicPub   12.36%    failed      0.00%
  41  PodCri    2.90%    failed      0.00%
  42  PteGut    3.35%    passed     37.38%
  43  PygAde    2.80%    failed      0.00%
  44  StrCam    9.77%    failed      0.00%
  45  TaeGut    8.40%    failed      0.00%
  46  TauEry    2.32%    failed      0.00%
  47  TinGut   27.33%    failed      0.00%
  48  TytAlb    3.52%    failed      0.00%
****  TOTAL     4.79%  42 sequences failed composition chi2 test (p-value<5%; df=3)
Reading tree Jarvis_Renamed.nwk ...
rooted tree with 48 taxa and 95 branches
Computing site concordance factor...
46.598 sec
Tree with concordance factors written to concord_M6_intron.cf.tree
Tree with branch IDs written to concord_M6_intron.cf.branch
Concordance factors per branch printed to concord_M6_intron.cf.stat
Date and Time: Fri Nov 15 18:12:22 2019
