IQ-TREE multicore version 1.7-beta16 for Linux 64-bit built Sep 24 2019
Developed by Bui Quang Minh, Nguyen Lam Tung, Olga Chernomor,
Heiko Schmidt, Dominik Schrempf, Michael Woodhams.

Host:    n056.cluster.com (AVX, 125 GB RAM)
Command: iqtree -t Jarvis_Renamed.nwk -s M22_three_prime_UTR --scf 500 --prefix concord_M22_three_prime_UTR -nt 20
Seed:    962554 (Using SPRNG - Scalable Parallel Random Number Generator)
Time:    Fri Nov 15 17:32:36 2019
Kernel:  AVX - 20 threads (20 CPU cores detected)

Reading alignment file M22_three_prime_UTR ... Phylip format detected
Alignment most likely contains DNA/RNA sequences
Alignment has 48 sequences with 66500 columns, 62876 distinct patterns
66500 parsimony-informative, 0 singleton sites, 0 constant sites
        Gap/Ambiguity  Composition  p-value
   1  AcaChl   12.85%    failed      0.00%
   2  AnaPla   10.39%    failed      0.00%
   3  AntCar    7.54%    failed      0.00%
   4  ApaVit    9.22%    failed      0.03%
   5  AptFor    5.59%    failed      0.00%
   6  BalReg    4.97%    failed      0.00%
   7  BucRhi   11.53%    failed      0.00%
   8  CalAnn    9.97%    passed      5.76%
   9  CarCri    5.38%    failed      0.00%
  10  CatAur    6.98%    failed      0.00%
  11  ChaPel    7.20%    passed     31.86%
  12  ChaVoc    3.19%    failed      0.00%
  13  ChlMac    6.12%    passed     75.56%
  14  ColLiv    7.17%    failed      0.01%
  15  ColStr   13.34%    failed      0.00%
  16  CorBra   11.20%    failed      0.00%
  17  CucCan    7.55%    passed     35.07%
  18  EgrGar    4.27%    passed     87.21%
  19  EurHel   11.41%    failed      0.00%
  20  FalPer    6.81%    failed      0.00%
  21  FulGla    3.25%    failed      0.00%
  22  GalGal    6.15%    failed      1.10%
  23  GavSte    4.33%    failed      0.00%
  24  GeoFor   13.90%    failed      0.00%
  25  HalAlb    5.46%    failed      0.00%
  26  HalLeu    2.32%    failed      0.00%
  27  LepDis    4.85%    passed     44.21%
  28  ManVit   11.01%    failed      0.00%
  29  MelGal    9.44%    passed     78.03%
  30  MelUnd    7.96%    failed      0.00%
  31  MerNub   11.36%    failed      0.00%
  32  MesUni    7.85%    failed      0.00%
  33  NesNot    7.40%    failed      0.06%
  34  NipNip    3.86%    failed      0.00%
  35  OpiHoa    4.88%    failed      0.00%
  36  PelCri    4.14%    failed      0.00%
  37  PhaCar    6.97%    passed      9.87%
  38  PhaLep    3.83%    failed      0.00%
  39  PhoRub    3.99%    passed      9.46%
  40  PicPub   20.86%    failed      0.00%
  41  PodCri    5.98%    failed      2.63%
  42  PteGut    6.08%    failed      0.00%
  43  PygAde    5.00%    failed      0.00%
  44  StrCam   10.87%    failed      0.00%
  45  TaeGut   13.87%    failed      0.00%
  46  TauEry    4.98%    passed     56.43%
  47  TinGut   24.55%    failed      0.00%
  48  TytAlb    6.93%    failed      0.00%
****  TOTAL     8.02%  38 sequences failed composition chi2 test (p-value<5%; df=3)
Reading tree Jarvis_Renamed.nwk ...
rooted tree with 48 taxa and 95 branches
Computing site concordance factor...
1.824 sec
Tree with concordance factors written to concord_M22_three_prime_UTR.cf.tree
Tree with branch IDs written to concord_M22_three_prime_UTR.cf.branch
Concordance factors per branch printed to concord_M22_three_prime_UTR.cf.stat
Date and Time: Fri Nov 15 17:32:38 2019
