IQ-TREE multicore version 1.7-beta16 for Linux 64-bit built Sep 24 2019
Developed by Bui Quang Minh, Nguyen Lam Tung, Olga Chernomor,
Heiko Schmidt, Dominik Schrempf, Michael Woodhams.

Host:    n056.cluster.com (AVX, 125 GB RAM)
Command: iqtree -t Jarvis_Renamed.nwk -s M23_three_prime_UTR --scf 500 --prefix concord_M23_three_prime_UTR -nt 20
Seed:    957074 (Using SPRNG - Scalable Parallel Random Number Generator)
Time:    Fri Nov 15 17:40:17 2019
Kernel:  AVX - 20 threads (20 CPU cores detected)

Reading alignment file M23_three_prime_UTR ... Phylip format detected
Alignment most likely contains DNA/RNA sequences
Alignment has 48 sequences with 66684 columns, 63060 distinct patterns
66684 parsimony-informative, 0 singleton sites, 0 constant sites
        Gap/Ambiguity  Composition  p-value
   1  AcaChl   13.02%    failed      0.00%
   2  AnaPla   10.46%    failed      0.00%
   3  AntCar    7.66%    failed      0.00%
   4  ApaVit    9.40%    failed      0.03%
   5  AptFor    5.70%    failed      0.00%
   6  BalReg    5.08%    failed      0.00%
   7  BucRhi   11.68%    failed      0.00%
   8  CalAnn   10.09%    passed      5.10%
   9  CarCri    5.49%    failed      0.00%
  10  CatAur    7.07%    failed      0.00%
  11  ChaPel    7.30%    passed     31.99%
  12  ChaVoc    3.26%    failed      0.00%
  13  ChlMac    6.24%    passed     76.71%
  14  ColLiv    7.32%    failed      0.01%
  15  ColStr   13.50%    failed      0.00%
  16  CorBra   11.35%    failed      0.00%
  17  CucCan    7.66%    passed     35.11%
  18  EgrGar    4.34%    passed     84.11%
  19  EurHel   11.56%    failed      0.00%
  20  FalPer    6.91%    failed      0.00%
  21  FulGla    3.31%    failed      0.00%
  22  GalGal    6.19%    failed      0.93%
  23  GavSte    4.40%    failed      0.00%
  24  GeoFor   14.05%    failed      0.00%
  25  HalAlb    5.55%    failed      0.00%
  26  HalLeu    2.39%    failed      0.00%
  27  LepDis    4.96%    passed     46.71%
  28  ManVit   11.14%    failed      0.00%
  29  MelGal    9.52%    passed     78.94%
  30  MelUnd    8.06%    failed      0.00%
  31  MerNub   11.52%    failed      0.00%
  32  MesUni    8.00%    failed      0.00%
  33  NesNot    7.53%    failed      0.06%
  34  NipNip    3.91%    failed      0.00%
  35  OpiHoa    4.95%    failed      0.00%
  36  PelCri    4.20%    failed      0.00%
  37  PhaCar    7.07%    passed     10.10%
  38  PhaLep    3.89%    failed      0.00%
  39  PhoRub    4.11%    passed      9.82%
  40  PicPub   21.00%    failed      0.00%
  41  PodCri    6.11%    failed      3.05%
  42  PteGut    6.22%    failed      0.00%
  43  PygAde    5.05%    failed      0.00%
  44  StrCam   10.98%    failed      0.00%
  45  TaeGut   14.00%    failed      0.00%
  46  TauEry    5.10%    passed     54.64%
  47  TinGut   24.69%    failed      0.00%
  48  TytAlb    7.03%    failed      0.00%
****  TOTAL     8.13%  38 sequences failed composition chi2 test (p-value<5%; df=3)
Reading tree Jarvis_Renamed.nwk ...
rooted tree with 48 taxa and 95 branches
Computing site concordance factor...
2.182 sec
Tree with concordance factors written to concord_M23_three_prime_UTR.cf.tree
Tree with branch IDs written to concord_M23_three_prime_UTR.cf.branch
Concordance factors per branch printed to concord_M23_three_prime_UTR.cf.stat
Date and Time: Fri Nov 15 17:40:19 2019
