IQ-TREE multicore version 1.7-beta16 for Linux 64-bit built Sep 24 2019
Developed by Bui Quang Minh, Nguyen Lam Tung, Olga Chernomor,
Heiko Schmidt, Dominik Schrempf, Michael Woodhams.

Host:    n056.cluster.com (AVX, 125 GB RAM)
Command: iqtree -t Jarvis_Renamed.nwk -s M22_five_prime_UTR --scf 500 --prefix concord_M22_five_prime_UTR -nt 20
Seed:    786713 (Using SPRNG - Scalable Parallel Random Number Generator)
Time:    Fri Nov 15 17:28:09 2019
Kernel:  AVX - 20 threads (20 CPU cores detected)

Reading alignment file M22_five_prime_UTR ... Phylip format detected
Alignment most likely contains DNA/RNA sequences
Alignment has 48 sequences with 9343 columns, 9137 distinct patterns
9343 parsimony-informative, 0 singleton sites, 0 constant sites
        Gap/Ambiguity  Composition  p-value
   1  AcaChl   10.71%    failed      0.14%
   2  AnaPla   11.74%    passed      5.18%
   3  AntCar    8.32%    passed     34.77%
   4  ApaVit   10.56%    passed     48.42%
   5  AptFor    5.46%    failed      0.67%
   6  BalReg    3.69%    failed      1.39%
   7  BucRhi    8.32%    failed      2.36%
   8  CalAnn    9.23%    passed     87.34%
   9  CarCri    7.54%    failed      3.08%
  10  CatAur   10.50%    failed      0.69%
  11  ChaPel    7.32%    passed     96.78%
  12  ChaVoc    3.78%    passed     66.24%
  13  ChlMac    7.93%    passed     95.29%
  14  ColLiv    7.35%    passed     43.28%
  15  ColStr   11.53%    passed     92.71%
  16  CorBra   11.08%    failed      0.03%
  17  CucCan    6.07%    passed     93.06%
  18  EgrGar    4.32%    passed     91.66%
  19  EurHel    9.44%    passed     28.28%
  20  FalPer    6.64%    failed      1.60%
  21  FulGla    3.95%    failed      4.99%
  22  GalGal    5.24%    failed      0.00%
  23  GavSte    4.40%    failed      1.19%
  24  GeoFor   14.91%    failed      0.00%
  25  HalAlb    9.62%    failed      0.22%
  26  HalLeu    2.24%    failed      1.29%
  27  LepDis    4.09%    passed     79.89%
  28  ManVit   11.44%    failed      0.80%
  29  MelGal    7.34%    failed      0.00%
  30  MelUnd    7.29%    passed     98.41%
  31  MerNub   10.31%    failed      1.54%
  32  MesUni    9.88%    passed     31.05%
  33  NesNot    9.52%    passed     98.70%
  34  NipNip    3.10%    failed      0.99%
  35  OpiHoa    4.09%    passed      7.40%
  36  PelCri    4.14%    passed      6.30%
  37  PhaCar    8.36%    passed     15.31%
  38  PhaLep    4.50%    passed     29.89%
  39  PhoRub    4.67%    passed     28.57%
  40  PicPub   11.50%    failed      0.00%
  41  PodCri    6.69%    passed     12.72%
  42  PteGut    7.94%    passed     88.51%
  43  PygAde    2.63%    failed      0.28%
  44  StrCam   10.66%    failed      1.63%
  45  TaeGut   12.75%    failed      0.00%
  46  TauEry    5.99%    passed     86.23%
  47  TinGut   24.32%    failed      0.51%
  48  TytAlb    9.52%    failed      0.00%
****  TOTAL     7.97%  24 sequences failed composition chi2 test (p-value<5%; df=3)
Reading tree Jarvis_Renamed.nwk ...
rooted tree with 48 taxa and 95 branches
Computing site concordance factor...
0.225 sec
Tree with concordance factors written to concord_M22_five_prime_UTR.cf.tree
Tree with branch IDs written to concord_M22_five_prime_UTR.cf.branch
Concordance factors per branch printed to concord_M22_five_prime_UTR.cf.stat
Date and Time: Fri Nov 15 17:28:10 2019
