IQ-TREE multicore version 1.7-beta16 for Linux 64-bit built Sep 24 2019
Developed by Bui Quang Minh, Nguyen Lam Tung, Olga Chernomor,
Heiko Schmidt, Dominik Schrempf, Michael Woodhams.

Host:    n056.cluster.com (AVX, 125 GB RAM)
Command: iqtree -t Jarvis_Renamed.nwk -s M7_gene --scf 500 --prefix concord_M7_gene -nt 20
Seed:    896390 (Using SPRNG - Scalable Parallel Random Number Generator)
Time:    Fri Nov 15 18:15:13 2019
Kernel:  AVX - 20 threads (20 CPU cores detected)

Reading alignment file M7_gene ... Phylip format detected
Alignment most likely contains DNA/RNA sequences
Alignment has 48 sequences with 1289501 columns, 1124879 distinct patterns
1289501 parsimony-informative, 0 singleton sites, 0 constant sites
        Gap/Ambiguity  Composition  p-value
   1  AcaChl    6.39%    failed      0.00%
   2  AnaPla    7.08%    passed     15.15%
   3  AntCar    5.06%    failed      0.00%
   4  ApaVit    5.23%    failed      0.00%
   5  AptFor    3.29%    failed      0.00%
   6  BalReg    2.46%    failed      0.00%
   7  BucRhi    5.47%    failed      0.00%
   8  CalAnn    6.89%    failed      0.00%
   9  CarCri    3.19%    failed      0.00%
  10  CatAur    7.02%    failed      0.00%
  11  ChaPel    4.90%    failed      0.00%
  12  ChaVoc    2.18%    failed      0.00%
  13  ChlMac    3.22%    passed     71.91%
  14  ColLiv    4.41%    failed      0.00%
  15  ColStr    6.48%    failed      0.00%
  16  CorBra    5.85%    failed      0.00%
  17  CucCan    4.74%    failed      0.00%
  18  EgrGar    2.22%    passed     40.49%
  19  EurHel    4.27%    failed      0.00%
  20  FalPer    3.99%    failed      0.00%
  21  FulGla    1.97%    failed      0.00%
  22  GalGal    4.96%    failed      0.00%
  23  GavSte    2.55%    failed      0.00%
  24  GeoFor    8.79%    failed      0.00%
  25  HalAlb    3.51%    failed      0.00%
  26  HalLeu    1.25%    failed      0.00%
  27  LepDis    2.57%    failed      0.00%
  28  ManVit    5.76%    failed      0.00%
  29  MelGal    7.83%    passed     50.81%
  30  MelUnd    5.11%    failed      0.02%
  31  MerNub    5.68%    failed      0.00%
  32  MesUni    4.35%    failed      0.00%
  33  NesNot    3.93%    passed     92.52%
  34  NipNip    2.31%    failed      0.00%
  35  OpiHoa    2.83%    failed      0.00%
  36  PelCri    2.02%    failed      0.00%
  37  PhaCar    3.64%    failed      0.00%
  38  PhaLep    2.15%    failed      0.00%
  39  PhoRub    2.06%    failed      0.02%
  40  PicPub   12.31%    failed      0.00%
  41  PodCri    3.04%    failed      0.00%
  42  PteGut    3.63%    failed      0.31%
  43  PygAde    2.92%    failed      0.00%
  44  StrCam    9.41%    failed      0.00%
  45  TaeGut    9.08%    failed      0.00%
  46  TauEry    2.48%    failed      0.00%
  47  TinGut   26.29%    failed      0.00%
  48  TytAlb    3.90%    failed      0.00%
****  TOTAL     5.01%  43 sequences failed composition chi2 test (p-value<5%; df=3)
Reading tree Jarvis_Renamed.nwk ...
rooted tree with 48 taxa and 95 branches
Computing site concordance factor...
56.018 sec
Tree with concordance factors written to concord_M7_gene.cf.tree
Tree with branch IDs written to concord_M7_gene.cf.branch
Concordance factors per branch printed to concord_M7_gene.cf.stat
Date and Time: Fri Nov 15 18:16:18 2019
