IQ-TREE multicore version 1.7-beta16 for Linux 64-bit built Sep 24 2019
Developed by Bui Quang Minh, Nguyen Lam Tung, Olga Chernomor,
Heiko Schmidt, Dominik Schrempf, Michael Woodhams.

Host:    n056.cluster.com (AVX, 125 GB RAM)
Command: iqtree -t Jarvis_Renamed.nwk -s M15_CDS --scf 500 --prefix concord_M15_CDS -nt 20
Seed:    272239 (Using SPRNG - Scalable Parallel Random Number Generator)
Time:    Fri Nov 15 16:32:56 2019
Kernel:  AVX - 20 threads (20 CPU cores detected)

Reading alignment file M15_CDS ... Phylip format detected
Alignment most likely contains DNA/RNA sequences
Alignment has 48 sequences with 263744 columns, 239104 distinct patterns
263744 parsimony-informative, 0 singleton sites, 0 constant sites
        Gap/Ambiguity  Composition  p-value
   1  AcaChl    8.14%    failed      0.00%
   2  AnaPla    5.60%    passed     87.54%
   3  AntCar    6.18%    failed      0.00%
   4  ApaVit    6.92%    failed      0.00%
   5  AptFor    4.83%    failed      0.00%
   6  BalReg    3.23%    failed      0.00%
   7  BucRhi    5.11%    failed      0.00%
   8  CalAnn    4.53%    failed      3.07%
   9  CarCri    4.72%    failed      0.00%
  10  CatAur   10.20%    failed      0.00%
  11  ChaPel    4.10%    failed      0.00%
  12  ChaVoc    2.63%    failed      0.00%
  13  ChlMac    4.15%    failed      0.00%
  14  ColLiv    4.25%    failed      0.00%
  15  ColStr    7.11%    failed      0.00%
  16  CorBra    7.40%    failed      0.00%
  17  CucCan    3.92%    failed      0.00%
  18  EgrGar    2.43%    failed      0.00%
  19  EurHel    5.05%    failed      0.00%
  20  FalPer    5.64%    failed      0.00%
  21  FulGla    2.74%    failed      0.00%
  22  GalGal    4.91%    failed      3.45%
  23  GavSte    3.55%    failed      0.00%
  24  GeoFor   10.56%    failed      0.00%
  25  HalAlb    6.43%    failed      0.00%
  26  HalLeu    1.88%    failed      0.00%
  27  LepDis    3.13%    passed     15.84%
  28  ManVit    9.37%    failed      0.00%
  29  MelGal    4.21%    failed      0.00%
  30  MelUnd    5.21%    failed      0.00%
  31  MerNub    7.06%    failed      0.00%
  32  MesUni    4.61%    failed      0.00%
  33  NesNot    4.56%    failed      0.00%
  34  NipNip    2.96%    failed      0.00%
  35  OpiHoa    4.21%    failed      0.00%
  36  PelCri    2.84%    failed      0.00%
  37  PhaCar    4.83%    failed      0.00%
  38  PhaLep    2.46%    failed      0.00%
  39  PhoRub    3.11%    failed      0.00%
  40  PicPub    7.99%    failed      0.00%
  41  PodCri    3.66%    failed      0.00%
  42  PteGut    5.10%    failed      0.00%
  43  PygAde    3.14%    failed      0.00%
  44  StrCam    3.82%    failed      0.00%
  45  TaeGut    8.94%    failed      0.00%
  46  TauEry    3.26%    passed     51.93%
  47  TinGut   15.93%    failed      0.00%
  48  TytAlb    5.90%    failed      0.00%
****  TOTAL     5.26%  45 sequences failed composition chi2 test (p-value<5%; df=3)
Reading tree Jarvis_Renamed.nwk ...
rooted tree with 48 taxa and 95 branches
Computing site concordance factor...
14.764 sec
Tree with concordance factors written to concord_M15_CDS.cf.tree
Tree with branch IDs written to concord_M15_CDS.cf.branch
Concordance factors per branch printed to concord_M15_CDS.cf.stat
Date and Time: Fri Nov 15 16:33:12 2019
