IQ-TREE multicore version 1.7-beta16 for Linux 64-bit built Sep 24 2019
Developed by Bui Quang Minh, Nguyen Lam Tung, Olga Chernomor,
Heiko Schmidt, Dominik Schrempf, Michael Woodhams.

Host:    n056.cluster.com (AVX, 125 GB RAM)
Command: iqtree -t Jarvis_Renamed.nwk -s M7_AllUniquelyMapped --scf 500 --prefix concord_M7_AllUniquelyMapped -nt 20
Seed:    679235 (Using SPRNG - Scalable Parallel Random Number Generator)
Time:    Fri Nov 15 18:12:41 2019
Kernel:  AVX - 20 threads (20 CPU cores detected)

Reading alignment file M7_AllUniquelyMapped ... Phylip format detected
Alignment most likely contains DNA/RNA sequences
Alignment has 48 sequences with 2773457 columns, 2350300 distinct patterns
2773457 parsimony-informative, 0 singleton sites, 0 constant sites
        Gap/Ambiguity  Composition  p-value
   1  AcaChl    6.17%    failed      0.00%
   2  AnaPla    7.26%    failed      0.00%
   3  AntCar    5.14%    failed      0.00%
   4  ApaVit    5.05%    failed      0.00%
   5  AptFor    3.22%    failed      0.00%
   6  BalReg    2.44%    failed      0.00%
   7  BucRhi    5.44%    failed      0.00%
   8  CalAnn    7.52%    failed      0.00%
   9  CarCri    3.16%    failed      0.00%
  10  CatAur    7.28%    failed      0.00%
  11  ChaPel    5.30%    failed      0.00%
  12  ChaVoc    2.11%    passed     29.43%
  13  ChlMac    3.26%    failed      0.00%
  14  ColLiv    4.34%    failed      0.00%
  15  ColStr    6.66%    failed      0.00%
  16  CorBra    5.80%    failed      0.00%
  17  CucCan    5.04%    failed      0.00%
  18  EgrGar    2.24%    failed      0.00%
  19  EurHel    4.08%    failed      0.00%
  20  FalPer    3.86%    failed      0.00%
  21  FulGla    1.99%    failed      0.00%
  22  GalGal    4.86%    failed      0.00%
  23  GavSte    2.54%    failed      0.00%
  24  GeoFor    8.78%    failed      0.00%
  25  HalAlb    3.38%    failed      0.00%
  26  HalLeu    1.23%    failed      0.00%
  27  LepDis    2.55%    failed      0.00%
  28  ManVit    5.54%    failed      0.00%
  29  MelGal    8.06%    passed      7.93%
  30  MelUnd    5.36%    failed      0.00%
  31  MerNub    5.57%    failed      0.00%
  32  MesUni    4.31%    failed      0.00%
  33  NesNot    4.05%    passed     27.46%
  34  NipNip    2.31%    failed      0.00%
  35  OpiHoa    2.70%    failed      0.00%
  36  PelCri    2.03%    failed      0.00%
  37  PhaCar    3.64%    failed      0.00%
  38  PhaLep    2.27%    failed      0.00%
  39  PhoRub    2.12%    failed      0.00%
  40  PicPub   13.36%    failed      0.00%
  41  PodCri    3.07%    failed      0.00%
  42  PteGut    3.71%    passed     47.69%
  43  PygAde    2.97%    failed      0.00%
  44  StrCam    9.40%    failed      0.00%
  45  TaeGut    9.35%    failed      0.00%
  46  TauEry    2.43%    failed      0.00%
  47  TinGut   25.49%    failed      0.00%
  48  TytAlb    3.89%    failed      0.00%
****  TOTAL     5.05%  44 sequences failed composition chi2 test (p-value<5%; df=3)
Reading tree Jarvis_Renamed.nwk ...
rooted tree with 48 taxa and 95 branches
Computing site concordance factor...
121.293 sec
Tree with concordance factors written to concord_M7_AllUniquelyMapped.cf.tree
Tree with branch IDs written to concord_M7_AllUniquelyMapped.cf.branch
Concordance factors per branch printed to concord_M7_AllUniquelyMapped.cf.stat
Date and Time: Fri Nov 15 18:14:58 2019
