IQ-TREE multicore version 1.7-beta16 for Linux 64-bit built Sep 24 2019
Developed by Bui Quang Minh, Nguyen Lam Tung, Olga Chernomor,
Heiko Schmidt, Dominik Schrempf, Michael Woodhams.

Host:    n056.cluster.com (AVX, 125 GB RAM)
Command: iqtree -t Jarvis_Renamed.nwk -s M17_AllUniquelyMapped --scf 500 --prefix concord_M17_AllUniquelyMapped -nt 20
Seed:    456316 (Using SPRNG - Scalable Parallel Random Number Generator)
Time:    Fri Nov 15 16:44:53 2019
Kernel:  AVX - 20 threads (20 CPU cores detected)

Reading alignment file M17_AllUniquelyMapped ... Phylip format detected
Alignment most likely contains DNA/RNA sequences
Alignment has 48 sequences with 3402662 columns, 2979438 distinct patterns
3402662 parsimony-informative, 0 singleton sites, 0 constant sites
        Gap/Ambiguity  Composition  p-value
   1  AcaChl   12.00%    failed      0.00%
   2  AnaPla   11.94%    failed      0.00%
   3  AntCar    7.55%    failed      0.00%
   4  ApaVit    9.68%    failed      0.00%
   5  AptFor    5.07%    failed      0.00%
   6  BalReg    4.18%    failed      0.00%
   7  BucRhi    9.79%    failed      0.00%
   8  CalAnn   13.44%    failed      0.00%
   9  CarCri    5.48%    failed      0.00%
  10  CatAur    9.91%    failed      0.00%
  11  ChaPel    9.37%    failed      0.00%
  12  ChaVoc    3.24%    passed      8.65%
  13  ChlMac    6.16%    failed      0.00%
  14  ColLiv    7.52%    failed      0.00%
  15  ColStr   12.14%    failed      0.00%
  16  CorBra   12.12%    failed      0.00%
  17  CucCan    8.86%    failed      0.00%
  18  EgrGar    3.89%    failed      0.00%
  19  EurHel    7.31%    failed      0.00%
  20  FalPer    6.88%    failed      0.00%
  21  FulGla    3.29%    failed      0.00%
  22  GalGal    6.00%    failed      0.00%
  23  GavSte    4.14%    failed      0.00%
  24  GeoFor   16.55%    failed      0.00%
  25  HalAlb    5.59%    failed      0.00%
  26  HalLeu    2.31%    failed      0.00%
  27  LepDis    4.40%    failed      0.00%
  28  ManVit   10.84%    failed      0.00%
  29  MelGal   12.88%    passed     14.76%
  30  MelUnd    8.90%    failed      0.00%
  31  MerNub    9.92%    failed      0.00%
  32  MesUni    7.75%    failed      0.00%
  33  NesNot    7.50%    passed     13.29%
  34  NipNip    3.33%    failed      0.00%
  35  OpiHoa    4.51%    failed      0.00%
  36  PelCri    3.46%    failed      0.00%
  37  PhaCar    6.32%    failed      0.00%
  38  PhaLep    4.04%    failed      0.00%
  39  PhoRub    3.54%    failed      0.00%
  40  PicPub   19.93%    failed      0.00%
  41  PodCri    5.52%    failed      0.00%
  42  PteGut    6.93%    passed     41.48%
  43  PygAde    3.98%    failed      0.00%
  44  StrCam   15.83%    failed      0.00%
  45  TaeGut   16.57%    failed      0.00%
  46  TauEry    4.66%    failed      0.00%
  47  TinGut   33.18%    failed      0.00%
  48  TytAlb    6.88%    failed      0.00%
****  TOTAL     8.44%  44 sequences failed composition chi2 test (p-value<5%; df=3)
Reading tree Jarvis_Renamed.nwk ...
rooted tree with 48 taxa and 95 branches
Computing site concordance factor...
157.245 sec
Tree with concordance factors written to concord_M17_AllUniquelyMapped.cf.tree
Tree with branch IDs written to concord_M17_AllUniquelyMapped.cf.branch
Concordance factors per branch printed to concord_M17_AllUniquelyMapped.cf.stat
Date and Time: Fri Nov 15 16:47:51 2019
