IQ-TREE multicore version 1.7-beta16 for Linux 64-bit built Sep 24 2019
Developed by Bui Quang Minh, Nguyen Lam Tung, Olga Chernomor,
Heiko Schmidt, Dominik Schrempf, Michael Woodhams.

Host:    n056.cluster.com (AVX, 125 GB RAM)
Command: iqtree -t Jarvis_Renamed.nwk -s M11_gene --scf 500 --prefix concord_M11_gene -nt 20
Seed:    252930 (Using SPRNG - Scalable Parallel Random Number Generator)
Time:    Fri Nov 15 16:03:47 2019
Kernel:  AVX - 20 threads (20 CPU cores detected)

Reading alignment file M11_gene ... Phylip format detected
Alignment most likely contains DNA/RNA sequences
Alignment has 48 sequences with 1464098 columns, 1299466 distinct patterns
1464098 parsimony-informative, 0 singleton sites, 0 constant sites
        Gap/Ambiguity  Composition  p-value
   1  AcaChl    9.38%    failed      0.00%
   2  AnaPla    9.61%    failed      0.30%
   3  AntCar    6.11%    failed      0.00%
   4  ApaVit    7.47%    failed      0.00%
   5  AptFor    4.21%    failed      0.00%
   6  BalReg    3.26%    failed      0.00%
   7  BucRhi    7.61%    failed      0.00%
   8  CalAnn    9.88%    failed      0.00%
   9  CarCri    4.30%    failed      0.00%
  10  CatAur    8.22%    failed      0.00%
  11  ChaPel    6.78%    failed      0.00%
  12  ChaVoc    2.71%    failed      0.00%
  13  ChlMac    4.60%    passed     73.78%
  14  ColLiv    5.99%    failed      0.00%
  15  ColStr    9.29%    failed      0.00%
  16  CorBra    9.15%    failed      0.00%
  17  CucCan    6.56%    failed      0.00%
  18  EgrGar    2.97%    passed     79.01%
  19  EurHel    5.88%    failed      0.00%
  20  FalPer    5.47%    failed      0.00%
  21  FulGla    2.56%    failed      0.00%
  22  GalGal    5.62%    failed      0.00%
  23  GavSte    3.32%    failed      0.00%
  24  GeoFor   12.97%    failed      0.00%
  25  HalAlb    4.57%    failed      0.00%
  26  HalLeu    1.72%    failed      0.00%
  27  LepDis    3.40%    failed      0.00%
  28  ManVit    8.49%    failed      0.00%
  29  MelGal   10.65%    passed     89.25%
  30  MelUnd    6.87%    failed      0.00%
  31  MerNub    7.90%    failed      0.00%
  32  MesUni    5.99%    failed      0.00%
  33  NesNot    5.59%    passed     97.93%
  34  NipNip    2.76%    failed      0.00%
  35  OpiHoa    3.62%    failed      0.00%
  36  PelCri    2.64%    failed      0.00%
  37  PhaCar    4.95%    failed      0.00%
  38  PhaLep    2.91%    failed      0.00%
  39  PhoRub    2.68%    passed      7.17%
  40  PicPub   15.90%    failed      0.00%
  41  PodCri    4.13%    failed      0.00%
  42  PteGut    5.14%    failed      2.10%
  43  PygAde    3.37%    failed      0.00%
  44  StrCam   12.97%    failed      0.00%
  45  TaeGut   13.01%    failed      0.00%
  46  TauEry    3.49%    failed      0.00%
  47  TinGut   30.85%    failed      0.00%
  48  TytAlb    5.32%    failed      0.00%
****  TOTAL     6.73%  43 sequences failed composition chi2 test (p-value<5%; df=3)
Reading tree Jarvis_Renamed.nwk ...
rooted tree with 48 taxa and 95 branches
Computing site concordance factor...
62.740 sec
Tree with concordance factors written to concord_M11_gene.cf.tree
Tree with branch IDs written to concord_M11_gene.cf.branch
Concordance factors per branch printed to concord_M11_gene.cf.stat
Date and Time: Fri Nov 15 16:04:58 2019
