IQ-TREE multicore version 1.7-beta16 for Linux 64-bit built Sep 24 2019
Developed by Bui Quang Minh, Nguyen Lam Tung, Olga Chernomor,
Heiko Schmidt, Dominik Schrempf, Michael Woodhams.

Host:    n056.cluster.com (AVX, 125 GB RAM)
Command: iqtree -t Jarvis_Renamed.nwk -s M14_intron --scf 500 --prefix concord_M14_intron -nt 20
Seed:    410771 (Using SPRNG - Scalable Parallel Random Number Generator)
Time:    Fri Nov 15 16:28:11 2019
Kernel:  AVX - 20 threads (20 CPU cores detected)

Reading alignment file M14_intron ... Phylip format detected
Alignment most likely contains DNA/RNA sequences
Alignment has 48 sequences with 1132934 columns, 1029710 distinct patterns
1132934 parsimony-informative, 0 singleton sites, 0 constant sites
        Gap/Ambiguity  Composition  p-value
   1  AcaChl   11.80%    failed      0.00%
   2  AnaPla   12.14%    failed      0.10%
   3  AntCar    6.97%    failed      0.00%
   4  ApaVit    9.35%    failed      0.00%
   5  AptFor    4.76%    failed      0.00%
   6  BalReg    3.94%    failed      0.00%
   7  BucRhi    9.67%    failed      0.00%
   8  CalAnn   13.11%    failed      0.00%
   9  CarCri    5.05%    failed      0.00%
  10  CatAur    8.75%    failed      0.00%
  11  ChaPel    8.78%    failed      0.00%
  12  ChaVoc    3.16%    passed     53.48%
  13  ChlMac    5.78%    failed      0.08%
  14  ColLiv    7.56%    failed      0.00%
  15  ColStr   11.67%    failed      0.00%
  16  CorBra   11.89%    failed      0.00%
  17  CucCan    8.48%    failed      0.00%
  18  EgrGar    3.66%    failed      0.00%
  19  EurHel    7.25%    failed      0.00%
  20  FalPer    6.62%    failed      0.00%
  21  FulGla    3.00%    failed      0.00%
  22  GalGal    6.20%    failed      0.00%
  23  GavSte    3.90%    failed      0.00%
  24  GeoFor   16.27%    failed      0.00%
  25  HalAlb    5.03%    failed      0.00%
  26  HalLeu    2.12%    failed      0.00%
  27  LepDis    4.15%    failed      0.01%
  28  ManVit   10.31%    failed      0.00%
  29  MelGal   13.77%    passed     33.58%
  30  MelUnd    8.55%    failed      4.55%
  31  MerNub    9.58%    failed      0.00%
  32  MesUni    7.52%    failed      0.00%
  33  NesNot    7.14%    passed     39.41%
  34  NipNip    3.08%    failed      0.00%
  35  OpiHoa    4.20%    failed      0.00%
  36  PelCri    3.10%    failed      0.00%
  37  PhaCar    6.01%    failed      0.00%
  38  PhaLep    3.70%    failed      0.00%
  39  PhoRub    3.13%    failed      0.55%
  40  PicPub   19.62%    failed      0.00%
  41  PodCri    5.16%    failed      0.00%
  42  PteGut    6.39%    passed      9.65%
  43  PygAde    3.76%    failed      0.00%
  44  StrCam   17.17%    failed      0.00%
  45  TaeGut   16.45%    failed      0.00%
  46  TauEry    4.39%    failed      0.00%
  47  TinGut   36.63%    failed      0.00%
  48  TytAlb    6.30%    failed      0.00%
****  TOTAL     8.27%  44 sequences failed composition chi2 test (p-value<5%; df=3)
Reading tree Jarvis_Renamed.nwk ...
rooted tree with 48 taxa and 95 branches
Computing site concordance factor...
64.474 sec
Tree with concordance factors written to concord_M14_intron.cf.tree
Tree with branch IDs written to concord_M14_intron.cf.branch
Concordance factors per branch printed to concord_M14_intron.cf.stat
Date and Time: Fri Nov 15 16:29:23 2019
