IQ-TREE multicore version 1.7-beta16 for Linux 64-bit built Sep 24 2019
Developed by Bui Quang Minh, Nguyen Lam Tung, Olga Chernomor,
Heiko Schmidt, Dominik Schrempf, Michael Woodhams.

Host:    n056.cluster.com (AVX, 125 GB RAM)
Command: iqtree -t Jarvis_Renamed.nwk -s M10_CDS --scf 500 --prefix concord_M10_CDS -nt 20
Seed:    814534 (Using SPRNG - Scalable Parallel Random Number Generator)
Time:    Fri Nov 15 15:56:29 2019
Kernel:  AVX - 20 threads (20 CPU cores detected)

Reading alignment file M10_CDS ... Phylip format detected
Alignment most likely contains DNA/RNA sequences
Alignment has 48 sequences with 252764 columns, 228127 distinct patterns
252764 parsimony-informative, 0 singleton sites, 0 constant sites
        Gap/Ambiguity  Composition  p-value
   1  AcaChl    6.45%    failed      0.00%
   2  AnaPla    4.81%    passed     68.36%
   3  AntCar    5.33%    failed      0.00%
   4  ApaVit    5.36%    failed      0.00%
   5  AptFor    4.02%    failed      0.00%
   6  BalReg    2.55%    failed      0.00%
   7  BucRhi    3.96%    failed      0.00%
   8  CalAnn    3.53%    failed      4.42%
   9  CarCri    3.73%    failed      0.00%
  10  CatAur    9.27%    failed      0.00%
  11  ChaPel    3.35%    failed      0.00%
  12  ChaVoc    2.31%    failed      0.00%
  13  ChlMac    3.10%    failed      0.00%
  14  ColLiv    3.52%    failed      0.00%
  15  ColStr    5.62%    failed      0.00%
  16  CorBra    5.91%    failed      0.00%
  17  CucCan    3.25%    failed      0.00%
  18  EgrGar    1.93%    failed      0.00%
  19  EurHel    4.03%    failed      0.00%
  20  FalPer    4.52%    failed      0.00%
  21  FulGla    2.09%    failed      0.00%
  22  GalGal    4.60%    failed      1.53%
  23  GavSte    2.70%    failed      0.00%
  24  GeoFor    8.86%    failed      0.00%
  25  HalAlb    5.13%    failed      0.00%
  26  HalLeu    1.37%    failed      0.00%
  27  LepDis    2.49%    passed      5.04%
  28  ManVit    7.60%    failed      0.00%
  29  MelGal    3.49%    failed      0.00%
  30  MelUnd    4.47%    failed      0.00%
  31  MerNub    5.73%    failed      0.00%
  32  MesUni    3.59%    failed      0.00%
  33  NesNot    3.57%    failed      0.00%
  34  NipNip    2.64%    failed      0.00%
  35  OpiHoa    3.73%    failed      0.02%
  36  PelCri    2.14%    failed      0.00%
  37  PhaCar    3.74%    failed      0.00%
  38  PhaLep    1.83%    failed      0.00%
  39  PhoRub    2.38%    failed      0.00%
  40  PicPub    6.84%    failed      0.00%
  41  PodCri    2.81%    failed      0.00%
  42  PteGut    3.87%    failed      0.00%
  43  PygAde    2.82%    failed      0.00%
  44  StrCam    3.12%    failed      0.00%
  45  TaeGut    7.60%    failed      0.00%
  46  TauEry    2.53%    passed     32.00%
  47  TinGut   15.13%    failed      0.00%
  48  TytAlb    4.70%    failed      0.00%
****  TOTAL     4.34%  45 sequences failed composition chi2 test (p-value<5%; df=3)
Reading tree Jarvis_Renamed.nwk ...
rooted tree with 48 taxa and 95 branches
Computing site concordance factor...
13.794 sec
Tree with concordance factors written to concord_M10_CDS.cf.tree
Tree with branch IDs written to concord_M10_CDS.cf.branch
Concordance factors per branch printed to concord_M10_CDS.cf.stat
Date and Time: Fri Nov 15 15:56:45 2019
