IQ-TREE multicore version 1.7-beta16 for Linux 64-bit built Sep 24 2019
Developed by Bui Quang Minh, Nguyen Lam Tung, Olga Chernomor,
Heiko Schmidt, Dominik Schrempf, Michael Woodhams.

Host:    n056.cluster.com (AVX, 125 GB RAM)
Command: iqtree -t Jarvis_Renamed.nwk -s M18_five_prime_UTR --scf 500 --prefix concord_M18_five_prime_UTR -nt 20
Seed:    848551 (Using SPRNG - Scalable Parallel Random Number Generator)
Time:    Fri Nov 15 16:55:40 2019
Kernel:  AVX - 20 threads (20 CPU cores detected)

Reading alignment file M18_five_prime_UTR ... Phylip format detected
Alignment most likely contains DNA/RNA sequences
Alignment has 48 sequences with 9104 columns, 8898 distinct patterns
9104 parsimony-informative, 0 singleton sites, 0 constant sites
        Gap/Ambiguity  Composition  p-value
   1  AcaChl    9.37%    failed      0.22%
   2  AnaPla   10.84%    failed      3.78%
   3  AntCar    7.30%    passed     33.65%
   4  ApaVit    9.22%    passed     50.92%
   5  AptFor    4.88%    failed      0.61%
   6  BalReg    3.27%    failed      1.54%
   7  BucRhi    7.05%    failed      2.76%
   8  CalAnn    7.88%    passed     92.34%
   9  CarCri    6.89%    failed      2.72%
  10  CatAur    9.76%    failed      0.68%
  11  ChaPel    6.28%    passed     96.64%
  12  ChaVoc    3.36%    passed     67.25%
  13  ChlMac    7.07%    passed     92.31%
  14  ColLiv    6.28%    passed     36.60%
  15  ColStr   10.29%    passed     91.82%
  16  CorBra    9.86%    failed      0.02%
  17  CucCan    4.88%    passed     92.90%
  18  EgrGar    3.65%    passed     92.99%
  19  EurHel    8.13%    passed     29.19%
  20  FalPer    6.00%    failed      0.86%
  21  FulGla    3.34%    passed      5.07%
  22  GalGal    5.01%    failed      0.00%
  23  GavSte    3.65%    failed      1.51%
  24  GeoFor   13.48%    failed      0.00%
  25  HalAlb    8.83%    failed      0.34%
  26  HalLeu    1.75%    failed      1.96%
  27  LepDis    3.64%    passed     56.19%
  28  ManVit   10.30%    failed      0.82%
  29  MelGal    6.78%    failed      0.00%
  30  MelUnd    6.17%    passed     98.80%
  31  MerNub    9.41%    failed      1.09%
  32  MesUni    8.95%    passed     26.38%
  33  NesNot    7.99%    passed     99.49%
  34  NipNip    2.95%    failed      0.92%
  35  OpiHoa    3.27%    passed      9.48%
  36  PelCri    3.36%    failed      4.30%
  37  PhaCar    7.30%    passed     19.41%
  38  PhaLep    3.60%    passed     31.54%
  39  PhoRub    4.04%    passed     36.12%
  40  PicPub   10.39%    failed      0.00%
  41  PodCri    5.96%    passed     19.35%
  42  PteGut    6.50%    passed     84.31%
  43  PygAde    2.48%    failed      0.35%
  44  StrCam    9.40%    failed      2.41%
  45  TaeGut   11.64%    failed      0.00%
  46  TauEry    4.86%    passed     84.62%
  47  TinGut   23.11%    failed      0.46%
  48  TytAlb    8.50%    failed      0.00%
****  TOTAL     7.06%  25 sequences failed composition chi2 test (p-value<5%; df=3)
Reading tree Jarvis_Renamed.nwk ...
rooted tree with 48 taxa and 95 branches
Computing site concordance factor...
0.207 sec
Tree with concordance factors written to concord_M18_five_prime_UTR.cf.tree
Tree with branch IDs written to concord_M18_five_prime_UTR.cf.branch
Concordance factors per branch printed to concord_M18_five_prime_UTR.cf.stat
Date and Time: Fri Nov 15 16:55:41 2019
