IQ-TREE multicore version 1.7-beta16 for Linux 64-bit built Sep 24 2019
Developed by Bui Quang Minh, Nguyen Lam Tung, Olga Chernomor,
Heiko Schmidt, Dominik Schrempf, Michael Woodhams.

Host:    n056.cluster.com (AVX, 125 GB RAM)
Command: iqtree -t Jarvis_Renamed.nwk -s M10_five_prime_UTR --scf 500 --prefix concord_M10_five_prime_UTR -nt 20
Seed:    600545 (Using SPRNG - Scalable Parallel Random Number Generator)
Time:    Fri Nov 15 15:56:45 2019
Kernel:  AVX - 20 threads (20 CPU cores detected)

Reading alignment file M10_five_prime_UTR ... Phylip format detected
Alignment most likely contains DNA/RNA sequences
Alignment has 48 sequences with 8399 columns, 8193 distinct patterns
8399 parsimony-informative, 0 singleton sites, 0 constant sites
        Gap/Ambiguity  Composition  p-value
   1  AcaChl    6.26%    failed      0.40%
   2  AnaPla    8.20%    failed      2.46%
   3  AntCar    5.30%    passed     25.31%
   4  ApaVit    6.13%    passed     60.91%
   5  AptFor    4.05%    failed      0.91%
   6  BalReg    2.51%    failed      1.74%
   7  BucRhi    5.16%    passed      8.46%
   8  CalAnn    4.83%    passed     86.32%
   9  CarCri    4.63%    failed      2.83%
  10  CatAur    8.27%    failed      0.80%
  11  ChaPel    4.87%    passed     99.24%
  12  ChaVoc    2.32%    passed     77.61%
  13  ChlMac    5.10%    passed     85.47%
  14  ColLiv    4.11%    passed     19.55%
  15  ColStr    8.04%    passed     88.12%
  16  CorBra    6.66%    failed      0.02%
  17  CucCan    3.66%    passed     87.08%
  18  EgrGar    2.86%    passed     89.28%
  19  EurHel    5.46%    passed     32.81%
  20  FalPer    4.06%    failed      1.18%
  21  FulGla    2.32%    passed      6.85%
  22  GalGal    4.62%    failed      0.00%
  23  GavSte    2.21%    failed      2.08%
  24  GeoFor    9.42%    failed      0.00%
  25  HalAlb    6.66%    failed      0.77%
  26  HalLeu    1.25%    failed      1.82%
  27  LepDis    2.75%    passed     59.94%
  28  ManVit    7.60%    failed      0.18%
  29  MelGal    5.79%    failed      0.00%
  30  MelUnd    4.60%    passed     99.75%
  31  MerNub    7.02%    failed      1.55%
  32  MesUni    5.89%    passed     17.57%
  33  NesNot    5.52%    passed     99.31%
  34  NipNip    2.55%    failed      1.65%
  35  OpiHoa    2.67%    passed     25.35%
  36  PelCri    2.44%    failed      4.36%
  37  PhaCar    5.61%    passed     21.39%
  38  PhaLep    2.33%    passed     31.49%
  39  PhoRub    2.67%    passed     39.21%
  40  PicPub    8.44%    failed      0.00%
  41  PodCri    4.25%    passed     17.37%
  42  PteGut    4.24%    passed     84.03%
  43  PygAde    2.21%    failed      0.49%
  44  StrCam    6.63%    passed      7.60%
  45  TaeGut    9.10%    failed      0.00%
  46  TauEry    2.95%    passed     84.44%
  47  TinGut   20.55%    failed      0.40%
  48  TytAlb    6.04%    failed      0.00%
****  TOTAL     5.23%  23 sequences failed composition chi2 test (p-value<5%; df=3)
Reading tree Jarvis_Renamed.nwk ...
rooted tree with 48 taxa and 95 branches
Computing site concordance factor...
0.185 sec
Tree with concordance factors written to concord_M10_five_prime_UTR.cf.tree
Tree with branch IDs written to concord_M10_five_prime_UTR.cf.branch
Concordance factors per branch printed to concord_M10_five_prime_UTR.cf.stat
Date and Time: Fri Nov 15 15:56:46 2019
