IQ-TREE multicore version 1.7-beta16 for Linux 64-bit built Sep 24 2019
Developed by Bui Quang Minh, Nguyen Lam Tung, Olga Chernomor,
Heiko Schmidt, Dominik Schrempf, Michael Woodhams.

Host:    n056.cluster.com (AVX, 125 GB RAM)
Command: iqtree -t Jarvis_Renamed.nwk -s M7_CDS --scf 500 --prefix concord_M7_CDS -nt 20
Seed:    836859 (Using SPRNG - Scalable Parallel Random Number Generator)
Time:    Fri Nov 15 18:14:58 2019
Kernel:  AVX - 20 threads (20 CPU cores detected)

Reading alignment file M7_CDS ... Phylip format detected
Alignment most likely contains DNA/RNA sequences
Alignment has 48 sequences with 241229 columns, 216593 distinct patterns
241229 parsimony-informative, 0 singleton sites, 0 constant sites
        Gap/Ambiguity  Composition  p-value
   1  AcaChl    5.04%    failed      0.00%
   2  AnaPla    4.21%    passed     77.39%
   3  AntCar    4.73%    failed      0.00%
   4  ApaVit    4.31%    failed      0.00%
   5  AptFor    3.34%    failed      0.00%
   6  BalReg    2.12%    failed      0.00%
   7  BucRhi    3.26%    failed      0.00%
   8  CalAnn    2.76%    failed      4.88%
   9  CarCri    2.88%    failed      0.00%
  10  CatAur    8.50%    failed      0.00%
  11  ChaPel    2.82%    failed      0.01%
  12  ChaVoc    2.11%    failed      0.00%
  13  ChlMac    2.40%    failed      0.00%
  14  ColLiv    2.97%    failed      0.00%
  15  ColStr    4.49%    failed      0.00%
  16  CorBra    4.56%    failed      0.00%
  17  CucCan    2.77%    failed      0.00%
  18  EgrGar    1.63%    failed      0.00%
  19  EurHel    3.37%    failed      0.00%
  20  FalPer    3.58%    failed      0.00%
  21  FulGla    1.72%    failed      0.00%
  22  GalGal    4.37%    failed      1.90%
  23  GavSte    2.22%    failed      0.00%
  24  GeoFor    7.37%    failed      0.00%
  25  HalAlb    4.23%    failed      0.00%
  26  HalLeu    1.07%    failed      0.00%
  27  LepDis    2.01%    failed      1.25%
  28  ManVit    6.18%    failed      0.00%
  29  MelGal    2.88%    failed      0.00%
  30  MelUnd    3.85%    failed      0.00%
  31  MerNub    4.76%    failed      0.00%
  32  MesUni    2.94%    failed      0.00%
  33  NesNot    2.90%    failed      0.00%
  34  NipNip    2.43%    failed      0.00%
  35  OpiHoa    3.49%    failed      0.52%
  36  PelCri    1.75%    failed      0.00%
  37  PhaCar    3.01%    failed      0.00%
  38  PhaLep    1.48%    failed      0.00%
  39  PhoRub    1.97%    failed      0.00%
  40  PicPub    5.95%    failed      0.00%
  41  PodCri    2.30%    failed      0.00%
  42  PteGut    3.03%    failed      0.00%
  43  PygAde    2.61%    failed      0.00%
  44  StrCam    2.63%    failed      0.00%
  45  TaeGut    6.42%    failed      0.00%
  46  TauEry    2.02%    passed     14.56%
  47  TinGut   14.45%    failed      0.00%
  48  TytAlb    3.76%    failed      0.00%
****  TOTAL     3.66%  46 sequences failed composition chi2 test (p-value<5%; df=3)
Reading tree Jarvis_Renamed.nwk ...
rooted tree with 48 taxa and 95 branches
Computing site concordance factor...
12.621 sec
Tree with concordance factors written to concord_M7_CDS.cf.tree
Tree with branch IDs written to concord_M7_CDS.cf.branch
Concordance factors per branch printed to concord_M7_CDS.cf.stat
Date and Time: Fri Nov 15 18:15:13 2019
