IQ-TREE multicore version 1.7-beta16 for Linux 64-bit built Sep 24 2019
Developed by Bui Quang Minh, Nguyen Lam Tung, Olga Chernomor,
Heiko Schmidt, Dominik Schrempf, Michael Woodhams.

Host:    n056.cluster.com (AVX, 125 GB RAM)
Command: iqtree -t Jarvis_Renamed.nwk -s M21_AllUniquelyMapped --scf 500 --prefix concord_M21_AllUniquelyMapped -nt 20
Seed:    81499 (Using SPRNG - Scalable Parallel Random Number Generator)
Time:    Fri Nov 15 17:17:02 2019
Kernel:  AVX - 20 threads (20 CPU cores detected)

Reading alignment file M21_AllUniquelyMapped ... Phylip format detected
Alignment most likely contains DNA/RNA sequences
Alignment has 48 sequences with 3483638 columns, 3060394 distinct patterns
3483638 parsimony-informative, 0 singleton sites, 0 constant sites
        Gap/Ambiguity  Composition  p-value
   1  AcaChl   13.13%    failed      0.00%
   2  AnaPla   12.72%    failed      0.00%
   3  AntCar    8.23%    failed      0.00%
   4  ApaVit   10.74%    failed      0.00%
   5  AptFor    5.50%    failed      0.00%
   6  BalReg    4.71%    failed      0.00%
   7  BucRhi   10.76%    failed      0.00%
   8  CalAnn   14.53%    failed      0.00%
   9  CarCri    6.11%    failed      0.00%
  10  CatAur   10.48%    failed      0.00%
  11  ChaPel   10.27%    failed      0.00%
  12  ChaVoc    3.61%    failed      1.42%
  13  ChlMac    6.94%    failed      0.00%
  14  ColLiv    8.31%    failed      0.00%
  15  ColStr   13.28%    failed      0.00%
  16  CorBra   13.29%    failed      0.00%
  17  CucCan    9.72%    failed      0.00%
  18  EgrGar    4.39%    failed      0.00%
  19  EurHel    8.15%    failed      0.00%
  20  FalPer    7.66%    failed      0.00%
  21  FulGla    3.69%    failed      0.00%
  22  GalGal    6.21%    failed      0.00%
  23  GavSte    4.61%    failed      0.00%
  24  GeoFor   17.81%    failed      0.00%
  25  HalAlb    6.17%    failed      0.00%
  26  HalLeu    2.68%    failed      0.00%
  27  LepDis    4.95%    failed      0.00%
  28  ManVit   11.94%    failed      0.00%
  29  MelGal   13.48%    failed      4.08%
  30  MelUnd    9.71%    failed      0.00%
  31  MerNub   10.93%    failed      0.00%
  32  MesUni    8.59%    failed      0.00%
  33  NesNot    8.36%    passed     11.09%
  34  NipNip    3.67%    failed      0.00%
  35  OpiHoa    5.04%    failed      0.00%
  36  PelCri    3.92%    failed      0.00%
  37  PhaCar    7.02%    failed      0.00%
  38  PhaLep    4.58%    failed      0.00%
  39  PhoRub    3.98%    failed      0.00%
  40  PicPub   21.00%    failed      0.00%
  41  PodCri    6.20%    failed      0.00%
  42  PteGut    7.76%    passed     48.83%
  43  PygAde    4.28%    failed      0.00%
  44  StrCam   16.82%    failed      0.00%
  45  TaeGut   17.73%    failed      0.00%
  46  TauEry    5.33%    failed      0.00%
  47  TinGut   34.19%    failed      0.00%
  48  TytAlb    7.65%    failed      0.00%
****  TOTAL     9.18%  46 sequences failed composition chi2 test (p-value<5%; df=3)
Reading tree Jarvis_Renamed.nwk ...
rooted tree with 48 taxa and 95 branches
Computing site concordance factor...
175.040 sec
Tree with concordance factors written to concord_M21_AllUniquelyMapped.cf.tree
Tree with branch IDs written to concord_M21_AllUniquelyMapped.cf.branch
Concordance factors per branch printed to concord_M21_AllUniquelyMapped.cf.stat
Date and Time: Fri Nov 15 17:20:17 2019
