IQ-TREE multicore version 1.7-beta16 for Linux 64-bit built Sep 24 2019
Developed by Bui Quang Minh, Nguyen Lam Tung, Olga Chernomor,
Heiko Schmidt, Dominik Schrempf, Michael Woodhams.

Host:    n056.cluster.com (AVX, 125 GB RAM)
Command: iqtree -t Jarvis_Renamed.nwk -s M14_gene --scf 500 --prefix concord_M14_gene -nt 20
Seed:    423261 (Using SPRNG - Scalable Parallel Random Number Generator)
Time:    Fri Nov 15 16:25:31 2019
Kernel:  AVX - 20 threads (20 CPU cores detected)

Reading alignment file M14_gene ... Phylip format detected
Alignment most likely contains DNA/RNA sequences
Alignment has 48 sequences with 1538775 columns, 1374137 distinct patterns
1538775 parsimony-informative, 0 singleton sites, 0 constant sites
        Gap/Ambiguity  Composition  p-value
   1  AcaChl   11.10%    failed      0.00%
   2  AnaPla   10.94%    failed      0.09%
   3  AntCar    6.83%    failed      0.00%
   4  ApaVit    8.84%    failed      0.00%
   5  AptFor    4.75%    failed      0.00%
   6  BalReg    3.81%    failed      0.00%
   7  BucRhi    8.88%    failed      0.00%
   8  CalAnn   11.51%    failed      0.00%
   9  CarCri    4.97%    failed      0.00%
  10  CatAur    8.91%    failed      0.00%
  11  ChaPel    7.91%    failed      0.00%
  12  ChaVoc    3.05%    failed      0.00%
  13  ChlMac    5.47%    passed     62.44%
  14  ColLiv    6.94%    failed      0.00%
  15  ColStr   10.85%    failed      0.00%
  16  CorBra   11.00%    failed      0.00%
  17  CucCan    7.63%    failed      0.00%
  18  EgrGar    3.45%    passed     27.90%
  19  EurHel    6.91%    failed      0.00%
  20  FalPer    6.37%    failed      0.00%
  21  FulGla    2.94%    failed      0.00%
  22  GalGal    5.96%    failed      0.00%
  23  GavSte    3.79%    failed      0.00%
  24  GeoFor   15.16%    failed      0.00%
  25  HalAlb    5.24%    failed      0.00%
  26  HalLeu    2.05%    failed      0.00%
  27  LepDis    3.95%    failed      0.00%
  28  ManVit   10.08%    failed      0.00%
  29  MelGal   11.96%    passed     75.60%
  30  MelUnd    7.87%    failed      0.00%
  31  MerNub    9.18%    failed      0.00%
  32  MesUni    7.00%    failed      0.00%
  33  NesNot    6.64%    passed     94.27%
  34  NipNip    3.06%    failed      0.00%
  35  OpiHoa    4.19%    failed      0.00%
  36  PelCri    3.05%    failed      0.00%
  37  PhaCar    5.74%    failed      0.00%
  38  PhaLep    3.43%    failed      0.00%
  39  PhoRub    3.12%    passed     43.05%
  40  PicPub   17.71%    failed      0.00%
  41  PodCri    4.86%    failed      0.00%
  42  PteGut    6.08%    failed      1.68%
  43  PygAde    3.66%    failed      0.00%
  44  StrCam   14.70%    failed      0.00%
  45  TaeGut   15.04%    failed      0.00%
  46  TauEry    4.16%    failed      0.00%
  47  TinGut   32.81%    failed      0.00%
  48  TytAlb    6.17%    failed      0.00%
****  TOTAL     7.70%  43 sequences failed composition chi2 test (p-value<5%; df=3)
Reading tree Jarvis_Renamed.nwk ...
rooted tree with 48 taxa and 95 branches
Computing site concordance factor...
73.843 sec
Tree with concordance factors written to concord_M14_gene.cf.tree
Tree with branch IDs written to concord_M14_gene.cf.branch
Concordance factors per branch printed to concord_M14_gene.cf.stat
Date and Time: Fri Nov 15 16:26:54 2019
