IQ-TREE multicore version 1.7-beta16 for Linux 64-bit built Sep 24 2019
Developed by Bui Quang Minh, Nguyen Lam Tung, Olga Chernomor,
Heiko Schmidt, Dominik Schrempf, Michael Woodhams.

Host:    n056.cluster.com (AVX, 125 GB RAM)
Command: iqtree -t Jarvis_Renamed.nwk -s M18_gene --scf 500 --prefix concord_M18_gene -nt 20
Seed:    485398 (Using SPRNG - Scalable Parallel Random Number Generator)
Time:    Fri Nov 15 16:55:41 2019
Kernel:  AVX - 20 threads (20 CPU cores detected)

Reading alignment file M18_gene ... Phylip format detected
Alignment most likely contains DNA/RNA sequences
Alignment has 48 sequences with 1597362 columns, 1432718 distinct patterns
1597362 parsimony-informative, 0 singleton sites, 0 constant sites
        Gap/Ambiguity  Composition  p-value
   1  AcaChl   12.69%    failed      0.00%
   2  AnaPla   12.07%    failed      0.05%
   3  AntCar    7.62%    failed      0.00%
   4  ApaVit   10.22%    failed      0.00%
   5  AptFor    5.31%    failed      0.00%
   6  BalReg    4.45%    failed      0.00%
   7  BucRhi   10.20%    failed      0.00%
   8  CalAnn   12.97%    failed      0.00%
   9  CarCri    5.71%    failed      0.00%
  10  CatAur    9.61%    failed      0.00%
  11  ChaPel    9.04%    failed      0.00%
  12  ChaVoc    3.46%    failed      0.00%
  13  ChlMac    6.42%    passed     55.44%
  14  ColLiv    7.94%    failed      0.00%
  15  ColStr   12.36%    failed      0.00%
  16  CorBra   12.64%    failed      0.00%
  17  CucCan    8.71%    failed      0.00%
  18  EgrGar    4.04%    passed      9.60%
  19  EurHel    7.97%    failed      0.00%
  20  FalPer    7.30%    failed      0.00%
  21  FulGla    3.38%    failed      0.00%
  22  GalGal    6.25%    failed      0.00%
  23  GavSte    4.34%    failed      0.00%
  24  GeoFor   16.99%    failed      0.00%
  25  HalAlb    5.97%    failed      0.00%
  26  HalLeu    2.46%    failed      0.00%
  27  LepDis    4.61%    failed      0.10%
  28  ManVit   11.58%    failed      0.00%
  29  MelGal   12.98%    passed     38.64%
  30  MelUnd    8.90%    failed      0.00%
  31  MerNub   10.48%    failed      0.00%
  32  MesUni    8.06%    failed      0.00%
  33  NesNot    7.75%    passed     93.37%
  34  NipNip    3.45%    failed      0.00%
  35  OpiHoa    4.78%    failed      0.00%
  36  PelCri    3.60%    failed      0.00%
  37  PhaCar    6.62%    failed      0.00%
  38  PhaLep    4.06%    failed      0.00%
  39  PhoRub    3.65%    passed     81.05%
  40  PicPub   19.25%    failed      0.00%
  41  PodCri    5.69%    failed      0.00%
  42  PteGut    7.14%    failed      2.73%
  43  PygAde    4.01%    failed      0.00%
  44  StrCam   16.14%    failed      0.00%
  45  TaeGut   16.71%    failed      0.00%
  46  TauEry    4.96%    failed      0.00%
  47  TinGut   34.32%    failed      0.00%
  48  TytAlb    7.13%    failed      0.00%
****  TOTAL     8.67%  43 sequences failed composition chi2 test (p-value<5%; df=3)
Reading tree Jarvis_Renamed.nwk ...
rooted tree with 48 taxa and 95 branches
Computing site concordance factor...
77.430 sec
Tree with concordance factors written to concord_M18_gene.cf.tree
Tree with branch IDs written to concord_M18_gene.cf.branch
Concordance factors per branch printed to concord_M18_gene.cf.stat
Date and Time: Fri Nov 15 16:57:08 2019
