IQ-TREE multicore version 1.7-beta16 for Linux 64-bit built Sep 24 2019
Developed by Bui Quang Minh, Nguyen Lam Tung, Olga Chernomor,
Heiko Schmidt, Dominik Schrempf, Michael Woodhams.

Host:    n056.cluster.com (AVX, 125 GB RAM)
Command: iqtree -t Jarvis_Renamed.nwk -s M13_lnc_RNA --scf 500 --prefix concord_M13_lnc_RNA -nt 20
Seed:    768159 (Using SPRNG - Scalable Parallel Random Number Generator)
Time:    Fri Nov 15 16:21:53 2019
Kernel:  AVX - 20 threads (20 CPU cores detected)

Reading alignment file M13_lnc_RNA ... Phylip format detected
Alignment most likely contains DNA/RNA sequences
Alignment has 48 sequences with 389571 columns, 358827 distinct patterns
389571 parsimony-informative, 0 singleton sites, 0 constant sites
        Gap/Ambiguity  Composition  p-value
   1  AcaChl    9.80%    failed      0.00%
   2  AnaPla   10.81%    failed      0.00%
   3  AntCar    6.66%    failed      0.00%
   4  ApaVit    8.13%    passed     73.30%
   5  AptFor    4.21%    passed     36.96%
   6  BalReg    3.49%    passed     10.32%
   7  BucRhi    8.31%    failed      0.00%
   8  CalAnn   12.36%    failed      1.73%
   9  CarCri    4.71%    failed      1.56%
  10  CatAur    9.26%    failed      0.00%
  11  ChaPel    8.59%    failed      0.00%
  12  ChaVoc    2.79%    failed      0.29%
  13  ChlMac    5.25%    failed      0.04%
  14  ColLiv    6.38%    passed      6.39%
  15  ColStr   10.13%    failed      0.00%
  16  CorBra    9.89%    failed      0.00%
  17  CucCan    8.14%    failed      0.00%
  18  EgrGar    3.28%    failed      0.00%
  19  EurHel    6.07%    failed      0.21%
  20  FalPer    5.59%    failed      0.00%
  21  FulGla    2.80%    failed      4.65%
  22  GalGal    5.45%    passed     47.09%
  23  GavSte    3.36%    passed     35.52%
  24  GeoFor   14.70%    failed      0.00%
  25  HalAlb    4.64%    passed     50.33%
  26  HalLeu    1.97%    passed     31.72%
  27  LepDis    3.61%    failed      0.00%
  28  ManVit    8.86%    failed      0.07%
  29  MelGal   12.01%    failed      3.94%
  30  MelUnd    8.34%    failed      0.47%
  31  MerNub    8.09%    failed      0.00%
  32  MesUni    6.49%    passed     81.38%
  33  NesNot    6.43%    passed     40.23%
  34  NipNip    2.81%    failed      0.00%
  35  OpiHoa    3.58%    failed      0.06%
  36  PelCri    2.87%    failed      0.25%
  37  PhaCar    5.27%    failed      0.62%
  38  PhaLep    3.37%    passed     66.42%
  39  PhoRub    2.96%    failed      0.00%
  40  PicPub   17.72%    failed      0.00%
  41  PodCri    4.56%    passed     18.70%
  42  PteGut    5.78%    passed      8.30%
  43  PygAde    3.68%    failed      0.00%
  44  StrCam   14.88%    failed      0.00%
  45  TaeGut   14.99%    failed      0.00%
  46  TauEry    3.65%    failed      0.01%
  47  TinGut   31.55%    failed      0.10%
  48  TytAlb    5.65%    failed      0.00%
****  TOTAL     7.37%  35 sequences failed composition chi2 test (p-value<5%; df=3)
Reading tree Jarvis_Renamed.nwk ...
rooted tree with 48 taxa and 95 branches
Computing site concordance factor...
19.225 sec
Tree with concordance factors written to concord_M13_lnc_RNA.cf.tree
Tree with branch IDs written to concord_M13_lnc_RNA.cf.branch
Concordance factors per branch printed to concord_M13_lnc_RNA.cf.stat
Date and Time: Fri Nov 15 16:22:15 2019
