IQ-TREE multicore version 1.7-beta16 for Linux 64-bit built Sep 24 2019
Developed by Bui Quang Minh, Nguyen Lam Tung, Olga Chernomor,
Heiko Schmidt, Dominik Schrempf, Michael Woodhams.

Host:    n056.cluster.com (AVX, 125 GB RAM)
Command: iqtree -t Jarvis_Renamed.nwk -s M11_lnc_RNA --scf 500 --prefix concord_M11_lnc_RNA -nt 20
Seed:    537976 (Using SPRNG - Scalable Parallel Random Number Generator)
Time:    Fri Nov 15 16:07:11 2019
Kernel:  AVX - 20 threads (20 CPU cores detected)

Reading alignment file M11_lnc_RNA ... Phylip format detected
Alignment most likely contains DNA/RNA sequences
Alignment has 48 sequences with 376704 columns, 345962 distinct patterns
376704 parsimony-informative, 0 singleton sites, 0 constant sites
        Gap/Ambiguity  Composition  p-value
   1  AcaChl    8.68%    failed      0.00%
   2  AnaPla    9.98%    failed      0.00%
   3  AntCar    6.18%    failed      0.00%
   4  ApaVit    7.19%    passed     84.19%
   5  AptFor    3.87%    passed     26.10%
   6  BalReg    3.18%    passed      8.15%
   7  BucRhi    7.45%    failed      0.00%
   8  CalAnn   11.23%    failed      2.79%
   9  CarCri    4.29%    failed      1.33%
  10  CatAur    8.72%    failed      0.00%
  11  ChaPel    7.77%    failed      0.00%
  12  ChaVoc    2.57%    failed      0.64%
  13  ChlMac    4.66%    failed      0.05%
  14  ColLiv    5.73%    passed      9.73%
  15  ColStr    9.13%    failed      0.00%
  16  CorBra    8.69%    failed      0.00%
  17  CucCan    7.37%    failed      0.00%
  18  EgrGar    2.98%    failed      0.00%
  19  EurHel    5.49%    failed      0.38%
  20  FalPer    5.08%    failed      0.00%
  21  FulGla    2.56%    failed      2.48%
  22  GalGal    5.26%    passed     37.25%
  23  GavSte    3.08%    passed     27.97%
  24  GeoFor   13.26%    failed      0.00%
  25  HalAlb    4.23%    passed     45.84%
  26  HalLeu    1.76%    passed     29.14%
  27  LepDis    3.28%    failed      0.00%
  28  ManVit    7.88%    failed      0.02%
  29  MelGal   11.16%    passed      7.48%
  30  MelUnd    7.68%    failed      0.32%
  31  MerNub    7.25%    failed      0.00%
  32  MesUni    5.89%    passed     77.90%
  33  NesNot    5.78%    passed     33.61%
  34  NipNip    2.61%    failed      0.00%
  35  OpiHoa    3.24%    failed      0.21%
  36  PelCri    2.59%    failed      0.15%
  37  PhaCar    4.76%    failed      0.47%
  38  PhaLep    3.05%    passed     82.51%
  39  PhoRub    2.72%    failed      0.00%
  40  PicPub   16.53%    failed      0.00%
  41  PodCri    4.13%    passed     10.84%
  42  PteGut    5.16%    passed      9.86%
  43  PygAde    3.46%    failed      0.00%
  44  StrCam   13.72%    failed      0.00%
  45  TaeGut   13.64%    failed      0.00%
  46  TauEry    3.30%    failed      0.02%
  47  TinGut   30.17%    failed      0.04%
  48  TytAlb    5.07%    failed      0.00%
****  TOTAL     6.74%  34 sequences failed composition chi2 test (p-value<5%; df=3)
Reading tree Jarvis_Renamed.nwk ...
rooted tree with 48 taxa and 95 branches
Computing site concordance factor...
18.436 sec
Tree with concordance factors written to concord_M11_lnc_RNA.cf.tree
Tree with branch IDs written to concord_M11_lnc_RNA.cf.branch
Concordance factors per branch printed to concord_M11_lnc_RNA.cf.stat
Date and Time: Fri Nov 15 16:07:32 2019
