IQ-TREE multicore version 1.7-beta16 for Linux 64-bit built Sep 24 2019
Developed by Bui Quang Minh, Nguyen Lam Tung, Olga Chernomor,
Heiko Schmidt, Dominik Schrempf, Michael Woodhams.

Host:    n056.cluster.com (AVX, 125 GB RAM)
Command: iqtree -t Jarvis_Renamed.nwk -s M12_intergenic --scf 500 --prefix concord_M12_intergenic -nt 20
Seed:    455325 (Using SPRNG - Scalable Parallel Random Number Generator)
Time:    Fri Nov 15 16:12:10 2019
Kernel:  AVX - 20 threads (20 CPU cores detected)

Reading alignment file M12_intergenic ... Phylip format detected
Alignment most likely contains DNA/RNA sequences
Alignment has 48 sequences with 1340378 columns, 1194151 distinct patterns
1340378 parsimony-informative, 0 singleton sites, 0 constant sites
        Gap/Ambiguity  Composition  p-value
   1  AcaChl    9.47%    failed      0.00%
   2  AnaPla   10.33%    failed      0.00%
   3  AntCar    6.60%    failed      0.00%
   4  ApaVit    7.56%    passed     26.19%
   5  AptFor    4.26%    failed      0.41%
   6  BalReg    3.35%    failed      0.04%
   7  BucRhi    7.94%    failed      0.00%
   8  CalAnn   11.89%    failed      0.00%
   9  CarCri    4.40%    failed      0.00%
  10  CatAur    9.27%    failed      0.00%
  11  ChaPel    8.20%    failed      0.00%
  12  ChaVoc    2.60%    failed      0.00%
  13  ChlMac    4.89%    failed      0.00%
  14  ColLiv    6.02%    failed      4.68%
  15  ColStr   10.22%    failed      0.00%
  16  CorBra    9.68%    failed      0.00%
  17  CucCan    7.58%    failed      0.00%
  18  EgrGar    3.16%    failed      0.00%
  19  EurHel    5.53%    failed      0.00%
  20  FalPer    5.50%    failed      0.00%
  21  FulGla    2.74%    failed      0.01%
  22  GalGal    5.47%    failed      0.00%
  23  GavSte    3.49%    passed      5.28%
  24  GeoFor   13.67%    failed      0.00%
  25  HalAlb    4.51%    passed     35.76%
  26  HalLeu    1.74%    failed      3.22%
  27  LepDis    3.56%    failed      0.00%
  28  ManVit    8.45%    failed      0.26%
  29  MelGal   11.35%    passed     54.51%
  30  MelUnd    7.54%    failed      0.00%
  31  MerNub    8.01%    failed      0.00%
  32  MesUni    6.24%    failed      0.11%
  33  NesNot    6.04%    passed     29.57%
  34  NipNip    2.91%    failed      0.00%
  35  OpiHoa    3.61%    failed      0.00%
  36  PelCri    2.84%    failed      0.00%
  37  PhaCar    5.17%    failed      0.04%
  38  PhaLep    3.42%    passed     99.18%
  39  PhoRub    2.96%    failed      0.00%
  40  PicPub   18.91%    failed      0.00%
  41  PodCri    4.54%    failed      0.16%
  42  PteGut    5.57%    failed      4.55%
  43  PygAde    3.60%    failed      0.00%
  44  StrCam   13.38%    failed      0.00%
  45  TaeGut   14.14%    failed      0.00%
  46  TauEry    3.61%    failed      0.00%
  47  TinGut   29.83%    failed      1.91%
  48  TytAlb    5.65%    failed      0.00%
****  TOTAL     7.11%  42 sequences failed composition chi2 test (p-value<5%; df=3)
Reading tree Jarvis_Renamed.nwk ...
rooted tree with 48 taxa and 95 branches
Computing site concordance factor...
59.205 sec
Tree with concordance factors written to concord_M12_intergenic.cf.tree
Tree with branch IDs written to concord_M12_intergenic.cf.branch
Concordance factors per branch printed to concord_M12_intergenic.cf.stat
Date and Time: Fri Nov 15 16:13:17 2019
