IQ-TREE multicore version 1.7-beta16 for Linux 64-bit built Sep 24 2019
Developed by Bui Quang Minh, Nguyen Lam Tung, Olga Chernomor,
Heiko Schmidt, Dominik Schrempf, Michael Woodhams.

Host:    n056.cluster.com (AVX, 125 GB RAM)
Command: iqtree -t Jarvis_Renamed.nwk -s M19_three_prime_UTR --scf 500 --prefix concord_M19_three_prime_UTR -nt 20
Seed:    750860 (Using SPRNG - Scalable Parallel Random Number Generator)
Time:    Fri Nov 15 17:07:18 2019
Kernel:  AVX - 20 threads (20 CPU cores detected)

Reading alignment file M19_three_prime_UTR ... Phylip format detected
Alignment most likely contains DNA/RNA sequences
Alignment has 48 sequences with 65801 columns, 62177 distinct patterns
65801 parsimony-informative, 0 singleton sites, 0 constant sites
        Gap/Ambiguity  Composition  p-value
   1  AcaChl   12.28%    failed      0.00%
   2  AnaPla   10.01%    failed      0.00%
   3  AntCar    7.17%    failed      0.00%
   4  ApaVit    8.67%    failed      0.03%
   5  AptFor    5.35%    failed      0.00%
   6  BalReg    4.56%    failed      0.00%
   7  BucRhi   10.99%    failed      0.00%
   8  CalAnn    9.48%    passed      6.67%
   9  CarCri    5.02%    failed      0.00%
  10  CatAur    6.70%    failed      0.00%
  11  ChaPel    6.81%    passed     36.61%
  12  ChaVoc    2.96%    failed      0.00%
  13  ChlMac    5.66%    passed     73.25%
  14  ColLiv    6.75%    failed      0.01%
  15  ColStr   12.77%    failed      0.00%
  16  CorBra   10.66%    failed      0.00%
  17  CucCan    7.20%    passed     31.30%
  18  EgrGar    4.01%    passed     88.11%
  19  EurHel   10.92%    failed      0.00%
  20  FalPer    6.39%    failed      0.00%
  21  FulGla    3.03%    failed      0.00%
  22  GalGal    6.01%    failed      1.50%
  23  GavSte    4.03%    failed      0.00%
  24  GeoFor   13.35%    failed      0.00%
  25  HalAlb    5.14%    failed      0.00%
  26  HalLeu    2.15%    failed      0.00%
  27  LepDis    4.58%    passed     51.18%
  28  ManVit   10.52%    failed      0.00%
  29  MelGal    9.16%    passed     75.72%
  30  MelUnd    7.62%    failed      0.00%
  31  MerNub   10.84%    failed      0.00%
  32  MesUni    7.44%    failed      0.00%
  33  NesNot    6.98%    failed      0.11%
  34  NipNip    3.68%    failed      0.00%
  35  OpiHoa    4.60%    failed      0.00%
  36  PelCri    3.83%    failed      0.00%
  37  PhaCar    6.55%    passed     12.03%
  38  PhaLep    3.58%    failed      0.00%
  39  PhoRub    3.67%    passed      8.91%
  40  PicPub   20.40%    failed      0.00%
  41  PodCri    5.53%    failed      4.48%
  42  PteGut    5.59%    failed      0.00%
  43  PygAde    4.82%    failed      0.00%
  44  StrCam   10.51%    failed      0.00%
  45  TaeGut   13.36%    failed      0.00%
  46  TauEry    4.61%    passed     60.45%
  47  TinGut   24.16%    failed      0.00%
  48  TytAlb    6.45%    failed      0.00%
****  TOTAL     7.64%  38 sequences failed composition chi2 test (p-value<5%; df=3)
Reading tree Jarvis_Renamed.nwk ...
rooted tree with 48 taxa and 95 branches
Computing site concordance factor...
2.093 sec
Tree with concordance factors written to concord_M19_three_prime_UTR.cf.tree
Tree with branch IDs written to concord_M19_three_prime_UTR.cf.branch
Concordance factors per branch printed to concord_M19_three_prime_UTR.cf.stat
Date and Time: Fri Nov 15 17:07:21 2019
