IQ-TREE multicore version 1.7-beta16 for Linux 64-bit built Sep 24 2019
Developed by Bui Quang Minh, Nguyen Lam Tung, Olga Chernomor,
Heiko Schmidt, Dominik Schrempf, Michael Woodhams.

Host:    n056.cluster.com (AVX, 125 GB RAM)
Command: iqtree -t Jarvis_Renamed.nwk -s M10_AllUniquelyMapped --scf 500 --prefix concord_M10_AllUniquelyMapped -nt 20
Seed:    152651 (Using SPRNG - Scalable Parallel Random Number Generator)
Time:    Fri Nov 15 15:53:42 2019
Kernel:  AVX - 20 threads (20 CPU cores detected)

Reading alignment file M10_AllUniquelyMapped ... Phylip format detected
Alignment most likely contains DNA/RNA sequences
Alignment has 48 sequences with 3074212 columns, 2651025 distinct patterns
3074212 parsimony-informative, 0 singleton sites, 0 constant sites
        Gap/Ambiguity  Composition  p-value
   1  AcaChl    8.42%    failed      0.00%
   2  AnaPla    9.20%    failed      0.00%
   3  AntCar    5.97%    failed      0.00%
   4  ApaVit    6.76%    failed      0.00%
   5  AptFor    3.92%    failed      0.00%
   6  BalReg    3.03%    failed      0.00%
   7  BucRhi    7.06%    failed      0.00%
   8  CalAnn    9.93%    failed      0.00%
   9  CarCri    4.00%    failed      0.00%
  10  CatAur    8.30%    failed      0.00%
  11  ChaPel    6.85%    failed      0.00%
  12  ChaVoc    2.49%    passed     45.38%
  13  ChlMac    4.30%    failed      0.00%
  14  ColLiv    5.50%    failed      0.00%
  15  ColStr    8.82%    failed      0.00%
  16  CorBra    8.31%    failed      0.00%
  17  CucCan    6.49%    failed      0.00%
  18  EgrGar    2.81%    failed      0.00%
  19  EurHel    5.21%    failed      0.00%
  20  FalPer    4.98%    failed      0.00%
  21  FulGla    2.44%    failed      0.00%
  22  GalGal    5.35%    failed      0.00%
  23  GavSte    3.12%    failed      0.00%
  24  GeoFor   12.06%    failed      0.00%
  25  HalAlb    4.18%    failed      0.00%
  26  HalLeu    1.57%    failed      0.00%
  27  LepDis    3.18%    failed      0.00%
  28  ManVit    7.56%    failed      0.00%
  29  MelGal   10.26%    passed     83.94%
  30  MelUnd    6.70%    failed      0.00%
  31  MerNub    7.21%    failed      0.00%
  32  MesUni    5.55%    failed      0.00%
  33  NesNot    5.29%    passed     21.35%
  34  NipNip    2.65%    failed      0.00%
  35  OpiHoa    3.31%    failed      0.00%
  36  PelCri    2.50%    failed      0.00%
  37  PhaCar    4.62%    failed      0.00%
  38  PhaLep    2.88%    failed      0.00%
  39  PhoRub    2.60%    failed      0.00%
  40  PicPub   16.19%    failed      0.00%
  41  PodCri    3.93%    failed      0.00%
  42  PteGut    4.84%    passed     48.49%
  43  PygAde    3.33%    failed      0.00%
  44  StrCam   12.23%    failed      0.00%
  45  TaeGut   12.40%    failed      0.00%
  46  TauEry    3.19%    failed      0.00%
  47  TinGut   29.15%    failed      0.00%
  48  TytAlb    4.98%    failed      0.00%
****  TOTAL     6.37%  44 sequences failed composition chi2 test (p-value<5%; df=3)
Reading tree Jarvis_Renamed.nwk ...
rooted tree with 48 taxa and 95 branches
Computing site concordance factor...
148.817 sec
Tree with concordance factors written to concord_M10_AllUniquelyMapped.cf.tree
Tree with branch IDs written to concord_M10_AllUniquelyMapped.cf.branch
Concordance factors per branch printed to concord_M10_AllUniquelyMapped.cf.stat
Date and Time: Fri Nov 15 15:56:29 2019
