IQ-TREE multicore version 1.7-beta16 for Linux 64-bit built Sep 24 2019
Developed by Bui Quang Minh, Nguyen Lam Tung, Olga Chernomor,
Heiko Schmidt, Dominik Schrempf, Michael Woodhams.

Host:    n056.cluster.com (AVX, 125 GB RAM)
Command: iqtree -t Jarvis_Renamed.nwk -s M19_intron --scf 500 --prefix concord_M19_intron -nt 20
Seed:    79340 (Using SPRNG - Scalable Parallel Random Number Generator)
Time:    Fri Nov 15 17:05:59 2019
Kernel:  AVX - 20 threads (20 CPU cores detected)

Reading alignment file M19_intron ... Phylip format detected
Alignment most likely contains DNA/RNA sequences
Alignment has 48 sequences with 1187881 columns, 1084648 distinct patterns
1187881 parsimony-informative, 0 singleton sites, 0 constant sites
        Gap/Ambiguity  Composition  p-value
   1  AcaChl   13.82%    failed      0.00%
   2  AnaPla   13.62%    failed      0.02%
   3  AntCar    7.96%    failed      0.00%
   4  ApaVit   11.10%    failed      0.00%
   5  AptFor    5.44%    failed      0.00%
   6  BalReg    4.76%    failed      0.00%
   7  BucRhi   11.32%    failed      0.00%
   8  CalAnn   14.99%    failed      0.00%
   9  CarCri    5.94%    failed      0.00%
  10  CatAur    9.64%    failed      0.00%
  11  ChaPel   10.28%    failed      0.00%
  12  ChaVoc    3.71%    passed     64.18%
  13  ChlMac    6.97%    failed      0.02%
  14  ColLiv    8.90%    failed      0.00%
  15  ColStr   13.59%    failed      0.00%
  16  CorBra   14.02%    failed      0.00%
  17  CucCan    9.89%    failed      0.00%
  18  EgrGar    4.41%    failed      0.00%
  19  EurHel    8.60%    failed      0.00%
  20  FalPer    7.80%    failed      0.00%
  21  FulGla    3.52%    failed      0.00%
  22  GalGal    6.59%    failed      0.00%
  23  GavSte    4.55%    failed      0.00%
  24  GeoFor   18.62%    failed      0.00%
  25  HalAlb    5.88%    failed      0.00%
  26  HalLeu    2.62%    failed      0.00%
  27  LepDis    4.97%    failed      0.10%
  28  ManVit   12.22%    failed      0.00%
  29  MelGal   15.09%    passed     71.06%
  30  MelUnd    9.90%    passed      5.77%
  31  MerNub   11.24%    failed      0.00%
  32  MesUni    8.87%    failed      0.00%
  33  NesNot    8.55%    passed     39.33%
  34  NipNip    3.58%    failed      0.00%
  35  OpiHoa    4.97%    failed      0.00%
  36  PelCri    3.75%    failed      0.00%
  37  PhaCar    7.07%    failed      0.00%
  38  PhaLep    4.50%    failed      0.00%
  39  PhoRub    3.78%    failed      0.01%
  40  PicPub   21.61%    failed      0.00%
  41  PodCri    6.20%    failed      0.00%
  42  PteGut    7.70%    passed      6.61%
  43  PygAde    4.21%    failed      0.00%
  44  StrCam   19.07%    failed      0.00%
  45  TaeGut   18.62%    failed      0.00%
  46  TauEry    5.40%    failed      0.00%
  47  TinGut   38.57%    failed      0.09%
  48  TytAlb    7.48%    failed      0.00%
****  TOTAL     9.50%  43 sequences failed composition chi2 test (p-value<5%; df=3)
Reading tree Jarvis_Renamed.nwk ...
rooted tree with 48 taxa and 95 branches
Computing site concordance factor...
48.526 sec
Tree with concordance factors written to concord_M19_intron.cf.tree
Tree with branch IDs written to concord_M19_intron.cf.branch
Concordance factors per branch printed to concord_M19_intron.cf.stat
Date and Time: Fri Nov 15 17:06:55 2019
