IQ-TREE multicore version 1.7-beta16 for Linux 64-bit built Sep 24 2019
Developed by Bui Quang Minh, Nguyen Lam Tung, Olga Chernomor,
Heiko Schmidt, Dominik Schrempf, Michael Woodhams.

Host:    n056.cluster.com (AVX, 125 GB RAM)
Command: iqtree -t Jarvis_Renamed.nwk -s M15_intergenic --scf 500 --prefix concord_M15_intergenic -nt 20
Seed:    447292 (Using SPRNG - Scalable Parallel Random Number Generator)
Time:    Fri Nov 15 16:34:42 2019
Kernel:  AVX - 20 threads (20 CPU cores detected)

Reading alignment file M15_intergenic ... Phylip format detected
Alignment most likely contains DNA/RNA sequences
Alignment has 48 sequences with 1396310 columns, 1250079 distinct patterns
1396310 parsimony-informative, 0 singleton sites, 0 constant sites
        Gap/Ambiguity  Composition  p-value
   1  AcaChl   10.95%    failed      0.00%
   2  AnaPla   11.52%    failed      0.00%
   3  AntCar    7.28%    failed      0.00%
   4  ApaVit    8.76%    passed     20.64%
   5  AptFor    4.75%    failed      1.19%
   6  BalReg    3.82%    failed      0.16%
   7  BucRhi    9.09%    failed      0.00%
   8  CalAnn   13.41%    failed      0.00%
   9  CarCri    5.04%    failed      0.00%
  10  CatAur    9.98%    failed      0.00%
  11  ChaPel    9.32%    failed      0.00%
  12  ChaVoc    2.93%    failed      0.00%
  13  ChlMac    5.66%    failed      0.00%
  14  ColLiv    6.87%    failed      3.56%
  15  ColStr   11.62%    failed      0.00%
  16  CorBra   11.27%    failed      0.00%
  17  CucCan    8.61%    failed      0.00%
  18  EgrGar    3.61%    failed      0.00%
  19  EurHel    6.39%    failed      0.00%
  20  FalPer    6.31%    failed      0.00%
  21  FulGla    3.11%    failed      0.02%
  22  GalGal    5.73%    failed      0.00%
  23  GavSte    3.92%    passed     13.33%
  24  GeoFor   15.54%    failed      0.00%
  25  HalAlb    5.07%    passed     55.82%
  26  HalLeu    2.04%    passed     12.10%
  27  LepDis    4.07%    failed      0.00%
  28  ManVit    9.81%    failed      0.90%
  29  MelGal   12.43%    passed     82.35%
  30  MelUnd    8.48%    failed      0.00%
  31  MerNub    9.14%    failed      0.00%
  32  MesUni    7.20%    failed      0.20%
  33  NesNot    6.97%    passed     17.76%
  34  NipNip    3.17%    failed      0.00%
  35  OpiHoa    4.13%    failed      0.00%
  36  PelCri    3.24%    failed      0.00%
  37  PhaCar    5.88%    failed      0.10%
  38  PhaLep    3.91%    passed     96.95%
  39  PhoRub    3.35%    failed      0.00%
  40  PicPub   20.45%    failed      0.00%
  41  PodCri    5.22%    failed      0.79%
  42  PteGut    6.48%    failed      4.08%
  43  PygAde    3.87%    failed      0.00%
  44  StrCam   14.90%    failed      0.00%
  45  TaeGut   15.89%    failed      0.00%
  46  TauEry    4.23%    failed      0.00%
  47  TinGut   31.49%    failed      0.10%
  48  TytAlb    6.46%    failed      0.00%
****  TOTAL     7.99%  41 sequences failed composition chi2 test (p-value<5%; df=3)
Reading tree Jarvis_Renamed.nwk ...
rooted tree with 48 taxa and 95 branches
Computing site concordance factor...
63.139 sec
Tree with concordance factors written to concord_M15_intergenic.cf.tree
Tree with branch IDs written to concord_M15_intergenic.cf.branch
Concordance factors per branch printed to concord_M15_intergenic.cf.stat
Date and Time: Fri Nov 15 16:35:53 2019
