IQ-TREE multicore version 1.7-beta16 for Linux 64-bit built Sep 24 2019
Developed by Bui Quang Minh, Nguyen Lam Tung, Olga Chernomor,
Heiko Schmidt, Dominik Schrempf, Michael Woodhams.

Host:    n056.cluster.com (AVX, 125 GB RAM)
Command: iqtree -t Jarvis_Renamed.nwk -s M15_pseudogene --scf 500 --prefix concord_M15_pseudogene -nt 20
Seed:    428941 (Using SPRNG - Scalable Parallel Random Number Generator)
Time:    Fri Nov 15 16:37:21 2019
Kernel:  AVX - 20 threads (20 CPU cores detected)

Reading alignment file M15_pseudogene ... Phylip format detected
Alignment most likely contains DNA/RNA sequences
Alignment has 48 sequences with 9684 columns, 9585 distinct patterns
9684 parsimony-informative, 0 singleton sites, 0 constant sites
        Gap/Ambiguity  Composition  p-value
   1  AcaChl   14.70%    passed      9.30%
   2  AnaPla   11.35%    passed     99.39%
   3  AntCar    8.61%    passed     39.11%
   4  ApaVit   13.19%    passed     96.86%
   5  AptFor    5.63%    passed     59.16%
   6  BalReg    3.72%    passed     41.06%
   7  BucRhi    8.35%    failed      2.62%
   8  CalAnn   11.25%    passed     14.83%
   9  CarCri    5.75%    passed     69.44%
  10  CatAur    9.41%    passed     32.04%
  11  ChaPel    9.16%    passed     88.18%
  12  ChaVoc    3.29%    passed     95.21%
  13  ChlMac    6.21%    passed     51.44%
  14  ColLiv    6.83%    passed     29.53%
  15  ColStr   13.25%    passed     47.47%
  16  CorBra   11.07%    failed      0.08%
  17  CucCan    6.97%    passed     22.83%
  18  EgrGar    3.34%    passed     99.86%
  19  EurHel    8.84%    failed      1.11%
  20  FalPer    5.93%    passed     54.40%
  21  FulGla    3.28%    passed     23.72%
  22  GalGal    5.79%    passed     23.24%
  23  GavSte    3.69%    passed     28.13%
  24  GeoFor   17.80%    failed      0.04%
  25  HalAlb   10.36%    passed     13.53%
  26  HalLeu    2.31%    passed     56.84%
  27  LepDis    3.65%    passed     92.20%
  28  ManVit   12.43%    passed     62.61%
  29  MelGal   12.95%    passed     90.73%
  30  MelUnd    8.98%    passed     33.66%
  31  MerNub   11.18%    failed      0.13%
  32  MesUni    6.75%    passed     69.83%
  33  NesNot    7.18%    passed     39.33%
  34  NipNip    2.83%    passed     23.28%
  35  OpiHoa    7.66%    passed      6.06%
  36  PelCri    3.85%    passed     29.14%
  37  PhaCar    5.83%    passed     96.70%
  38  PhaLep    4.15%    passed     59.24%
  39  PhoRub    3.45%    passed     98.94%
  40  PicPub   14.32%    failed      0.36%
  41  PodCri    5.83%    passed     73.69%
  42  PteGut    8.86%    passed     87.89%
  43  PygAde    4.05%    passed     29.64%
  44  StrCam   15.10%    passed      6.17%
  45  TaeGut   14.60%    failed      2.49%
  46  TauEry    4.36%    passed     97.96%
  47  TinGut   35.19%    failed      3.40%
  48  TytAlb    6.56%    passed      5.14%
****  TOTAL     8.54%  8 sequences failed composition chi2 test (p-value<5%; df=3)
Reading tree Jarvis_Renamed.nwk ...
rooted tree with 48 taxa and 95 branches
Computing site concordance factor...
0.257 sec
Tree with concordance factors written to concord_M15_pseudogene.cf.tree
Tree with branch IDs written to concord_M15_pseudogene.cf.branch
Concordance factors per branch printed to concord_M15_pseudogene.cf.stat
Date and Time: Fri Nov 15 16:37:21 2019
