IQ-TREE multicore version 1.7-beta16 for Linux 64-bit built Sep 24 2019
Developed by Bui Quang Minh, Nguyen Lam Tung, Olga Chernomor,
Heiko Schmidt, Dominik Schrempf, Michael Woodhams.

Host:    n056.cluster.com (AVX, 125 GB RAM)
Command: iqtree -t Jarvis_Renamed.nwk -s M16_five_prime_UTR --scf 500 --prefix concord_M16_five_prime_UTR -nt 20
Seed:    936614 (Using SPRNG - Scalable Parallel Random Number Generator)
Time:    Fri Nov 15 16:40:37 2019
Kernel:  AVX - 20 threads (20 CPU cores detected)

Reading alignment file M16_five_prime_UTR ... Phylip format detected
Alignment most likely contains DNA/RNA sequences
Alignment has 48 sequences with 8968 columns, 8762 distinct patterns
8968 parsimony-informative, 0 singleton sites, 0 constant sites
        Gap/Ambiguity  Composition  p-value
   1  AcaChl    8.84%    failed      0.26%
   2  AnaPla   10.46%    failed      4.21%
   3  AntCar    6.71%    passed     38.15%
   4  ApaVit    8.53%    passed     50.26%
   5  AptFor    4.62%    failed      0.56%
   6  BalReg    3.04%    failed      1.70%
   7  BucRhi    6.56%    failed      4.62%
   8  CalAnn    7.16%    passed     89.80%
   9  CarCri    6.51%    failed      2.94%
  10  CatAur    9.40%    failed      0.49%
  11  ChaPel    5.66%    passed     98.67%
  12  ChaVoc    3.03%    passed     69.57%
  13  ChlMac    6.58%    passed     88.45%
  14  ColLiv    5.84%    passed     33.34%
  15  ColStr    9.62%    passed     90.68%
  16  CorBra    9.37%    failed      0.01%
  17  CucCan    4.47%    passed     92.04%
  18  EgrGar    3.49%    passed     92.50%
  19  EurHel    7.82%    passed     29.70%
  20  FalPer    5.41%    failed      1.06%
  21  FulGla    3.03%    passed      5.73%
  22  GalGal    4.88%    failed      0.00%
  23  GavSte    3.12%    failed      1.74%
  24  GeoFor   12.75%    failed      0.00%
  25  HalAlb    8.35%    failed      0.30%
  26  HalLeu    1.62%    failed      1.33%
  27  LepDis    3.40%    passed     48.90%
  28  ManVit    9.82%    failed      0.53%
  29  MelGal    6.57%    failed      0.00%
  30  MelUnd    5.54%    passed     99.13%
  31  MerNub    8.79%    failed      1.06%
  32  MesUni    8.31%    passed     22.97%
  33  NesNot    7.20%    passed     99.89%
  34  NipNip    2.90%    failed      0.92%
  35  OpiHoa    3.10%    passed     10.16%
  36  PelCri    3.13%    failed      4.06%
  37  PhaCar    6.72%    passed     23.95%
  38  PhaLep    3.13%    passed     37.27%
  39  PhoRub    3.76%    passed     34.97%
  40  PicPub    9.77%    failed      0.00%
  41  PodCri    5.65%    passed     14.83%
  42  PteGut    5.58%    passed     85.91%
  43  PygAde    2.43%    failed      0.24%
  44  StrCam    8.81%    failed      3.45%
  45  TaeGut   11.11%    failed      0.00%
  46  TauEry    4.34%    passed     80.73%
  47  TinGut   22.64%    failed      0.39%
  48  TytAlb    7.88%    failed      0.00%
****  TOTAL     6.61%  25 sequences failed composition chi2 test (p-value<5%; df=3)
Reading tree Jarvis_Renamed.nwk ...
rooted tree with 48 taxa and 95 branches
Computing site concordance factor...
0.220 sec
Tree with concordance factors written to concord_M16_five_prime_UTR.cf.tree
Tree with branch IDs written to concord_M16_five_prime_UTR.cf.branch
Concordance factors per branch printed to concord_M16_five_prime_UTR.cf.stat
Date and Time: Fri Nov 15 16:40:37 2019
