IQ-TREE multicore version 1.7-beta16 for Linux 64-bit built Sep 24 2019
Developed by Bui Quang Minh, Nguyen Lam Tung, Olga Chernomor,
Heiko Schmidt, Dominik Schrempf, Michael Woodhams.

Host:    n056.cluster.com (AVX, 125 GB RAM)
Command: iqtree -t Jarvis_Renamed.nwk -s M3_lnc_RNA --scf 500 --prefix concord_M3_lnc_RNA -nt 20
Seed:    428083 (Using SPRNG - Scalable Parallel Random Number Generator)
Time:    Fri Nov 15 17:55:28 2019
Kernel:  AVX - 20 threads (20 CPU cores detected)

Reading alignment file M3_lnc_RNA ... Phylip format detected
Alignment most likely contains DNA/RNA sequences
Alignment has 48 sequences with 239586 columns, 208868 distinct patterns
239586 parsimony-informative, 0 singleton sites, 0 constant sites
        Gap/Ambiguity  Composition  p-value
   1  AcaChl    2.91%    failed      0.02%
   2  AnaPla    4.09%    passed      5.85%
   3  AntCar    3.64%    failed      0.00%
   4  ApaVit    2.44%    passed     82.42%
   5  AptFor    1.83%    failed      3.12%
   6  BalReg    1.47%    failed      2.07%
   7  BucRhi    2.72%    failed      0.00%
   8  CalAnn    3.95%    passed     63.36%
   9  CarCri    1.76%    failed      2.34%
  10  CatAur    5.05%    failed      0.00%
  11  ChaPel    2.85%    failed      0.00%
  12  ChaVoc    1.44%    passed     63.03%
  13  ChlMac    1.77%    failed      0.76%
  14  ColLiv    2.49%    passed     40.00%
  15  ColStr    3.12%    failed      0.00%
  16  CorBra    1.93%    failed      0.00%
  17  CucCan    3.21%    failed      0.00%
  18  EgrGar    1.36%    failed      3.15%
  19  EurHel    2.43%    passed     27.44%
  20  FalPer    2.08%    failed      0.00%
  21  FulGla    1.29%    failed      0.33%
  22  GalGal    3.65%    failed      2.61%
  23  GavSte    1.53%    failed      1.94%
  24  GeoFor    3.51%    failed      0.00%
  25  HalAlb    1.88%    passed     24.26%
  26  HalLeu    0.72%    passed     11.11%
  27  LepDis    1.43%    failed      0.00%
  28  ManVit    2.38%    failed      0.02%
  29  MelGal    3.95%    passed     87.52%
  30  MelUnd    3.35%    passed     21.67%
  31  MerNub    2.82%    failed      0.00%
  32  MesUni    2.34%    passed     69.41%
  33  NesNot    2.29%    passed     90.15%
  34  NipNip    1.63%    failed      0.00%
  35  OpiHoa    1.48%    passed     14.36%
  36  PelCri    1.21%    failed      0.01%
  37  PhaCar    2.00%    failed      0.31%
  38  PhaLep    1.26%    passed     97.87%
  39  PhoRub    1.30%    failed      0.03%
  40  PicPub    7.68%    failed      0.00%
  41  PodCri    1.62%    failed      1.88%
  42  PteGut    1.96%    passed     38.49%
  43  PygAde    2.21%    failed      0.00%
  44  StrCam    4.21%    failed      4.41%
  45  TaeGut    4.32%    failed      0.00%
  46  TauEry    1.30%    failed      0.47%
  47  TinGut   16.33%    failed      0.00%
  48  TytAlb    1.90%    failed      0.00%
****  TOTAL     2.79%  33 sequences failed composition chi2 test (p-value<5%; df=3)
Reading tree Jarvis_Renamed.nwk ...
rooted tree with 48 taxa and 95 branches
Computing site concordance factor...
12.110 sec
Tree with concordance factors written to concord_M3_lnc_RNA.cf.tree
Tree with branch IDs written to concord_M3_lnc_RNA.cf.branch
Concordance factors per branch printed to concord_M3_lnc_RNA.cf.stat
Date and Time: Fri Nov 15 17:55:42 2019
