IQ-TREE multicore version 1.7-beta16 for Linux 64-bit built Sep 24 2019
Developed by Bui Quang Minh, Nguyen Lam Tung, Olga Chernomor,
Heiko Schmidt, Dominik Schrempf, Michael Woodhams.

Host:    n056.cluster.com (AVX, 125 GB RAM)
Command: iqtree -t Jarvis_Renamed.nwk -s M11_smRNA --scf 500 --prefix concord_M11_smRNA -nt 20
Seed:    192541 (Using SPRNG - Scalable Parallel Random Number Generator)
Time:    Fri Nov 15 16:07:33 2019
Kernel:  AVX - 20 threads (20 CPU cores detected)

Reading alignment file M11_smRNA ... Phylip format detected
Alignment most likely contains DNA/RNA sequences
Alignment has 48 sequences with 717 columns, 710 distinct patterns
717 parsimony-informative, 0 singleton sites, 0 constant sites
        Gap/Ambiguity  Composition  p-value
   1  AcaChl    3.91%    passed     20.63%
   2  AnaPla    7.11%    passed     87.39%
   3  AntCar    5.16%    passed     92.87%
   4  ApaVit    2.93%    passed     66.19%
   5  AptFor    6.83%    passed     79.27%
   6  BalReg    1.95%    passed     91.87%
   7  BucRhi    7.67%    passed     93.42%
   8  CalAnn    5.02%    passed     94.37%
   9  CarCri    5.58%    passed     96.47%
  10  CatAur    5.02%    passed     88.94%
  11  ChaPel    2.37%    passed     97.69%
  12  ChaVoc    3.21%    passed     95.12%
  13  ChlMac    2.51%    passed     59.30%
  14  ColLiv    4.18%    passed     98.94%
  15  ColStr    4.04%    passed     60.63%
  16  CorBra    5.44%    passed     29.55%
  17  CucCan    4.18%    passed     80.97%
  18  EgrGar    2.51%    passed     69.20%
  19  EurHel    4.60%    passed     90.43%
  20  FalPer    4.60%    passed     78.77%
  21  FulGla    1.95%    passed     90.62%
  22  GalGal    3.63%    passed     84.56%
  23  GavSte    3.49%    passed     87.34%
  24  GeoFor    6.28%    passed      8.42%
  25  HalAlb    6.14%    passed     98.96%
  26  HalLeu    1.95%    passed     94.85%
  27  LepDis    3.49%    passed     72.78%
  28  ManVit    4.74%    passed     72.38%
  29  MelGal    2.09%    passed     89.27%
  30  MelUnd    5.72%    passed     75.21%
  31  MerNub    5.30%    passed     98.33%
  32  MesUni    3.35%    passed     97.71%
  33  NesNot    3.77%    passed     96.57%
  34  NipNip    2.65%    passed     85.08%
  35  OpiHoa    1.67%    passed     99.21%
  36  PelCri    2.93%    passed     97.07%
  37  PhaCar    5.86%    passed     74.30%
  38  PhaLep    3.21%    passed     66.37%
  39  PhoRub    2.65%    passed     99.97%
  40  PicPub    6.69%    passed     83.83%
  41  PodCri    3.21%    passed     89.77%
  42  PteGut    5.58%    passed     97.32%
  43  PygAde    2.79%    passed     86.31%
  44  StrCam    6.97%    passed     77.34%
  45  TaeGut    7.53%    passed     58.11%
  46  TauEry    1.53%    passed     80.37%
  47  TinGut   19.25%    passed     92.26%
  48  TytAlb    8.79%    passed     89.31%
****  TOTAL     4.63%  0 sequences failed composition chi2 test (p-value<5%; df=3)
Reading tree Jarvis_Renamed.nwk ...
rooted tree with 48 taxa and 95 branches
Computing site concordance factor...
0.030 sec
Tree with concordance factors written to concord_M11_smRNA.cf.tree
Tree with branch IDs written to concord_M11_smRNA.cf.branch
Concordance factors per branch printed to concord_M11_smRNA.cf.stat
Date and Time: Fri Nov 15 16:07:33 2019
