IQ-TREE multicore version 1.7-beta16 for Linux 64-bit built Sep 24 2019
Developed by Bui Quang Minh, Nguyen Lam Tung, Olga Chernomor,
Heiko Schmidt, Dominik Schrempf, Michael Woodhams.

Host:    n056.cluster.com (AVX, 125 GB RAM)
Command: iqtree -t Jarvis_Renamed.nwk -s M24_five_prime_UTR --scf 500 --prefix concord_M24_five_prime_UTR -nt 20
Seed:    74921 (Using SPRNG - Scalable Parallel Random Number Generator)
Time:    Fri Nov 15 17:43:42 2019
Kernel:  AVX - 20 threads (20 CPU cores detected)

Reading alignment file M24_five_prime_UTR ... Phylip format detected
Alignment most likely contains DNA/RNA sequences
Alignment has 48 sequences with 9404 columns, 9198 distinct patterns
9404 parsimony-informative, 0 singleton sites, 0 constant sites
        Gap/Ambiguity  Composition  p-value
   1  AcaChl   11.05%    failed      0.15%
   2  AnaPla   11.93%    passed      5.59%
   3  AntCar    8.61%    passed     31.74%
   4  ApaVit   10.92%    passed     44.29%
   5  AptFor    5.61%    failed      0.52%
   6  BalReg    3.83%    failed      1.42%
   7  BucRhi    8.65%    failed      2.08%
   8  CalAnn    9.49%    passed     87.55%
   9  CarCri    7.75%    failed      3.16%
  10  CatAur   10.71%    failed      0.90%
  11  ChaPel    7.59%    passed     97.26%
  12  ChaVoc    3.91%    passed     69.94%
  13  ChlMac    8.26%    passed     93.11%
  14  ColLiv    7.59%    passed     39.72%
  15  ColStr   11.84%    passed     93.04%
  16  CorBra   11.42%    failed      0.02%
  17  CucCan    6.51%    passed     91.87%
  18  EgrGar    4.47%    passed     90.84%
  19  EurHel    9.83%    passed     26.07%
  20  FalPer    6.84%    failed      1.55%
  21  FulGla    4.18%    failed      3.78%
  22  GalGal    5.26%    failed      0.00%
  23  GavSte    4.71%    failed      0.91%
  24  GeoFor   15.32%    failed      0.00%
  25  HalAlb   10.03%    failed      0.22%
  26  HalLeu    2.40%    failed      1.37%
  27  LepDis    4.24%    passed     83.08%
  28  ManVit   11.89%    failed      0.90%
  29  MelGal    7.41%    failed      0.00%
  30  MelUnd    7.67%    passed     98.54%
  31  MerNub   10.74%    failed      1.33%
  32  MesUni   10.24%    passed     29.23%
  33  NesNot    9.88%    passed     98.24%
  34  NipNip    3.16%    failed      0.81%
  35  OpiHoa    4.38%    passed      7.32%
  36  PelCri    4.33%    passed      5.06%
  37  PhaCar    8.66%    passed     14.31%
  38  PhaLep    4.76%    passed     27.18%
  39  PhoRub    4.92%    passed     26.57%
  40  PicPub   11.75%    failed      0.00%
  41  PodCri    7.05%    passed     12.12%
  42  PteGut    8.39%    passed     87.88%
  43  PygAde    2.68%    failed      0.23%
  44  StrCam   10.85%    failed      1.46%
  45  TaeGut   13.06%    failed      0.00%
  46  TauEry    6.26%    passed     85.89%
  47  TinGut   24.54%    failed      0.55%
  48  TytAlb    9.79%    failed      0.00%
****  TOTAL     8.24%  24 sequences failed composition chi2 test (p-value<5%; df=3)
Reading tree Jarvis_Renamed.nwk ...
rooted tree with 48 taxa and 95 branches
Computing site concordance factor...
0.220 sec
Tree with concordance factors written to concord_M24_five_prime_UTR.cf.tree
Tree with branch IDs written to concord_M24_five_prime_UTR.cf.branch
Concordance factors per branch printed to concord_M24_five_prime_UTR.cf.stat
Date and Time: Fri Nov 15 17:43:42 2019
