IQ-TREE multicore version 1.7-beta16 for Linux 64-bit built Sep 24 2019
Developed by Bui Quang Minh, Nguyen Lam Tung, Olga Chernomor,
Heiko Schmidt, Dominik Schrempf, Michael Woodhams.

Host:    n056.cluster.com (AVX, 125 GB RAM)
Command: iqtree -t Jarvis_Renamed.nwk -s M5_genic_other --scf 500 --prefix concord_M5_genic_other -nt 20
Seed:    909035 (Using SPRNG - Scalable Parallel Random Number Generator)
Time:    Fri Nov 15 18:04:54 2019
Kernel:  AVX - 20 threads (20 CPU cores detected)

Reading alignment file M5_genic_other ... Phylip format detected
Alignment most likely contains DNA/RNA sequences
Alignment has 48 sequences with 65300 columns, 61987 distinct patterns
65300 parsimony-informative, 0 singleton sites, 0 constant sites
        Gap/Ambiguity  Composition  p-value
   1  AcaChl    5.07%    failed      0.01%
   2  AnaPla    5.56%    failed      0.10%
   3  AntCar    4.52%    failed      0.00%
   4  ApaVit    4.24%    passed     18.62%
   5  AptFor    2.68%    failed      0.04%
   6  BalReg    2.25%    failed      0.10%
   7  BucRhi    4.17%    failed      0.00%
   8  CalAnn    6.13%    passed     20.29%
   9  CarCri    2.79%    passed      5.07%
  10  CatAur    6.26%    failed      0.00%
  11  ChaPel    4.36%    failed      1.04%
  12  ChaVoc    1.99%    passed     73.60%
  13  ChlMac    2.70%    passed     44.69%
  14  ColLiv    3.48%    passed     65.89%
  15  ColStr    5.00%    failed      0.01%
  16  CorBra    3.72%    failed      0.00%
  17  CucCan    3.92%    passed     93.61%
  18  EgrGar    2.15%    passed     76.46%
  19  EurHel    3.38%    failed      0.02%
  20  FalPer    2.96%    failed      3.13%
  21  FulGla    1.75%    failed      0.10%
  22  GalGal    4.50%    failed      0.00%
  23  GavSte    2.14%    failed      1.76%
  24  GeoFor    6.97%    failed      0.00%
  25  HalAlb    2.78%    failed      1.86%
  26  HalLeu    0.96%    failed      0.40%
  27  LepDis    2.24%    passed     15.52%
  28  ManVit    3.88%    failed      0.48%
  29  MelGal    6.70%    failed      0.00%
  30  MelUnd    3.95%    passed     91.68%
  31  MerNub    5.22%    failed      0.97%
  32  MesUni    3.47%    failed      3.20%
  33  NesNot    3.22%    passed     78.32%
  34  NipNip    1.98%    failed      0.07%
  35  OpiHoa    2.28%    failed      0.11%
  36  PelCri    1.68%    passed      5.49%
  37  PhaCar    2.79%    failed      4.30%
  38  PhaLep    1.77%    passed     14.33%
  39  PhoRub    1.76%    passed     99.32%
  40  PicPub   12.42%    failed      0.00%
  41  PodCri    2.39%    passed      7.94%
  42  PteGut    3.08%    passed     88.79%
  43  PygAde    2.52%    failed      0.00%
  44  StrCam    8.79%    failed      0.10%
  45  TaeGut    7.49%    failed      0.00%
  46  TauEry    2.06%    passed     58.89%
  47  TinGut   27.91%    failed      0.86%
  48  TytAlb    2.92%    failed      0.00%
****  TOTAL     4.31%  31 sequences failed composition chi2 test (p-value<5%; df=3)
Reading tree Jarvis_Renamed.nwk ...
rooted tree with 48 taxa and 95 branches
Computing site concordance factor...
1.970 sec
Tree with concordance factors written to concord_M5_genic_other.cf.tree
Tree with branch IDs written to concord_M5_genic_other.cf.branch
Concordance factors per branch printed to concord_M5_genic_other.cf.stat
Date and Time: Fri Nov 15 18:04:57 2019
