IQ-TREE multicore version 1.7-beta16 for Linux 64-bit built Sep 24 2019
Developed by Bui Quang Minh, Nguyen Lam Tung, Olga Chernomor,
Heiko Schmidt, Dominik Schrempf, Michael Woodhams.

Host:    n056.cluster.com (AVX, 125 GB RAM)
Command: iqtree -t Jarvis_Renamed.nwk -s M23_smRNA --scf 500 --prefix concord_M23_smRNA -nt 20
Seed:    595362 (Using SPRNG - Scalable Parallel Random Number Generator)
Time:    Fri Nov 15 17:40:16 2019
Kernel:  AVX - 20 threads (20 CPU cores detected)

Reading alignment file M23_smRNA ... Phylip format detected
Alignment most likely contains DNA/RNA sequences
Alignment has 48 sequences with 775 columns, 768 distinct patterns
775 parsimony-informative, 0 singleton sites, 0 constant sites
        Gap/Ambiguity  Composition  p-value
   1  AcaChl    6.58%    passed      7.00%
   2  AnaPla   10.19%    passed     83.28%
   3  AntCar    8.52%    passed     91.80%
   4  ApaVit    6.19%    passed     71.09%
   5  AptFor    8.13%    passed     93.14%
   6  BalReg    5.03%    passed     74.07%
   7  BucRhi   10.58%    passed     87.41%
   8  CalAnn    6.58%    passed     95.60%
   9  CarCri    8.26%    passed     93.35%
  10  CatAur    8.90%    passed     79.78%
  11  ChaPel    4.65%    passed     91.98%
  12  ChaVoc    5.16%    passed     95.29%
  13  ChlMac    5.68%    passed     69.01%
  14  ColLiv    5.94%    passed     99.57%
  15  ColStr    6.58%    passed     47.70%
  16  CorBra    6.97%    passed     22.75%
  17  CucCan    5.55%    passed     63.84%
  18  EgrGar    4.13%    passed     84.14%
  19  EurHel    7.23%    passed     95.69%
  20  FalPer    7.87%    passed     74.21%
  21  FulGla    5.03%    passed     95.65%
  22  GalGal    5.03%    passed     90.15%
  23  GavSte    6.58%    passed     85.94%
  24  GeoFor    7.74%    failed      3.95%
  25  HalAlb    9.42%    passed     98.21%
  26  HalLeu    3.74%    passed     91.87%
  27  LepDis    4.65%    passed     54.61%
  28  ManVit    7.10%    passed     55.57%
  29  MelGal    3.87%    passed     83.34%
  30  MelUnd    7.48%    passed     73.10%
  31  MerNub    8.00%    passed     97.56%
  32  MesUni    6.32%    passed     96.97%
  33  NesNot    6.06%    passed     99.78%
  34  NipNip    4.65%    passed     85.25%
  35  OpiHoa    2.97%    passed     99.36%
  36  PelCri    4.77%    passed     96.14%
  37  PhaCar   10.45%    passed     78.37%
  38  PhaLep    4.90%    passed     71.06%
  39  PhoRub    4.26%    passed     99.99%
  40  PicPub    8.13%    passed     84.23%
  41  PodCri    6.97%    passed     77.44%
  42  PteGut    8.00%    passed     93.57%
  43  PygAde    3.48%    passed     76.99%
  44  StrCam    8.52%    passed     88.78%
  45  TaeGut    9.03%    passed     49.48%
  46  TauEry    3.10%    passed     77.99%
  47  TinGut   21.03%    passed     99.24%
  48  TytAlb   10.97%    passed     86.94%
****  TOTAL     6.90%  1 sequences failed composition chi2 test (p-value<5%; df=3)
Reading tree Jarvis_Renamed.nwk ...
rooted tree with 48 taxa and 95 branches
Computing site concordance factor...
0.030 sec
Tree with concordance factors written to concord_M23_smRNA.cf.tree
Tree with branch IDs written to concord_M23_smRNA.cf.branch
Concordance factors per branch printed to concord_M23_smRNA.cf.stat
Date and Time: Fri Nov 15 17:40:16 2019
