IQ-TREE multicore version 1.7-beta16 for Linux 64-bit built Sep 24 2019
Developed by Bui Quang Minh, Nguyen Lam Tung, Olga Chernomor,
Heiko Schmidt, Dominik Schrempf, Michael Woodhams.

Host:    n056.cluster.com (AVX, 125 GB RAM)
Command: iqtree -t Jarvis_Renamed.nwk -s M8_five_prime_UTR --scf 500 --prefix concord_M8_five_prime_UTR -nt 20
Seed:    875605 (Using SPRNG - Scalable Parallel Random Number Generator)
Time:    Fri Nov 15 18:21:30 2019
Kernel:  AVX - 20 threads (20 CPU cores detected)

Reading alignment file M8_five_prime_UTR ... Phylip format detected
Alignment most likely contains DNA/RNA sequences
Alignment has 48 sequences with 8063 columns, 7857 distinct patterns
8063 parsimony-informative, 0 singleton sites, 0 constant sites
        Gap/Ambiguity  Composition  p-value
   1  AcaChl    5.41%    failed      0.42%
   2  AnaPla    7.13%    passed      7.11%
   3  AntCar    4.51%    passed     29.86%
   4  ApaVit    5.00%    passed     61.76%
   5  AptFor    3.65%    failed      0.85%
   6  BalReg    2.21%    failed      1.52%
   7  BucRhi    4.64%    passed      7.53%
   8  CalAnn    4.12%    passed     82.85%
   9  CarCri    3.76%    passed      5.86%
  10  CatAur    7.73%    failed      0.82%
  11  ChaPel    4.59%    passed     95.30%
  12  ChaVoc    2.22%    passed     69.56%
  13  ChlMac    4.19%    passed     87.43%
  14  ColLiv    3.65%    passed     16.35%
  15  ColStr    7.04%    passed     90.95%
  16  CorBra    5.54%    failed      0.02%
  17  CucCan    3.15%    passed     88.49%
  18  EgrGar    2.67%    passed     86.47%
  19  EurHel    4.68%    passed     38.17%
  20  FalPer    3.56%    failed      2.92%
  21  FulGla    1.85%    passed      9.00%
  22  GalGal    4.37%    failed      0.00%
  23  GavSte    1.87%    failed      1.65%
  24  GeoFor    8.07%    failed      0.00%
  25  HalAlb    5.93%    failed      1.78%
  26  HalLeu    1.02%    failed      1.93%
  27  LepDis    2.48%    passed     58.73%
  28  ManVit    6.56%    failed      0.10%
  29  MelGal    5.23%    failed      0.00%
  30  MelUnd    4.12%    passed     94.72%
  31  MerNub    6.13%    failed      1.51%
  32  MesUni    5.22%    passed     12.95%
  33  NesNot    4.80%    passed     97.71%
  34  NipNip    2.43%    failed      2.11%
  35  OpiHoa    2.64%    passed     35.02%
  36  PelCri    2.16%    failed      3.66%
  37  PhaCar    5.06%    passed     24.93%
  38  PhaLep    1.93%    passed     39.15%
  39  PhoRub    2.27%    passed     29.20%
  40  PicPub    7.76%    failed      0.00%
  41  PodCri    3.49%    passed     13.24%
  42  PteGut    3.62%    passed     93.43%
  43  PygAde    2.13%    failed      0.24%
  44  StrCam    5.90%    passed     15.12%
  45  TaeGut    8.24%    failed      0.00%
  46  TauEry    2.52%    passed     86.78%
  47  TinGut   19.72%    failed      0.25%
  48  TytAlb    4.80%    failed      0.01%
****  TOTAL     4.62%  21 sequences failed composition chi2 test (p-value<5%; df=3)
Reading tree Jarvis_Renamed.nwk ...
rooted tree with 48 taxa and 95 branches
Computing site concordance factor...
0.172 sec
Tree with concordance factors written to concord_M8_five_prime_UTR.cf.tree
Tree with branch IDs written to concord_M8_five_prime_UTR.cf.branch
Concordance factors per branch printed to concord_M8_five_prime_UTR.cf.stat
Date and Time: Fri Nov 15 18:21:31 2019
