IQ-TREE multicore version 1.7-beta16 for Linux 64-bit built Sep 24 2019
Developed by Bui Quang Minh, Nguyen Lam Tung, Olga Chernomor,
Heiko Schmidt, Dominik Schrempf, Michael Woodhams.

Host:    n056.cluster.com (AVX, 125 GB RAM)
Command: iqtree -t Jarvis_Renamed.nwk -s M9_three_prime_UTR --scf 500 --prefix concord_M9_three_prime_UTR -nt 20
Seed:    123546 (Using SPRNG - Scalable Parallel Random Number Generator)
Time:    Fri Nov 15 18:31:37 2019
Kernel:  AVX - 20 threads (20 CPU cores detected)

Reading alignment file M9_three_prime_UTR ... Phylip format detected
Alignment most likely contains DNA/RNA sequences
Alignment has 48 sequences with 58898 columns, 55274 distinct patterns
58898 parsimony-informative, 0 singleton sites, 0 constant sites
        Gap/Ambiguity  Composition  p-value
   1  AcaChl    8.27%    failed      0.00%
   2  AnaPla    7.43%    failed      0.00%
   3  AntCar    5.35%    failed      0.00%
   4  ApaVit    5.47%    failed      0.12%
   5  AptFor    3.81%    failed      0.00%
   6  BalReg    3.14%    failed      0.00%
   7  BucRhi    7.29%    failed      0.00%
   8  CalAnn    6.20%    passed      9.17%
   9  CarCri    3.29%    failed      0.00%
  10  CatAur    5.24%    failed      0.00%
  11  ChaPel    4.45%    passed     12.38%
  12  ChaVoc    2.11%    failed      0.00%
  13  ChlMac    3.45%    passed     74.16%
  14  ColLiv    4.54%    failed      0.37%
  15  ColStr    8.91%    failed      0.00%
  16  CorBra    6.49%    failed      0.00%
  17  CucCan    4.53%    passed     38.11%
  18  EgrGar    2.65%    passed     95.91%
  19  EurHel    7.42%    failed      0.00%
  20  FalPer    4.27%    failed      0.00%
  21  FulGla    2.09%    failed      0.00%
  22  GalGal    5.22%    failed      2.20%
  23  GavSte    2.77%    failed      0.00%
  24  GeoFor    8.72%    failed      0.00%
  25  HalAlb    3.60%    failed      0.00%
  26  HalLeu    1.50%    failed      0.00%
  27  LepDis    2.88%    passed     75.70%
  28  ManVit    6.59%    failed      0.00%
  29  MelGal    6.65%    passed     78.79%
  30  MelUnd    5.20%    failed      0.00%
  31  MerNub    7.38%    failed      0.00%
  32  MesUni    4.90%    failed      0.00%
  33  NesNot    4.40%    failed      1.26%
  34  NipNip    2.58%    failed      0.00%
  35  OpiHoa    3.27%    failed      0.01%
  36  PelCri    2.57%    failed      0.00%
  37  PhaCar    3.94%    passed     15.07%
  38  PhaLep    2.30%    failed      0.00%
  39  PhoRub    2.35%    failed      2.34%
  40  PicPub   16.66%    failed      0.00%
  41  PodCri    3.69%    failed      1.94%
  42  PteGut    3.63%    failed      0.00%
  43  PygAde    3.83%    failed      0.00%
  44  StrCam    7.43%    failed      0.00%
  45  TaeGut    8.89%    failed      0.00%
  46  TauEry    2.61%    passed     68.69%
  47  TinGut   20.34%    failed      0.00%
  48  TytAlb    4.26%    failed      0.00%
****  TOTAL     5.30%  39 sequences failed composition chi2 test (p-value<5%; df=3)
Reading tree Jarvis_Renamed.nwk ...
rooted tree with 48 taxa and 95 branches
Computing site concordance factor...
1.280 sec
Tree with concordance factors written to concord_M9_three_prime_UTR.cf.tree
Tree with branch IDs written to concord_M9_three_prime_UTR.cf.branch
Concordance factors per branch printed to concord_M9_three_prime_UTR.cf.stat
Date and Time: Fri Nov 15 18:31:39 2019
