IQ-TREE multicore version 1.7-beta16 for Linux 64-bit built Sep 24 2019
Developed by Bui Quang Minh, Nguyen Lam Tung, Olga Chernomor,
Heiko Schmidt, Dominik Schrempf, Michael Woodhams.

Host:    n056.cluster.com (AVX, 125 GB RAM)
Command: iqtree -t Jarvis_Renamed.nwk -s M17_five_prime_UTR --scf 500 --prefix concord_M17_five_prime_UTR -nt 20
Seed:    9939 (Using SPRNG - Scalable Parallel Random Number Generator)
Time:    Fri Nov 15 16:48:09 2019
Kernel:  AVX - 20 threads (20 CPU cores detected)

Reading alignment file M17_five_prime_UTR ... Phylip format detected
Alignment most likely contains DNA/RNA sequences
Alignment has 48 sequences with 9028 columns, 8822 distinct patterns
9028 parsimony-informative, 0 singleton sites, 0 constant sites
        Gap/Ambiguity  Composition  p-value
   1  AcaChl    9.03%    failed      0.30%
   2  AnaPla   10.64%    failed      3.28%
   3  AntCar    6.95%    passed     35.07%
   4  ApaVit    8.82%    passed     54.70%
   5  AptFor    4.75%    failed      0.56%
   6  BalReg    3.13%    failed      1.56%
   7  BucRhi    6.78%    failed      3.74%
   8  CalAnn    7.45%    passed     88.84%
   9  CarCri    6.62%    failed      2.56%
  10  CatAur    9.54%    failed      0.53%
  11  ChaPel    5.90%    passed     97.55%
  12  ChaVoc    3.17%    passed     68.73%
  13  ChlMac    6.82%    passed     87.50%
  14  ColLiv    6.04%    passed     34.08%
  15  ColStr    9.91%    passed     93.26%
  16  CorBra    9.59%    failed      0.02%
  17  CucCan    4.60%    passed     92.87%
  18  EgrGar    3.57%    passed     90.03%
  19  EurHel    7.95%    passed     31.84%
  20  FalPer    5.67%    failed      0.86%
  21  FulGla    3.19%    failed      4.90%
  22  GalGal    4.93%    failed      0.00%
  23  GavSte    3.35%    failed      1.94%
  24  GeoFor   13.06%    failed      0.00%
  25  HalAlb    8.57%    failed      0.28%
  26  HalLeu    1.69%    failed      1.33%
  27  LepDis    3.49%    passed     51.45%
  28  ManVit   10.06%    failed      0.61%
  29  MelGal    6.70%    failed      0.00%
  30  MelUnd    5.82%    passed     98.33%
  31  MerNub    9.06%    failed      0.89%
  32  MesUni    8.60%    passed     24.80%
  33  NesNot    7.54%    passed     99.68%
  34  NipNip    2.92%    failed      1.07%
  35  OpiHoa    3.20%    passed     10.39%
  36  PelCri    3.22%    failed      4.15%
  37  PhaCar    6.97%    passed     21.19%
  38  PhaLep    3.32%    passed     35.75%
  39  PhoRub    3.85%    passed     35.64%
  40  PicPub   10.05%    failed      0.00%
  41  PodCri    5.73%    passed     18.52%
  42  PteGut    5.98%    passed     85.34%
  43  PygAde    2.41%    failed      0.29%
  44  StrCam    9.09%    failed      3.99%
  45  TaeGut   11.36%    failed      0.00%
  46  TauEry    4.56%    passed     82.34%
  47  TinGut   22.84%    failed      0.37%
  48  TytAlb    8.13%    failed      0.00%
****  TOTAL     6.81%  26 sequences failed composition chi2 test (p-value<5%; df=3)
Reading tree Jarvis_Renamed.nwk ...
rooted tree with 48 taxa and 95 branches
Computing site concordance factor...
0.195 sec
Tree with concordance factors written to concord_M17_five_prime_UTR.cf.tree
Tree with branch IDs written to concord_M17_five_prime_UTR.cf.branch
Concordance factors per branch printed to concord_M17_five_prime_UTR.cf.stat
Date and Time: Fri Nov 15 16:48:09 2019
