IQ-TREE multicore version 1.7-beta16 for Linux 64-bit built Sep 24 2019
Developed by Bui Quang Minh, Nguyen Lam Tung, Olga Chernomor,
Heiko Schmidt, Dominik Schrempf, Michael Woodhams.

Host:    n056.cluster.com (AVX, 125 GB RAM)
Command: iqtree -t Jarvis_Renamed.nwk -s M2_gene --scf 500 --prefix concord_M2_gene -nt 20
Seed:    533750 (Using SPRNG - Scalable Parallel Random Number Generator)
Time:    Fri Nov 15 17:49:25 2019
Kernel:  AVX - 20 threads (20 CPU cores detected)

Reading alignment file M2_gene ... Phylip format detected
Alignment most likely contains DNA/RNA sequences
Alignment has 48 sequences with 771222 columns, 607417 distinct patterns
771222 parsimony-informative, 0 singleton sites, 0 constant sites
        Gap/Ambiguity  Composition  p-value
   1  AcaChl    1.97%    failed      0.00%
   2  AnaPla    2.63%    passed     82.95%
   3  AntCar    2.91%    failed      0.00%
   4  ApaVit    1.78%    failed      0.00%
   5  AptFor    1.37%    failed      0.00%
   6  BalReg    1.16%    failed      0.00%
   7  BucRhi    2.01%    failed      0.00%
   8  CalAnn    2.10%    failed      0.99%
   9  CarCri    1.29%    failed      0.00%
  10  CatAur    4.03%    failed      0.00%
  11  ChaPel    1.83%    failed      0.00%
  12  ChaVoc    1.25%    failed      0.00%
  13  ChlMac    1.20%    passed     63.09%
  14  ColLiv    1.92%    failed      0.00%
  15  ColStr    2.12%    failed      1.13%
  16  CorBra    1.25%    failed      0.00%
  17  CucCan    1.92%    failed      0.00%
  18  EgrGar    1.06%    failed      0.02%
  19  EurHel    1.71%    failed      0.00%
  20  FalPer    1.53%    failed      0.00%
  21  FulGla    0.97%    failed      0.00%
  22  GalGal    3.02%    failed      0.00%
  23  GavSte    1.20%    failed      0.00%
  24  GeoFor    2.01%    failed      0.00%
  25  HalAlb    1.50%    failed      0.00%
  26  HalLeu    0.54%    failed      0.00%
  27  LepDis    1.19%    failed      0.00%
  28  ManVit    1.86%    failed      0.00%
  29  MelGal    2.34%    failed      0.00%
  30  MelUnd    2.19%    passed     25.72%
  31  MerNub    2.21%    failed      0.00%
  32  MesUni    1.67%    failed      0.00%
  33  NesNot    1.44%    passed     93.81%
  34  NipNip    1.40%    failed      0.00%
  35  OpiHoa    1.47%    failed      0.00%
  36  PelCri    0.95%    failed      0.00%
  37  PhaCar    1.44%    failed      0.00%
  38  PhaLep    0.98%    failed      0.00%
  39  PhoRub    1.01%    failed      0.00%
  40  PicPub    5.05%    failed      0.00%
  41  PodCri    1.24%    failed      0.00%
  42  PteGut    1.31%    failed      0.17%
  43  PygAde    1.67%    failed      0.00%
  44  StrCam    2.50%    failed      0.00%
  45  TaeGut    2.59%    failed      0.00%
  46  TauEry    0.97%    passed     32.25%
  47  TinGut   13.40%    failed      0.00%
  48  TytAlb    1.48%    failed      0.00%
****  TOTAL     2.01%  43 sequences failed composition chi2 test (p-value<5%; df=3)
Reading tree Jarvis_Renamed.nwk ...
rooted tree with 48 taxa and 95 branches
Computing site concordance factor...
33.056 sec
Tree with concordance factors written to concord_M2_gene.cf.tree
Tree with branch IDs written to concord_M2_gene.cf.branch
Concordance factors per branch printed to concord_M2_gene.cf.stat
Date and Time: Fri Nov 15 17:50:03 2019
