IQ-TREE multicore version 1.7-beta16 for Linux 64-bit built Sep 24 2019
Developed by Bui Quang Minh, Nguyen Lam Tung, Olga Chernomor,
Heiko Schmidt, Dominik Schrempf, Michael Woodhams.

Host:    n056.cluster.com (AVX, 125 GB RAM)
Command: iqtree -t Jarvis_Renamed.nwk -s M1_intergenic --scf 500 --prefix concord_M1_intergenic -nt 20
Seed:    25611 (Using SPRNG - Scalable Parallel Random Number Generator)
Time:    Fri Nov 15 17:08:51 2019
Kernel:  AVX - 20 threads (20 CPU cores detected)

Reading alignment file M1_intergenic ... Phylip format detected
Alignment most likely contains DNA/RNA sequences
Alignment has 48 sequences with 478841 columns, 338545 distinct patterns
478841 parsimony-informative, 0 singleton sites, 0 constant sites
        Gap/Ambiguity  Composition  p-value
   1  AcaChl    0.97%    failed      0.00%
   2  AnaPla    1.55%    failed      4.54%
   3  AntCar    1.82%    failed      0.00%
   4  ApaVit    0.93%    passed     99.53%
   5  AptFor    0.70%    failed      0.00%
   6  BalReg    0.68%    failed      0.00%
   7  BucRhi    1.13%    failed      0.00%
   8  CalAnn    1.37%    passed     70.35%
   9  CarCri    0.68%    failed      0.00%
  10  CatAur    2.35%    failed      0.00%
  11  ChaPel    1.10%    failed      0.00%
  12  ChaVoc    0.73%    passed     92.40%
  13  ChlMac    0.67%    failed      1.00%
  14  ColLiv    1.12%    passed     84.60%
  15  ColStr    1.23%    failed      0.00%
  16  CorBra    0.70%    failed      0.00%
  17  CucCan    1.13%    failed      0.00%
  18  EgrGar    0.63%    failed      0.16%
  19  EurHel    0.90%    failed      0.02%
  20  FalPer    0.79%    failed      0.00%
  21  FulGla    0.56%    failed      0.00%
  22  GalGal    1.82%    failed      0.00%
  23  GavSte    0.70%    failed      0.00%
  24  GeoFor    0.87%    failed      0.00%
  25  HalAlb    0.77%    failed      0.47%
  26  HalLeu    0.30%    failed      0.10%
  27  LepDis    0.72%    failed      0.00%
  28  ManVit    0.93%    passed     10.28%
  29  MelGal    1.30%    failed      0.00%
  30  MelUnd    1.22%    passed     68.58%
  31  MerNub    1.14%    failed      0.00%
  32  MesUni    0.94%    passed      6.73%
  33  NesNot    0.83%    passed     75.40%
  34  NipNip    0.87%    failed      0.00%
  35  OpiHoa    0.67%    failed      0.16%
  36  PelCri    0.57%    failed      0.00%
  37  PhaCar    0.82%    failed      0.00%
  38  PhaLep    0.59%    passed     27.57%
  39  PhoRub    0.61%    failed      0.45%
  40  PicPub    3.67%    failed      0.00%
  41  PodCri    0.68%    failed      0.00%
  42  PteGut    0.75%    passed     87.13%
  43  PygAde    1.05%    failed      0.00%
  44  StrCam    1.04%    failed      0.00%
  45  TaeGut    1.44%    failed      0.00%
  46  TauEry    0.54%    failed      0.55%
  47  TinGut    7.19%    failed      0.00%
  48  TytAlb    0.80%    failed      0.00%
****  TOTAL     1.14%  38 sequences failed composition chi2 test (p-value<5%; df=3)
Reading tree Jarvis_Renamed.nwk ...
rooted tree with 48 taxa and 95 branches
Computing site concordance factor...
19.332 sec
Tree with concordance factors written to concord_M1_intergenic.cf.tree
Tree with branch IDs written to concord_M1_intergenic.cf.branch
Concordance factors per branch printed to concord_M1_intergenic.cf.stat
Date and Time: Fri Nov 15 17:09:13 2019
