IQ-TREE multicore version 1.7-beta16 for Linux 64-bit built Sep 24 2019
Developed by Bui Quang Minh, Nguyen Lam Tung, Olga Chernomor,
Heiko Schmidt, Dominik Schrempf, Michael Woodhams.

Host:    n056.cluster.com (AVX, 125 GB RAM)
Command: iqtree -t Jarvis_Renamed.nwk -s M12_five_prime_UTR --scf 500 --prefix concord_M12_five_prime_UTR -nt 20
Seed:    479118 (Using SPRNG - Scalable Parallel Random Number Generator)
Time:    Fri Nov 15 16:10:47 2019
Kernel:  AVX - 20 threads (20 CPU cores detected)

Reading alignment file M12_five_prime_UTR ... Phylip format detected
Alignment most likely contains DNA/RNA sequences
Alignment has 48 sequences with 8651 columns, 8445 distinct patterns
8651 parsimony-informative, 0 singleton sites, 0 constant sites
        Gap/Ambiguity  Composition  p-value
   1  AcaChl    7.37%    failed      0.35%
   2  AnaPla    9.07%    failed      2.98%
   3  AntCar    5.79%    passed     33.90%
   4  ApaVit    7.03%    passed     59.10%
   5  AptFor    4.18%    failed      0.79%
   6  BalReg    2.70%    failed      0.94%
   7  BucRhi    5.57%    passed      8.31%
   8  CalAnn    5.84%    passed     87.47%
   9  CarCri    5.36%    failed      3.30%
  10  CatAur    8.59%    failed      0.80%
  11  ChaPel    5.09%    passed     99.48%
  12  ChaVoc    2.54%    passed     78.56%
  13  ChlMac    5.61%    passed     91.18%
  14  ColLiv    4.96%    passed     29.31%
  15  ColStr    8.61%    passed     86.34%
  16  CorBra    7.96%    failed      0.03%
  17  CucCan    4.05%    passed     92.13%
  18  EgrGar    3.01%    passed     91.69%
  19  EurHel    6.58%    passed     37.53%
  20  FalPer    4.52%    failed      1.49%
  21  FulGla    2.53%    passed      6.26%
  22  GalGal    4.81%    failed      0.00%
  23  GavSte    2.49%    failed      2.01%
  24  GeoFor   10.98%    failed      0.00%
  25  HalAlb    7.20%    failed      0.70%
  26  HalLeu    1.40%    failed      2.06%
  27  LepDis    2.92%    passed     56.13%
  28  ManVit    8.54%    failed      0.29%
  29  MelGal    6.22%    failed      0.00%
  30  MelUnd    4.94%    passed     99.76%
  31  MerNub    7.68%    failed      0.90%
  32  MesUni    7.00%    passed     22.60%
  33  NesNot    6.03%    passed     99.62%
  34  NipNip    2.68%    failed      1.25%
  35  OpiHoa    2.87%    passed     17.18%
  36  PelCri    2.64%    failed      3.17%
  37  PhaCar    6.05%    passed     17.67%
  38  PhaLep    2.61%    passed     35.52%
  39  PhoRub    3.04%    passed     40.85%
  40  PicPub    8.87%    failed      0.00%
  41  PodCri    4.79%    passed     15.40%
  42  PteGut    4.67%    passed     84.08%
  43  PygAde    2.25%    failed      0.52%
  44  StrCam    7.66%    passed      6.05%
  45  TaeGut    9.96%    failed      0.00%
  46  TauEry    3.47%    passed     82.78%
  47  TinGut   21.42%    failed      0.27%
  48  TytAlb    6.69%    failed      0.00%
****  TOTAL     5.77%  23 sequences failed composition chi2 test (p-value<5%; df=3)
Reading tree Jarvis_Renamed.nwk ...
rooted tree with 48 taxa and 95 branches
Computing site concordance factor...
0.223 sec
Tree with concordance factors written to concord_M12_five_prime_UTR.cf.tree
Tree with branch IDs written to concord_M12_five_prime_UTR.cf.branch
Concordance factors per branch printed to concord_M12_five_prime_UTR.cf.stat
Date and Time: Fri Nov 15 16:10:48 2019
