IQ-TREE multicore version 1.7-beta16 for Linux 64-bit built Sep 24 2019
Developed by Bui Quang Minh, Nguyen Lam Tung, Olga Chernomor,
Heiko Schmidt, Dominik Schrempf, Michael Woodhams.

Host:    n056.cluster.com (AVX, 125 GB RAM)
Command: iqtree -t Jarvis_Renamed.nwk -s M6_genic_other --scf 500 --prefix concord_M6_genic_other -nt 20
Seed:    287277 (Using SPRNG - Scalable Parallel Random Number Generator)
Time:    Fri Nov 15 18:10:21 2019
Kernel:  AVX - 20 threads (20 CPU cores detected)

Reading alignment file M6_genic_other ... Phylip format detected
Alignment most likely contains DNA/RNA sequences
Alignment has 48 sequences with 70863 columns, 67550 distinct patterns
70863 parsimony-informative, 0 singleton sites, 0 constant sites
        Gap/Ambiguity  Composition  p-value
   1  AcaChl    6.02%    failed      0.00%
   2  AnaPla    6.70%    failed      0.06%
   3  AntCar    4.88%    failed      0.00%
   4  ApaVit    5.09%    passed     18.88%
   5  AptFor    3.03%    failed      0.02%
   6  BalReg    2.54%    failed      0.04%
   7  BucRhi    4.92%    failed      0.00%
   8  CalAnn    7.33%    passed      9.92%
   9  CarCri    3.15%    passed      6.42%
  10  CatAur    6.80%    failed      0.00%
  11  ChaPel    5.20%    failed      0.69%
  12  ChaVoc    2.23%    passed     82.91%
  13  ChlMac    3.14%    passed     45.33%
  14  ColLiv    4.02%    passed     62.26%
  15  ColStr    5.97%    failed      0.01%
  16  CorBra    4.87%    failed      0.00%
  17  CucCan    4.56%    passed     83.87%
  18  EgrGar    2.37%    passed     67.12%
  19  EurHel    3.77%    failed      0.01%
  20  FalPer    3.42%    failed      2.87%
  21  FulGla    1.95%    failed      0.08%
  22  GalGal    4.76%    failed      0.00%
  23  GavSte    2.37%    failed      1.83%
  24  GeoFor    8.60%    failed      0.00%
  25  HalAlb    3.12%    failed      1.70%
  26  HalLeu    1.06%    failed      0.43%
  27  LepDis    2.51%    passed     17.92%
  28  ManVit    4.90%    failed      0.29%
  29  MelGal    8.00%    failed      0.00%
  30  MelUnd    4.51%    passed     90.84%
  31  MerNub    6.00%    failed      0.29%
  32  MesUni    4.04%    failed      2.65%
  33  NesNot    3.78%    passed     69.41%
  34  NipNip    2.14%    failed      0.05%
  35  OpiHoa    2.53%    failed      0.01%
  36  PelCri    1.85%    failed      3.58%
  37  PhaCar    3.20%    failed      2.19%
  38  PhaLep    1.98%    passed     14.50%
  39  PhoRub    1.94%    passed     99.74%
  40  PicPub   13.87%    failed      0.00%
  41  PodCri    2.72%    passed      6.96%
  42  PteGut    3.65%    passed     91.17%
  43  PygAde    2.69%    failed      0.00%
  44  StrCam   10.49%    failed      0.01%
  45  TaeGut    9.08%    failed      0.00%
  46  TauEry    2.36%    passed     53.81%
  47  TinGut   30.37%    failed      3.19%
  48  TytAlb    3.33%    failed      0.00%
****  TOTAL     4.95%  32 sequences failed composition chi2 test (p-value<5%; df=3)
Reading tree Jarvis_Renamed.nwk ...
rooted tree with 48 taxa and 95 branches
Computing site concordance factor...
1.411 sec
Tree with concordance factors written to concord_M6_genic_other.cf.tree
Tree with branch IDs written to concord_M6_genic_other.cf.branch
Concordance factors per branch printed to concord_M6_genic_other.cf.stat
Date and Time: Fri Nov 15 18:10:23 2019
