IQ-TREE multicore version 1.7-beta16 for Linux 64-bit built Sep 24 2019
Developed by Bui Quang Minh, Nguyen Lam Tung, Olga Chernomor,
Heiko Schmidt, Dominik Schrempf, Michael Woodhams.

Host:    n056.cluster.com (AVX, 125 GB RAM)
Command: iqtree -t Jarvis_Renamed.nwk -s M8_intron --scf 500 --prefix concord_M8_intron -nt 20
Seed:    961781 (Using SPRNG - Scalable Parallel Random Number Generator)
Time:    Fri Nov 15 18:23:35 2019
Kernel:  AVX - 20 threads (20 CPU cores detected)

Reading alignment file M8_intron ... Phylip format detected
Alignment most likely contains DNA/RNA sequences
Alignment has 48 sequences with 973929 columns, 870714 distinct patterns
973929 parsimony-informative, 0 singleton sites, 0 constant sites
        Gap/Ambiguity  Composition  p-value
   1  AcaChl    7.57%    failed      0.00%
   2  AnaPla    8.58%    passed      9.41%
   3  AntCar    5.42%    failed      0.00%
   4  ApaVit    6.10%    failed      0.00%
   5  AptFor    3.54%    failed      0.00%
   6  BalReg    2.72%    failed      0.00%
   7  BucRhi    6.62%    failed      0.00%
   8  CalAnn    8.89%    failed      0.00%
   9  CarCri    3.57%    failed      0.00%
  10  CatAur    7.11%    failed      0.00%
  11  ChaPel    5.97%    failed      0.00%
  12  ChaVoc    2.36%    passed     47.73%
  13  ChlMac    3.81%    failed      1.08%
  14  ColLiv    5.26%    failed      0.00%
  15  ColStr    7.79%    failed      0.00%
  16  CorBra    7.23%    failed      0.00%
  17  CucCan    5.79%    failed      0.00%
  18  EgrGar    2.56%    failed      0.36%
  19  EurHel    4.89%    failed      0.00%
  20  FalPer    4.56%    failed      0.00%
  21  FulGla    2.18%    failed      0.00%
  22  GalGal    5.35%    failed      0.00%
  23  GavSte    2.86%    failed      0.00%
  24  GeoFor   10.49%    failed      0.00%
  25  HalAlb    3.62%    failed      0.00%
  26  HalLeu    1.43%    failed      0.00%
  27  LepDis    2.91%    failed      0.00%
  28  ManVit    6.46%    failed      0.00%
  29  MelGal   10.09%    failed      0.14%
  30  MelUnd    6.00%    passed     12.44%
  31  MerNub    6.47%    failed      0.00%
  32  MesUni    5.18%    failed      0.00%
  33  NesNot    4.68%    passed     65.68%
  34  NipNip    2.39%    failed      0.00%
  35  OpiHoa    2.89%    failed      0.00%
  36  PelCri    2.24%    failed      0.00%
  37  PhaCar    4.20%    failed      0.00%
  38  PhaLep    2.55%    failed      0.00%
  39  PhoRub    2.23%    passed     57.08%
  40  PicPub   14.73%    failed      0.00%
  41  PodCri    3.54%    failed      0.00%
  42  PteGut    4.22%    passed     32.95%
  43  PygAde    3.10%    failed      0.00%
  44  StrCam   12.33%    failed      0.00%
  45  TaeGut   11.00%    failed      0.00%
  46  TauEry    2.88%    failed      0.00%
  47  TinGut   30.91%    failed      0.00%
  48  TytAlb    4.38%    failed      0.00%
****  TOTAL     5.87%  42 sequences failed composition chi2 test (p-value<5%; df=3)
Reading tree Jarvis_Renamed.nwk ...
rooted tree with 48 taxa and 95 branches
Computing site concordance factor...
52.854 sec
Tree with concordance factors written to concord_M8_intron.cf.tree
Tree with branch IDs written to concord_M8_intron.cf.branch
Concordance factors per branch printed to concord_M8_intron.cf.stat
Date and Time: Fri Nov 15 18:24:34 2019
