IQ-TREE multicore version 1.7-beta16 for Linux 64-bit built Sep 24 2019
Developed by Bui Quang Minh, Nguyen Lam Tung, Olga Chernomor,
Heiko Schmidt, Dominik Schrempf, Michael Woodhams.

Host:    n056.cluster.com (AVX, 125 GB RAM)
Command: iqtree -t Jarvis_Renamed.nwk -s M9_gene --scf 500 --prefix concord_M9_gene -nt 20
Seed:    119840 (Using SPRNG - Scalable Parallel Random Number Generator)
Time:    Fri Nov 15 18:27:57 2019
Kernel:  AVX - 20 threads (20 CPU cores detected)

Reading alignment file M9_gene ... Phylip format detected
Alignment most likely contains DNA/RNA sequences
Alignment has 48 sequences with 1390837 columns, 1226210 distinct patterns
1390837 parsimony-informative, 0 singleton sites, 0 constant sites
        Gap/Ambiguity  Composition  p-value
   1  AcaChl    7.97%    failed      0.00%
   2  AnaPla    8.44%    failed      1.99%
   3  AntCar    5.60%    failed      0.00%
   4  ApaVit    6.40%    failed      0.00%
   5  AptFor    3.78%    failed      0.00%
   6  BalReg    2.88%    failed      0.00%
   7  BucRhi    6.61%    failed      0.00%
   8  CalAnn    8.51%    failed      0.00%
   9  CarCri    3.78%    failed      0.00%
  10  CatAur    7.68%    failed      0.00%
  11  ChaPel    5.89%    failed      0.00%
  12  ChaVoc    2.46%    failed      0.00%
  13  ChlMac    3.94%    passed     77.46%
  14  ColLiv    5.25%    failed      0.00%
  15  ColStr    8.00%    failed      0.00%
  16  CorBra    7.63%    failed      0.00%
  17  CucCan    5.69%    failed      0.00%
  18  EgrGar    2.62%    passed     74.81%
  19  EurHel    5.11%    failed      0.00%
  20  FalPer    4.78%    failed      0.00%
  21  FulGla    2.27%    failed      0.00%
  22  GalGal    5.34%    failed      0.00%
  23  GavSte    2.95%    failed      0.00%
  24  GeoFor   11.08%    failed      0.00%
  25  HalAlb    4.07%    failed      0.00%
  26  HalLeu    1.50%    failed      0.00%
  27  LepDis    2.99%    failed      0.00%
  28  ManVit    7.19%    failed      0.00%
  29  MelGal    9.44%    passed     89.85%
  30  MelUnd    6.04%    failed      0.01%
  31  MerNub    6.86%    failed      0.00%
  32  MesUni    5.20%    failed      0.00%
  33  NesNot    4.78%    passed     97.92%
  34  NipNip    2.54%    failed      0.00%
  35  OpiHoa    3.22%    failed      0.00%
  36  PelCri    2.34%    failed      0.00%
  37  PhaCar    4.34%    failed      0.00%
  38  PhaLep    2.55%    failed      0.00%
  39  PhoRub    2.38%    failed      0.51%
  40  PicPub   14.26%    failed      0.00%
  41  PodCri    3.61%    failed      0.00%
  42  PteGut    4.42%    failed      0.91%
  43  PygAde    3.15%    failed      0.00%
  44  StrCam   11.39%    failed      0.00%
  45  TaeGut   11.22%    failed      0.00%
  46  TauEry    3.00%    failed      0.00%
  47  TinGut   28.93%    failed      0.00%
  48  TytAlb    4.66%    failed      0.00%
****  TOTAL     5.93%  44 sequences failed composition chi2 test (p-value<5%; df=3)
Reading tree Jarvis_Renamed.nwk ...
rooted tree with 48 taxa and 95 branches
Computing site concordance factor...
66.531 sec
Tree with concordance factors written to concord_M9_gene.cf.tree
Tree with branch IDs written to concord_M9_gene.cf.branch
Concordance factors per branch printed to concord_M9_gene.cf.stat
Date and Time: Fri Nov 15 18:29:12 2019
