IQ-TREE multicore version 1.7-beta16 for Linux 64-bit built Sep 24 2019
Developed by Bui Quang Minh, Nguyen Lam Tung, Olga Chernomor,
Heiko Schmidt, Dominik Schrempf, Michael Woodhams.

Host:    n056.cluster.com (AVX, 125 GB RAM)
Command: iqtree -t Jarvis_Renamed.nwk -s M4_intergenic --scf 500 --prefix concord_M4_intergenic -nt 20
Seed:    265775 (Using SPRNG - Scalable Parallel Random Number Generator)
Time:    Fri Nov 15 17:59:12 2019
Kernel:  AVX - 20 threads (20 CPU cores detected)

Reading alignment file M4_intergenic ... Phylip format detected
Alignment most likely contains DNA/RNA sequences
Alignment has 48 sequences with 944291 columns, 798153 distinct patterns
944291 parsimony-informative, 0 singleton sites, 0 constant sites
        Gap/Ambiguity  Composition  p-value
   1  AcaChl    3.52%    failed      0.00%
   2  AnaPla    4.92%    failed      0.01%
   3  AntCar    4.18%    failed      0.00%
   4  ApaVit    3.09%    passed     82.48%
   5  AptFor    2.29%    failed      0.00%
   6  BalReg    1.76%    failed      0.00%
   7  BucRhi    3.53%    failed      0.00%
   8  CalAnn    4.98%    failed      0.00%
   9  CarCri    2.13%    failed      0.00%
  10  CatAur    5.85%    failed      0.00%
  11  ChaPel    3.74%    failed      0.00%
  12  ChaVoc    1.67%    failed      3.93%
  13  ChlMac    2.12%    failed      0.00%
  14  ColLiv    3.07%    passed     53.81%
  15  ColStr    4.38%    failed      0.00%
  16  CorBra    2.97%    failed      0.00%
  17  CucCan    3.52%    failed      0.00%
  18  EgrGar    1.63%    failed      0.00%
  19  EurHel    2.67%    failed      0.00%
  20  FalPer    2.53%    failed      0.00%
  21  FulGla    1.49%    failed      0.00%
  22  GalGal    4.06%    failed      0.00%
  23  GavSte    1.88%    failed      0.01%
  24  GeoFor    4.57%    failed      0.00%
  25  HalAlb    2.31%    failed      1.83%
  26  HalLeu    0.84%    failed      0.02%
  27  LepDis    1.85%    failed      0.00%
  28  ManVit    3.14%    failed      0.06%
  29  MelGal    5.16%    failed      0.00%
  30  MelUnd    3.85%    failed      1.16%
  31  MerNub    3.62%    failed      0.00%
  32  MesUni    2.80%    failed      0.38%
  33  NesNot    2.70%    passed     41.20%
  34  NipNip    1.93%    failed      0.00%
  35  OpiHoa    1.83%    failed      0.00%
  36  PelCri    1.48%    failed      0.00%
  37  PhaCar    2.48%    failed      0.00%
  38  PhaLep    1.68%    passed     90.55%
  39  PhoRub    1.62%    failed      0.00%
  40  PicPub   10.49%    failed      0.00%
  41  PodCri    2.09%    failed      0.00%
  42  PteGut    2.45%    passed     77.56%
  43  PygAde    2.50%    failed      0.00%
  44  StrCam    5.49%    failed      0.00%
  45  TaeGut    5.57%    failed      0.00%
  46  TauEry    1.58%    failed      0.00%
  47  TinGut   18.90%    passed     23.46%
  48  TytAlb    2.65%    failed      0.00%
****  TOTAL     3.45%  42 sequences failed composition chi2 test (p-value<5%; df=3)
Reading tree Jarvis_Renamed.nwk ...
rooted tree with 48 taxa and 95 branches
Computing site concordance factor...
47.250 sec
Tree with concordance factors written to concord_M4_intergenic.cf.tree
Tree with branch IDs written to concord_M4_intergenic.cf.branch
Concordance factors per branch printed to concord_M4_intergenic.cf.stat
Date and Time: Fri Nov 15 18:00:04 2019
