IQ-TREE multicore version 1.7-beta16 for Linux 64-bit built Sep 24 2019
Developed by Bui Quang Minh, Nguyen Lam Tung, Olga Chernomor,
Heiko Schmidt, Dominik Schrempf, Michael Woodhams.

Host:    n056.cluster.com (AVX, 125 GB RAM)
Command: iqtree -t Jarvis_Renamed.nwk -s M18_intron --scf 500 --prefix concord_M18_intron -nt 20
Seed:    57580 (Using SPRNG - Scalable Parallel Random Number Generator)
Time:    Fri Nov 15 16:58:28 2019
Kernel:  AVX - 20 threads (20 CPU cores detected)

Reading alignment file M18_intron ... Phylip format detected
Alignment most likely contains DNA/RNA sequences
Alignment has 48 sequences with 1179918 columns, 1076688 distinct patterns
1179918 parsimony-informative, 0 singleton sites, 0 constant sites
        Gap/Ambiguity  Composition  p-value
   1  AcaChl   13.50%    failed      0.00%
   2  AnaPla   13.40%    failed      0.03%
   3  AntCar    7.78%    failed      0.00%
   4  ApaVit   10.81%    failed      0.00%
   5  AptFor    5.32%    failed      0.00%
   6  BalReg    4.61%    failed      0.00%
   7  BucRhi   11.06%    failed      0.00%
   8  CalAnn   14.69%    failed      0.00%
   9  CarCri    5.78%    failed      0.00%
  10  CatAur    9.49%    failed      0.00%
  11  ChaPel   10.02%    failed      0.00%
  12  ChaVoc    3.60%    passed     65.09%
  13  ChlMac    6.77%    failed      0.03%
  14  ColLiv    8.67%    failed      0.00%
  15  ColStr   13.28%    failed      0.00%
  16  CorBra   13.69%    failed      0.00%
  17  CucCan    9.66%    failed      0.00%
  18  EgrGar    4.28%    failed      0.00%
  19  EurHel    8.36%    failed      0.00%
  20  FalPer    7.59%    failed      0.00%
  21  FulGla    3.43%    failed      0.00%
  22  GalGal    6.52%    failed      0.00%
  23  GavSte    4.43%    failed      0.00%
  24  GeoFor   18.27%    failed      0.00%
  25  HalAlb    5.73%    failed      0.00%
  26  HalLeu    2.53%    failed      0.00%
  27  LepDis    4.82%    failed      0.10%
  28  ManVit   11.91%    failed      0.00%
  29  MelGal   14.91%    passed     68.71%
  30  MelUnd    9.67%    passed      5.20%
  31  MerNub   10.95%    failed      0.00%
  32  MesUni    8.64%    failed      0.00%
  33  NesNot    8.31%    passed     43.23%
  34  NipNip    3.49%    failed      0.00%
  35  OpiHoa    4.83%    failed      0.00%
  36  PelCri    3.63%    failed      0.00%
  37  PhaCar    6.88%    failed      0.00%
  38  PhaLep    4.35%    failed      0.00%
  39  PhoRub    3.66%    failed      0.01%
  40  PicPub   21.30%    failed      0.00%
  41  PodCri    6.01%    failed      0.00%
  42  PteGut    7.48%    passed      7.22%
  43  PygAde    4.13%    failed      0.00%
  44  StrCam   18.79%    failed      0.00%
  45  TaeGut   18.29%    failed      0.00%
  46  TauEry    5.22%    failed      0.00%
  47  TinGut   38.29%    failed      0.06%
  48  TytAlb    7.28%    failed      0.00%
****  TOTAL     9.29%  43 sequences failed composition chi2 test (p-value<5%; df=3)
Reading tree Jarvis_Renamed.nwk ...
rooted tree with 48 taxa and 95 branches
Computing site concordance factor...
52.009 sec
Tree with concordance factors written to concord_M18_intron.cf.tree
Tree with branch IDs written to concord_M18_intron.cf.branch
Concordance factors per branch printed to concord_M18_intron.cf.stat
Date and Time: Fri Nov 15 16:59:27 2019
