IQ-TREE multicore version 1.7-beta16 for Linux 64-bit built Sep 24 2019
Developed by Bui Quang Minh, Nguyen Lam Tung, Olga Chernomor,
Heiko Schmidt, Dominik Schrempf, Michael Woodhams.

Host:    n056.cluster.com (AVX, 125 GB RAM)
Command: iqtree -t Jarvis_Renamed.nwk -s M17_three_prime_UTR --scf 500 --prefix concord_M17_three_prime_UTR -nt 20
Seed:    159429 (Using SPRNG - Scalable Parallel Random Number Generator)
Time:    Fri Nov 15 16:52:16 2019
Kernel:  AVX - 20 threads (20 CPU cores detected)

Reading alignment file M17_three_prime_UTR ... Phylip format detected
Alignment most likely contains DNA/RNA sequences
Alignment has 48 sequences with 65152 columns, 61528 distinct patterns
65152 parsimony-informative, 0 singleton sites, 0 constant sites
        Gap/Ambiguity  Composition  p-value
   1  AcaChl   11.76%    failed      0.00%
   2  AnaPla    9.66%    failed      0.00%
   3  AntCar    6.91%    failed      0.00%
   4  ApaVit    8.29%    failed      0.04%
   5  AptFor    5.12%    failed      0.00%
   6  BalReg    4.35%    failed      0.00%
   7  BucRhi   10.56%    failed      0.00%
   8  CalAnn    9.04%    passed      7.34%
   9  CarCri    4.76%    failed      0.00%
  10  CatAur    6.50%    failed      0.00%
  11  ChaPel    6.49%    passed     29.65%
  12  ChaVoc    2.78%    failed      0.00%
  13  ChlMac    5.33%    passed     74.38%
  14  ColLiv    6.41%    failed      0.02%
  15  ColStr   12.31%    failed      0.00%
  16  CorBra   10.18%    failed      0.00%
  17  CucCan    6.84%    passed     27.87%
  18  EgrGar    3.80%    passed     91.17%
  19  EurHel   10.47%    failed      0.00%
  20  FalPer    6.05%    failed      0.00%
  21  FulGla    2.87%    failed      0.00%
  22  GalGal    5.92%    failed      1.28%
  23  GavSte    3.83%    failed      0.00%
  24  GeoFor   12.89%    failed      0.00%
  25  HalAlb    4.88%    failed      0.00%
  26  HalLeu    2.04%    failed      0.00%
  27  LepDis    4.37%    passed     50.38%
  28  ManVit   10.07%    failed      0.00%
  29  MelGal    8.91%    passed     74.50%
  30  MelUnd    7.33%    failed      0.00%
  31  MerNub   10.45%    failed      0.00%
  32  MesUni    7.10%    failed      0.00%
  33  NesNot    6.65%    failed      0.15%
  34  NipNip    3.48%    failed      0.00%
  35  OpiHoa    4.37%    failed      0.00%
  36  PelCri    3.64%    failed      0.00%
  37  PhaCar    6.18%    passed     13.73%
  38  PhaLep    3.40%    failed      0.00%
  39  PhoRub    3.43%    passed      8.36%
  40  PicPub   19.95%    failed      0.00%
  41  PodCri    5.21%    failed      3.84%
  42  PteGut    5.32%    failed      0.00%
  43  PygAde    4.67%    failed      0.00%
  44  StrCam   10.16%    failed      0.00%
  45  TaeGut   12.91%    failed      0.00%
  46  TauEry    4.29%    passed     59.38%
  47  TinGut   23.79%    failed      0.00%
  48  TytAlb    6.16%    failed      0.00%
****  TOTAL     7.33%  38 sequences failed composition chi2 test (p-value<5%; df=3)
Reading tree Jarvis_Renamed.nwk ...
rooted tree with 48 taxa and 95 branches
Computing site concordance factor...
1.867 sec
Tree with concordance factors written to concord_M17_three_prime_UTR.cf.tree
Tree with branch IDs written to concord_M17_three_prime_UTR.cf.branch
Concordance factors per branch printed to concord_M17_three_prime_UTR.cf.stat
Date and Time: Fri Nov 15 16:52:18 2019
