IQ-TREE multicore version 1.7-beta16 for Linux 64-bit built Sep 24 2019
Developed by Bui Quang Minh, Nguyen Lam Tung, Olga Chernomor,
Heiko Schmidt, Dominik Schrempf, Michael Woodhams.

Host:    n056.cluster.com (AVX, 125 GB RAM)
Command: iqtree -t Jarvis_Renamed.nwk -s M1_three_prime_UTR --scf 500 --prefix concord_M1_three_prime_UTR -nt 20
Seed:    605673 (Using SPRNG - Scalable Parallel Random Number Generator)
Time:    Fri Nov 15 17:09:36 2019
Kernel:  AVX - 20 threads (20 CPU cores detected)

Reading alignment file M1_three_prime_UTR ... Phylip format detected
Alignment most likely contains DNA/RNA sequences
Alignment has 48 sequences with 25585 columns, 21995 distinct patterns
25585 parsimony-informative, 0 singleton sites, 0 constant sites
        Gap/Ambiguity  Composition  p-value
   1  AcaChl    1.14%    failed      0.00%
   2  AnaPla    1.47%    failed      0.09%
   3  AntCar    1.63%    failed      0.89%
   4  ApaVit    0.99%    passed      7.39%
   5  AptFor    0.61%    passed      9.88%
   6  BalReg    0.67%    failed      0.03%
   7  BucRhi    1.11%    failed      0.00%
   8  CalAnn    0.93%    passed     46.32%
   9  CarCri    0.60%    failed      1.64%
  10  CatAur    1.42%    failed      0.02%
  11  ChaPel    0.86%    passed     42.95%
  12  ChaVoc    0.74%    failed      2.03%
  13  ChlMac    0.61%    passed     89.79%
  14  ColLiv    0.98%    passed     62.67%
  15  ColStr    1.36%    failed      0.00%
  16  CorBra    0.64%    passed     56.89%
  17  CucCan    1.03%    passed     46.24%
  18  EgrGar    0.70%    passed     90.53%
  19  EurHel    1.50%    failed      0.00%
  20  FalPer    0.84%    failed      1.00%
  21  FulGla    0.58%    failed      0.00%
  22  GalGal    1.75%    passed      9.04%
  23  GavSte    0.70%    failed      0.02%
  24  GeoFor    0.81%    failed      1.20%
  25  HalAlb    0.73%    failed      0.01%
  26  HalLeu    0.35%    failed      0.00%
  27  LepDis    0.69%    passed     78.22%
  28  ManVit    0.86%    passed     23.58%
  29  MelGal    1.09%    passed     62.71%
  30  MelUnd    1.15%    failed      0.88%
  31  MerNub    1.34%    failed      0.01%
  32  MesUni    0.93%    failed      4.41%
  33  NesNot    0.84%    passed     12.41%
  34  NipNip    0.98%    failed      2.65%
  35  OpiHoa    0.82%    passed      7.70%
  36  PelCri    0.68%    failed      0.97%
  37  PhaCar    0.59%    passed     82.14%
  38  PhaLep    0.54%    failed      0.50%
  39  PhoRub    0.53%    passed     12.02%
  40  PicPub    4.73%    failed      0.00%
  41  PodCri    0.81%    passed     27.34%
  42  PteGut    0.75%    failed      2.12%
  43  PygAde    1.29%    passed      7.07%
  44  StrCam    0.93%    failed      0.00%
  45  TaeGut    1.18%    passed     13.45%
  46  TauEry    0.50%    passed     94.58%
  47  TinGut    5.98%    failed      2.72%
  48  TytAlb    0.81%    failed      0.01%
****  TOTAL     1.10%  27 sequences failed composition chi2 test (p-value<5%; df=3)
Reading tree Jarvis_Renamed.nwk ...
rooted tree with 48 taxa and 95 branches
Computing site concordance factor...
0.494 sec
Tree with concordance factors written to concord_M1_three_prime_UTR.cf.tree
Tree with branch IDs written to concord_M1_three_prime_UTR.cf.branch
Concordance factors per branch printed to concord_M1_three_prime_UTR.cf.stat
Date and Time: Fri Nov 15 17:09:37 2019
