IQ-TREE multicore version 1.7-beta16 for Linux 64-bit built Sep 24 2019
Developed by Bui Quang Minh, Nguyen Lam Tung, Olga Chernomor,
Heiko Schmidt, Dominik Schrempf, Michael Woodhams.

Host:    n056.cluster.com (AVX, 125 GB RAM)
Command: iqtree -t Jarvis_Renamed.nwk -s M19_gene --scf 500 --prefix concord_M19_gene -nt 20
Seed:    628550 (Using SPRNG - Scalable Parallel Random Number Generator)
Time:    Fri Nov 15 17:03:12 2019
Kernel:  AVX - 20 threads (20 CPU cores detected)

Reading alignment file M19_gene ... Phylip format detected
Alignment most likely contains DNA/RNA sequences
Alignment has 48 sequences with 1607390 columns, 1442743 distinct patterns
1607390 parsimony-informative, 0 singleton sites, 0 constant sites
        Gap/Ambiguity  Composition  p-value
   1  AcaChl   13.00%    failed      0.00%
   2  AnaPla   12.28%    failed      0.04%
   3  AntCar    7.79%    failed      0.00%
   4  ApaVit   10.50%    failed      0.00%
   5  AptFor    5.43%    failed      0.00%
   6  BalReg    4.59%    failed      0.00%
   7  BucRhi   10.45%    failed      0.00%
   8  CalAnn   13.25%    failed      0.00%
   9  CarCri    5.87%    failed      0.00%
  10  CatAur    9.76%    failed      0.00%
  11  ChaPel    9.27%    failed      0.00%
  12  ChaVoc    3.56%    failed      0.00%
  13  ChlMac    6.62%    passed     54.94%
  14  ColLiv    8.15%    failed      0.00%
  15  ColStr   12.65%    failed      0.00%
  16  CorBra   12.95%    failed      0.00%
  17  CucCan    8.92%    failed      0.00%
  18  EgrGar    4.17%    passed      6.19%
  19  EurHel    8.19%    failed      0.00%
  20  FalPer    7.50%    failed      0.00%
  21  FulGla    3.48%    failed      0.00%
  22  GalGal    6.32%    failed      0.00%
  23  GavSte    4.46%    failed      0.00%
  24  GeoFor   17.31%    failed      0.00%
  25  HalAlb    6.12%    failed      0.00%
  26  HalLeu    2.56%    failed      0.00%
  27  LepDis    4.75%    failed      0.11%
  28  ManVit   11.87%    failed      0.00%
  29  MelGal   13.15%    passed     36.08%
  30  MelUnd    9.11%    failed      0.00%
  31  MerNub   10.74%    failed      0.00%
  32  MesUni    8.28%    failed      0.00%
  33  NesNot    7.97%    passed     92.44%
  34  NipNip    3.53%    failed      0.00%
  35  OpiHoa    4.90%    failed      0.00%
  36  PelCri    3.71%    failed      0.00%
  37  PhaCar    6.81%    failed      0.00%
  38  PhaLep    4.20%    failed      0.00%
  39  PhoRub    3.78%    passed     78.95%
  40  PicPub   19.53%    failed      0.00%
  41  PodCri    5.86%    failed      0.00%
  42  PteGut    7.35%    failed      2.46%
  43  PygAde    4.08%    failed      0.00%
  44  StrCam   16.39%    failed      0.00%
  45  TaeGut   17.01%    failed      0.00%
  46  TauEry    5.13%    failed      0.00%
  47  TinGut   34.58%    failed      0.00%
  48  TytAlb    7.33%    failed      0.00%
****  TOTAL     8.86%  43 sequences failed composition chi2 test (p-value<5%; df=3)
Reading tree Jarvis_Renamed.nwk ...
rooted tree with 48 taxa and 95 branches
Computing site concordance factor...
75.773 sec
Tree with concordance factors written to concord_M19_gene.cf.tree
Tree with branch IDs written to concord_M19_gene.cf.branch
Concordance factors per branch printed to concord_M19_gene.cf.stat
Date and Time: Fri Nov 15 17:04:38 2019
