IQ-TREE multicore version 1.7-beta16 for Linux 64-bit built Sep 24 2019
Developed by Bui Quang Minh, Nguyen Lam Tung, Olga Chernomor,
Heiko Schmidt, Dominik Schrempf, Michael Woodhams.

Host:    n056.cluster.com (AVX, 125 GB RAM)
Command: iqtree -t Jarvis_Renamed.nwk -s M1_gene --scf 500 --prefix concord_M1_gene -nt 20
Seed:    37540 (Using SPRNG - Scalable Parallel Random Number Generator)
Time:    Fri Nov 15 17:08:23 2019
Kernel:  AVX - 20 threads (20 CPU cores detected)

Reading alignment file M1_gene ... Phylip format detected
Alignment most likely contains DNA/RNA sequences
Alignment has 48 sequences with 545779 columns, 387767 distinct patterns
545779 parsimony-informative, 0 singleton sites, 0 constant sites
        Gap/Ambiguity  Composition  p-value
   1  AcaChl    1.00%    failed      0.00%
   2  AnaPla    1.47%    passed     94.47%
   3  AntCar    1.73%    failed      0.00%
   4  ApaVit    0.95%    failed      0.00%
   5  AptFor    0.73%    failed      0.00%
   6  BalReg    0.68%    failed      0.00%
   7  BucRhi    1.08%    failed      0.00%
   8  CalAnn    1.04%    passed     32.66%
   9  CarCri    0.70%    failed      0.00%
  10  CatAur    2.50%    failed      0.00%
  11  ChaPel    1.00%    failed      0.00%
  12  ChaVoc    0.76%    failed      0.00%
  13  ChlMac    0.66%    passed     45.01%
  14  ColLiv    1.13%    failed      0.00%
  15  ColStr    1.11%    passed     30.19%
  16  CorBra    0.65%    failed      0.00%
  17  CucCan    1.08%    failed      0.00%
  18  EgrGar    0.65%    failed      0.00%
  19  EurHel    0.97%    failed      0.00%
  20  FalPer    0.82%    failed      0.00%
  21  FulGla    0.58%    failed      0.00%
  22  GalGal    1.89%    failed      0.00%
  23  GavSte    0.69%    failed      0.00%
  24  GeoFor    0.93%    failed      0.00%
  25  HalAlb    0.83%    failed      0.00%
  26  HalLeu    0.31%    failed      0.00%
  27  LepDis    0.69%    failed      0.00%
  28  ManVit    1.00%    failed      0.00%
  29  MelGal    1.14%    failed      0.00%
  30  MelUnd    1.23%    passed     83.56%
  31  MerNub    1.21%    failed      0.00%
  32  MesUni    0.90%    failed      0.00%
  33  NesNot    0.77%    passed     85.44%
  34  NipNip    0.87%    failed      0.00%
  35  OpiHoa    0.84%    failed      0.00%
  36  PelCri    0.56%    failed      0.00%
  37  PhaCar    0.79%    failed      0.00%
  38  PhaLep    0.56%    failed      0.00%
  39  PhoRub    0.59%    failed      0.00%
  40  PicPub    2.78%    failed      0.00%
  41  PodCri    0.70%    failed      0.00%
  42  PteGut    0.71%    failed      0.06%
  43  PygAde    1.04%    failed      0.00%
  44  StrCam    1.03%    failed      0.00%
  45  TaeGut    1.34%    failed      0.00%
  46  TauEry    0.54%    passed     90.14%
  47  TinGut    7.93%    failed      0.00%
  48  TytAlb    0.80%    failed      0.00%
****  TOTAL     1.12%  41 sequences failed composition chi2 test (p-value<5%; df=3)
Reading tree Jarvis_Renamed.nwk ...
rooted tree with 48 taxa and 95 branches
Computing site concordance factor...
23.515 sec
Tree with concordance factors written to concord_M1_gene.cf.tree
Tree with branch IDs written to concord_M1_gene.cf.branch
Concordance factors per branch printed to concord_M1_gene.cf.stat
Date and Time: Fri Nov 15 17:08:49 2019
