IQ-TREE multicore version 1.7-beta16 for Linux 64-bit built Sep 24 2019
Developed by Bui Quang Minh, Nguyen Lam Tung, Olga Chernomor,
Heiko Schmidt, Dominik Schrempf, Michael Woodhams.

Host:    n056.cluster.com (AVX, 125 GB RAM)
Command: iqtree -t Jarvis_Renamed.nwk -s M16_CDS --scf 500 --prefix concord_M16_CDS -nt 20
Seed:    936031 (Using SPRNG - Scalable Parallel Random Number Generator)
Time:    Fri Nov 15 16:40:19 2019
Kernel:  AVX - 20 threads (20 CPU cores detected)

Reading alignment file M16_CDS ... Phylip format detected
Alignment most likely contains DNA/RNA sequences
Alignment has 48 sequences with 265189 columns, 240549 distinct patterns
265189 parsimony-informative, 0 singleton sites, 0 constant sites
        Gap/Ambiguity  Composition  p-value
   1  AcaChl    8.39%    failed      0.00%
   2  AnaPla    5.72%    passed     88.95%
   3  AntCar    6.35%    failed      0.00%
   4  ApaVit    7.15%    failed      0.00%
   5  AptFor    4.98%    failed      0.00%
   6  BalReg    3.36%    failed      0.00%
   7  BucRhi    5.31%    failed      0.00%
   8  CalAnn    4.69%    failed      3.14%
   9  CarCri    4.89%    failed      0.00%
  10  CatAur   10.35%    failed      0.00%
  11  ChaPel    4.20%    failed      0.00%
  12  ChaVoc    2.69%    failed      0.00%
  13  ChlMac    4.35%    failed      0.00%
  14  ColLiv    4.37%    failed      0.00%
  15  ColStr    7.35%    failed      0.00%
  16  CorBra    7.62%    failed      0.00%
  17  CucCan    4.01%    failed      0.00%
  18  EgrGar    2.52%    failed      0.00%
  19  EurHel    5.24%    failed      0.00%
  20  FalPer    5.81%    failed      0.00%
  21  FulGla    2.88%    failed      0.00%
  22  GalGal    4.96%    failed      4.70%
  23  GavSte    3.70%    failed      0.00%
  24  GeoFor   10.78%    failed      0.00%
  25  HalAlb    6.65%    failed      0.00%
  26  HalLeu    1.97%    failed      0.00%
  27  LepDis    3.25%    passed     20.69%
  28  ManVit    9.63%    failed      0.00%
  29  MelGal    4.31%    failed      0.00%
  30  MelUnd    5.33%    failed      0.00%
  31  MerNub    7.26%    failed      0.00%
  32  MesUni    4.78%    failed      0.00%
  33  NesNot    4.73%    failed      0.00%
  34  NipNip    3.02%    failed      0.00%
  35  OpiHoa    4.29%    failed      0.00%
  36  PelCri    2.98%    failed      0.00%
  37  PhaCar    5.04%    failed      0.00%
  38  PhaLep    2.59%    failed      0.00%
  39  PhoRub    3.25%    failed      0.00%
  40  PicPub    8.15%    failed      0.00%
  41  PodCri    3.81%    failed      0.00%
  42  PteGut    5.32%    failed      0.00%
  43  PygAde    3.21%    failed      0.00%
  44  StrCam    3.91%    failed      0.00%
  45  TaeGut    9.12%    failed      0.00%
  46  TauEry    3.40%    passed     48.66%
  47  TinGut   16.04%    failed      0.00%
  48  TytAlb    6.12%    failed      0.00%
****  TOTAL     5.41%  45 sequences failed composition chi2 test (p-value<5%; df=3)
Reading tree Jarvis_Renamed.nwk ...
rooted tree with 48 taxa and 95 branches
Computing site concordance factor...
14.995 sec
Tree with concordance factors written to concord_M16_CDS.cf.tree
Tree with branch IDs written to concord_M16_CDS.cf.branch
Concordance factors per branch printed to concord_M16_CDS.cf.stat
Date and Time: Fri Nov 15 16:40:36 2019
