IQ-TREE multicore version 1.7-beta16 for Linux 64-bit built Sep 24 2019
Developed by Bui Quang Minh, Nguyen Lam Tung, Olga Chernomor,
Heiko Schmidt, Dominik Schrempf, Michael Woodhams.

Host:    n056.cluster.com (AVX, 125 GB RAM)
Command: iqtree -t Jarvis_Renamed.nwk -s M21_gene --scf 500 --prefix concord_M21_gene -nt 20
Seed:    806681 (Using SPRNG - Scalable Parallel Random Number Generator)
Time:    Fri Nov 15 17:20:35 2019
Kernel:  AVX - 20 threads (20 CPU cores detected)

Reading alignment file M21_gene ... Phylip format detected
Alignment most likely contains DNA/RNA sequences
Alignment has 48 sequences with 1624031 columns, 1459378 distinct patterns
1624031 parsimony-informative, 0 singleton sites, 0 constant sites
        Gap/Ambiguity  Composition  p-value
   1  AcaChl   13.52%    failed      0.00%
   2  AnaPla   12.62%    failed      0.04%
   3  AntCar    8.12%    failed      0.00%
   4  ApaVit   11.00%    failed      0.00%
   5  AptFor    5.63%    failed      0.00%
   6  BalReg    4.85%    failed      0.00%
   7  BucRhi   10.90%    failed      0.00%
   8  CalAnn   13.72%    failed      0.00%
   9  CarCri    6.17%    failed      0.00%
  10  CatAur   10.02%    failed      0.00%
  11  ChaPel    9.67%    failed      0.00%
  12  ChaVoc    3.76%    failed      0.00%
  13  ChlMac    6.99%    passed     51.16%
  14  ColLiv    8.54%    failed      0.00%
  15  ColStr   13.18%    failed      0.00%
  16  CorBra   13.48%    failed      0.00%
  17  CucCan    9.30%    failed      0.00%
  18  EgrGar    4.42%    failed      3.27%
  19  EurHel    8.59%    failed      0.00%
  20  FalPer    7.86%    failed      0.00%
  21  FulGla    3.68%    failed      0.00%
  22  GalGal    6.42%    failed      0.00%
  23  GavSte    4.70%    failed      0.00%
  24  GeoFor   17.87%    failed      0.00%
  25  HalAlb    6.40%    failed      0.00%
  26  HalLeu    2.75%    failed      0.00%
  27  LepDis    5.02%    failed      0.33%
  28  ManVit   12.38%    failed      0.00%
  29  MelGal   13.41%    passed     26.13%
  30  MelUnd    9.49%    failed      0.00%
  31  MerNub   11.21%    failed      0.00%
  32  MesUni    8.68%    failed      0.00%
  33  NesNot    8.39%    passed     91.31%
  34  NipNip    3.71%    failed      0.00%
  35  OpiHoa    5.15%    failed      0.00%
  36  PelCri    3.95%    failed      0.00%
  37  PhaCar    7.15%    failed      0.00%
  38  PhaLep    4.46%    failed      0.00%
  39  PhoRub    4.00%    passed     77.47%
  40  PicPub   20.02%    failed      0.00%
  41  PodCri    6.20%    failed      0.00%
  42  PteGut    7.75%    failed      2.14%
  43  PygAde    4.22%    failed      0.00%
  44  StrCam   16.83%    failed      0.00%
  45  TaeGut   17.52%    failed      0.00%
  46  TauEry    5.45%    failed      0.00%
  47  TinGut   35.00%    failed      0.00%
  48  TytAlb    7.71%    failed      0.00%
****  TOTAL     9.21%  44 sequences failed composition chi2 test (p-value<5%; df=3)
Reading tree Jarvis_Renamed.nwk ...
rooted tree with 48 taxa and 95 branches
Computing site concordance factor...
77.527 sec
Tree with concordance factors written to concord_M21_gene.cf.tree
Tree with branch IDs written to concord_M21_gene.cf.branch
Concordance factors per branch printed to concord_M21_gene.cf.stat
Date and Time: Fri Nov 15 17:22:03 2019
