IQ-TREE multicore version 1.7-beta16 for Linux 64-bit built Sep 24 2019
Developed by Bui Quang Minh, Nguyen Lam Tung, Olga Chernomor,
Heiko Schmidt, Dominik Schrempf, Michael Woodhams.

Host:    n056.cluster.com (AVX, 125 GB RAM)
Command: iqtree -t Jarvis_Renamed.nwk -s M14_genic_other --scf 500 --prefix concord_M14_genic_other -nt 20
Seed:    434604 (Using SPRNG - Scalable Parallel Random Number Generator)
Time:    Fri Nov 15 16:26:54 2019
Kernel:  AVX - 20 threads (20 CPU cores detected)

Reading alignment file M14_genic_other ... Phylip format detected
Alignment most likely contains DNA/RNA sequences
Alignment has 48 sequences with 94224 columns, 90910 distinct patterns
94224 parsimony-informative, 0 singleton sites, 0 constant sites
        Gap/Ambiguity  Composition  p-value
   1  AcaChl   12.15%    failed      0.01%
   2  AnaPla   12.70%    failed      0.08%
   3  AntCar    7.56%    failed      0.00%
   4  ApaVit    9.75%    passed      7.94%
   5  AptFor    4.89%    failed      0.07%
   6  BalReg    4.09%    failed      0.01%
   7  BucRhi   10.28%    failed      0.00%
   8  CalAnn   14.20%    failed      4.68%
   9  CarCri    5.58%    failed      1.09%
  10  CatAur    9.20%    failed      0.00%
  11  ChaPel    9.60%    failed      0.11%
  12  ChaVoc    3.33%    passed     88.22%
  13  ChlMac    6.28%    passed     43.84%
  14  ColLiv    7.68%    passed     56.60%
  15  ColStr   12.30%    failed      0.00%
  16  CorBra   11.89%    failed      0.00%
  17  CucCan    9.15%    passed     66.68%
  18  EgrGar    4.11%    passed     13.34%
  19  EurHel    6.98%    failed      0.00%
  20  FalPer    6.58%    failed      1.61%
  21  FulGla    3.11%    failed      0.05%
  22  GalGal    6.20%    failed      0.00%
  23  GavSte    3.88%    passed      8.80%
  24  GeoFor   17.57%    failed      0.00%
  25  HalAlb    5.37%    failed      1.99%
  26  HalLeu    2.11%    failed      1.26%
  27  LepDis    4.33%    passed     54.23%
  28  ManVit   10.80%    failed      1.43%
  29  MelGal   14.39%    failed      0.00%
  30  MelUnd    8.40%    passed     87.42%
  31  MerNub   11.00%    failed      0.02%
  32  MesUni    8.08%    failed      1.62%
  33  NesNot    7.48%    passed     51.86%
  34  NipNip    3.16%    failed      0.01%
  35  OpiHoa    4.40%    failed      0.00%
  36  PelCri    3.30%    failed      2.18%
  37  PhaCar    5.72%    passed      6.37%
  38  PhaLep    3.45%    passed     13.15%
  39  PhoRub    3.25%    passed     73.72%
  40  PicPub   21.79%    failed      0.00%
  41  PodCri    5.03%    passed     15.17%
  42  PteGut    6.80%    passed     96.60%
  43  PygAde    3.63%    failed      0.00%
  44  StrCam   19.08%    failed      0.00%
  45  TaeGut   17.67%    failed      0.02%
  46  TauEry    4.47%    passed     20.28%
  47  TinGut   40.40%    passed      8.28%
  48  TytAlb    6.36%    failed      0.00%
****  TOTAL     8.74%  31 sequences failed composition chi2 test (p-value<5%; df=3)
Reading tree Jarvis_Renamed.nwk ...
rooted tree with 48 taxa and 95 branches
Computing site concordance factor...
3.564 sec
Tree with concordance factors written to concord_M14_genic_other.cf.tree
Tree with branch IDs written to concord_M14_genic_other.cf.branch
Concordance factors per branch printed to concord_M14_genic_other.cf.stat
Date and Time: Fri Nov 15 16:26:58 2019
