IQ-TREE multicore version 1.7-beta16 for Linux 64-bit built Sep 24 2019
Developed by Bui Quang Minh, Nguyen Lam Tung, Olga Chernomor,
Heiko Schmidt, Dominik Schrempf, Michael Woodhams.

Host:    n056.cluster.com (AVX, 125 GB RAM)
Command: iqtree -t Jarvis_Renamed.nwk -s M4_intron --scf 500 --prefix concord_M4_intron -nt 20
Seed:    29805 (Using SPRNG - Scalable Parallel Random Number Generator)
Time:    Fri Nov 15 18:00:05 2019
Kernel:  AVX - 20 threads (20 CPU cores detected)

Reading alignment file M4_intron ... Phylip format detected
Alignment most likely contains DNA/RNA sequences
Alignment has 48 sequences with 737759 columns, 634595 distinct patterns
737759 parsimony-informative, 0 singleton sites, 0 constant sites
        Gap/Ambiguity  Composition  p-value
   1  AcaChl    3.87%    failed      0.00%
   2  AnaPla    4.95%    passed     73.36%
   3  AntCar    4.08%    failed      0.00%
   4  ApaVit    3.32%    failed      0.00%
   5  AptFor    2.31%    failed      0.00%
   6  BalReg    1.78%    failed      0.00%
   7  BucRhi    3.86%    failed      0.00%
   8  CalAnn    4.70%    failed      0.00%
   9  CarCri    2.25%    failed      0.00%
  10  CatAur    5.34%    failed      0.00%
  11  ChaPel    3.46%    failed      0.00%
  12  ChaVoc    1.73%    passed      9.64%
  13  ChlMac    2.23%    failed      1.93%
  14  ColLiv    3.25%    failed      0.00%
  15  ColStr    4.21%    failed      0.00%
  16  CorBra    3.06%    failed      0.00%
  17  CucCan    3.45%    failed      0.00%
  18  EgrGar    1.66%    passed     45.28%
  19  EurHel    2.86%    failed      0.00%
  20  FalPer    2.73%    failed      0.00%
  21  FulGla    1.50%    failed      0.00%
  22  GalGal    4.23%    failed      0.00%
  23  GavSte    1.91%    failed      0.00%
  24  GeoFor    4.70%    failed      0.00%
  25  HalAlb    2.33%    failed      0.00%
  26  HalLeu    0.90%    failed      0.00%
  27  LepDis    1.93%    failed      0.00%
  28  ManVit    3.26%    failed      0.00%
  29  MelGal    5.44%    failed      0.00%
  30  MelUnd    3.78%    passed     15.12%
  31  MerNub    3.75%    failed      0.00%
  32  MesUni    3.06%    failed      0.00%
  33  NesNot    2.71%    passed     45.33%
  34  NipNip    1.84%    failed      0.00%
  35  OpiHoa    1.93%    failed      0.00%
  36  PelCri    1.49%    failed      0.00%
  37  PhaCar    2.57%    failed      0.00%
  38  PhaLep    1.64%    failed      0.00%
  39  PhoRub    1.52%    passed     46.38%
  40  PicPub    9.37%    failed      0.00%
  41  PodCri    2.18%    failed      0.00%
  42  PteGut    2.39%    passed     51.38%
  43  PygAde    2.38%    failed      0.00%
  44  StrCam    6.59%    failed      0.00%
  45  TaeGut    5.47%    failed      0.00%
  46  TauEry    1.70%    failed      0.00%
  47  TinGut   22.30%    failed      0.00%
  48  TytAlb    2.59%    failed      0.00%
****  TOTAL     3.55%  41 sequences failed composition chi2 test (p-value<5%; df=3)
Reading tree Jarvis_Renamed.nwk ...
rooted tree with 48 taxa and 95 branches
Computing site concordance factor...
37.049 sec
Tree with concordance factors written to concord_M4_intron.cf.tree
Tree with branch IDs written to concord_M4_intron.cf.branch
Concordance factors per branch printed to concord_M4_intron.cf.stat
Date and Time: Fri Nov 15 18:00:46 2019
