IQ-TREE multicore version 1.7-beta16 for Linux 64-bit built Sep 24 2019
Developed by Bui Quang Minh, Nguyen Lam Tung, Olga Chernomor,
Heiko Schmidt, Dominik Schrempf, Michael Woodhams.

Host:    n056.cluster.com (AVX, 125 GB RAM)
Command: iqtree -t Jarvis_Renamed.nwk -s M15_lnc_RNA --scf 500 --prefix concord_M15_lnc_RNA -nt 20
Seed:    679272 (Using SPRNG - Scalable Parallel Random Number Generator)
Time:    Fri Nov 15 16:36:58 2019
Kernel:  AVX - 20 threads (20 CPU cores detected)

Reading alignment file M15_lnc_RNA ... Phylip format detected
Alignment most likely contains DNA/RNA sequences
Alignment has 48 sequences with 398797 columns, 368052 distinct patterns
398797 parsimony-informative, 0 singleton sites, 0 constant sites
        Gap/Ambiguity  Composition  p-value
   1  AcaChl   10.69%    failed      0.00%
   2  AnaPla   11.46%    failed      0.00%
   3  AntCar    7.03%    failed      0.00%
   4  ApaVit    8.85%    passed     85.58%
   5  AptFor    4.50%    passed     40.59%
   6  BalReg    3.77%    passed     12.05%
   7  BucRhi    9.03%    failed      0.00%
   8  CalAnn   13.26%    failed      0.57%
   9  CarCri    5.07%    failed      2.14%
  10  CatAur    9.73%    failed      0.00%
  11  ChaPel    9.25%    failed      0.00%
  12  ChaVoc    2.98%    failed      0.16%
  13  ChlMac    5.75%    failed      0.02%
  14  ColLiv    6.90%    passed      6.96%
  15  ColStr   11.01%    failed      0.00%
  16  CorBra   10.89%    failed      0.00%
  17  CucCan    8.79%    failed      0.00%
  18  EgrGar    3.58%    failed      0.00%
  19  EurHel    6.57%    failed      0.12%
  20  FalPer    6.04%    failed      0.00%
  21  FulGla    3.02%    passed      6.49%
  22  GalGal    5.60%    passed     52.31%
  23  GavSte    3.60%    passed     49.65%
  24  GeoFor   15.84%    failed      0.00%
  25  HalAlb    4.99%    passed     47.88%
  26  HalLeu    2.17%    passed     34.21%
  27  LepDis    3.95%    failed      0.00%
  28  ManVit    9.69%    failed      0.12%
  29  MelGal   12.64%    failed      2.14%
  30  MelUnd    8.91%    failed      0.33%
  31  MerNub    8.78%    failed      0.00%
  32  MesUni    7.01%    passed     85.51%
  33  NesNot    6.97%    passed     38.27%
  34  NipNip    3.00%    failed      0.00%
  35  OpiHoa    3.87%    failed      0.04%
  36  PelCri    3.09%    failed      0.35%
  37  PhaCar    5.68%    failed      0.84%
  38  PhaLep    3.67%    passed     62.74%
  39  PhoRub    3.19%    failed      0.00%
  40  PicPub   18.69%    failed      0.00%
  41  PodCri    4.94%    passed     21.22%
  42  PteGut    6.33%    passed      5.26%
  43  PygAde    3.86%    failed      0.00%
  44  StrCam   15.77%    failed      0.00%
  45  TaeGut   16.05%    failed      0.00%
  46  TauEry    4.03%    failed      0.00%
  47  TinGut   32.55%    failed      0.49%
  48  TytAlb    6.13%    failed      0.00%
****  TOTAL     7.90%  34 sequences failed composition chi2 test (p-value<5%; df=3)
Reading tree Jarvis_Renamed.nwk ...
rooted tree with 48 taxa and 95 branches
Computing site concordance factor...
19.825 sec
Tree with concordance factors written to concord_M15_lnc_RNA.cf.tree
Tree with branch IDs written to concord_M15_lnc_RNA.cf.branch
Concordance factors per branch printed to concord_M15_lnc_RNA.cf.stat
Date and Time: Fri Nov 15 16:37:21 2019
