IQ-TREE multicore version 1.7-beta16 for Linux 64-bit built Sep 24 2019
Developed by Bui Quang Minh, Nguyen Lam Tung, Olga Chernomor,
Heiko Schmidt, Dominik Schrempf, Michael Woodhams.

Host:    n056.cluster.com (AVX, 125 GB RAM)
Command: iqtree -t Jarvis_Renamed.nwk -s M20_lnc_RNA --scf 500 --prefix concord_M20_lnc_RNA -nt 20
Seed:    975887 (Using SPRNG - Scalable Parallel Random Number Generator)
Time:    Fri Nov 15 17:16:36 2019
Kernel:  AVX - 20 threads (20 CPU cores detected)

Reading alignment file M20_lnc_RNA ... Phylip format detected
Alignment most likely contains DNA/RNA sequences
Alignment has 48 sequences with 412602 columns, 381854 distinct patterns
412602 parsimony-informative, 0 singleton sites, 0 constant sites
        Gap/Ambiguity  Composition  p-value
   1  AcaChl   12.24%    failed      0.00%
   2  AnaPla   12.53%    failed      0.00%
   3  AntCar    7.82%    failed      0.00%
   4  ApaVit   10.23%    passed     81.61%
   5  AptFor    5.04%    passed     47.17%
   6  BalReg    4.33%    passed     20.00%
   7  BucRhi   10.31%    failed      0.00%
   8  CalAnn   14.80%    failed      0.19%
   9  CarCri    5.88%    failed      2.91%
  10  CatAur   10.49%    failed      0.00%
  11  ChaPel   10.47%    failed      0.00%
  12  ChaVoc    3.43%    failed      0.04%
  13  ChlMac    6.75%    failed      0.01%
  14  ColLiv    7.93%    passed      5.49%
  15  ColStr   12.55%    failed      0.00%
  16  CorBra   12.57%    failed      0.00%
  17  CucCan    9.94%    failed      0.00%
  18  EgrGar    4.17%    failed      0.00%
  19  EurHel    7.56%    failed      0.03%
  20  FalPer    7.03%    failed      0.00%
  21  FulGla    3.53%    passed      8.95%
  22  GalGal    5.88%    passed     61.25%
  23  GavSte    4.12%    passed     70.06%
  24  GeoFor   17.63%    failed      0.00%
  25  HalAlb    5.65%    passed     49.82%
  26  HalLeu    2.60%    passed     47.70%
  27  LepDis    4.60%    failed      0.00%
  28  ManVit   11.20%    failed      0.26%
  29  MelGal   13.52%    failed      0.31%
  30  MelUnd   10.12%    failed      0.15%
  31  MerNub   10.07%    failed      0.00%
  32  MesUni    7.96%    passed     79.32%
  33  NesNot    8.16%    passed     34.28%
  34  NipNip    3.44%    failed      0.00%
  35  OpiHoa    4.53%    failed      0.01%
  36  PelCri    3.64%    failed      0.44%
  37  PhaCar    6.56%    failed      0.74%
  38  PhaLep    4.29%    passed     55.20%
  39  PhoRub    3.69%    failed      0.00%
  40  PicPub   20.16%    failed      0.00%
  41  PodCri    5.79%    passed     35.26%
  42  PteGut    7.35%    failed      2.80%
  43  PygAde    4.20%    failed      0.00%
  44  StrCam   17.20%    failed      0.00%
  45  TaeGut   17.72%    failed      0.00%
  46  TauEry    4.88%    failed      0.00%
  47  TinGut   34.06%    failed      1.34%
  48  TytAlb    7.19%    failed      0.00%
****  TOTAL     8.87%  35 sequences failed composition chi2 test (p-value<5%; df=3)
Reading tree Jarvis_Renamed.nwk ...
rooted tree with 48 taxa and 95 branches
Computing site concordance factor...
19.154 sec
Tree with concordance factors written to concord_M20_lnc_RNA.cf.tree
Tree with branch IDs written to concord_M20_lnc_RNA.cf.branch
Concordance factors per branch printed to concord_M20_lnc_RNA.cf.stat
Date and Time: Fri Nov 15 17:16:58 2019
