IQ-TREE multicore version 1.7-beta16 for Linux 64-bit built Sep 24 2019
Developed by Bui Quang Minh, Nguyen Lam Tung, Olga Chernomor,
Heiko Schmidt, Dominik Schrempf, Michael Woodhams.

Host:    n056.cluster.com (AVX, 125 GB RAM)
Command: iqtree -t Jarvis_Renamed.nwk -s M23_AllUniquelyMapped --scf 500 --prefix concord_M23_AllUniquelyMapped -nt 20
Seed:    825074 (Using SPRNG - Scalable Parallel Random Number Generator)
Time:    Fri Nov 15 17:32:38 2019
Kernel:  AVX - 20 threads (20 CPU cores detected)

Reading alignment file M23_AllUniquelyMapped ... Phylip format detected
Alignment most likely contains DNA/RNA sequences
Alignment has 48 sequences with 3511925 columns, 3088670 distinct patterns
3511925 parsimony-informative, 0 singleton sites, 0 constant sites
        Gap/Ambiguity  Composition  p-value
   1  AcaChl   13.58%    failed      0.00%
   2  AnaPla   13.00%    failed      0.00%
   3  AntCar    8.53%    failed      0.00%
   4  ApaVit   11.17%    failed      0.00%
   5  AptFor    5.70%    failed      0.00%
   6  BalReg    4.95%    failed      0.00%
   7  BucRhi   11.15%    failed      0.00%
   8  CalAnn   14.95%    failed      0.00%
   9  CarCri    6.39%    failed      0.00%
  10  CatAur   10.71%    failed      0.00%
  11  ChaPel   10.63%    failed      0.00%
  12  ChaVoc    3.79%    failed      0.42%
  13  ChlMac    7.27%    failed      0.00%
  14  ColLiv    8.66%    failed      0.00%
  15  ColStr   13.71%    failed      0.00%
  16  CorBra   13.74%    failed      0.00%
  17  CucCan   10.07%    failed      0.00%
  18  EgrGar    4.62%    failed      0.00%
  19  EurHel    8.49%    failed      0.00%
  20  FalPer    7.98%    failed      0.00%
  21  FulGla    3.87%    failed      0.00%
  22  GalGal    6.28%    failed      0.00%
  23  GavSte    4.82%    failed      0.00%
  24  GeoFor   18.28%    failed      0.00%
  25  HalAlb    6.41%    failed      0.00%
  26  HalLeu    2.86%    failed      0.00%
  27  LepDis    5.20%    failed      0.00%
  28  ManVit   12.37%    failed      0.00%
  29  MelGal   13.66%    failed      2.64%
  30  MelUnd   10.05%    failed      0.00%
  31  MerNub   11.32%    failed      0.00%
  32  MesUni    8.94%    failed      0.00%
  33  NesNot    8.72%    passed     10.54%
  34  NipNip    3.84%    failed      0.00%
  35  OpiHoa    5.29%    failed      0.00%
  36  PelCri    4.12%    failed      0.00%
  37  PhaCar    7.32%    failed      0.00%
  38  PhaLep    4.82%    failed      0.00%
  39  PhoRub    4.18%    failed      0.00%
  40  PicPub   21.41%    failed      0.00%
  41  PodCri    6.50%    failed      0.00%
  42  PteGut    8.10%    passed     50.34%
  43  PygAde    4.42%    failed      0.00%
  44  StrCam   17.19%    failed      0.00%
  45  TaeGut   18.16%    failed      0.00%
  46  TauEry    5.62%    failed      0.00%
  47  TinGut   34.54%    failed      0.00%
  48  TytAlb    7.98%    failed      0.00%
****  TOTAL     9.49%  46 sequences failed composition chi2 test (p-value<5%; df=3)
Reading tree Jarvis_Renamed.nwk ...
rooted tree with 48 taxa and 95 branches
Computing site concordance factor...
165.232 sec
Tree with concordance factors written to concord_M23_AllUniquelyMapped.cf.tree
Tree with branch IDs written to concord_M23_AllUniquelyMapped.cf.branch
Concordance factors per branch printed to concord_M23_AllUniquelyMapped.cf.stat
Date and Time: Fri Nov 15 17:35:44 2019
