IQ-TREE multicore version 1.7-beta16 for Linux 64-bit built Sep 24 2019
Developed by Bui Quang Minh, Nguyen Lam Tung, Olga Chernomor,
Heiko Schmidt, Dominik Schrempf, Michael Woodhams.

Host:    n056.cluster.com (AVX, 125 GB RAM)
Command: iqtree -t Jarvis_Renamed.nwk -s M21_five_prime_UTR --scf 500 --prefix concord_M21_five_prime_UTR -nt 20
Seed:    138792 (Using SPRNG - Scalable Parallel Random Number Generator)
Time:    Fri Nov 15 17:20:35 2019
Kernel:  AVX - 20 threads (20 CPU cores detected)

Reading alignment file M21_five_prime_UTR ... Phylip format detected
Alignment most likely contains DNA/RNA sequences
Alignment has 48 sequences with 9294 columns, 9088 distinct patterns
9294 parsimony-informative, 0 singleton sites, 0 constant sites
        Gap/Ambiguity  Composition  p-value
   1  AcaChl   10.45%    failed      0.15%
   2  AnaPla   11.62%    passed      5.49%
   3  AntCar    8.15%    passed     33.26%
   4  ApaVit   10.28%    passed     52.58%
   5  AptFor    5.32%    failed      0.67%
   6  BalReg    3.59%    failed      1.49%
   7  BucRhi    8.04%    failed      2.49%
   8  CalAnn    8.93%    passed     87.19%
   9  CarCri    7.39%    failed      2.83%
  10  CatAur   10.28%    failed      0.55%
  11  ChaPel    7.05%    passed     97.37%
  12  ChaVoc    3.68%    passed     64.92%
  13  ChlMac    7.77%    passed     95.42%
  14  ColLiv    7.12%    passed     37.32%
  15  ColStr   11.22%    passed     92.80%
  16  CorBra   10.81%    failed      0.02%
  17  CucCan    5.79%    passed     93.15%
  18  EgrGar    4.15%    passed     90.55%
  19  EurHel    9.16%    passed     27.80%
  20  FalPer    6.53%    failed      1.54%
  21  FulGla    3.83%    passed      5.11%
  22  GalGal    5.18%    failed      0.00%
  23  GavSte    4.26%    failed      1.31%
  24  GeoFor   14.59%    failed      0.00%
  25  HalAlb    9.48%    failed      0.27%
  26  HalLeu    2.15%    failed      1.77%
  27  LepDis    4.01%    passed     75.59%
  28  ManVit   11.18%    failed      0.82%
  29  MelGal    7.25%    failed      0.00%
  30  MelUnd    7.02%    passed     98.44%
  31  MerNub   10.02%    failed      1.69%
  32  MesUni    9.67%    passed     28.74%
  33  NesNot    9.16%    passed     99.33%
  34  NipNip    3.06%    failed      1.13%
  35  OpiHoa    3.95%    passed      7.35%
  36  PelCri    3.92%    passed      5.47%
  37  PhaCar    8.13%    passed     19.27%
  38  PhaLep    4.35%    passed     32.66%
  39  PhoRub    4.52%    passed     27.14%
  40  PicPub   11.25%    failed      0.00%
  41  PodCri    6.54%    passed     12.01%
  42  PteGut    7.59%    passed     88.51%
  43  PygAde    2.60%    failed      0.32%
  44  StrCam   10.39%    failed      1.70%
  45  TaeGut   12.49%    failed      0.00%
  46  TauEry    5.73%    passed     86.50%
  47  TinGut   24.03%    failed      0.54%
  48  TytAlb    9.35%    failed      0.00%
****  TOTAL     7.77%  23 sequences failed composition chi2 test (p-value<5%; df=3)
Reading tree Jarvis_Renamed.nwk ...
rooted tree with 48 taxa and 95 branches
Computing site concordance factor...
0.211 sec
Tree with concordance factors written to concord_M21_five_prime_UTR.cf.tree
Tree with branch IDs written to concord_M21_five_prime_UTR.cf.branch
Concordance factors per branch printed to concord_M21_five_prime_UTR.cf.stat
Date and Time: Fri Nov 15 17:20:35 2019
