IQ-TREE multicore version 1.7-beta16 for Linux 64-bit built Sep 24 2019
Developed by Bui Quang Minh, Nguyen Lam Tung, Olga Chernomor,
Heiko Schmidt, Dominik Schrempf, Michael Woodhams.

Host:    n056.cluster.com (AVX, 125 GB RAM)
Command: iqtree -t Jarvis_Renamed.nwk -s M4_lnc_RNA --scf 500 --prefix concord_M4_lnc_RNA -nt 20
Seed:    561409 (Using SPRNG - Scalable Parallel Random Number Generator)
Time:    Fri Nov 15 18:00:46 2019
Kernel:  AVX - 20 threads (20 CPU cores detected)

Reading alignment file M4_lnc_RNA ... Phylip format detected
Alignment most likely contains DNA/RNA sequences
Alignment has 48 sequences with 271065 columns, 240341 distinct patterns
271065 parsimony-informative, 0 singleton sites, 0 constant sites
        Gap/Ambiguity  Composition  p-value
   1  AcaChl    3.68%    failed      0.00%
   2  AnaPla    5.07%    failed      1.69%
   3  AntCar    4.11%    failed      0.00%
   4  ApaVit    3.06%    passed     86.32%
   5  AptFor    2.22%    passed      5.98%
   6  BalReg    1.76%    failed      2.41%
   7  BucRhi    3.44%    failed      0.00%
   8  CalAnn    5.06%    passed     49.81%
   9  CarCri    2.19%    failed      1.95%
  10  CatAur    5.89%    failed      0.00%
  11  ChaPel    3.55%    failed      0.00%
  12  ChaVoc    1.63%    passed     35.41%
  13  ChlMac    2.20%    failed      0.62%
  14  ColLiv    3.00%    passed     25.25%
  15  ColStr    3.98%    failed      0.00%
  16  CorBra    2.78%    failed      0.00%
  17  CucCan    3.82%    failed      0.00%
  18  EgrGar    1.62%    failed      0.31%
  19  EurHel    2.95%    passed     20.31%
  20  FalPer    2.57%    failed      0.00%
  21  FulGla    1.54%    failed      0.75%
  22  GalGal    4.03%    passed      5.93%
  23  GavSte    1.81%    failed      4.04%
  24  GeoFor    4.92%    failed      0.00%
  25  HalAlb    2.27%    passed     23.29%
  26  HalLeu    0.89%    passed     11.52%
  27  LepDis    1.70%    failed      0.00%
  28  ManVit    3.08%    failed      0.01%
  29  MelGal    5.16%    passed     87.32%
  30  MelUnd    4.10%    passed     11.78%
  31  MerNub    3.47%    failed      0.00%
  32  MesUni    2.91%    passed     79.82%
  33  NesNot    2.85%    passed     76.85%
  34  NipNip    1.81%    failed      0.00%
  35  OpiHoa    1.78%    failed      4.28%
  36  PelCri    1.46%    failed      0.01%
  37  PhaCar    2.44%    failed      0.05%
  38  PhaLep    1.54%    passed     97.87%
  39  PhoRub    1.55%    failed      0.00%
  40  PicPub    9.26%    failed      0.00%
  41  PodCri    2.03%    passed      7.35%
  42  PteGut    2.45%    passed     44.11%
  43  PygAde    2.51%    failed      0.00%
  44  StrCam    5.84%    failed      1.72%
  45  TaeGut    5.73%    failed      0.00%
  46  TauEry    1.62%    failed      0.60%
  47  TinGut   19.25%    failed      0.00%
  48  TytAlb    2.41%    failed      0.00%
****  TOTAL     3.44%  32 sequences failed composition chi2 test (p-value<5%; df=3)
Reading tree Jarvis_Renamed.nwk ...
rooted tree with 48 taxa and 95 branches
Computing site concordance factor...
15.050 sec
Tree with concordance factors written to concord_M4_lnc_RNA.cf.tree
Tree with branch IDs written to concord_M4_lnc_RNA.cf.branch
Concordance factors per branch printed to concord_M4_lnc_RNA.cf.stat
Date and Time: Fri Nov 15 18:01:03 2019
