IQ-TREE multicore version 1.7-beta16 for Linux 64-bit built Sep 24 2019
Developed by Bui Quang Minh, Nguyen Lam Tung, Olga Chernomor,
Heiko Schmidt, Dominik Schrempf, Michael Woodhams.

Host:    n056.cluster.com (AVX, 125 GB RAM)
Command: iqtree -t Jarvis_Renamed.nwk -s M14_intergenic --scf 500 --prefix concord_M14_intergenic -nt 20
Seed:    825668 (Using SPRNG - Scalable Parallel Random Number Generator)
Time:    Fri Nov 15 16:26:58 2019
Kernel:  AVX - 20 threads (20 CPU cores detected)

Reading alignment file M14_intergenic ... Phylip format detected
Alignment most likely contains DNA/RNA sequences
Alignment has 48 sequences with 1380393 columns, 1234162 distinct patterns
1380393 parsimony-informative, 0 singleton sites, 0 constant sites
        Gap/Ambiguity  Composition  p-value
   1  AcaChl   10.51%    failed      0.00%
   2  AnaPla   11.16%    failed      0.00%
   3  AntCar    7.05%    failed      0.00%
   4  ApaVit    8.38%    passed     20.64%
   5  AptFor    4.60%    failed      1.18%
   6  BalReg    3.67%    failed      0.11%
   7  BucRhi    8.73%    failed      0.00%
   8  CalAnn   12.95%    failed      0.00%
   9  CarCri    4.84%    failed      0.00%
  10  CatAur    9.76%    failed      0.00%
  11  ChaPel    8.98%    failed      0.00%
  12  ChaVoc    2.83%    failed      0.00%
  13  ChlMac    5.42%    failed      0.00%
  14  ColLiv    6.60%    failed      3.25%
  15  ColStr   11.19%    failed      0.00%
  16  CorBra   10.79%    failed      0.00%
  17  CucCan    8.28%    failed      0.00%
  18  EgrGar    3.47%    failed      0.00%
  19  EurHel    6.12%    failed      0.00%
  20  FalPer    6.05%    failed      0.00%
  21  FulGla    2.99%    failed      0.02%
  22  GalGal    5.65%    failed      0.00%
  23  GavSte    3.78%    passed      9.04%
  24  GeoFor   14.99%    failed      0.00%
  25  HalAlb    4.90%    passed     48.56%
  26  HalLeu    1.94%    passed     10.39%
  27  LepDis    3.90%    failed      0.00%
  28  ManVit    9.39%    failed      0.86%
  29  MelGal   12.12%    passed     83.24%
  30  MelUnd    8.20%    failed      0.00%
  31  MerNub    8.79%    failed      0.00%
  32  MesUni    6.91%    failed      0.17%
  33  NesNot    6.68%    passed     21.57%
  34  NipNip    3.09%    failed      0.00%
  35  OpiHoa    3.96%    failed      0.00%
  36  PelCri    3.11%    failed      0.00%
  37  PhaCar    5.65%    failed      0.04%
  38  PhaLep    3.75%    passed     98.14%
  39  PhoRub    3.23%    failed      0.00%
  40  PicPub   19.99%    failed      0.00%
  41  PodCri    5.00%    failed      0.55%
  42  PteGut    6.20%    failed      4.82%
  43  PygAde    3.78%    failed      0.00%
  44  StrCam   14.45%    failed      0.00%
  45  TaeGut   15.37%    failed      0.00%
  46  TauEry    4.03%    failed      0.00%
  47  TinGut   31.01%    failed      0.26%
  48  TytAlb    6.21%    failed      0.00%
****  TOTAL     7.72%  41 sequences failed composition chi2 test (p-value<5%; df=3)
Reading tree Jarvis_Renamed.nwk ...
rooted tree with 48 taxa and 95 branches
Computing site concordance factor...
63.856 sec
Tree with concordance factors written to concord_M14_intergenic.cf.tree
Tree with branch IDs written to concord_M14_intergenic.cf.branch
Concordance factors per branch printed to concord_M14_intergenic.cf.stat
Date and Time: Fri Nov 15 16:28:11 2019
