IQ-TREE multicore version 1.7-beta16 for Linux 64-bit built Sep 24 2019
Developed by Bui Quang Minh, Nguyen Lam Tung, Olga Chernomor,
Heiko Schmidt, Dominik Schrempf, Michael Woodhams.

Host:    n056.cluster.com (AVX, 125 GB RAM)
Command: iqtree -t Jarvis_Renamed.nwk -s M14_lnc_RNA --scf 500 --prefix concord_M14_lnc_RNA -nt 20
Seed:    168400 (Using SPRNG - Scalable Parallel Random Number Generator)
Time:    Fri Nov 15 16:29:23 2019
Kernel:  AVX - 20 threads (20 CPU cores detected)

Reading alignment file M14_lnc_RNA ... Phylip format detected
Alignment most likely contains DNA/RNA sequences
Alignment has 48 sequences with 394522 columns, 363778 distinct patterns
394522 parsimony-informative, 0 singleton sites, 0 constant sites
        Gap/Ambiguity  Composition  p-value
   1  AcaChl   10.27%    failed      0.00%
   2  AnaPla   11.16%    failed      0.00%
   3  AntCar    6.85%    failed      0.00%
   4  ApaVit    8.51%    passed     77.41%
   5  AptFor    4.36%    passed     36.36%
   6  BalReg    3.63%    passed     12.14%
   7  BucRhi    8.69%    failed      0.00%
   8  CalAnn   12.83%    failed      1.24%
   9  CarCri    4.89%    failed      2.17%
  10  CatAur    9.50%    failed      0.00%
  11  ChaPel    8.95%    failed      0.00%
  12  ChaVoc    2.88%    failed      0.25%
  13  ChlMac    5.52%    failed      0.03%
  14  ColLiv    6.65%    passed      5.99%
  15  ColStr   10.58%    failed      0.00%
  16  CorBra   10.41%    failed      0.00%
  17  CucCan    8.48%    failed      0.00%
  18  EgrGar    3.43%    failed      0.00%
  19  EurHel    6.32%    failed      0.16%
  20  FalPer    5.83%    failed      0.00%
  21  FulGla    2.91%    passed      5.71%
  22  GalGal    5.53%    passed     49.90%
  23  GavSte    3.49%    passed     44.16%
  24  GeoFor   15.30%    failed      0.00%
  25  HalAlb    4.82%    passed     49.37%
  26  HalLeu    2.07%    passed     36.71%
  27  LepDis    3.78%    failed      0.00%
  28  ManVit    9.29%    failed      0.11%
  29  MelGal   12.35%    failed      2.75%
  30  MelUnd    8.63%    failed      0.34%
  31  MerNub    8.44%    failed      0.00%
  32  MesUni    6.76%    passed     82.00%
  33  NesNot    6.70%    passed     34.65%
  34  NipNip    2.91%    failed      0.00%
  35  OpiHoa    3.72%    failed      0.04%
  36  PelCri    2.98%    failed      0.28%
  37  PhaCar    5.47%    failed      0.82%
  38  PhaLep    3.52%    passed     63.22%
  39  PhoRub    3.08%    failed      0.00%
  40  PicPub   18.24%    failed      0.00%
  41  PodCri    4.75%    passed     18.14%
  42  PteGut    6.06%    passed      7.33%
  43  PygAde    3.77%    failed      0.00%
  44  StrCam   15.35%    failed      0.00%
  45  TaeGut   15.55%    failed      0.00%
  46  TauEry    3.83%    failed      0.01%
  47  TinGut   32.09%    failed      0.22%
  48  TytAlb    5.89%    failed      0.00%
****  TOTAL     7.65%  34 sequences failed composition chi2 test (p-value<5%; df=3)
Reading tree Jarvis_Renamed.nwk ...
rooted tree with 48 taxa and 95 branches
Computing site concordance factor...
19.857 sec
Tree with concordance factors written to concord_M14_lnc_RNA.cf.tree
Tree with branch IDs written to concord_M14_lnc_RNA.cf.branch
Concordance factors per branch printed to concord_M14_lnc_RNA.cf.stat
Date and Time: Fri Nov 15 16:29:45 2019
