IQ-TREE multicore version 1.7-beta16 for Linux 64-bit built Sep 24 2019
Developed by Bui Quang Minh, Nguyen Lam Tung, Olga Chernomor,
Heiko Schmidt, Dominik Schrempf, Michael Woodhams.

Host:    n056.cluster.com (AVX, 125 GB RAM)
Command: iqtree -t Jarvis_Renamed.nwk -s M8_genic_other --scf 500 --prefix concord_M8_genic_other -nt 20
Seed:    846884 (Using SPRNG - Scalable Parallel Random Number Generator)
Time:    Fri Nov 15 18:22:38 2019
Kernel:  AVX - 20 threads (20 CPU cores detected)

Reading alignment file M8_genic_other ... Phylip format detected
Alignment most likely contains DNA/RNA sequences
Alignment has 48 sequences with 79663 columns, 76350 distinct patterns
79663 parsimony-informative, 0 singleton sites, 0 constant sites
        Gap/Ambiguity  Composition  p-value
   1  AcaChl    7.56%    failed      0.00%
   2  AnaPla    8.65%    failed      0.01%
   3  AntCar    5.69%    failed      0.00%
   4  ApaVit    6.58%    passed     16.04%
   5  AptFor    3.56%    failed      0.01%
   6  BalReg    3.05%    failed      0.02%
   7  BucRhi    6.53%    failed      0.00%
   8  CalAnn    9.41%    passed     21.45%
   9  CarCri    3.82%    failed      3.49%
  10  CatAur    7.59%    failed      0.00%
  11  ChaPel    6.68%    failed      0.20%
  12  ChaVoc    2.62%    passed     88.70%
  13  ChlMac    4.06%    passed     40.93%
  14  ColLiv    5.12%    passed     62.91%
  15  ColStr    7.86%    failed      0.00%
  16  CorBra    6.94%    failed      0.00%
  17  CucCan    5.83%    passed     67.85%
  18  EgrGar    2.86%    passed     49.34%
  19  EurHel    4.58%    failed      0.00%
  20  FalPer    4.34%    failed      4.22%
  21  FulGla    2.32%    failed      0.07%
  22  GalGal    5.18%    failed      0.00%
  23  GavSte    2.90%    failed      3.04%
  24  GeoFor   11.41%    failed      0.00%
  25  HalAlb    3.74%    failed      1.48%
  26  HalLeu    1.31%    failed      0.43%
  27  LepDis    3.05%    passed     26.49%
  28  ManVit    6.70%    failed      0.70%
  29  MelGal   10.41%    failed      0.00%
  30  MelUnd    5.69%    passed     93.83%
  31  MerNub    7.43%    failed      0.07%
  32  MesUni    5.18%    failed      1.98%
  33  NesNot    4.65%    passed     65.62%
  34  NipNip    2.49%    failed      0.03%
  35  OpiHoa    2.99%    failed      0.00%
  36  PelCri    2.24%    failed      3.27%
  37  PhaCar    3.90%    failed      2.17%
  38  PhaLep    2.40%    passed      9.63%
  39  PhoRub    2.35%    passed     98.19%
  40  PicPub   16.45%    failed      0.00%
  41  PodCri    3.42%    passed      6.58%
  42  PteGut    4.62%    passed     91.37%
  43  PygAde    2.95%    failed      0.00%
  44  StrCam   13.63%    failed      0.00%
  45  TaeGut   11.83%    failed      0.00%
  46  TauEry    2.94%    passed     43.89%
  47  TinGut   34.23%    failed      2.34%
  48  TytAlb    4.18%    failed      0.00%
****  TOTAL     6.12%  33 sequences failed composition chi2 test (p-value<5%; df=3)
Reading tree Jarvis_Renamed.nwk ...
rooted tree with 48 taxa and 95 branches
Computing site concordance factor...
2.294 sec
Tree with concordance factors written to concord_M8_genic_other.cf.tree
Tree with branch IDs written to concord_M8_genic_other.cf.branch
Concordance factors per branch printed to concord_M8_genic_other.cf.stat
Date and Time: Fri Nov 15 18:22:41 2019
