IQ-TREE multicore version 1.7-beta16 for Linux 64-bit built Sep 24 2019
Developed by Bui Quang Minh, Nguyen Lam Tung, Olga Chernomor,
Heiko Schmidt, Dominik Schrempf, Michael Woodhams.

Host:    n056.cluster.com (AVX, 125 GB RAM)
Command: iqtree -t Jarvis_Renamed.nwk -s M6_gene --scf 500 --prefix concord_M6_gene -nt 20
Seed:    553348 (Using SPRNG - Scalable Parallel Random Number Generator)
Time:    Fri Nov 15 18:09:23 2019
Kernel:  AVX - 20 threads (20 CPU cores detected)

Reading alignment file M6_gene ... Phylip format detected
Alignment most likely contains DNA/RNA sequences
Alignment has 48 sequences with 1224606 columns, 1059992 distinct patterns
1224606 parsimony-informative, 0 singleton sites, 0 constant sites
        Gap/Ambiguity  Composition  p-value
   1  AcaChl    5.54%    failed      0.00%
   2  AnaPla    6.32%    passed     33.03%
   3  AntCar    4.76%    failed      0.00%
   4  ApaVit    4.60%    failed      0.00%
   5  AptFor    3.01%    failed      0.00%
   6  BalReg    2.24%    failed      0.00%
   7  BucRhi    4.85%    failed      0.00%
   8  CalAnn    6.00%    failed      0.00%
   9  CarCri    2.88%    failed      0.00%
  10  CatAur    6.64%    failed      0.00%
  11  ChaPel    4.36%    failed      0.00%
  12  ChaVoc    2.05%    failed      0.00%
  13  ChlMac    2.86%    passed     76.89%
  14  ColLiv    3.95%    failed      0.00%
  15  ColStr    5.67%    failed      0.00%
  16  CorBra    4.87%    failed      0.00%
  17  CucCan    4.23%    failed      0.00%
  18  EgrGar    2.03%    passed     28.44%
  19  EurHel    3.82%    failed      0.00%
  20  FalPer    3.57%    failed      0.00%
  21  FulGla    1.81%    failed      0.00%
  22  GalGal    4.75%    failed      0.00%
  23  GavSte    2.33%    failed      0.00%
  24  GeoFor    7.49%    failed      0.00%
  25  HalAlb    3.19%    failed      0.00%
  26  HalLeu    1.12%    failed      0.00%
  27  LepDis    2.34%    failed      0.00%
  28  ManVit    4.97%    failed      0.00%
  29  MelGal    6.87%    passed     18.37%
  30  MelUnd    4.63%    failed      0.02%
  31  MerNub    5.07%    failed      0.00%
  32  MesUni    3.89%    failed      0.00%
  33  NesNot    3.49%    passed     91.96%
  34  NipNip    2.19%    failed      0.00%
  35  OpiHoa    2.63%    failed      0.00%
  36  PelCri    1.84%    failed      0.00%
  37  PhaCar    3.27%    failed      0.00%
  38  PhaLep    1.95%    failed      0.00%
  39  PhoRub    1.89%    failed      0.00%
  40  PicPub   11.19%    failed      0.00%
  41  PodCri    2.74%    failed      0.00%
  42  PteGut    3.22%    failed      0.20%
  43  PygAde    2.77%    failed      0.00%
  44  StrCam    8.24%    failed      0.00%
  45  TaeGut    7.87%    failed      0.00%
  46  TauEry    2.21%    failed      0.01%
  47  TinGut   24.60%    failed      0.00%
  48  TytAlb    3.48%    failed      0.00%
****  TOTAL     4.51%  43 sequences failed composition chi2 test (p-value<5%; df=3)
Reading tree Jarvis_Renamed.nwk ...
rooted tree with 48 taxa and 95 branches
Computing site concordance factor...
50.312 sec
Tree with concordance factors written to concord_M6_gene.cf.tree
Tree with branch IDs written to concord_M6_gene.cf.branch
Concordance factors per branch printed to concord_M6_gene.cf.stat
Date and Time: Fri Nov 15 18:10:21 2019
