IQ-TREE multicore version 1.7-beta16 for Linux 64-bit built Sep 24 2019
Developed by Bui Quang Minh, Nguyen Lam Tung, Olga Chernomor,
Heiko Schmidt, Dominik Schrempf, Michael Woodhams.

Host:    n056.cluster.com (AVX, 125 GB RAM)
Command: iqtree -t Jarvis_Renamed.nwk -s M12_CDS --scf 500 --prefix concord_M12_CDS -nt 20
Seed:    49531 (Using SPRNG - Scalable Parallel Random Number Generator)
Time:    Fri Nov 15 16:10:31 2019
Kernel:  AVX - 20 threads (20 CPU cores detected)

Reading alignment file M12_CDS ... Phylip format detected
Alignment most likely contains DNA/RNA sequences
Alignment has 48 sequences with 258078 columns, 233440 distinct patterns
258078 parsimony-informative, 0 singleton sites, 0 constant sites
        Gap/Ambiguity  Composition  p-value
   1  AcaChl    7.22%    failed      0.00%
   2  AnaPla    5.17%    passed     77.87%
   3  AntCar    5.68%    failed      0.00%
   4  ApaVit    6.05%    failed      0.00%
   5  AptFor    4.37%    failed      0.00%
   6  BalReg    2.82%    failed      0.00%
   7  BucRhi    4.45%    failed      0.00%
   8  CalAnn    3.95%    failed      3.40%
   9  CarCri    4.14%    failed      0.00%
  10  CatAur    9.69%    failed      0.00%
  11  ChaPel    3.70%    failed      0.00%
  12  ChaVoc    2.44%    failed      0.00%
  13  ChlMac    3.52%    failed      0.00%
  14  ColLiv    3.85%    failed      0.00%
  15  ColStr    6.27%    failed      0.00%
  16  CorBra    6.62%    failed      0.00%
  17  CucCan    3.57%    failed      0.00%
  18  EgrGar    2.12%    failed      0.00%
  19  EurHel    4.47%    failed      0.00%
  20  FalPer    5.02%    failed      0.00%
  21  FulGla    2.36%    failed      0.00%
  22  GalGal    4.74%    failed      2.78%
  23  GavSte    3.05%    failed      0.00%
  24  GeoFor    9.69%    failed      0.00%
  25  HalAlb    5.67%    failed      0.00%
  26  HalLeu    1.56%    failed      0.00%
  27  LepDis    2.75%    passed      7.90%
  28  ManVit    8.44%    failed      0.00%
  29  MelGal    3.83%    failed      0.00%
  30  MelUnd    4.81%    failed      0.00%
  31  MerNub    6.34%    failed      0.00%
  32  MesUni    4.02%    failed      0.00%
  33  NesNot    4.00%    failed      0.00%
  34  NipNip    2.77%    failed      0.00%
  35  OpiHoa    3.93%    failed      0.00%
  36  PelCri    2.40%    failed      0.00%
  37  PhaCar    4.19%    failed      0.00%
  38  PhaLep    2.06%    failed      0.00%
  39  PhoRub    2.68%    failed      0.00%
  40  PicPub    7.39%    failed      0.00%
  41  PodCri    3.16%    failed      0.00%
  42  PteGut    4.37%    failed      0.00%
  43  PygAde    2.96%    failed      0.00%
  44  StrCam    3.45%    failed      0.00%
  45  TaeGut    8.24%    failed      0.00%
  46  TauEry    2.84%    passed     43.48%
  47  TinGut   15.48%    failed      0.00%
  48  TytAlb    5.21%    failed      0.00%
****  TOTAL     4.74%  45 sequences failed composition chi2 test (p-value<5%; df=3)
Reading tree Jarvis_Renamed.nwk ...
rooted tree with 48 taxa and 95 branches
Computing site concordance factor...
14.714 sec
Tree with concordance factors written to concord_M12_CDS.cf.tree
Tree with branch IDs written to concord_M12_CDS.cf.branch
Concordance factors per branch printed to concord_M12_CDS.cf.stat
Date and Time: Fri Nov 15 16:10:47 2019
