IQ-TREE multicore version 1.7-beta16 for Linux 64-bit built Sep 24 2019
Developed by Bui Quang Minh, Nguyen Lam Tung, Olga Chernomor,
Heiko Schmidt, Dominik Schrempf, Michael Woodhams.

Host:    n056.cluster.com (AVX, 125 GB RAM)
Command: iqtree -t Jarvis_Renamed.nwk -s M10_three_prime_UTR --scf 500 --prefix concord_M10_three_prime_UTR -nt 20
Seed:    983135 (Using SPRNG - Scalable Parallel Random Number Generator)
Time:    Fri Nov 15 16:00:31 2019
Kernel:  AVX - 20 threads (20 CPU cores detected)

Reading alignment file M10_three_prime_UTR ... Phylip format detected
Alignment most likely contains DNA/RNA sequences
Alignment has 48 sequences with 60179 columns, 56555 distinct patterns
60179 parsimony-informative, 0 singleton sites, 0 constant sites
        Gap/Ambiguity  Composition  p-value
   1  AcaChl    8.83%    failed      0.00%
   2  AnaPla    7.78%    failed      0.00%
   3  AntCar    5.52%    failed      0.00%
   4  ApaVit    5.89%    failed      0.09%
   5  AptFor    4.02%    failed      0.00%
   6  BalReg    3.33%    failed      0.00%
   7  BucRhi    7.82%    failed      0.00%
   8  CalAnn    6.69%    passed     13.34%
   9  CarCri    3.51%    failed      0.00%
  10  CatAur    5.45%    failed      0.00%
  11  ChaPel    4.80%    passed     19.12%
  12  ChaVoc    2.17%    failed      0.00%
  13  ChlMac    3.71%    passed     68.78%
  14  ColLiv    4.81%    failed      0.39%
  15  ColStr    9.52%    failed      0.00%
  16  CorBra    7.17%    failed      0.00%
  17  CucCan    4.80%    passed     39.71%
  18  EgrGar    2.80%    passed     95.78%
  19  EurHel    7.88%    failed      0.00%
  20  FalPer    4.55%    failed      0.00%
  21  FulGla    2.22%    failed      0.00%
  22  GalGal    5.39%    failed      0.98%
  23  GavSte    2.92%    failed      0.00%
  24  GeoFor    9.49%    failed      0.00%
  25  HalAlb    3.84%    failed      0.00%
  26  HalLeu    1.62%    failed      0.00%
  27  LepDis    3.09%    passed     73.34%
  28  ManVit    7.23%    failed      0.00%
  29  MelGal    7.04%    passed     74.44%
  30  MelUnd    5.54%    failed      0.00%
  31  MerNub    7.87%    failed      0.00%
  32  MesUni    5.24%    failed      0.00%
  33  NesNot    4.78%    failed      1.06%
  34  NipNip    2.74%    failed      0.00%
  35  OpiHoa    3.41%    failed      0.00%
  36  PelCri    2.73%    failed      0.00%
  37  PhaCar    4.34%    passed     13.71%
  38  PhaLep    2.47%    failed      0.00%
  39  PhoRub    2.49%    failed      2.39%
  40  PicPub   17.28%    failed      0.00%
  41  PodCri    3.94%    failed      1.32%
  42  PteGut    3.83%    failed      0.00%
  43  PygAde    3.92%    failed      0.00%
  44  StrCam    7.93%    failed      0.00%
  45  TaeGut    9.68%    failed      0.00%
  46  TauEry    2.79%    passed     70.22%
  47  TinGut   21.06%    failed      0.00%
  48  TytAlb    4.55%    failed      0.00%
****  TOTAL     5.63%  39 sequences failed composition chi2 test (p-value<5%; df=3)
Reading tree Jarvis_Renamed.nwk ...
rooted tree with 48 taxa and 95 branches
Computing site concordance factor...
1.479 sec
Tree with concordance factors written to concord_M10_three_prime_UTR.cf.tree
Tree with branch IDs written to concord_M10_three_prime_UTR.cf.branch
Concordance factors per branch printed to concord_M10_three_prime_UTR.cf.stat
Date and Time: Fri Nov 15 16:00:33 2019
