IQ-TREE multicore version 1.7-beta16 for Linux 64-bit built Sep 24 2019
Developed by Bui Quang Minh, Nguyen Lam Tung, Olga Chernomor,
Heiko Schmidt, Dominik Schrempf, Michael Woodhams.

Host:    n056.cluster.com (AVX, 125 GB RAM)
Command: iqtree -t Jarvis_Renamed.nwk -s M24_three_prime_UTR --scf 500 --prefix concord_M24_three_prime_UTR -nt 20
Seed:    32136 (Using SPRNG - Scalable Parallel Random Number Generator)
Time:    Fri Nov 15 17:47:55 2019
Kernel:  AVX - 20 threads (20 CPU cores detected)

Reading alignment file M24_three_prime_UTR ... Phylip format detected
Alignment most likely contains DNA/RNA sequences
Alignment has 48 sequences with 66859 columns, 63235 distinct patterns
66859 parsimony-informative, 0 singleton sites, 0 constant sites
        Gap/Ambiguity  Composition  p-value
   1  AcaChl   13.18%    failed      0.00%
   2  AnaPla   10.53%    failed      0.00%
   3  AntCar    7.77%    failed      0.00%
   4  ApaVit    9.55%    failed      0.03%
   5  AptFor    5.81%    failed      0.00%
   6  BalReg    5.18%    failed      0.00%
   7  BucRhi   11.82%    failed      0.00%
   8  CalAnn   10.22%    failed      4.52%
   9  CarCri    5.61%    failed      0.00%
  10  CatAur    7.14%    failed      0.00%
  11  ChaPel    7.39%    passed     32.75%
  12  ChaVoc    3.32%    failed      0.00%
  13  ChlMac    6.37%    passed     77.65%
  14  ColLiv    7.45%    failed      0.01%
  15  ColStr   13.66%    failed      0.00%
  16  CorBra   11.48%    failed      0.00%
  17  CucCan    7.77%    passed     36.26%
  18  EgrGar    4.42%    passed     84.39%
  19  EurHel   11.72%    failed      0.00%
  20  FalPer    7.03%    failed      0.00%
  21  FulGla    3.40%    failed      0.00%
  22  GalGal    6.22%    failed      1.02%
  23  GavSte    4.50%    failed      0.00%
  24  GeoFor   14.18%    failed      0.00%
  25  HalAlb    5.67%    failed      0.00%
  26  HalLeu    2.46%    failed      0.00%
  27  LepDis    5.06%    passed     44.84%
  28  ManVit   11.29%    failed      0.00%
  29  MelGal    9.58%    passed     79.11%
  30  MelUnd    8.15%    failed      0.00%
  31  MerNub   11.68%    failed      0.00%
  32  MesUni    8.13%    failed      0.00%
  33  NesNot    7.65%    failed      0.05%
  34  NipNip    3.96%    failed      0.00%
  35  OpiHoa    5.03%    failed      0.00%
  36  PelCri    4.29%    failed      0.00%
  37  PhaCar    7.21%    passed     10.40%
  38  PhaLep    3.96%    failed      0.00%
  39  PhoRub    4.23%    passed     11.19%
  40  PicPub   21.15%    failed      0.00%
  41  PodCri    6.24%    failed      2.59%
  42  PteGut    6.35%    failed      0.00%
  43  PygAde    5.12%    failed      0.00%
  44  StrCam   11.08%    failed      0.00%
  45  TaeGut   14.13%    failed      0.00%
  46  TauEry    5.21%    passed     53.85%
  47  TinGut   24.81%    failed      0.00%
  48  TytAlb    7.16%    failed      0.00%
****  TOTAL     8.24%  39 sequences failed composition chi2 test (p-value<5%; df=3)
Reading tree Jarvis_Renamed.nwk ...
rooted tree with 48 taxa and 95 branches
Computing site concordance factor...
1.970 sec
Tree with concordance factors written to concord_M24_three_prime_UTR.cf.tree
Tree with branch IDs written to concord_M24_three_prime_UTR.cf.branch
Concordance factors per branch printed to concord_M24_three_prime_UTR.cf.stat
Date and Time: Fri Nov 15 17:47:57 2019
