IQ-TREE multicore version 1.7-beta16 for Linux 64-bit built Sep 24 2019
Developed by Bui Quang Minh, Nguyen Lam Tung, Olga Chernomor,
Heiko Schmidt, Dominik Schrempf, Michael Woodhams.

Host:    n056.cluster.com (AVX, 125 GB RAM)
Command: iqtree -t Jarvis_Renamed.nwk -s M7_intron --scf 500 --prefix concord_M7_intron -nt 20
Seed:    564642 (Using SPRNG - Scalable Parallel Random Number Generator)
Time:    Fri Nov 15 18:17:31 2019
Kernel:  AVX - 20 threads (20 CPU cores detected)

Reading alignment file M7_intron ... Phylip format detected
Alignment most likely contains DNA/RNA sequences
Alignment has 48 sequences with 928889 columns, 825676 distinct patterns
928889 parsimony-informative, 0 singleton sites, 0 constant sites
        Gap/Ambiguity  Composition  p-value
   1  AcaChl    6.69%    failed      0.00%
   2  AnaPla    7.77%    passed     19.78%
   3  AntCar    5.13%    failed      0.00%
   4  ApaVit    5.45%    failed      0.00%
   5  AptFor    3.28%    failed      0.00%
   6  BalReg    2.50%    failed      0.00%
   7  BucRhi    5.97%    failed      0.00%
   8  CalAnn    7.92%    failed      0.00%
   9  CarCri    3.26%    failed      0.00%
  10  CatAur    6.75%    failed      0.00%
  11  ChaPel    5.39%    failed      0.00%
  12  ChaVoc    2.20%    passed     42.70%
  13  ChlMac    3.41%    failed      1.07%
  14  ColLiv    4.78%    failed      0.00%
  15  ColStr    6.93%    failed      0.00%
  16  CorBra    6.22%    failed      0.00%
  17  CucCan    5.24%    failed      0.00%
  18  EgrGar    2.33%    failed      1.32%
  19  EurHel    4.41%    failed      0.00%
  20  FalPer    4.13%    failed      0.00%
  21  FulGla    2.02%    failed      0.00%
  22  GalGal    5.12%    failed      0.00%
  23  GavSte    2.63%    failed      0.00%
  24  GeoFor    9.16%    failed      0.00%
  25  HalAlb    3.33%    failed      0.00%
  26  HalLeu    1.29%    failed      0.00%
  27  LepDis    2.69%    failed      0.00%
  28  ManVit    5.69%    failed      0.00%
  29  MelGal    9.11%    failed      0.02%
  30  MelUnd    5.48%    passed     13.57%
  31  MerNub    5.81%    failed      0.00%
  32  MesUni    4.69%    failed      0.00%
  33  NesNot    4.19%    passed     64.16%
  34  NipNip    2.27%    failed      0.00%
  35  OpiHoa    2.66%    failed      0.00%
  36  PelCri    2.07%    failed      0.00%
  37  PhaCar    3.82%    failed      0.00%
  38  PhaLep    2.32%    failed      0.00%
  39  PhoRub    2.07%    passed     58.15%
  40  PicPub   13.61%    failed      0.00%
  41  PodCri    3.22%    failed      0.00%
  42  PteGut    3.78%    passed     38.07%
  43  PygAde    2.96%    failed      0.00%
  44  StrCam   11.13%    failed      0.00%
  45  TaeGut    9.75%    failed      0.00%
  46  TauEry    2.60%    failed      0.00%
  47  TinGut   29.27%    failed      0.00%
  48  TytAlb    3.97%    failed      0.00%
****  TOTAL     5.34%  42 sequences failed composition chi2 test (p-value<5%; df=3)
Reading tree Jarvis_Renamed.nwk ...
rooted tree with 48 taxa and 95 branches
Computing site concordance factor...
48.807 sec
Tree with concordance factors written to concord_M7_intron.cf.tree
Tree with branch IDs written to concord_M7_intron.cf.branch
Concordance factors per branch printed to concord_M7_intron.cf.stat
Date and Time: Fri Nov 15 18:18:26 2019
