IQ-TREE multicore version 1.7-beta16 for Linux 64-bit built Sep 24 2019
Developed by Bui Quang Minh, Nguyen Lam Tung, Olga Chernomor,
Heiko Schmidt, Dominik Schrempf, Michael Woodhams.

Host:    n056.cluster.com (AVX, 125 GB RAM)
Command: iqtree -t Jarvis_Renamed.nwk -s M6_intergenic --scf 500 --prefix concord_M6_intergenic -nt 20
Seed:    405707 (Using SPRNG - Scalable Parallel Random Number Generator)
Time:    Fri Nov 15 18:10:23 2019
Kernel:  AVX - 20 threads (20 CPU cores detected)

Reading alignment file M6_intergenic ... Phylip format detected
Alignment most likely contains DNA/RNA sequences
Alignment has 48 sequences with 1101624 columns, 955430 distinct patterns
1101624 parsimony-informative, 0 singleton sites, 0 constant sites
        Gap/Ambiguity  Composition  p-value
   1  AcaChl    5.17%    failed      0.00%
   2  AnaPla    6.62%    failed      0.00%
   3  AntCar    4.92%    failed      0.00%
   4  ApaVit    4.31%    passed     66.04%
   5  AptFor    2.93%    failed      0.01%
   6  BalReg    2.20%    failed      0.00%
   7  BucRhi    4.83%    failed      0.00%
   8  CalAnn    7.07%    failed      0.00%
   9  CarCri    2.81%    failed      0.00%
  10  CatAur    7.04%    failed      0.00%
  11  ChaPel    5.04%    failed      0.00%
  12  ChaVoc    1.93%    failed      0.23%
  13  ChlMac    2.93%    failed      0.00%
  14  ColLiv    3.92%    passed     32.15%
  15  ColStr    6.12%    failed      0.00%
  16  CorBra    4.88%    failed      0.00%
  17  CucCan    4.72%    failed      0.00%
  18  EgrGar    2.06%    failed      0.00%
  19  EurHel    3.45%    failed      0.00%
  20  FalPer    3.38%    failed      0.00%
  21  FulGla    1.85%    failed      0.00%
  22  GalGal    4.60%    failed      0.00%
  23  GavSte    2.35%    failed      0.04%
  24  GeoFor    7.43%    failed      0.00%
  25  HalAlb    2.97%    failed      3.04%
  26  HalLeu    1.08%    failed      0.03%
  27  LepDis    2.34%    failed      0.00%
  28  ManVit    4.62%    failed      0.01%
  29  MelGal    7.29%    failed      0.13%
  30  MelUnd    4.99%    failed      0.05%
  31  MerNub    4.90%    failed      0.00%
  32  MesUni    3.79%    failed      0.17%
  33  NesNot    3.68%    passed     32.59%
  34  NipNip    2.22%    failed      0.00%
  35  OpiHoa    2.36%    failed      0.00%
  36  PelCri    1.88%    failed      0.00%
  37  PhaCar    3.29%    failed      0.00%
  38  PhaLep    2.18%    passed     96.69%
  39  PhoRub    2.01%    failed      0.00%
  40  PicPub   13.41%    failed      0.00%
  41  PodCri    2.78%    failed      0.00%
  42  PteGut    3.36%    passed     39.05%
  43  PygAde    2.88%    failed      0.00%
  44  StrCam    8.09%    failed      0.00%
  45  TaeGut    8.32%    failed      0.00%
  46  TauEry    2.11%    failed      0.00%
  47  TinGut   23.03%    passed     98.55%
  48  TytAlb    3.55%    failed      0.00%
****  TOTAL     4.58%  42 sequences failed composition chi2 test (p-value<5%; df=3)
Reading tree Jarvis_Renamed.nwk ...
rooted tree with 48 taxa and 95 branches
Computing site concordance factor...
58.531 sec
Tree with concordance factors written to concord_M6_intergenic.cf.tree
Tree with branch IDs written to concord_M6_intergenic.cf.branch
Concordance factors per branch printed to concord_M6_intergenic.cf.stat
Date and Time: Fri Nov 15 18:11:29 2019
