IQ-TREE multicore version 1.7-beta16 for Linux 64-bit built Sep 24 2019
Developed by Bui Quang Minh, Nguyen Lam Tung, Olga Chernomor,
Heiko Schmidt, Dominik Schrempf, Michael Woodhams.

Host:    n056.cluster.com (AVX, 125 GB RAM)
Command: iqtree -t Jarvis_Renamed.nwk -s M12_three_prime_UTR --scf 500 --prefix concord_M12_three_prime_UTR -nt 20
Seed:    321884 (Using SPRNG - Scalable Parallel Random Number Generator)
Time:    Fri Nov 15 16:14:46 2019
Kernel:  AVX - 20 threads (20 CPU cores detected)

Reading alignment file M12_three_prime_UTR ... Phylip format detected
Alignment most likely contains DNA/RNA sequences
Alignment has 48 sequences with 62218 columns, 58594 distinct patterns
62218 parsimony-informative, 0 singleton sites, 0 constant sites
        Gap/Ambiguity  Composition  p-value
   1  AcaChl    9.95%    failed      0.00%
   2  AnaPla    8.53%    failed      0.00%
   3  AntCar    6.03%    failed      0.00%
   4  ApaVit    6.70%    failed      0.05%
   5  AptFor    4.42%    failed      0.00%
   6  BalReg    3.67%    failed      0.00%
   7  BucRhi    8.78%    failed      0.00%
   8  CalAnn    7.56%    passed      9.46%
   9  CarCri    3.93%    failed      0.00%
  10  CatAur    5.83%    failed      0.00%
  11  ChaPel    5.37%    passed     26.82%
  12  ChaVoc    2.34%    failed      0.00%
  13  ChlMac    4.24%    passed     72.14%
  14  ColLiv    5.37%    failed      0.09%
  15  ColStr   10.49%    failed      0.00%
  16  CorBra    8.26%    failed      0.00%
  17  CucCan    5.45%    passed     36.35%
  18  EgrGar    3.14%    passed     97.43%
  19  EurHel    8.84%    failed      0.00%
  20  FalPer    5.06%    failed      0.00%
  21  FulGla    2.45%    failed      0.00%
  22  GalGal    5.59%    failed      0.90%
  23  GavSte    3.25%    failed      0.00%
  24  GeoFor   10.69%    failed      0.00%
  25  HalAlb    4.20%    failed      0.00%
  26  HalLeu    1.76%    failed      0.00%
  27  LepDis    3.49%    passed     68.29%
  28  ManVit    8.27%    failed      0.00%
  29  MelGal    7.77%    passed     77.70%
  30  MelUnd    6.06%    failed      0.00%
  31  MerNub    8.79%    failed      0.00%
  32  MesUni    5.87%    failed      0.00%
  33  NesNot    5.35%    failed      0.42%
  34  NipNip    2.99%    failed      0.00%
  35  OpiHoa    3.72%    failed      0.00%
  36  PelCri    3.01%    failed      0.00%
  37  PhaCar    5.01%    passed     15.06%
  38  PhaLep    2.77%    failed      0.00%
  39  PhoRub    2.76%    failed      3.39%
  40  PicPub   18.20%    failed      0.00%
  41  PodCri    4.33%    failed      1.58%
  42  PteGut    4.31%    failed      0.00%
  43  PygAde    4.14%    failed      0.00%
  44  StrCam    8.83%    failed      0.00%
  45  TaeGut   10.87%    failed      0.00%
  46  TauEry    3.24%    passed     64.27%
  47  TinGut   22.29%    failed      0.00%
  48  TytAlb    5.13%    failed      0.00%
****  TOTAL     6.23%  39 sequences failed composition chi2 test (p-value<5%; df=3)
Reading tree Jarvis_Renamed.nwk ...
rooted tree with 48 taxa and 95 branches
Computing site concordance factor...
1.627 sec
Tree with concordance factors written to concord_M12_three_prime_UTR.cf.tree
Tree with branch IDs written to concord_M12_three_prime_UTR.cf.branch
Concordance factors per branch printed to concord_M12_three_prime_UTR.cf.stat
Date and Time: Fri Nov 15 16:14:48 2019
