IQ-TREE multicore version 1.7-beta16 for Linux 64-bit built Sep 24 2019
Developed by Bui Quang Minh, Nguyen Lam Tung, Olga Chernomor,
Heiko Schmidt, Dominik Schrempf, Michael Woodhams.

Host:    n056.cluster.com (AVX, 125 GB RAM)
Command: iqtree -t Jarvis_Renamed.nwk -s M18_CDS --scf 500 --prefix concord_M18_CDS -nt 20
Seed:    590420 (Using SPRNG - Scalable Parallel Random Number Generator)
Time:    Fri Nov 15 16:55:23 2019
Kernel:  AVX - 20 threads (20 CPU cores detected)

Reading alignment file M18_CDS ... Phylip format detected
Alignment most likely contains DNA/RNA sequences
Alignment has 48 sequences with 267792 columns, 243152 distinct patterns
267792 parsimony-informative, 0 singleton sites, 0 constant sites
        Gap/Ambiguity  Composition  p-value
   1  AcaChl    8.85%    failed      0.00%
   2  AnaPla    5.94%    passed     94.36%
   3  AntCar    6.65%    failed      0.00%
   4  ApaVit    7.58%    failed      0.00%
   5  AptFor    5.23%    failed      0.00%
   6  BalReg    3.65%    failed      0.00%
   7  BucRhi    5.67%    failed      0.00%
   8  CalAnn    4.99%    failed      3.27%
   9  CarCri    5.25%    failed      0.00%
  10  CatAur   10.65%    failed      0.00%
  11  ChaPel    4.44%    failed      0.00%
  12  ChaVoc    2.82%    failed      0.00%
  13  ChlMac    4.73%    failed      0.00%
  14  ColLiv    4.62%    failed      0.00%
  15  ColStr    7.80%    failed      0.00%
  16  CorBra    8.02%    failed      0.00%
  17  CucCan    4.24%    failed      0.00%
  18  EgrGar    2.70%    failed      0.00%
  19  EurHel    5.61%    failed      0.00%
  20  FalPer    6.15%    failed      0.00%
  21  FulGla    3.17%    failed      0.00%
  22  GalGal    5.05%    passed      7.89%
  23  GavSte    4.03%    failed      0.00%
  24  GeoFor   11.20%    failed      0.00%
  25  HalAlb    7.10%    failed      0.00%
  26  HalLeu    2.18%    failed      0.00%
  27  LepDis    3.47%    passed     33.43%
  28  ManVit   10.12%    failed      0.00%
  29  MelGal    4.51%    failed      0.00%
  30  MelUnd    5.55%    failed      0.00%
  31  MerNub    7.67%    failed      0.00%
  32  MesUni    5.13%    failed      0.00%
  33  NesNot    5.06%    failed      0.00%
  34  NipNip    3.14%    failed      0.00%
  35  OpiHoa    4.46%    failed      0.00%
  36  PelCri    3.27%    failed      0.00%
  37  PhaCar    5.44%    failed      0.00%
  38  PhaLep    2.89%    failed      0.00%
  39  PhoRub    3.55%    failed      0.00%
  40  PicPub    8.45%    failed      0.00%
  41  PodCri    4.14%    failed      0.00%
  42  PteGut    5.76%    failed      0.00%
  43  PygAde    3.34%    failed      0.00%
  44  StrCam    4.11%    failed      0.00%
  45  TaeGut    9.44%    failed      0.00%
  46  TauEry    3.69%    passed     55.81%
  47  TinGut   16.26%    failed      0.00%
  48  TytAlb    6.53%    failed      0.00%
****  TOTAL     5.71%  44 sequences failed composition chi2 test (p-value<5%; df=3)
Reading tree Jarvis_Renamed.nwk ...
rooted tree with 48 taxa and 95 branches
Computing site concordance factor...
14.978 sec
Tree with concordance factors written to concord_M18_CDS.cf.tree
Tree with branch IDs written to concord_M18_CDS.cf.branch
Concordance factors per branch printed to concord_M18_CDS.cf.stat
Date and Time: Fri Nov 15 16:55:40 2019
