IQ-TREE multicore version 1.7-beta16 for Linux 64-bit built Sep 24 2019
Developed by Bui Quang Minh, Nguyen Lam Tung, Olga Chernomor,
Heiko Schmidt, Dominik Schrempf, Michael Woodhams.

Host:    n056.cluster.com (AVX, 125 GB RAM)
Command: iqtree -t Jarvis_Renamed.nwk -s M16_intron --scf 500 --prefix concord_M16_intron -nt 20
Seed:    214715 (Using SPRNG - Scalable Parallel Random Number Generator)
Time:    Fri Nov 15 16:43:31 2019
Kernel:  AVX - 20 threads (20 CPU cores detected)

Reading alignment file M16_intron ... Phylip format detected
Alignment most likely contains DNA/RNA sequences
Alignment has 48 sequences with 1160132 columns, 1056904 distinct patterns
1160132 parsimony-informative, 0 singleton sites, 0 constant sites
        Gap/Ambiguity  Composition  p-value
   1  AcaChl   12.75%    failed      0.00%
   2  AnaPla   12.86%    failed      0.07%
   3  AntCar    7.39%    failed      0.00%
   4  ApaVit   10.15%    failed      0.00%
   5  AptFor    5.07%    failed      0.00%
   6  BalReg    4.30%    failed      0.00%
   7  BucRhi   10.43%    failed      0.00%
   8  CalAnn   13.99%    failed      0.00%
   9  CarCri    5.45%    failed      0.00%
  10  CatAur    9.16%    failed      0.00%
  11  ChaPel    9.46%    failed      0.00%
  12  ChaVoc    3.39%    passed     61.49%
  13  ChlMac    6.31%    failed      0.05%
  14  ColLiv    8.15%    failed      0.00%
  15  ColStr   12.57%    failed      0.00%
  16  CorBra   12.90%    failed      0.00%
  17  CucCan    9.12%    failed      0.00%
  18  EgrGar    3.98%    failed      0.00%
  19  EurHel    7.84%    failed      0.00%
  20  FalPer    7.13%    failed      0.00%
  21  FulGla    3.22%    failed      0.00%
  22  GalGal    6.38%    failed      0.00%
  23  GavSte    4.18%    failed      0.00%
  24  GeoFor   17.40%    failed      0.00%
  25  HalAlb    5.41%    failed      0.00%
  26  HalLeu    2.33%    failed      0.00%
  27  LepDis    4.50%    failed      0.02%
  28  ManVit   11.20%    failed      0.00%
  29  MelGal   14.44%    passed     54.46%
  30  MelUnd    9.17%    failed      4.22%
  31  MerNub   10.32%    failed      0.00%
  32  MesUni    8.13%    failed      0.00%
  33  NesNot    7.78%    passed     39.32%
  34  NipNip    3.30%    failed      0.00%
  35  OpiHoa    4.53%    failed      0.00%
  36  PelCri    3.38%    failed      0.00%
  37  PhaCar    6.47%    failed      0.00%
  38  PhaLep    4.05%    failed      0.00%
  39  PhoRub    3.42%    failed      0.09%
  40  PicPub   20.57%    failed      0.00%
  41  PodCri    5.61%    failed      0.00%
  42  PteGut    6.98%    passed      7.76%
  43  PygAde    3.96%    failed      0.00%
  44  StrCam   18.10%    failed      0.00%
  45  TaeGut   17.50%    failed      0.00%
  46  TauEry    4.83%    failed      0.00%
  47  TinGut   37.60%    failed      0.01%
  48  TytAlb    6.83%    failed      0.00%
****  TOTAL     8.83%  44 sequences failed composition chi2 test (p-value<5%; df=3)
Reading tree Jarvis_Renamed.nwk ...
rooted tree with 48 taxa and 95 branches
Computing site concordance factor...
49.298 sec
Tree with concordance factors written to concord_M16_intron.cf.tree
Tree with branch IDs written to concord_M16_intron.cf.branch
Concordance factors per branch printed to concord_M16_intron.cf.stat
Date and Time: Fri Nov 15 16:44:27 2019
