IQ-TREE multicore version 1.7-beta16 for Linux 64-bit built Sep 24 2019
Developed by Bui Quang Minh, Nguyen Lam Tung, Olga Chernomor,
Heiko Schmidt, Dominik Schrempf, Michael Woodhams.

Host:    n047.cluster.com (AVX, 125 GB RAM)
Command: iqtree -t RefTrees/Jarvis_Renamed.nwk -s AllSites/M5_smRNA_AllSites.phylip-relaxed --scf 100 --prefix smRNA -nt 20
Seed:    979314 (Using SPRNG - Scalable Parallel Random Number Generator)
Time:    Thu Oct  1 14:31:49 2020
Kernel:  AVX - 20 threads (20 CPU cores detected)

Reading alignment file AllSites/M5_smRNA_AllSites.phylip-relaxed ... Phylip format detected
Alignment most likely contains DNA/RNA sequences
Alignment has 48 sequences with 668 columns, 661 distinct patterns
661 parsimony-informative, 1 singleton sites, 6 constant sites
        Gap/Ambiguity  Composition  p-value
   1  AcaChl    3.14%    passed     27.88%
   2  AnaPla    5.84%    passed     88.65%
   3  AntCar    4.34%    passed     93.88%
   4  ApaVit    1.80%    passed     74.29%
   5  AptFor    4.34%    passed     86.33%
   6  BalReg    1.65%    passed     97.03%
   7  BucRhi    5.69%    passed     92.99%
   8  CalAnn    4.49%    passed     94.17%
   9  CarCri    2.54%    passed     95.22%
  10  CatAur    4.04%    passed     91.11%
  11  ChaPel    2.10%    passed     96.75%
  12  ChaVoc    2.69%    passed     98.84%
  13  ChlMac    1.50%    passed     61.74%
  14  ColLiv    4.04%    passed     93.06%
  15  ColStr    2.40%    passed     45.37%
  16  CorBra    5.99%    passed     21.58%
  17  CucCan    4.49%    passed     88.00%
  18  EgrGar    1.95%    passed     76.80%
  19  EurHel    3.89%    passed     93.99%
  20  FalPer    2.69%    passed     86.74%
  21  FulGla    1.50%    passed     89.07%
  22  GalGal    3.29%    passed     91.00%
  23  GavSte    2.69%    passed     92.69%
  24  GeoFor    6.59%    passed      9.44%
  25  HalAlb    4.64%    passed     98.58%
  26  HalLeu    1.20%    passed     97.24%
  27  LepDis    3.14%    passed     65.50%
  28  ManVit    3.29%    passed     83.24%
  29  MelGal    1.65%    passed     96.63%
  30  MelUnd    4.94%    passed     58.57%
  31  MerNub    3.59%    passed     98.34%
  32  MesUni    1.65%    passed     94.36%
  33  NesNot    2.40%    passed     92.23%
  34  NipNip    2.25%    passed     93.39%
  35  OpiHoa    1.65%    passed     99.72%
  36  PelCri    1.95%    passed     94.92%
  37  PhaCar    4.04%    passed     78.62%
  38  PhaLep    1.80%    passed     77.49%
  39  PhoRub    1.95%    passed     99.87%
  40  PicPub    7.34%    passed     89.87%
  41  PodCri    1.05%    passed     87.00%
  42  PteGut    3.14%    passed     87.37%
  43  PygAde    3.29%    passed     85.59%
  44  StrCam    5.99%    passed     86.52%
  45  TaeGut    7.78%    passed     63.94%
  46  TauEry    1.95%    passed     92.29%
  47  TinGut   18.41%    passed     87.75%
  48  TytAlb    5.54%    passed     82.54%
****  TOTAL     3.71%  0 sequences failed composition chi2 test (p-value<5%; df=3)
Reading tree RefTrees/Jarvis_Renamed.nwk ...
rooted tree with 48 taxa and 95 branches
Computing site concordance factor...
0.017 sec
Tree with concordance factors written to smRNA.cf.tree
Tree with branch IDs written to smRNA.cf.branch
Concordance factors per branch printed to smRNA.cf.stat
Date and Time: Thu Oct  1 14:31:50 2020
